2024-01-29 16:05:11,864 [INFO] Activator:176 - 


2024-01-29 16:05:11,869 [INFO] Activator:177 - !SESSION log4j initialized
2024-01-29 16:05:18,739 [INFO] LogOutputStream:77 - [STDOUT_REDIRECT] 
2024-01-29 16:06:18,978 [INFO] ApplicationProperties:184 - Using Application install path: C:\ST\STM32CubeIDE_1.14.1\STM32CubeIDE\plugins\com.st.stm32cube.common.mx_6.10.0.202311202037
2024-01-29 16:06:18,998 [INFO] DbMcusXml:78 - Set database path to: C:\ST\STM32CubeIDE_1.14.1\STM32CubeIDE\plugins\com.st.stm32cube.common.mx_6.10.0.202311202037\\db\/mcu/
2024-01-29 16:06:18,998 [INFO] ApiDb:274 - Set plugin database path to: C:\ST\STM32CubeIDE_1.14.1\STM32CubeIDE\plugins\com.st.stm32cube.common.mx_6.10.0.202311202037\\db\/plugins/boardmanager/
2024-01-29 16:06:18,998 [WARN] ApiDb:259 - Overriding images path with different value:  => C:\ST\STM32CubeIDE_1.14.1\STM32CubeIDE\plugins\com.st.stm32cube.common.mx_6.10.0.202311202037\\db\/plugins/mcufinder/images/
2024-01-29 16:06:19,009 [INFO] ApiDb:250 - Set database path to: C:\Users\Maydoum\.stmcufinder\plugins\mcufinder//mcu/
2024-01-29 16:06:19,011 [INFO] DbMcusAds:125 - Set database path to: C:\Users\Maydoum\.stmcufinder\plugins\mcufinder//mcu/
2024-01-29 16:06:19,037 [INFO] CrossReferenceDbSqlite:203 - Set database path to: C:\Users\Maydoum\.stmcufinder\plugins\mcufinder//mcu/cs/
2024-01-29 16:06:19,258 [INFO] RulesReader:64 - Compatibility file has been processed (297 Rules)
2024-01-29 16:06:19,398 [INFO] DbMcusXml:78 - Set database path to: C:\ST\STM32CubeIDE_1.14.1\STM32CubeIDE\plugins\com.st.stm32cube.common.mx_6.10.0.202311202037\\db\/mcu/
2024-01-29 16:06:19,398 [INFO] ApiDb:274 - Set plugin database path to: C:\ST\STM32CubeIDE_1.14.1\STM32CubeIDE\plugins\com.st.stm32cube.common.mx_6.10.0.202311202037\\db\/plugins/boardmanager/
2024-01-29 16:06:19,399 [INFO] ApiDb:261 - Set plugin images path to: C:\ST\STM32CubeIDE_1.14.1\STM32CubeIDE\plugins\com.st.stm32cube.common.mx_6.10.0.202311202037\\db\/plugins/mcufinder/images/
2024-01-29 16:06:19,399 [WARN] DbFile:41 - Overriding database path with different value: C:\Users\Maydoum\.stmcufinder\plugins\mcufinder/ => C:\Users\Maydoum\.stmcufinder\plugins\mcufinder
2024-01-29 16:06:19,399 [INFO] ApiDb:250 - Set database path to: C:\Users\Maydoum\.stmcufinder\plugins\mcufinder//mcu/
2024-01-29 16:06:19,399 [WARN] DbFile:41 - Overriding database path with different value: C:\Users\Maydoum\.stmcufinder\plugins\mcufinder/ => C:\Users\Maydoum\.stmcufinder\plugins\mcufinder
2024-01-29 16:06:19,400 [INFO] DbMcusAds:125 - Set database path to: C:\Users\Maydoum\.stmcufinder\plugins\mcufinder//mcu/
2024-01-29 16:06:19,400 [WARN] DbFile:41 - Overriding database path with different value: C:\Users\Maydoum\.stmcufinder\plugins\mcufinder/ => C:\Users\Maydoum\.stmcufinder\plugins\mcufinder
2024-01-29 16:06:19,400 [WARN] DbFile:41 - Overriding database path with different value: C:\Users\Maydoum\.stmcufinder\plugins\mcufinder/ => C:\Users\Maydoum\.stmcufinder\plugins\mcufinder
2024-01-29 16:06:19,400 [INFO] CrossReferenceDbSqlite:203 - Set database path to: C:\Users\Maydoum\.stmcufinder\plugins\mcufinder//mcu/cs/
2024-01-29 16:06:19,531 [INFO] MainPanel:264 - HeapMemory: 268435456
2024-01-29 16:06:19,672 [INFO] DbMcusXml:78 - Set database path to: C:\ST\STM32CubeIDE_1.14.1\STM32CubeIDE\plugins\com.st.stm32cube.common.mx_6.10.0.202311202037\\db\/mcu/
2024-01-29 16:06:19,672 [INFO] ApiDb:274 - Set plugin database path to: C:\ST\STM32CubeIDE_1.14.1\STM32CubeIDE\plugins\com.st.stm32cube.common.mx_6.10.0.202311202037\\db\/plugins/boardmanager/
2024-01-29 16:06:19,672 [INFO] ApiDb:261 - Set plugin images path to: C:\ST\STM32CubeIDE_1.14.1\STM32CubeIDE\plugins\com.st.stm32cube.common.mx_6.10.0.202311202037\\db\/plugins/mcufinder/images/
2024-01-29 16:06:19,672 [WARN] DbFile:41 - Overriding database path with different value: C:\Users\Maydoum\.stmcufinder\plugins\mcufinder/ => C:\Users\Maydoum\.stmcufinder\plugins\mcufinder
2024-01-29 16:06:19,672 [INFO] ApiDb:250 - Set database path to: C:\Users\Maydoum\.stmcufinder\plugins\mcufinder//mcu/
2024-01-29 16:06:19,673 [WARN] DbFile:41 - Overriding database path with different value: C:\Users\Maydoum\.stmcufinder\plugins\mcufinder/ => C:\Users\Maydoum\.stmcufinder\plugins\mcufinder
2024-01-29 16:06:19,673 [INFO] DbMcusAds:125 - Set database path to: C:\Users\Maydoum\.stmcufinder\plugins\mcufinder//mcu/
2024-01-29 16:06:19,673 [WARN] DbFile:41 - Overriding database path with different value: C:\Users\Maydoum\.stmcufinder\plugins\mcufinder/ => C:\Users\Maydoum\.stmcufinder\plugins\mcufinder
2024-01-29 16:06:19,673 [WARN] DbFile:41 - Overriding database path with different value: C:\Users\Maydoum\.stmcufinder\plugins\mcufinder/ => C:\Users\Maydoum\.stmcufinder\plugins\mcufinder
2024-01-29 16:06:19,673 [INFO] CrossReferenceDbSqlite:203 - Set database path to: C:\Users\Maydoum\.stmcufinder\plugins\mcufinder//mcu/cs/
2024-01-29 16:06:19,698 [INFO] ApplicationProperties:184 - Using Application install path: C:\ST\STM32CubeIDE_1.14.1\STM32CubeIDE\plugins\com.st.stm32cube.common.mx_6.10.0.202311202037
2024-01-29 16:06:19,700 [INFO] PluginManage:196 - Search for loadable plugins [exclusion list=, ]
2024-01-29 16:06:19,702 [INFO] PluginManage:310 - Check plugin analytics
2024-01-29 16:06:28,662 [INFO] McuFinderGlobals:63 - Set McuFinder mode to 2 (CubeIDE integrated)
2024-01-29 16:06:31,181 [INFO] AnalyticsPlugin:253 - Accepted Software Licenses: 
2024-01-29 16:06:31,182 [INFO] AnalyticsPlugin:255 - Accepted CMSIS Pack Licenses: 
2024-01-29 16:06:31,182 [INFO] AnalyticsPlugin:257 - Accepted Firmware Licenses: 
2024-01-29 16:06:31,187 [INFO] PluginManage:359 - Loaded plugin analytics (category:tool,tabindex:-1)
2024-01-29 16:06:31,188 [INFO] PluginManage:310 - Check plugin cadmodel
2024-01-29 16:06:31,203 [INFO] CADModel:105 - Init CAD model plugin
2024-01-29 16:06:31,203 [INFO] PluginManage:359 - Loaded plugin cadmodel (category:power,tabindex:5)
2024-01-29 16:06:31,204 [INFO] PluginManage:310 - Check plugin clock
2024-01-29 16:06:31,225 [INFO] PluginManage:359 - Loaded plugin clock (category:base,tabindex:2)
2024-01-29 16:06:31,225 [INFO] PluginManage:310 - Check plugin ddr
2024-01-29 16:06:31,227 [INFO] PluginManage:359 - Loaded plugin ddr (category:tool,tabindex:6)
2024-01-29 16:06:31,228 [INFO] PluginManage:310 - Check plugin filemanager
2024-01-29 16:06:31,435 [INFO] PluginManage:359 - Loaded plugin filemanager (category:base,tabindex:10)
2024-01-29 16:06:31,435 [INFO] PluginManage:310 - Check plugin ipmanager
2024-01-29 16:06:31,443 [INFO] PluginManage:359 - Loaded plugin ipmanager (category:base,tabindex:5)
2024-01-29 16:06:31,443 [INFO] PluginManage:310 - Check plugin lpbam
2024-01-29 16:06:31,484 [INFO] PluginManage:359 - Loaded plugin lpbam (category:base,tabindex:0)
2024-01-29 16:06:31,484 [INFO] PluginManage:310 - Check plugin memorymap
2024-01-29 16:06:31,515 [INFO] PluginManage:359 - Loaded plugin memorymap (category:base,tabindex:4)
2024-01-29 16:06:31,515 [INFO] PluginManage:310 - Check plugin pinoutandconfiguration
2024-01-29 16:06:31,533 [INFO] PluginManage:359 - Loaded plugin pinoutandconfiguration (category:base,tabindex:1)
2024-01-29 16:06:31,533 [INFO] PluginManage:310 - Check plugin pinoutconfig
2024-01-29 16:06:31,655 [WARN] SupportedApi:132 - Cannot load RTOS API schema: s4s-elt-must-match.1: The content of 'definitions' must match (annotation?, (simpleType | complexType)?, (unique | key | keyref)*)). A problem was found starting at: attribute.
2024-01-29 16:06:31,823 [INFO] PluginManage:359 - Loaded plugin pinoutconfig (category:base,tabindex:0)
2024-01-29 16:06:31,823 [INFO] PluginManage:310 - Check plugin power
2024-01-29 16:06:31,841 [INFO] PluginManage:359 - Loaded plugin power (category:power,tabindex:4)
2024-01-29 16:06:31,841 [INFO] PluginManage:310 - Check plugin projectmanager
2024-01-29 16:06:31,861 [INFO] PluginManage:359 - Loaded plugin projectmanager (category:projectmanager,tabindex:3)
2024-01-29 16:06:31,861 [INFO] PluginManage:310 - Check plugin thirdparty
2024-01-29 16:06:32,160 [INFO] PluginManage:359 - Loaded plugin thirdparty (category:base,tabindex:-1)
2024-01-29 16:06:32,160 [INFO] PluginManage:310 - Check plugin tools
2024-01-29 16:06:32,160 [WARN] IntegrityCheckThread:84 - waiting for thirdparty lock release [integrity check]
2024-01-29 16:06:32,162 [INFO] IntegrityCheckThread:86 - entering critical section [integrity check]
2024-01-29 16:06:32,162 [INFO] ThirdPartyUpdaterWithRetryManager:70 - Updater plugin not ready yet. [1/15]
2024-01-29 16:06:32,206 [INFO] PluginManage:359 - Loaded plugin tools (category:base,tabindex:7)
2024-01-29 16:06:32,207 [INFO] PluginManage:310 - Check plugin tutovideos
2024-01-29 16:06:32,427 [INFO] PluginManage:359 - Loaded plugin tutovideos (category:base,tabindex:-1)
2024-01-29 16:06:32,427 [INFO] PluginManage:310 - Check plugin updater
2024-01-29 16:06:32,446 [INFO] PluginManage:359 - Loaded plugin updater (category:base,tabindex:12)
2024-01-29 16:06:32,446 [INFO] PluginManage:310 - Check plugin userauth
2024-01-29 16:06:32,452 [INFO] UserAuth:114 - Init User Auth plugin
2024-01-29 16:06:32,452 [INFO] PluginManage:359 - Loaded plugin userauth (category:base,tabindex:14)
2024-01-29 16:06:32,453 [INFO] PluginManage:283 - PluginManage : Loaded plugins [17]
2024-01-29 16:06:32,726 [INFO] PinOutPanel:1499 - setPackage(No Configuration,No Configuration)
2024-01-29 16:06:32,805 [INFO] CADModel:165 - CPN selected for project level
2024-01-29 16:06:32,805 [INFO] CADModel:114 - Register for checkConnection events
2024-01-29 16:06:32,829 [INFO] IPUIPlugin:80 - create IPUIPlugin
2024-01-29 16:06:32,829 [INFO] PluginManager:220 - loadIPPluginJar : add adc
2024-01-29 16:06:32,864 [INFO] IPUIPlugin:80 - create IPUIPlugin
2024-01-29 16:06:32,864 [INFO] PluginManager:220 - loadIPPluginJar : add aes
2024-01-29 16:06:32,906 [INFO] IPUIPlugin:80 - create IPUIPlugin
2024-01-29 16:06:32,906 [INFO] PluginManager:220 - loadIPPluginJar : add can
2024-01-29 16:06:32,927 [INFO] IPUIPlugin:80 - create IPUIPlugin
2024-01-29 16:06:32,927 [INFO] PluginManager:220 - loadIPPluginJar : add comp
2024-01-29 16:06:32,956 [INFO] IPUIPlugin:80 - create IPUIPlugin
2024-01-29 16:06:32,957 [INFO] PluginManager:220 - loadIPPluginJar : add cryp
2024-01-29 16:06:32,985 [INFO] IPUIPlugin:80 - create IPUIPlugin
2024-01-29 16:06:32,985 [INFO] PluginManager:220 - loadIPPluginJar : add dfsdm
2024-01-29 16:06:32,997 [INFO] IPUIPlugin:80 - create IPUIPlugin
2024-01-29 16:06:32,998 [INFO] PluginManager:220 - loadIPPluginJar : add dma
2024-01-29 16:06:33,039 [INFO] IPUIPlugin:80 - create IPUIPlugin
2024-01-29 16:06:33,039 [INFO] PluginManager:220 - loadIPPluginJar : add dma3
2024-01-29 16:06:33,056 [INFO] IPUIPlugin:80 - create IPUIPlugin
2024-01-29 16:06:33,056 [INFO] PluginManager:220 - loadIPPluginJar : add fatfs
2024-01-29 16:06:33,102 [INFO] IPUIPlugin:80 - create IPUIPlugin
2024-01-29 16:06:33,103 [INFO] PluginManager:220 - loadIPPluginJar : add fmc
2024-01-29 16:06:33,117 [INFO] IPUIPlugin:80 - create IPUIPlugin
2024-01-29 16:06:33,117 [INFO] PluginManager:220 - loadIPPluginJar : add freertos
2024-01-29 16:06:33,136 [INFO] IPUIPlugin:80 - create IPUIPlugin
2024-01-29 16:06:33,136 [INFO] PluginManager:220 - loadIPPluginJar : add genericplugin
2024-01-29 16:06:33,222 [INFO] IPUIPlugin:80 - create IPUIPlugin
2024-01-29 16:06:33,223 [INFO] PluginManager:220 - loadIPPluginJar : add gfxmmu
2024-01-29 16:06:33,351 [INFO] IPUIPlugin:80 - create IPUIPlugin
2024-01-29 16:06:33,351 [INFO] PluginManager:220 - loadIPPluginJar : add gic
2024-01-29 16:06:33,377 [INFO] IPUIPlugin:80 - create IPUIPlugin
2024-01-29 16:06:33,378 [INFO] PluginManager:220 - loadIPPluginJar : add gpio
2024-01-29 16:06:33,496 [INFO] IPUIPlugin:80 - create IPUIPlugin
2024-01-29 16:06:33,496 [INFO] PluginManager:220 - loadIPPluginJar : add gtzc
2024-01-29 16:06:33,548 [INFO] IPUIPlugin:80 - create IPUIPlugin
2024-01-29 16:06:33,548 [INFO] PluginManager:220 - loadIPPluginJar : add hash
2024-01-29 16:06:33,611 [INFO] IPUIPlugin:80 - create IPUIPlugin
2024-01-29 16:06:33,611 [INFO] PluginManager:220 - loadIPPluginJar : add i2c
2024-01-29 16:06:33,647 [INFO] IPUIPlugin:80 - create IPUIPlugin
2024-01-29 16:06:33,647 [INFO] PluginManager:220 - loadIPPluginJar : add i2s
2024-01-29 16:06:33,683 [INFO] IPUIPlugin:80 - create IPUIPlugin
2024-01-29 16:06:33,683 [INFO] PluginManager:220 - loadIPPluginJar : add i3c
2024-01-29 16:06:33,793 [INFO] IPUIPlugin:80 - create IPUIPlugin
2024-01-29 16:06:33,794 [INFO] PluginManager:220 - loadIPPluginJar : add ipddr
2024-01-29 16:06:33,897 [INFO] IPUIPlugin:80 - create IPUIPlugin
2024-01-29 16:06:33,897 [INFO] PluginManager:220 - loadIPPluginJar : add linkedlist
2024-01-29 16:06:33,936 [INFO] IPUIPlugin:80 - create IPUIPlugin
2024-01-29 16:06:33,937 [INFO] PluginManager:220 - loadIPPluginJar : add lorawan
2024-01-29 16:06:33,970 [INFO] IPUIPlugin:80 - create IPUIPlugin
2024-01-29 16:06:33,970 [INFO] PluginManager:220 - loadIPPluginJar : add ltdc
2024-01-29 16:06:33,983 [INFO] IPUIPlugin:80 - create IPUIPlugin
2024-01-29 16:06:33,983 [INFO] PluginManager:220 - loadIPPluginJar : add mdma
2024-01-29 16:06:33,994 [INFO] IPUIPlugin:80 - create IPUIPlugin
2024-01-29 16:06:33,995 [INFO] PluginManager:220 - loadIPPluginJar : add nvic
2024-01-29 16:06:34,029 [INFO] IPUIPlugin:80 - create IPUIPlugin
2024-01-29 16:06:34,029 [INFO] PluginManager:220 - loadIPPluginJar : add opamp
2024-01-29 16:06:34,086 [INFO] IPUIPlugin:80 - create IPUIPlugin
2024-01-29 16:06:34,086 [INFO] PluginManager:220 - loadIPPluginJar : add openamp
2024-01-29 16:06:34,124 [INFO] IPUIPlugin:80 - create IPUIPlugin
2024-01-29 16:06:34,124 [INFO] PluginManager:220 - loadIPPluginJar : add pdm2pcm
2024-01-29 16:06:34,145 [INFO] IPUIPlugin:80 - create IPUIPlugin
2024-01-29 16:06:34,149 [INFO] PluginManager:220 - loadIPPluginJar : add plateformsettings
2024-01-29 16:06:34,189 [INFO] IPUIPlugin:80 - create IPUIPlugin
2024-01-29 16:06:34,189 [INFO] PluginManager:220 - loadIPPluginJar : add quadspi
2024-01-29 16:06:34,210 [INFO] IPUIPlugin:80 - create IPUIPlugin
2024-01-29 16:06:34,210 [INFO] PluginManager:220 - loadIPPluginJar : add resmgrutility
2024-01-29 16:06:34,265 [INFO] IPUIPlugin:80 - create IPUIPlugin
2024-01-29 16:06:34,265 [INFO] PluginManager:220 - loadIPPluginJar : add sai
2024-01-29 16:06:34,322 [INFO] IPUIPlugin:80 - create IPUIPlugin
2024-01-29 16:06:34,322 [INFO] PluginManager:220 - loadIPPluginJar : add spi
2024-01-29 16:06:34,398 [INFO] IPUIPlugin:80 - create IPUIPlugin
2024-01-29 16:06:34,398 [INFO] PluginManager:220 - loadIPPluginJar : add stm32_wpan
2024-01-29 16:06:34,422 [INFO] IPUIPlugin:80 - create IPUIPlugin
2024-01-29 16:06:34,422 [INFO] PluginManager:220 - loadIPPluginJar : add tim
2024-01-29 16:06:34,478 [INFO] IPUIPlugin:80 - create IPUIPlugin
2024-01-29 16:06:34,479 [INFO] PluginManager:220 - loadIPPluginJar : add touchsensing
2024-01-29 16:06:34,501 [INFO] IPUIPlugin:80 - create IPUIPlugin
2024-01-29 16:06:34,502 [INFO] PluginManager:220 - loadIPPluginJar : add tracer_emb
2024-01-29 16:06:34,523 [INFO] IPUIPlugin:80 - create IPUIPlugin
2024-01-29 16:06:34,523 [INFO] PluginManager:220 - loadIPPluginJar : add ts
2024-01-29 16:06:34,542 [INFO] IPUIPlugin:80 - create IPUIPlugin
2024-01-29 16:06:34,542 [INFO] PluginManager:220 - loadIPPluginJar : add tsc
2024-01-29 16:06:34,562 [INFO] IPUIPlugin:80 - create IPUIPlugin
2024-01-29 16:06:34,563 [INFO] PluginManager:220 - loadIPPluginJar : add ucpd
2024-01-29 16:06:34,603 [INFO] IPUIPlugin:80 - create IPUIPlugin
2024-01-29 16:06:34,604 [INFO] PluginManager:220 - loadIPPluginJar : add usart
2024-01-29 16:06:34,648 [INFO] IPUIPlugin:80 - create IPUIPlugin
2024-01-29 16:06:34,648 [INFO] PluginManager:220 - loadIPPluginJar : add usbx
2024-01-29 16:06:34,795 [INFO] CADModel:165 - CPN selected for project level
2024-01-29 16:06:34,795 [INFO] CADModel:114 - Register for checkConnection events
2024-01-29 16:06:34,796 [FATAL] Updater:308 - Updater called before beeing initialized
2024-01-29 16:06:34,796 [ERROR] CADModel:125 - Updater not yet initialized, retry later 
2024-01-29 16:06:35,002 [INFO] CADModel:165 - CPN selected for project level
2024-01-29 16:06:35,002 [INFO] CADModel:114 - Register for checkConnection events
2024-01-29 16:06:35,002 [FATAL] Updater:308 - Updater called before beeing initialized
2024-01-29 16:06:35,002 [ERROR] CADModel:125 - Updater not yet initialized, retry later 
2024-01-29 16:06:35,006 [FATAL] Updater:308 - Updater called before beeing initialized
2024-01-29 16:06:35,148 [FATAL] Updater:308 - Updater called before beeing initialized
2024-01-29 16:06:35,163 [INFO] ThirdPartyUpdaterWithRetryManager:70 - Updater plugin not ready yet. [2/15]
2024-01-29 16:06:35,170 [INFO] DbMcusAds:53 - JSON generation date=Wed Nov 29 12:52:27 EET 2023 (1701255147200)
2024-01-29 16:06:35,170 [FATAL] Updater:308 - Updater called before beeing initialized
2024-01-29 16:06:35,307 [WARN] DetailPanel:346 - Failed to get advertising image, set to default
2024-01-29 16:06:35,463 [FATAL] Updater:308 - Updater called before beeing initialized
2024-01-29 16:06:35,466 [FATAL] Updater:308 - Updater called before beeing initialized
2024-01-29 16:06:35,466 [FATAL] Updater:308 - Updater called before beeing initialized
2024-01-29 16:06:35,466 [WARN] DetailPanel:346 - Failed to get advertising image, set to default
2024-01-29 16:06:35,467 [FATAL] Updater:308 - Updater called before beeing initialized
2024-01-29 16:06:35,542 [ERROR] Updater:1120 - MainUpdater not yet initialized. External WinMGr cannot be set.
2024-01-29 16:06:35,552 [INFO] Updater:1056 - Updater Version found : 6.10.0
2024-01-29 16:06:35,570 [INFO] ApplicationProperties:184 - Using Application install path: C:\ST\STM32CubeIDE_1.14.1\STM32CubeIDE\plugins\com.st.stm32cube.common.mx_6.10.0.202311202037
2024-01-29 16:06:37,162 [ERROR] LogOutputStream:75 - [STDERR_REDIRECT] Jan 29, 2024 4:06:37 PM java.util.prefs.WindowsPreferences <init>
2024-01-29 16:06:37,168 [ERROR] LogOutputStream:75 - [STDERR_REDIRECT] WARNING: Could not open/create prefs root node Software\JavaSoft\Prefs at root 0xffffffff80000002. Windows RegCreateKeyEx(...) returned error code 5.
2024-01-29 16:06:37,168 [ERROR] LogOutputStream:75 - [STDERR_REDIRECT] 
2024-01-29 16:06:37,211 [INFO] MainUpdater:526 - Copy updater definitions from MX database
2024-01-29 16:06:38,040 [INFO] MainUpdater:2873 - connection check result : 10
2024-01-29 16:06:38,040 [INFO] MainUpdater:3567 - Updater definition file requires update
2024-01-29 16:06:38,041 [INFO] MainUpdater:290 - Updater Check For Update Now.
2024-01-29 16:06:38,041 [INFO] MicroXplorer:498 - Change Database Version : DB.6.0.100
2024-01-29 16:06:38,078 [INFO] McuFinderGlobals:63 - Set McuFinder mode to 2 (CubeIDE integrated)
2024-01-29 16:06:38,078 [INFO] UserAuth:180 - activating auth plugin
2024-01-29 16:06:38,083 [INFO] UserAuth:404 - Internet connection configuration mode: 1
2024-01-29 16:06:38,111 [INFO] JxBrowserEngine:152 - Initiate JxBrowser Engine with user profile folder
2024-01-29 16:06:38,163 [WARN] MainUpdater:1194 - Updater busy. Cannot search thirdparties
2024-01-29 16:06:38,163 [INFO] ThirdPartyUpdaterWithRetryManager:96 - Updater plugin is busy. [1/15]
2024-01-29 16:06:38,316 [INFO] ServerAccessManage:473 - Download File updaters.zip
2024-01-29 16:06:38,556 [INFO] FileExtend:240 - Unzip File : updaters.zip
2024-01-29 16:06:38,556 [INFO] FileExtend:255 - Standard Zip Deflate
2024-01-29 16:06:39,247 [INFO] ServerAccessManage:473 - Download File PacksControlFlags.xml
2024-01-29 16:06:39,521 [INFO] ServerAccessManage:473 - Download File cubemx.pidx
2024-01-29 16:06:39,700 [INFO] LoadServerUpdatesThread:375 - End of LoadServerUpdate Thread
2024-01-29 16:06:39,934 [INFO] CheckServerUpdateThread:120 - End of CheckServer Thread
2024-01-29 16:06:40,108 [INFO] MainUpdater:2873 - connection check result : 10
2024-01-29 16:06:40,144 [INFO] McuFinderGlobals:76 - Set McuFinderConnectedMode to true
2024-01-29 16:06:40,836 [INFO] ServerAccessManage:473 - Download File mcusAds.json._tmp_
2024-01-29 16:06:40,949 [INFO] LoadUrlFilesThread:156 - End of LoadUrlFiles Thread
2024-01-29 16:06:41,164 [WARN] MainUpdater:1194 - Updater busy. Cannot search thirdparties
2024-01-29 16:06:41,164 [INFO] ThirdPartyUpdaterWithRetryManager:96 - Updater plugin is busy. [2/15]
2024-01-29 16:06:41,172 [INFO] ServerAccessManage:473 - Download File cube-finder-db.zip
2024-01-29 16:06:44,164 [INFO] WebApp:161 - Instantiating new browser for Auth
2024-01-29 16:06:44,165 [WARN] MainUpdater:1194 - Updater busy. Cannot search thirdparties
2024-01-29 16:06:44,165 [INFO] ThirdPartyUpdaterWithRetryManager:96 - Updater plugin is busy. [3/15]
2024-01-29 16:06:45,000 [INFO] WebApp:780 - Register for checkConnection events
2024-01-29 16:06:45,000 [INFO] WebApp:414 - Apply proxy settings
2024-01-29 16:06:45,001 [INFO] WebApp:499 - Chromium requires no authentication
2024-01-29 16:06:45,014 [INFO] WebApp:442 - Direct internet connection detected
2024-01-29 16:06:45,349 [INFO] WebApp:192 - Starting web application
2024-01-29 16:06:45,349 [INFO] WebApp:544 - Web application path used C:\ST\STM32CubeIDE_1.14.1\STM32CubeIDE\plugins\com.st.stm32cube.common.mx_6.10.0.202311202037\db\plugins\mcufinder\reactClient1\index.html
2024-01-29 16:06:47,165 [WARN] MainUpdater:1194 - Updater busy. Cannot search thirdparties
2024-01-29 16:06:47,165 [INFO] ThirdPartyUpdaterWithRetryManager:96 - Updater plugin is busy. [4/15]
2024-01-29 16:06:50,168 [WARN] MainUpdater:1194 - Updater busy. Cannot search thirdparties
2024-01-29 16:06:50,168 [INFO] ThirdPartyUpdaterWithRetryManager:96 - Updater plugin is busy. [5/15]
2024-01-29 16:06:53,169 [WARN] MainUpdater:1194 - Updater busy. Cannot search thirdparties
2024-01-29 16:06:53,169 [INFO] ThirdPartyUpdaterWithRetryManager:96 - Updater plugin is busy. [6/15]
2024-01-29 16:06:55,672 [INFO] FileExtend:240 - Unzip File : cube-finder-db.zip
2024-01-29 16:06:55,672 [INFO] FileExtend:255 - Standard Zip Deflate
2024-01-29 16:06:56,170 [WARN] MainUpdater:1194 - Updater busy. Cannot search thirdparties
2024-01-29 16:06:56,170 [INFO] ThirdPartyUpdaterWithRetryManager:96 - Updater plugin is busy. [7/15]
2024-01-29 16:06:56,557 [INFO] LoadUrlFilesThread:156 - End of LoadUrlFiles Thread
2024-01-29 16:06:57,025 [INFO] ServerAccessManage:473 - Download File crdb.zip
2024-01-29 16:06:57,562 [INFO] FileExtend:240 - Unzip File : crdb.zip
2024-01-29 16:06:57,563 [INFO] FileExtend:255 - Standard Zip Deflate
2024-01-29 16:06:57,737 [INFO] LoadUrlFilesThread:156 - End of LoadUrlFiles Thread
2024-01-29 16:06:57,938 [INFO] ServerAccessManage:473 - Download File tutoVideoDB.zip
2024-01-29 16:06:57,994 [INFO] FileExtend:240 - Unzip File : tutoVideoDB.zip
2024-01-29 16:06:57,994 [INFO] FileExtend:255 - Standard Zip Deflate
2024-01-29 16:06:58,137 [INFO] LoadUrlFilesThread:156 - End of LoadUrlFiles Thread
2024-01-29 16:06:58,144 [WARN] DbFile:41 - Overriding database path with different value: C:\Users\Maydoum\.stmcufinder\plugins\mcufinder/ => C:\Users\Maydoum\.stmcufinder\plugins\mcufinder
2024-01-29 16:06:58,325 [INFO] ServerAccessManage:473 - Download File api_config.json
2024-01-29 16:06:58,460 [INFO] LoadUrlFilesThread:156 - End of LoadUrlFiles Thread
2024-01-29 16:06:58,465 [INFO] DbMcusAds:53 - JSON generation date=Wed Nov 29 12:52:27 EET 2023 (1701255147200)
2024-01-29 16:06:58,491 [INFO] LoadUrlFilesThread:185 - End of LoadServerUrlFiles without Thread
2024-01-29 16:06:58,491 [INFO] TargetSelectorAdapter:259 - Refresh data is successful
2024-01-29 16:06:58,653 [INFO] ApiDb:581 - Connected to CubeFinder SQLite database (C:\Users\Maydoum\.stmcufinder\plugins\mcufinder\mcu\cube-finder-db.db)
2024-01-29 16:06:58,722 [INFO] ApiDb:668 - CubeFinder database Data Model version=2.1
2024-01-29 16:06:58,723 [INFO] ApiDb:669 - CubeFinder database Configuration version=3.0.39
2024-01-29 16:06:58,723 [INFO] ApiDb:670 - CubeFinder database generation date=2024-01-11 (1704964531)
2024-01-29 16:06:58,723 [INFO] ApiDb:671 - CubeFinder database FW Pack versions=[FP-ATR-ASTRA1_V2.0.0, FP-SNS-FLIGHT1_V5.0.1, FP-SNS-FLIGHT1_V5.0.2, FP-SNS-MOTENV1_V4.3.1, FP-SNS-MOTENV1_V4.3.2, FP-SNS-MOTENVWB1_V1.3.1, FP-SNS-SMARTAG2_V1.2.0, STM32Cube_FW_C0_V1.1.0, STM32Cube_FW_F4_V1.28.0, STM32Cube_FW_F7_V1.17.0, STM32Cube_FW_G0_V1.6.2, STM32Cube_FW_G4_V1.5.2, STM32Cube_FW_H5_V0.5.1, STM32Cube_FW_H5_V1.1.1, STM32Cube_FW_H5_V1.2.0RC2, STM32Cube_FW_H7_V1.11.0, STM32Cube_FW_L0_V1.12.2, STM32Cube_FW_L5_V1.5.0, STM32Cube_FW_U5_V1.3.0RC4, STM32Cube_FW_U5_V1.4.0, STM32Cube_FW_WBA_V1.0.0RC1, STM32Cube_FW_WBA_V1.1.0RC1, STM32Cube_FW_WBA_V1.2.0, STM32Cube_FW_WBA_V1.2.0RC2, STM32Cube_FW_WB_V1.15.0RC1, STM32Cube_FW_WB_V1.16.0, STM32Cube_FW_WB_V1.16.0RC2, STM32Cube_FW_WB_V1.18.0, STM32Cube_FW_WL_V1.3.0, X-CUBE-ALGOBUILD_V1.3.0, X-CUBE-ALS_V1.0.1, X-CUBE-AZRTOS-F4_V1.1.0, X-CUBE-AZRTOS-F7_V1.1.0, X-CUBE-AZRTOS-G0_V1.1.0, X-CUBE-AZRTOS-G4_V2.0.0, X-CUBE-AZRTOS-H7_V3.2.0, X-CUBE-AZRTOS-L4_V1.0.0, X-CUBE-AZRTOS-L4_V2.0.0, X-CUBE-AZRTOS-L5_V1.1.0, X-CUBE-AZRTOS-WB_V2.0.0, X-CUBE-AZRTOS-WL_V2.0.0, X-CUBE-BLE1_V7.0.0, X-CUBE-BLE2_V3.3.0, X-CUBE-BLEMGR_V3.0.0, X-CUBE-EEPRMA1_V4.1.0, X-CUBE-EEPRMA1_V4.2.0, X-CUBE-FREERTOS_V1.1.0, X-CUBE-GNSS1_V6.0.0, X-CUBE-MEMS1_V10.0.0, X-CUBE-MEMS1_V9.1.0, X-CUBE-MEMS1_V9.4.0, X-CUBE-MEMS1_V9.6.0, X-CUBE-NFC4_V3.0.0, X-CUBE-NFC7_V1.0.1, X-CUBE-SFXS2LP1_V4.0.0, X-CUBE-SUBG2_V5.0.0, X-CUBE-TOF1_V3.4.0]
2024-01-29 16:06:59,376 [WARN] PackLoader:240 - Cannot read IP mode file for STMicroelectronics.X-CUBE-SMBUS.2.1.0
2024-01-29 16:06:59,392 [WARN] PackLoader:240 - Cannot read IP mode file for STMicroelectronics.X-CUBE-TOUCHGFX.4.23.0
2024-01-29 16:06:59,458 [WARN] PackLoader:240 - Cannot read IP mode file for STMicroelectronics.X-CUBE-AZRTOS-F7.1.1.0
2024-01-29 16:06:59,483 [WARN] PackLoader:240 - Cannot read IP mode file for STMicroelectronics.FP-SNS-MOTENV1.4.3.2
2024-01-29 16:06:59,499 [WARN] PackLoader:240 - Cannot read IP mode file for STMicroelectronics.FP-SNS-FLIGHT1.5.0.2
2024-01-29 16:06:59,518 [WARN] PackLoader:240 - Cannot read IP mode file for STMicroelectronics.X-CUBE-DISPLAY.3.0.0
2024-01-29 16:06:59,547 [WARN] PackLoader:240 - Cannot read IP mode file for STMicroelectronics.X-CUBE-BLE1.7.0.0
2024-01-29 16:06:59,563 [WARN] PackLoader:240 - Cannot read IP mode file for emotas.I-CUBE-CANOPEN.1.3.0
2024-01-29 16:06:59,580 [WARN] PackLoader:240 - Cannot read IP mode file for STMicroelectronics.FP-SNS-SMARTAG2.1.2.0
2024-01-29 16:06:59,608 [INFO] LogOutputStream:77 - [STDOUT_REDIRECT] 1 : Invalid condition id : UX_CORESTACK_Condition cause : null
2024-01-29 16:06:59,611 [INFO] LogOutputStream:77 - [STDOUT_REDIRECT] 1 : Invalid condition id : UX_CORESTACK_Condition cause : null
2024-01-29 16:06:59,613 [INFO] LogOutputStream:77 - [STDOUT_REDIRECT] 1 : Invalid condition id : UX_CORESTACK_Condition cause : null
2024-01-29 16:06:59,615 [INFO] LogOutputStream:77 - [STDOUT_REDIRECT] 1 : Invalid condition id : UX_CORESTACK_Condition cause : null
2024-01-29 16:06:59,617 [INFO] LogOutputStream:77 - [STDOUT_REDIRECT] 1 : Invalid condition id : UX_CORESTACK_Condition cause : null
2024-01-29 16:06:59,627 [WARN] PackLoader:240 - Cannot read IP mode file for STMicroelectronics.X-CUBE-AZRTOS-WL.2.0.0
2024-01-29 16:06:59,651 [WARN] PackLoader:240 - Cannot read IP mode file for WES.I-CUBE-Cesium.1.3.0
2024-01-29 16:06:59,667 [WARN] PackLoader:240 - Cannot read IP mode file for STMicroelectronics.X-CUBE-BLE2.3.3.0
2024-01-29 16:06:59,685 [WARN] PackLoader:240 - Cannot read IP mode file for STMicroelectronics.X-CUBE-ALGOBUILD.1.3.0
2024-01-29 16:06:59,733 [WARN] PackLoader:240 - Cannot read IP mode file for STMicroelectronics.X-CUBE-AZRTOS-G0.1.1.0
2024-01-29 16:06:59,757 [WARN] PackLoader:240 - Cannot read IP mode file for STMicroelectronics.X-CUBE-NFC4.3.0.0
2024-01-29 16:06:59,787 [WARN] PackLoader:240 - Cannot read IP mode file for STMicroelectronics.X-CUBE-BLEMGR.3.0.0
2024-01-29 16:06:59,805 [WARN] PackLoader:240 - Cannot read IP mode file for STMicroelectronics.FP-ATR-SIGFOX1.3.2.0
2024-01-29 16:06:59,825 [WARN] PackLoader:240 - Cannot read IP mode file for STMicroelectronics.X-CUBE-EEPRMA1.5.1.0
2024-01-29 16:06:59,887 [WARN] PackLoader:240 - Cannot read IP mode file for SEGGER.I-CUBE-embOS.1.3.1
2024-01-29 16:06:59,945 [WARN] PackLoader:240 - Cannot read IP mode file for STMicroelectronics.X-CUBE-GNSS1.6.0.0
2024-01-29 16:06:59,980 [WARN] PackLoader:240 - Cannot read IP mode file for STMicroelectronics.X-CUBE-AZRTOS-F4.1.1.0
2024-01-29 16:07:00,001 [WARN] PackLoader:240 - Cannot read IP mode file for wolfSSL.I-CUBE-wolfSSL.5.6.6
2024-01-29 16:07:00,044 [WARN] PackLoader:240 - Cannot read IP mode file for STMicroelectronics.X-CUBE-AZRTOS-L5.2.0.0
2024-01-29 16:07:00,063 [WARN] PackLoader:240 - Cannot read IP mode file for ITTIA_DB.I-CUBE-ITTIADB.8.8.0
2024-01-29 16:07:00,078 [WARN] PackLoader:240 - Cannot read IP mode file for STMicroelectronics.X-CUBE-NFC7.1.0.1
2024-01-29 16:07:00,096 [WARN] PackLoader:240 - Cannot read IP mode file for STMicroelectronics.X-CUBE-NFC6.3.0.0
2024-01-29 16:07:00,112 [WARN] PackLoader:240 - Cannot read IP mode file for STMicroelectronics.X-CUBE-AI.8.1.0
2024-01-29 16:07:00,155 [WARN] ConditionMgr:438 - getConditionDescription Invalid condition id : LAN8742 Phy interface Condition cause : null
2024-01-29 16:07:00,156 [WARN] PackLoader:240 - Cannot read IP mode file for STMicroelectronics.X-CUBE-AZRTOS-L4.2.0.0
2024-01-29 16:07:00,158 [WARN] ConditionMgr:1039 - genDependencies : Invalid condition id : LAN8742 Phy interface Condition cause : null
2024-01-29 16:07:00,158 [WARN] ConditionMgr:1039 - genDependencies : Invalid condition id : LAN8742 Phy interface Condition cause : null
2024-01-29 16:07:00,159 [WARN] ConditionMgr:1039 - genDependencies : Invalid condition id : LAN8742 Phy interface Condition cause : null
2024-01-29 16:07:00,179 [WARN] PackLoader:240 - Cannot read IP mode file for STMicroelectronics.X-CUBE-SFXS2LP1.4.0.0
2024-01-29 16:07:00,210 [WARN] ConditionMgr:438 - getConditionDescription Invalid condition id : UX DEVICE CLASS RTOS Condition cause : null
2024-01-29 16:07:00,211 [WARN] ConditionMgr:438 - getConditionDescription Invalid condition id : UX DEVICE CLASS RTOS Condition cause : null
2024-01-29 16:07:00,213 [WARN] PackLoader:240 - Cannot read IP mode file for STMicroelectronics.X-CUBE-AZRTOS-WB.2.0.0
2024-01-29 16:07:00,214 [WARN] ConditionMgr:1039 - genDependencies : Invalid condition id : UX DEVICE CLASS RTOS Condition cause : null
2024-01-29 16:07:00,214 [WARN] ConditionMgr:1039 - genDependencies : Invalid condition id : UX DEVICE CLASS RTOS Condition cause : null
2024-01-29 16:07:00,214 [WARN] ConditionMgr:1039 - genDependencies : Invalid condition id : UX DEVICE CLASS RTOS Condition cause : null
2024-01-29 16:07:00,215 [WARN] ConditionMgr:1039 - genDependencies : Invalid condition id : UX DEVICE CLASS RTOS Condition cause : null
2024-01-29 16:07:00,215 [WARN] ConditionMgr:1039 - genDependencies : Invalid condition id : UX DEVICE CLASS RTOS Condition cause : null
2024-01-29 16:07:00,237 [WARN] PackLoader:240 - Cannot read IP mode file for STMicroelectronics.X-CUBE-SUBG2.5.0.0
2024-01-29 16:07:00,275 [WARN] PackLoader:240 - Cannot read IP mode file for STMicroelectronics.X-CUBE-AZRTOS-G4.2.0.0
2024-01-29 16:07:00,302 [WARN] PackLoader:240 - Cannot read IP mode file for Infineon.AIROC-Wi-Fi-Bluetooth-STM32.1.5.1
2024-01-29 16:07:00,322 [WARN] PackLoader:240 - Cannot read IP mode file for STMicroelectronics.FP-SNS-MOTENVWB1.1.3.1
2024-01-29 16:07:00,336 [WARN] PackLoader:240 - Cannot read IP mode file for STMicroelectronics.X-CUBE-ISPU.2.0.0
2024-01-29 16:07:00,394 [WARN] PackLoader:240 - Cannot read IP mode file for STMicroelectronics.X-CUBE-MEMS1.10.0.0
2024-01-29 16:07:00,533 [WARN] PackLoader:240 - Cannot read IP mode file for STMicroelectronics.X-CUBE-FREERTOS.1.1.0
2024-01-29 16:07:00,548 [WARN] PackLoader:240 - Cannot read IP mode file for portGmbH.I-Cube-SoM-uGOAL.1.1.0
2024-01-29 16:07:00,563 [WARN] PackLoader:240 - Cannot read IP mode file for STMicroelectronics.X-CUBE-ALS.1.0.1
2024-01-29 16:07:00,576 [WARN] PackLoader:240 - Cannot read IP mode file for STMicroelectronics.FP-ATR-ASTRA1.2.0.0
2024-01-29 16:07:00,613 [WARN] PackLoader:240 - Cannot read IP mode file for STMicroelectronics.X-CUBE-TOF1.3.4.0
2024-01-29 16:07:00,687 [WARN] PackLoader:240 - Cannot read IP mode file for STMicroelectronics.X-CUBE-AZRTOS-H7.3.2.0
2024-01-29 16:07:00,691 [INFO] ThirdParty:978 - Integrity check success = true
2024-01-29 16:07:00,691 [INFO] IntegrityCheckThread:100 - exiting critical section [integrity check]
2024-01-29 16:07:00,692 [INFO] IntegrityCheckThread:103 - End integrity checks thread
2024-01-29 16:07:01,301 [INFO] ApiDb:240 - Found 371 in-development CPN: [B-G473E-ZEST1S, B-WB1M-WPAN1, B-WL5M-SUBG1, NUCLEO-C031C6, NUCLEO-H503RB, NUCLEO-H563ZI, NUCLEO-U545RE-Q, NUCLEO-U5A5ZJ-Q, NUCLEO-WBA52CG, NUCLEO-WBA55CG, STEVAL-MKBOXPRO, STEVAL-PROTEUS1, STEVAL-STWINBX1, STM320518-EVAL, STM32C0116-DK, STM32C011D6Y3TR, STM32C011D6Y6TR, STM32C011F4P3, STM32C011F4P6, STM32C011F4U3, STM32C011F4U6TR, STM32C011F6P3, STM32C011F6P6, STM32C011F6U3, STM32C011F6U6TR, STM32C011J4M3, STM32C011J4M6, STM32C011J6M3, STM32C011J6M6, STM32C0316-DK, STM32C031C4T3, STM32C031C4T6, STM32C031C4U3, STM32C031C4U6, STM32C031C6T3, STM32C031C6T6, STM32C031C6U3, STM32C031C6U6, STM32C031F4P3, STM32C031F4P6, STM32C031F6P3, STM32C031F6P6, STM32C031G4U3, STM32C031G4U6, STM32C031G6U3, STM32C031G6U6, STM32C031K4T3, STM32C031K4T6, STM32C031K4U3, STM32C031K4U6, STM32C031K6T3, STM32C031K6T6, STM32C031K6U3, STM32C031K6U6, STM32G071K8TXN, STM32G071K8UXN, STM32G081GBU6N, STM32G081KBT6N, STM32G081KBUXN, STM32G0B1CCT6N, STM32G0B1KCT6, STM32G0B1NEY6TR, STM32G0B1RCT6N, STM32G0C1CCT6, STM32G0C1CCT6N, STM32G0C1CCU6N, STM32G0C1CET6N, STM32G0C1CEU6N, STM32G0C1KCT6, STM32G0C1NEY6TR, STM32G0C1RCI6N, STM32G0C1RCT6N, STM32G0C1REI6N, STM32G0C1RET6N, STM32G0C1VCI6, STM32G0C1VEI6, STM32G471CCT6, STM32G471CCU6, STM32G471CET3, STM32G471CET6, STM32G471CEU3, STM32G471CEU6, STM32G471MCT6, STM32G471MET3, STM32G471MET6, STM32G471MEY6TR, STM32G471QCT6, STM32G471QET3, STM32G471RCT6, STM32G471RET3, STM32G471RET6, STM32G471VCH6, STM32G471VCI6, STM32G471VCT6, STM32G471VEH3, STM32G471VEH6, STM32G471VEI3, STM32G471VEI6, STM32G471VET3, STM32G471VET6, STM32G474CCT6, STM32H503CBT6, STM32H503CBU6, STM32H503EBY6TR, STM32H503KBU6, STM32H503RBT6, STM32H562AGI6, STM32H562AII6, STM32H562IGK6, STM32H562IGT6, STM32H562IIK6, STM32H562IIT6, STM32H562RGT6, STM32H562RGV6, STM32H562RIT6, STM32H562RIV6, STM32H562VGT6, STM32H562VIT6, STM32H562ZGT6, STM32H562ZIT6, STM32H563AGI6, STM32H563AII3Q, STM32H563AII6, STM32H563IGK6, STM32H563IGT6, STM32H563IIK3Q, STM32H563IIK6, STM32H563IIT3Q, STM32H563IIT6, STM32H563MIY3QTR, STM32H563RGT6, STM32H563RGV6, STM32H563RIT6, STM32H563RIV6, STM32H563VGT6, STM32H563VIT3Q, STM32H563VIT6, STM32H563ZGT6, STM32H563ZIT3Q, STM32H563ZIT6, STM32H573AII3Q, STM32H573AII6, STM32H573I-DK, STM32H573IIK3Q, STM32H573IIK6, STM32H573IIT3Q, STM32H573IIT6, STM32H573MIY3QTR, STM32H573RIT6, STM32H573RIV6, STM32H573VIT3Q, STM32H573VIT6, STM32H573ZIT3Q, STM32H573ZIT6, STM32L4R5QGI6STR, STM32MP131AAE3, STM32MP131AAF3, STM32MP131AAG3, STM32MP131CAE3, STM32MP131CAF3, STM32MP131CAG3, STM32MP131DAE7, STM32MP131DAF7, STM32MP131DAG7, STM32MP131FAE7, STM32MP131FAF7, STM32MP131FAG7, STM32MP133AAE3, STM32MP133AAF3, STM32MP133AAG3, STM32MP133CAE3, STM32MP133CAF3, STM32MP133CAG3, STM32MP133DAE7, STM32MP133DAF7, STM32MP133DAG7, STM32MP133FAE7, STM32MP133FAF7, STM32MP133FAG7, STM32MP135AAE3, STM32MP135AAF3, STM32MP135AAG3, STM32MP135CAE3, STM32MP135CAF3, STM32MP135CAG3, STM32MP135DAE7, STM32MP135DAF7, STM32MP135DAG7, STM32MP135F-DK, STM32MP135FAE7, STM32MP135FAF7, STM32MP135FAF7T, STM32MP135FAF7U, STM32MP135FAG7, STM32U535CBT6, STM32U535CBT6Q, STM32U535CBU6, STM32U535CBU6Q, STM32U535CCT6, STM32U535CCT6Q, STM32U535CCU6, STM32U535CCU6Q, STM32U535CET6, STM32U535CET6Q, STM32U535CEU6, STM32U535CEU6Q, STM32U535JEY6QTR, STM32U535NCY6QTR, STM32U535NEY6QTR, STM32U535RBI6, STM32U535RBI6Q, STM32U535RBT6, STM32U535RBT6Q, STM32U535RCI6, STM32U535RCI6Q, STM32U535RCT6, STM32U535RCT6Q, STM32U535REI6, STM32U535REI6Q, STM32U535RET6, STM32U535RET6Q, STM32U535VCI6, STM32U535VCI6Q, STM32U535VCT6, STM32U535VCT6Q, STM32U535VEI6, STM32U535VEI6Q, STM32U535VET6, STM32U535VET6Q, STM32U545CET6, STM32U545CET6Q, STM32U545CEU6, STM32U545CEU6Q, STM32U545JEY6QTR, STM32U545NEY6QTR, STM32U545REI6, STM32U545REI6Q, STM32U545RET6, STM32U545RET6Q, STM32U545VEI6, STM32U545VEI6Q, STM32U545VET6, STM32U545VET6Q, STM32U595AIH6, STM32U595AIH6Q, STM32U595AJH6, STM32U595AJH6Q, STM32U595QII6, STM32U595QII6Q, STM32U595QJI6, STM32U595QJI6Q, STM32U595RIT6, STM32U595RIT6Q, STM32U595RJT6, STM32U595RJT6Q, STM32U595VIT6, STM32U595VIT6Q, STM32U595VJT6, STM32U595VJT6Q, STM32U595ZIT6, STM32U595ZIT6Q, STM32U595ZIY6QTR, STM32U595ZJT6, STM32U595ZJT6Q, STM32U595ZJY6QTR, STM32U599BJY6QTR, STM32U599NIH6Q, STM32U599NJH6Q, STM32U599VIT6Q, STM32U599VJT6, STM32U599VJT6Q, STM32U599ZIT6Q, STM32U599ZIY6QTR, STM32U599ZJT6Q, STM32U599ZJY6QTR, STM32U5A5AJH6, STM32U5A5AJH6Q, STM32U5A5QJI6, STM32U5A5QJI6Q, STM32U5A5RJT6, STM32U5A5RJT6Q, STM32U5A5VJT6, STM32U5A5VJT6Q, STM32U5A5ZJT6, STM32U5A5ZJT6Q, STM32U5A5ZJY6QTR, STM32U5A9BJY6QTR, STM32U5A9J-DK, STM32U5A9NJH6Q, STM32U5A9VJT6Q, STM32U5A9ZJT6Q, STM32U5A9ZJY6QTR, STM32U5F7VIT6, STM32U5F7VIT6Q, STM32U5F7VJT6, STM32U5F7VJT6Q, STM32U5F9BJY6QTR, STM32U5F9NJH6Q, STM32U5F9VIT6Q, STM32U5F9VJT6Q, STM32U5F9ZIJ6QTR, STM32U5F9ZIT6Q, STM32U5F9ZJJ6QTR, STM32U5F9ZJT6Q, STM32U5G7VJT6, STM32U5G7VJT6Q, STM32U5G9BJY6QTR, STM32U5G9J-DK1, STM32U5G9J-DK2, STM32U5G9NJH6Q, STM32U5G9VJT6Q, STM32U5G9ZJJ6QTR, STM32U5G9ZJT6Q, STM32WB1MMCH6, STM32WBA50KEU6, STM32WBA50KEU6TR, STM32WBA50KGU6, STM32WBA50KGU6TR, STM32WBA52CEU6, STM32WBA52CEU6TR, STM32WBA52CEU7, STM32WBA52CEU7TR, STM32WBA52CGU6, STM32WBA52CGU6TR, STM32WBA52CGU6U, STM32WBA52CGU7, STM32WBA52CGU7TR, STM32WBA52KEU6, STM32WBA52KEU6TR, STM32WBA52KGU6, STM32WBA52KGU6TR, STM32WBA54CEU6, STM32WBA54CEU6TR, STM32WBA54CEU7, STM32WBA54CEU7TR, STM32WBA54CGU6, STM32WBA54CGU6TR, STM32WBA54CGU7, STM32WBA54CGU7TR, STM32WBA54KEU6, STM32WBA54KEU6TR, STM32WBA54KEU7, STM32WBA54KEU7TR, STM32WBA54KGU6, STM32WBA54KGU6TR, STM32WBA54KGU7, STM32WBA54KGU7TR, STM32WBA55CEU6, STM32WBA55CEU6TR, STM32WBA55CEU7, STM32WBA55CEU7TR, STM32WBA55CGU6, STM32WBA55CGU6TR, STM32WBA55CGU6U, STM32WBA55CGU7, STM32WBA55CGU7TR, STM32WBA55G-DK1, STM32WBA55HEF6, STM32WBA55HEF7, STM32WBA55HGF6, STM32WBA55HGF7, STM32WBA55UEI6, STM32WBA55UEI6TR, STM32WBA55UEI7, STM32WBA55UEI7TR, STM32WBA55UGI6, STM32WBA55UGI6TR, STM32WBA55UGI7, STM32WBA55UGI7TR, STM32WL5MOCH6, STM32WL5MOCH6TR]
2024-01-29 16:07:01,308 [INFO] DbMcus:218 - Found 3930 MCUs, 3930 are supported
2024-01-29 16:07:01,309 [INFO] ApiDb:423 - Load user favorites file C:\Users\Maydoum/.stm32cubeide/favorites.mcus.txt: 0 item(s)
2024-01-29 16:07:01,309 [INFO] ApiDb:427 - User favorites MCUs=[]
2024-01-29 16:07:01,309 [INFO] DbMcus:224 - Set 0 / 0 favorites MCUs
2024-01-29 16:07:01,650 [INFO] ApiDb:668 - CubeFinder database Data Model version=2.1
2024-01-29 16:07:01,650 [INFO] ApiDb:669 - CubeFinder database Configuration version=3.0.39
2024-01-29 16:07:01,650 [INFO] ApiDb:670 - CubeFinder database generation date=2024-01-11 (1704964531)
2024-01-29 16:07:01,650 [INFO] ApiDb:671 - CubeFinder database FW Pack versions=[FP-ATR-ASTRA1_V2.0.0, FP-SNS-FLIGHT1_V5.0.1, FP-SNS-FLIGHT1_V5.0.2, FP-SNS-MOTENV1_V4.3.1, FP-SNS-MOTENV1_V4.3.2, FP-SNS-MOTENVWB1_V1.3.1, FP-SNS-SMARTAG2_V1.2.0, STM32Cube_FW_C0_V1.1.0, STM32Cube_FW_F4_V1.28.0, STM32Cube_FW_F7_V1.17.0, STM32Cube_FW_G0_V1.6.2, STM32Cube_FW_G4_V1.5.2, STM32Cube_FW_H5_V0.5.1, STM32Cube_FW_H5_V1.1.1, STM32Cube_FW_H5_V1.2.0RC2, STM32Cube_FW_H7_V1.11.0, STM32Cube_FW_L0_V1.12.2, STM32Cube_FW_L5_V1.5.0, STM32Cube_FW_U5_V1.3.0RC4, STM32Cube_FW_U5_V1.4.0, STM32Cube_FW_WBA_V1.0.0RC1, STM32Cube_FW_WBA_V1.1.0RC1, STM32Cube_FW_WBA_V1.2.0, STM32Cube_FW_WBA_V1.2.0RC2, STM32Cube_FW_WB_V1.15.0RC1, STM32Cube_FW_WB_V1.16.0, STM32Cube_FW_WB_V1.16.0RC2, STM32Cube_FW_WB_V1.18.0, STM32Cube_FW_WL_V1.3.0, X-CUBE-ALGOBUILD_V1.3.0, X-CUBE-ALS_V1.0.1, X-CUBE-AZRTOS-F4_V1.1.0, X-CUBE-AZRTOS-F7_V1.1.0, X-CUBE-AZRTOS-G0_V1.1.0, X-CUBE-AZRTOS-G4_V2.0.0, X-CUBE-AZRTOS-H7_V3.2.0, X-CUBE-AZRTOS-L4_V1.0.0, X-CUBE-AZRTOS-L4_V2.0.0, X-CUBE-AZRTOS-L5_V1.1.0, X-CUBE-AZRTOS-WB_V2.0.0, X-CUBE-AZRTOS-WL_V2.0.0, X-CUBE-BLE1_V7.0.0, X-CUBE-BLE2_V3.3.0, X-CUBE-BLEMGR_V3.0.0, X-CUBE-EEPRMA1_V4.1.0, X-CUBE-EEPRMA1_V4.2.0, X-CUBE-FREERTOS_V1.1.0, X-CUBE-GNSS1_V6.0.0, X-CUBE-MEMS1_V10.0.0, X-CUBE-MEMS1_V9.1.0, X-CUBE-MEMS1_V9.4.0, X-CUBE-MEMS1_V9.6.0, X-CUBE-NFC4_V3.0.0, X-CUBE-NFC7_V1.0.1, X-CUBE-SFXS2LP1_V4.0.0, X-CUBE-SUBG2_V5.0.0, X-CUBE-TOF1_V3.4.0]
2024-01-29 16:07:01,719 [INFO] DbBoardsSqlite:226 - include board P-NUCLEO-WB55-NUCLEO as a kit item of type 'Nucleo-64'
2024-01-29 16:07:01,719 [INFO] DbBoardsSqlite:226 - include board P-NUCLEO-WB55-USBDONGLE as a kit item of type 'Nucleo USB Dongle'
2024-01-29 16:07:01,720 [INFO] DbBoardsSqlite:226 - include board STEVAL-IDP005V1 as a kit item of type 'Evaluation Board'
2024-01-29 16:07:01,720 [INFO] DbBoardsSqlite:226 - include board STEVAL-IDP005V2 as a kit item of type 'Evaluation Board'
2024-01-29 16:07:01,781 [INFO] ApiDb:240 - Found 371 in-development CPN: [B-G473E-ZEST1S, B-WB1M-WPAN1, B-WL5M-SUBG1, NUCLEO-C031C6, NUCLEO-H503RB, NUCLEO-H563ZI, NUCLEO-U545RE-Q, NUCLEO-U5A5ZJ-Q, NUCLEO-WBA52CG, NUCLEO-WBA55CG, STEVAL-MKBOXPRO, STEVAL-PROTEUS1, STEVAL-STWINBX1, STM320518-EVAL, STM32C0116-DK, STM32C011D6Y3TR, STM32C011D6Y6TR, STM32C011F4P3, STM32C011F4P6, STM32C011F4U3, STM32C011F4U6TR, STM32C011F6P3, STM32C011F6P6, STM32C011F6U3, STM32C011F6U6TR, STM32C011J4M3, STM32C011J4M6, STM32C011J6M3, STM32C011J6M6, STM32C0316-DK, STM32C031C4T3, STM32C031C4T6, STM32C031C4U3, STM32C031C4U6, STM32C031C6T3, STM32C031C6T6, STM32C031C6U3, STM32C031C6U6, STM32C031F4P3, STM32C031F4P6, STM32C031F6P3, STM32C031F6P6, STM32C031G4U3, STM32C031G4U6, STM32C031G6U3, STM32C031G6U6, STM32C031K4T3, STM32C031K4T6, STM32C031K4U3, STM32C031K4U6, STM32C031K6T3, STM32C031K6T6, STM32C031K6U3, STM32C031K6U6, STM32G071K8TXN, STM32G071K8UXN, STM32G081GBU6N, STM32G081KBT6N, STM32G081KBUXN, STM32G0B1CCT6N, STM32G0B1KCT6, STM32G0B1NEY6TR, STM32G0B1RCT6N, STM32G0C1CCT6, STM32G0C1CCT6N, STM32G0C1CCU6N, STM32G0C1CET6N, STM32G0C1CEU6N, STM32G0C1KCT6, STM32G0C1NEY6TR, STM32G0C1RCI6N, STM32G0C1RCT6N, STM32G0C1REI6N, STM32G0C1RET6N, STM32G0C1VCI6, STM32G0C1VEI6, STM32G471CCT6, STM32G471CCU6, STM32G471CET3, STM32G471CET6, STM32G471CEU3, STM32G471CEU6, STM32G471MCT6, STM32G471MET3, STM32G471MET6, STM32G471MEY6TR, STM32G471QCT6, STM32G471QET3, STM32G471RCT6, STM32G471RET3, STM32G471RET6, STM32G471VCH6, STM32G471VCI6, STM32G471VCT6, STM32G471VEH3, STM32G471VEH6, STM32G471VEI3, STM32G471VEI6, STM32G471VET3, STM32G471VET6, STM32G474CCT6, STM32H503CBT6, STM32H503CBU6, STM32H503EBY6TR, STM32H503KBU6, STM32H503RBT6, STM32H562AGI6, STM32H562AII6, STM32H562IGK6, STM32H562IGT6, STM32H562IIK6, STM32H562IIT6, STM32H562RGT6, STM32H562RGV6, STM32H562RIT6, STM32H562RIV6, STM32H562VGT6, STM32H562VIT6, STM32H562ZGT6, STM32H562ZIT6, STM32H563AGI6, STM32H563AII3Q, STM32H563AII6, STM32H563IGK6, STM32H563IGT6, STM32H563IIK3Q, STM32H563IIK6, STM32H563IIT3Q, STM32H563IIT6, STM32H563MIY3QTR, STM32H563RGT6, STM32H563RGV6, STM32H563RIT6, STM32H563RIV6, STM32H563VGT6, STM32H563VIT3Q, STM32H563VIT6, STM32H563ZGT6, STM32H563ZIT3Q, STM32H563ZIT6, STM32H573AII3Q, STM32H573AII6, STM32H573I-DK, STM32H573IIK3Q, STM32H573IIK6, STM32H573IIT3Q, STM32H573IIT6, STM32H573MIY3QTR, STM32H573RIT6, STM32H573RIV6, STM32H573VIT3Q, STM32H573VIT6, STM32H573ZIT3Q, STM32H573ZIT6, STM32L4R5QGI6STR, STM32MP131AAE3, STM32MP131AAF3, STM32MP131AAG3, STM32MP131CAE3, STM32MP131CAF3, STM32MP131CAG3, STM32MP131DAE7, STM32MP131DAF7, STM32MP131DAG7, STM32MP131FAE7, STM32MP131FAF7, STM32MP131FAG7, STM32MP133AAE3, STM32MP133AAF3, STM32MP133AAG3, STM32MP133CAE3, STM32MP133CAF3, STM32MP133CAG3, STM32MP133DAE7, STM32MP133DAF7, STM32MP133DAG7, STM32MP133FAE7, STM32MP133FAF7, STM32MP133FAG7, STM32MP135AAE3, STM32MP135AAF3, STM32MP135AAG3, STM32MP135CAE3, STM32MP135CAF3, STM32MP135CAG3, STM32MP135DAE7, STM32MP135DAF7, STM32MP135DAG7, STM32MP135F-DK, STM32MP135FAE7, STM32MP135FAF7, STM32MP135FAF7T, STM32MP135FAF7U, STM32MP135FAG7, STM32U535CBT6, STM32U535CBT6Q, STM32U535CBU6, STM32U535CBU6Q, STM32U535CCT6, STM32U535CCT6Q, STM32U535CCU6, STM32U535CCU6Q, STM32U535CET6, STM32U535CET6Q, STM32U535CEU6, STM32U535CEU6Q, STM32U535JEY6QTR, STM32U535NCY6QTR, STM32U535NEY6QTR, STM32U535RBI6, STM32U535RBI6Q, STM32U535RBT6, STM32U535RBT6Q, STM32U535RCI6, STM32U535RCI6Q, STM32U535RCT6, STM32U535RCT6Q, STM32U535REI6, STM32U535REI6Q, STM32U535RET6, STM32U535RET6Q, STM32U535VCI6, STM32U535VCI6Q, STM32U535VCT6, STM32U535VCT6Q, STM32U535VEI6, STM32U535VEI6Q, STM32U535VET6, STM32U535VET6Q, STM32U545CET6, STM32U545CET6Q, STM32U545CEU6, STM32U545CEU6Q, STM32U545JEY6QTR, STM32U545NEY6QTR, STM32U545REI6, STM32U545REI6Q, STM32U545RET6, STM32U545RET6Q, STM32U545VEI6, STM32U545VEI6Q, STM32U545VET6, STM32U545VET6Q, STM32U595AIH6, STM32U595AIH6Q, STM32U595AJH6, STM32U595AJH6Q, STM32U595QII6, STM32U595QII6Q, STM32U595QJI6, STM32U595QJI6Q, STM32U595RIT6, STM32U595RIT6Q, STM32U595RJT6, STM32U595RJT6Q, STM32U595VIT6, STM32U595VIT6Q, STM32U595VJT6, STM32U595VJT6Q, STM32U595ZIT6, STM32U595ZIT6Q, STM32U595ZIY6QTR, STM32U595ZJT6, STM32U595ZJT6Q, STM32U595ZJY6QTR, STM32U599BJY6QTR, STM32U599NIH6Q, STM32U599NJH6Q, STM32U599VIT6Q, STM32U599VJT6, STM32U599VJT6Q, STM32U599ZIT6Q, STM32U599ZIY6QTR, STM32U599ZJT6Q, STM32U599ZJY6QTR, STM32U5A5AJH6, STM32U5A5AJH6Q, STM32U5A5QJI6, STM32U5A5QJI6Q, STM32U5A5RJT6, STM32U5A5RJT6Q, STM32U5A5VJT6, STM32U5A5VJT6Q, STM32U5A5ZJT6, STM32U5A5ZJT6Q, STM32U5A5ZJY6QTR, STM32U5A9BJY6QTR, STM32U5A9J-DK, STM32U5A9NJH6Q, STM32U5A9VJT6Q, STM32U5A9ZJT6Q, STM32U5A9ZJY6QTR, STM32U5F7VIT6, STM32U5F7VIT6Q, STM32U5F7VJT6, STM32U5F7VJT6Q, STM32U5F9BJY6QTR, STM32U5F9NJH6Q, STM32U5F9VIT6Q, STM32U5F9VJT6Q, STM32U5F9ZIJ6QTR, STM32U5F9ZIT6Q, STM32U5F9ZJJ6QTR, STM32U5F9ZJT6Q, STM32U5G7VJT6, STM32U5G7VJT6Q, STM32U5G9BJY6QTR, STM32U5G9J-DK1, STM32U5G9J-DK2, STM32U5G9NJH6Q, STM32U5G9VJT6Q, STM32U5G9ZJJ6QTR, STM32U5G9ZJT6Q, STM32WB1MMCH6, STM32WBA50KEU6, STM32WBA50KEU6TR, STM32WBA50KGU6, STM32WBA50KGU6TR, STM32WBA52CEU6, STM32WBA52CEU6TR, STM32WBA52CEU7, STM32WBA52CEU7TR, STM32WBA52CGU6, STM32WBA52CGU6TR, STM32WBA52CGU6U, STM32WBA52CGU7, STM32WBA52CGU7TR, STM32WBA52KEU6, STM32WBA52KEU6TR, STM32WBA52KGU6, STM32WBA52KGU6TR, STM32WBA54CEU6, STM32WBA54CEU6TR, STM32WBA54CEU7, STM32WBA54CEU7TR, STM32WBA54CGU6, STM32WBA54CGU6TR, STM32WBA54CGU7, STM32WBA54CGU7TR, STM32WBA54KEU6, STM32WBA54KEU6TR, STM32WBA54KEU7, STM32WBA54KEU7TR, STM32WBA54KGU6, STM32WBA54KGU6TR, STM32WBA54KGU7, STM32WBA54KGU7TR, STM32WBA55CEU6, STM32WBA55CEU6TR, STM32WBA55CEU7, STM32WBA55CEU7TR, STM32WBA55CGU6, STM32WBA55CGU6TR, STM32WBA55CGU6U, STM32WBA55CGU7, STM32WBA55CGU7TR, STM32WBA55G-DK1, STM32WBA55HEF6, STM32WBA55HEF7, STM32WBA55HGF6, STM32WBA55HGF7, STM32WBA55UEI6, STM32WBA55UEI6TR, STM32WBA55UEI7, STM32WBA55UEI7TR, STM32WBA55UGI6, STM32WBA55UGI6TR, STM32WBA55UGI7, STM32WBA55UGI7TR, STM32WL5MOCH6, STM32WL5MOCH6TR]
2024-01-29 16:07:01,950 [INFO] BoardInfo:889 - No configuration file found for board P-NUCLEO-WB55
2024-01-29 16:07:01,951 [INFO] DbBoards:161 - Kit is not supported: P-NUCLEO-WB55
2024-01-29 16:07:01,957 [INFO] BoardInfo:889 - No configuration file found for board STEVAL-BFA001V1B
2024-01-29 16:07:01,957 [INFO] DbBoards:161 - Kit is not supported: STEVAL-BFA001V1B
2024-01-29 16:07:01,959 [INFO] BoardInfo:889 - No configuration file found for board STEVAL-BFA001V2B
2024-01-29 16:07:01,959 [INFO] DbBoards:161 - Kit is not supported: STEVAL-BFA001V2B
2024-01-29 16:07:02,115 [INFO] DbBoards:168 - Found 193 boards, 190 are supported
2024-01-29 16:07:02,115 [INFO] DbBoards:169 - Found 193 boards, 3 of them is supported for  Bsp
2024-01-29 16:07:02,117 [INFO] ApiDb:414 - User favorites file not found: C:\Users\Maydoum/.stm32cubeide/favorites.boards.txt
2024-01-29 16:07:02,117 [INFO] DbBoards:198 - Set 0 / 0 favorites Boards
2024-01-29 16:07:02,120 [INFO] ApiDb:668 - CubeFinder database Data Model version=2.1
2024-01-29 16:07:02,120 [INFO] ApiDb:669 - CubeFinder database Configuration version=3.0.39
2024-01-29 16:07:02,120 [INFO] ApiDb:670 - CubeFinder database generation date=2024-01-11 (1704964531)
2024-01-29 16:07:02,120 [INFO] ApiDb:671 - CubeFinder database FW Pack versions=[FP-ATR-ASTRA1_V2.0.0, FP-SNS-FLIGHT1_V5.0.1, FP-SNS-FLIGHT1_V5.0.2, FP-SNS-MOTENV1_V4.3.1, FP-SNS-MOTENV1_V4.3.2, FP-SNS-MOTENVWB1_V1.3.1, FP-SNS-SMARTAG2_V1.2.0, STM32Cube_FW_C0_V1.1.0, STM32Cube_FW_F4_V1.28.0, STM32Cube_FW_F7_V1.17.0, STM32Cube_FW_G0_V1.6.2, STM32Cube_FW_G4_V1.5.2, STM32Cube_FW_H5_V0.5.1, STM32Cube_FW_H5_V1.1.1, STM32Cube_FW_H5_V1.2.0RC2, STM32Cube_FW_H7_V1.11.0, STM32Cube_FW_L0_V1.12.2, STM32Cube_FW_L5_V1.5.0, STM32Cube_FW_U5_V1.3.0RC4, STM32Cube_FW_U5_V1.4.0, STM32Cube_FW_WBA_V1.0.0RC1, STM32Cube_FW_WBA_V1.1.0RC1, STM32Cube_FW_WBA_V1.2.0, STM32Cube_FW_WBA_V1.2.0RC2, STM32Cube_FW_WB_V1.15.0RC1, STM32Cube_FW_WB_V1.16.0, STM32Cube_FW_WB_V1.16.0RC2, STM32Cube_FW_WB_V1.18.0, STM32Cube_FW_WL_V1.3.0, X-CUBE-ALGOBUILD_V1.3.0, X-CUBE-ALS_V1.0.1, X-CUBE-AZRTOS-F4_V1.1.0, X-CUBE-AZRTOS-F7_V1.1.0, X-CUBE-AZRTOS-G0_V1.1.0, X-CUBE-AZRTOS-G4_V2.0.0, X-CUBE-AZRTOS-H7_V3.2.0, X-CUBE-AZRTOS-L4_V1.0.0, X-CUBE-AZRTOS-L4_V2.0.0, X-CUBE-AZRTOS-L5_V1.1.0, X-CUBE-AZRTOS-WB_V2.0.0, X-CUBE-AZRTOS-WL_V2.0.0, X-CUBE-BLE1_V7.0.0, X-CUBE-BLE2_V3.3.0, X-CUBE-BLEMGR_V3.0.0, X-CUBE-EEPRMA1_V4.1.0, X-CUBE-EEPRMA1_V4.2.0, X-CUBE-FREERTOS_V1.1.0, X-CUBE-GNSS1_V6.0.0, X-CUBE-MEMS1_V10.0.0, X-CUBE-MEMS1_V9.1.0, X-CUBE-MEMS1_V9.4.0, X-CUBE-MEMS1_V9.6.0, X-CUBE-NFC4_V3.0.0, X-CUBE-NFC7_V1.0.1, X-CUBE-SFXS2LP1_V4.0.0, X-CUBE-SUBG2_V5.0.0, X-CUBE-TOF1_V3.4.0]
2024-01-29 16:07:02,885 [ERROR] DbExamplesSqlite:437 - Missing JSON key: board_cpn
2024-01-29 16:07:02,885 [ERROR] DbExamplesSqlite:437 - Missing JSON key: board_cpn
2024-01-29 16:07:02,886 [ERROR] DbExamplesSqlite:437 - Missing JSON key: board_cpn
2024-01-29 16:07:02,886 [ERROR] DbExamplesSqlite:437 - Missing JSON key: board_cpn
2024-01-29 16:07:02,927 [INFO] DbExamplesSqlite:395 - Ignored 55 examples not supported by CubeIDE
2024-01-29 16:07:02,927 [INFO] DbExamplesSqlite:396 - Found 7560 examples active
2024-01-29 16:07:02,927 [INFO] DbExamplesSqlite:397 - Found 844 examples obsolete
2024-01-29 16:07:02,927 [INFO] DbExamplesSqlite:398 - Found 0 examples under development
2024-01-29 16:07:02,927 [INFO] DbExamplesSqlite:399 - Found 8 examples not building
2024-01-29 16:07:02,929 [INFO] DbExamples:125 - Found 7513 examples
2024-01-29 16:07:02,940 [INFO] DbExamples:222 - Found 95 boards with related examples
2024-01-29 16:07:02,941 [INFO] DbExamples:235 - Found 80 MCUs with related examples
2024-01-29 16:07:02,963 [INFO] ApiDb:414 - User favorites file not found: C:\Users\Maydoum/.stm32cubeide/favorites.examples.txt
2024-01-29 16:07:02,963 [INFO] DbExamples:250 - Set 0 / 0 favorites Examples
2024-01-29 16:07:03,304 [INFO] McuFinderGlobals:76 - Set McuFinderConnectedMode to true
2024-01-29 16:07:03,313 [INFO] MultiScanPanel:200 - Auto-refresh data requested => check proxy status ongoing
2024-01-29 16:07:03,317 [INFO] FinderPluginLoader:95 - Searching for filters in installed packs
2024-01-29 16:07:05,123 [INFO] LoadUrlFilesThread:185 - End of LoadServerUrlFiles without Thread
2024-01-29 16:07:05,171 [INFO] DetailPanel:341 - Set advertising image to C:/Users/Maydoum/STM32Cube/Repository/\en.prom-stm32wl3-mcu-finder.jpg
2024-01-29 16:07:07,434 [ERROR] LogOutputStream:75 - [STDERR_REDIRECT] SLF4J: Failed to load class "org.slf4j.impl.StaticLoggerBinder".
2024-01-29 16:07:07,436 [ERROR] LogOutputStream:75 - [STDERR_REDIRECT] SLF4J: Defaulting to no-operation (NOP) logger implementation
2024-01-29 16:07:07,437 [ERROR] LogOutputStream:75 - [STDERR_REDIRECT] SLF4J: See http://www.slf4j.org/codes.html#StaticLoggerBinder for further details.
2024-01-29 16:07:53,820 [INFO] MainUpdater:2873 - connection check result : 10
2024-01-29 16:07:53,820 [INFO] MainUpdater:2873 - connection check result : 10
2024-01-29 16:07:53,870 [INFO] MicroXplorer:468 - Change Database Path : 
2024-01-29 16:07:53,870 [INFO] MicroXplorer:498 - Change Database Version : DB.6.0.100
2024-01-29 16:07:53,875 [WARN] ThirdParty:871 - waiting for thirdparty lock release [close project]
2024-01-29 16:07:53,877 [INFO] ThirdParty:873 - entering critical section [close project]
2024-01-29 16:07:53,877 [INFO] ThirdParty:883 - exiting critical section [close project]
2024-01-29 16:07:53,879 [INFO] PinOutPanel:1499 - setPackage(No Configuration,No Configuration)
2024-01-29 16:07:53,884 [INFO] UtilMem:75 - Begin LoadConfig() Used Memory: 283272608 Bytes (486539264)
2024-01-29 16:07:53,886 [INFO] MicroXplorer:468 - Change Database Path : 
2024-01-29 16:07:53,886 [INFO] MicroXplorer:498 - Change Database Version : DB.6.0.100
2024-01-29 16:07:53,886 [INFO] OpenFileManager:312 - Change cursor
2024-01-29 16:07:54,031 [INFO] Mcu:2016 - Initializing MCU STM32F103C8Tx STM32F103C8Tx STM32F103C8T6
2024-01-29 16:07:55,898 [INFO] Context:659 - Trying to add GPIOservice into a context  which must be forbidden
2024-01-29 16:07:56,444 [INFO] ImportTextPane:194 - (OptionalMessage_ERROR) Unable to find key (Mcu.ThirdPartyNb) in loaded IOC file
2024-01-29 16:07:56,445 [INFO] ImportTextPane:194 - (OptionalMessage_ERROR) Unable to find key (Mcu.PinsNb) in loaded IOC file
2024-01-29 16:07:56,445 [INFO] ImportTextPane:194 - (OptionalMessage_ERROR) Unable to find key (Mcu.IPNb) in loaded IOC file
2024-01-29 16:07:56,633 [INFO] RtosManager:555 - Registered RTOS mode: class=CMSIS, group=RTOS, mode=CMSIS_V1, owner=FREERTOS
2024-01-29 16:07:56,633 [INFO] RtosManager:555 - Registered RTOS mode: class=CMSIS, group=RTOS2, mode=CMSIS_V2, owner=FREERTOS
2024-01-29 16:07:56,633 [INFO] RtosManager:555 - Registered RTOS mode: class=RTOS, group=Core, mode=CMSIS_V1, owner=FREERTOS
2024-01-29 16:07:56,633 [INFO] RtosManager:555 - Registered RTOS mode: class=RTOS, group=Core, mode=CMSIS_V2, owner=FREERTOS
2024-01-29 16:07:56,634 [WARN] ModelIntegratedComponent:184 - Missing modes for component STMicroelectronics:FreeRTOS:0.0.1:STMicroelectronics:RTOS:FreeRTOS:Core:::10.2.0:
2024-01-29 16:07:56,665 [WARN] ModelIntegratedComponent:63 - No mode defined for component null
2024-01-29 16:07:56,665 [WARN] ModelIntegratedComponent:63 - No mode defined for component null
2024-01-29 16:07:56,665 [WARN] ModelIntegratedComponent:63 - No mode defined for component null
2024-01-29 16:07:56,665 [WARN] ModelIntegratedComponent:63 - No mode defined for component null
2024-01-29 16:07:56,665 [WARN] ModelIntegratedComponent:63 - No mode defined for component null
2024-01-29 16:07:56,665 [WARN] ModelIntegratedComponent:63 - No mode defined for component null
2024-01-29 16:07:56,665 [WARN] ModelIntegratedComponent:63 - No mode defined for component null
2024-01-29 16:07:56,666 [WARN] ModelIntegratedComponent:63 - No mode defined for component null
2024-01-29 16:07:56,666 [WARN] ModelIntegratedComponent:63 - No mode defined for component null
2024-01-29 16:07:56,666 [WARN] ModelIntegratedComponent:63 - No mode defined for component null
2024-01-29 16:07:56,666 [WARN] ModelIntegratedComponent:63 - No mode defined for component null
2024-01-29 16:07:56,666 [WARN] ModelIntegratedComponent:63 - No mode defined for component null
2024-01-29 16:07:56,666 [WARN] ModelIntegratedComponent:63 - No mode defined for component null
2024-01-29 16:07:56,666 [WARN] ModelIntegratedComponent:63 - No mode defined for component null
2024-01-29 16:07:56,666 [WARN] ModelIntegratedComponent:63 - No mode defined for component null
2024-01-29 16:07:56,666 [WARN] ModelIntegratedComponent:63 - No mode defined for component null
2024-01-29 16:07:56,667 [WARN] ModelIntegratedComponent:63 - No mode defined for component null
2024-01-29 16:07:56,667 [WARN] ModelIntegratedComponent:63 - No mode defined for component null
2024-01-29 16:07:56,667 [WARN] ModelIntegratedComponent:63 - No mode defined for component null
2024-01-29 16:07:56,667 [WARN] ModelIntegratedComponent:63 - No mode defined for component null
2024-01-29 16:07:56,667 [WARN] ModelIntegratedComponent:63 - No mode defined for component null
2024-01-29 16:07:56,667 [WARN] ModelIntegratedComponent:63 - No mode defined for component null
2024-01-29 16:07:56,667 [WARN] ModelIntegratedComponent:63 - No mode defined for component null
2024-01-29 16:07:56,667 [WARN] ModelIntegratedComponent:63 - No mode defined for component null
2024-01-29 16:07:56,667 [WARN] ModelIntegratedComponent:63 - No mode defined for component null
2024-01-29 16:07:56,667 [WARN] ModelIntegratedComponent:63 - No mode defined for component null
2024-01-29 16:07:56,667 [WARN] ModelIntegratedComponent:63 - No mode defined for component null
2024-01-29 16:07:56,669 [WARN] ModelIntegratedComponent:63 - No mode defined for component null
2024-01-29 16:07:56,669 [WARN] ModelIntegratedComponent:63 - No mode defined for component null
2024-01-29 16:07:56,669 [WARN] ModelIntegratedComponent:63 - No mode defined for component null
2024-01-29 16:07:56,669 [WARN] ModelIntegratedComponent:63 - No mode defined for component null
2024-01-29 16:07:56,669 [WARN] ModelIntegratedComponent:63 - No mode defined for component null
2024-01-29 16:07:56,669 [WARN] ModelIntegratedComponent:63 - No mode defined for component null
2024-01-29 16:07:56,955 [INFO] ThirdPartyModel:298 - Start build external matchings
2024-01-29 16:07:57,370 [INFO] ThirdPartyModel:316 - End build external matchings
2024-01-29 16:07:57,753 [INFO] UtilMem:75 - End LoadConfig() Used Memory: 398898672 Bytes (704643072)
2024-01-29 16:07:57,932 [INFO] MicroXplorer:468 - Change Database Path : 
2024-01-29 16:07:57,932 [INFO] MicroXplorer:498 - Change Database Version : DB.6.0.100
2024-01-29 16:07:57,933 [WARN] ThirdParty:833 - waiting for thirdparty lock release [change project]
2024-01-29 16:07:57,933 [INFO] ThirdParty:835 - entering critical section [change project]
2024-01-29 16:07:57,933 [INFO] ThirdParty:1030 - CMSIS Pack Vendor :STMicroelectronics USBPD 4.1
2024-01-29 16:07:57,933 [INFO] ThirdParty:1030 - CMSIS Pack Vendor :STMicroelectronics X-CUBE-GNSS1 6.0.0
2024-01-29 16:07:57,933 [INFO] ThirdParty:1030 - CMSIS Pack Vendor :STMicroelectronics USB_HOST 2.0.0
2024-01-29 16:07:57,933 [INFO] ThirdParty:1030 - CMSIS Pack Vendor :STMicroelectronics X-CUBE-AZRTOS-F4 1.1.0
2024-01-29 16:07:57,934 [INFO] ThirdParty:1030 - CMSIS Pack Vendor :STMicroelectronics LIBJPEG 8.0.0
2024-01-29 16:07:57,934 [INFO] ThirdParty:1030 - CMSIS Pack Vendor :STMicroelectronics X-CUBE-SMBUS 2.1.0
2024-01-29 16:07:57,934 [INFO] ThirdParty:1030 - CMSIS Pack Vendor :STMicroelectronics USB_DEVICE 3.0.0
2024-01-29 16:07:57,934 [INFO] ThirdParty:1030 - CMSIS Pack Vendor :STMicroelectronics X-CUBE-AZRTOS-WB 2.0.0
2024-01-29 16:07:57,934 [INFO] ThirdParty:1030 - CMSIS Pack Vendor :wolfSSL I-CUBE-wolfSSL 5.6.6
2024-01-29 16:07:57,934 [INFO] ThirdParty:1030 - CMSIS Pack Vendor :STMicroelectronics X-CUBE-TOUCHGFX 4.23.0
2024-01-29 16:07:57,934 [INFO] ThirdParty:1030 - CMSIS Pack Vendor :STMicroelectronics X-CUBE-AZRTOS-F7 1.1.0
2024-01-29 16:07:57,934 [INFO] ThirdParty:1030 - CMSIS Pack Vendor :STMicroelectronics X-CUBE-AZRTOS-L5 2.0.0
2024-01-29 16:07:57,934 [INFO] ThirdParty:1030 - CMSIS Pack Vendor :STMicroelectronics USB_DEVICE 2.0.0
2024-01-29 16:07:57,934 [INFO] ThirdParty:1030 - CMSIS Pack Vendor :ITTIA_DB I-CUBE-ITTIADB 8.8.0
2024-01-29 16:07:57,934 [INFO] ThirdParty:1030 - CMSIS Pack Vendor :STMicroelectronics FP-SNS-MOTENV1 4.3.2
2024-01-29 16:07:57,934 [INFO] ThirdParty:1030 - CMSIS Pack Vendor :STMicroelectronics X-CUBE-ALGOBUILD 1.3.0
2024-01-29 16:07:57,934 [INFO] ThirdParty:1030 - CMSIS Pack Vendor :STMicroelectronics FreeRTOS 0.0.1
2024-01-29 16:07:57,935 [INFO] ThirdParty:1030 - CMSIS Pack Vendor :STMicroelectronics X-CUBE-AZRTOS-G0 1.1.0
2024-01-29 16:07:57,935 [INFO] ThirdParty:1030 - CMSIS Pack Vendor :STMicroelectronics X-CUBE-NFC4 3.0.0
2024-01-29 16:07:57,935 [INFO] ThirdParty:1030 - CMSIS Pack Vendor :STMicroelectronics X-CUBE-SUBG2 5.0.0
2024-01-29 16:07:57,935 [INFO] ThirdParty:1030 - CMSIS Pack Vendor :STMicroelectronics STM32_WPAN 1.0.0
2024-01-29 16:07:57,935 [INFO] ThirdParty:1030 - CMSIS Pack Vendor :STMicroelectronics lwIP 2.0.3
2024-01-29 16:07:57,935 [INFO] ThirdParty:1030 - CMSIS Pack Vendor :STMicroelectronics FP-SNS-FLIGHT1 5.0.2
2024-01-29 16:07:57,935 [INFO] ThirdParty:1030 - CMSIS Pack Vendor :STMicroelectronics USB_HOST 1.0.0
2024-01-29 16:07:57,935 [INFO] ThirdParty:1030 - CMSIS Pack Vendor :STMicroelectronics X-CUBE-AZRTOS-G4 2.0.0
2024-01-29 16:07:57,935 [INFO] ThirdParty:1030 - CMSIS Pack Vendor :STMicroelectronics PDM2PCM 3.1.0
2024-01-29 16:07:57,935 [INFO] ThirdParty:1030 - CMSIS Pack Vendor :Infineon AIROC-Wi-Fi-Bluetooth-STM32 1.5.1
2024-01-29 16:07:57,935 [INFO] ThirdParty:1030 - CMSIS Pack Vendor :STMicroelectronics X-CUBE-BLEMGR 3.0.0
2024-01-29 16:07:57,935 [INFO] ThirdParty:1030 - CMSIS Pack Vendor :STMicroelectronics PDM2PCM 3.3.0
2024-01-29 16:07:57,935 [INFO] ThirdParty:1030 - CMSIS Pack Vendor :STMicroelectronics X-CUBE-DISPLAY 3.0.0
2024-01-29 16:07:57,935 [INFO] ThirdParty:1030 - CMSIS Pack Vendor :STMicroelectronics FP-SNS-MOTENVWB1 1.3.1
2024-01-29 16:07:57,936 [INFO] ThirdParty:1030 - CMSIS Pack Vendor :STMicroelectronics X-CUBE-BLE1 7.0.0
2024-01-29 16:07:57,936 [INFO] ThirdParty:1030 - CMSIS Pack Vendor :STMicroelectronics FP-ATR-SIGFOX1 3.2.0
2024-01-29 16:07:57,936 [INFO] ThirdParty:1030 - CMSIS Pack Vendor :STMicroelectronics X-CUBE-ISPU 2.0.0
2024-01-29 16:07:57,936 [INFO] ThirdParty:1030 - CMSIS Pack Vendor :STMicroelectronics X-CUBE-EEPRMA1 5.1.0
2024-01-29 16:07:57,936 [INFO] ThirdParty:1030 - CMSIS Pack Vendor :STMicroelectronics HAL Drivers 0.0.0
2024-01-29 16:07:57,936 [INFO] ThirdParty:1030 - CMSIS Pack Vendor :STMicroelectronics MBEDTLS 2.16.2
2024-01-29 16:07:57,936 [INFO] ThirdParty:1030 - CMSIS Pack Vendor :emotas I-CUBE-CANOPEN 1.3.0
2024-01-29 16:07:57,936 [INFO] ThirdParty:1030 - CMSIS Pack Vendor :STMicroelectronics X-CUBE-MEMS1 10.0.0
2024-01-29 16:07:57,936 [INFO] ThirdParty:1030 - CMSIS Pack Vendor :STMicroelectronics X-CUBE-FREERTOS 1.1.0
2024-01-29 16:07:57,936 [INFO] ThirdParty:1030 - CMSIS Pack Vendor :STMicroelectronics X-CUBE-NFC7 1.0.1
2024-01-29 16:07:57,936 [INFO] ThirdParty:1030 - CMSIS Pack Vendor :STMicroelectronics MBEDTLS 2.14.1
2024-01-29 16:07:57,936 [INFO] ThirdParty:1030 - CMSIS Pack Vendor :STMicroelectronics X-CUBE-NFC6 3.0.0
2024-01-29 16:07:57,936 [INFO] ThirdParty:1030 - CMSIS Pack Vendor :portGmbH I-Cube-SoM-uGOAL 1.1.0
2024-01-29 16:07:57,936 [INFO] ThirdParty:1030 - CMSIS Pack Vendor :STMicroelectronics X-CUBE-ALS 1.0.1
2024-01-29 16:07:57,936 [INFO] ThirdParty:1030 - CMSIS Pack Vendor :STMicroelectronics ThreadX 1.0.0
2024-01-29 16:07:57,936 [INFO] ThirdParty:1030 - CMSIS Pack Vendor :STMicroelectronics FP-SNS-SMARTAG2 1.2.0
2024-01-29 16:07:57,936 [INFO] ThirdParty:1030 - CMSIS Pack Vendor :STMicroelectronics X-CUBE-AZRTOS-WL 2.0.0
2024-01-29 16:07:57,936 [INFO] ThirdParty:1030 - CMSIS Pack Vendor :SEGGER I-CUBE-embOS 1.3.1
2024-01-29 16:07:57,936 [INFO] ThirdParty:1030 - CMSIS Pack Vendor :STMicroelectronics USB_DEVICE 1.0.0
2024-01-29 16:07:57,936 [INFO] ThirdParty:1030 - CMSIS Pack Vendor :STMicroelectronics X-CUBE-AI 8.1.0
2024-01-29 16:07:57,938 [INFO] ThirdParty:1030 - CMSIS Pack Vendor :STMicroelectronics X-CUBE-AZRTOS-L4 2.0.0
2024-01-29 16:07:57,938 [INFO] ThirdParty:1030 - CMSIS Pack Vendor :STMicroelectronics ThreadX 0.0.2
2024-01-29 16:07:57,938 [INFO] ThirdParty:1030 - CMSIS Pack Vendor :WES I-CUBE-Cesium 1.3.0
2024-01-29 16:07:57,938 [INFO] ThirdParty:1030 - CMSIS Pack Vendor :STMicroelectronics FP-ATR-ASTRA1 2.0.0
2024-01-29 16:07:57,938 [INFO] ThirdParty:1030 - CMSIS Pack Vendor :STMicroelectronics lwIP 2.1.2
2024-01-29 16:07:57,938 [INFO] ThirdParty:1030 - CMSIS Pack Vendor :STMicroelectronics X-CUBE-SFXS2LP1 4.0.0
2024-01-29 16:07:57,938 [INFO] ThirdParty:1030 - CMSIS Pack Vendor :STMicroelectronics X-CUBE-BLE2 3.3.0
2024-01-29 16:07:57,938 [INFO] ThirdParty:1030 - CMSIS Pack Vendor :STMicroelectronics X-CUBE-TOF1 3.4.0
2024-01-29 16:07:57,938 [INFO] ThirdParty:1030 - CMSIS Pack Vendor :STMicroelectronics X-CUBE-AZRTOS-H7 3.2.0
2024-01-29 16:07:57,938 [INFO] ThirdParty:1030 - CMSIS Pack Vendor :STMicroelectronics PDM2PCM 3.2.0
2024-01-29 16:07:57,938 [INFO] ThirdParty:841 - exiting critical section [change project]
2024-01-29 16:07:58,479 [INFO] PinOutPanel:1499 - setPackage(No Configuration,No Configuration)
2024-01-29 16:07:58,481 [INFO] PinOutPanel:1499 - setPackage(STM32F103C8Tx,LQFP48)
2024-01-29 16:07:59,792 [INFO] UtilMem:75 - Before build in PCC Used Memory: 307816680 Bytes (704643072)
2024-01-29 16:08:02,360 [INFO] UtilMem:75 - After build in PCC Used Memory: 496404400 Bytes (704643072)
2024-01-29 16:08:02,408 [INFO] IPUIPlugin:80 - create IPUIPlugin
2024-01-29 16:08:02,408 [INFO] IPUIPlugin:80 - create IPUIPlugin
2024-01-29 16:08:02,408 [INFO] IPUIPlugin:80 - create IPUIPlugin
2024-01-29 16:08:02,408 [INFO] IPUIPlugin:80 - create IPUIPlugin
2024-01-29 16:08:02,408 [INFO] IPUIPlugin:80 - create IPUIPlugin
2024-01-29 16:08:02,409 [INFO] IPUIPlugin:80 - create IPUIPlugin
2024-01-29 16:08:02,409 [INFO] IPUIPlugin:80 - create IPUIPlugin
2024-01-29 16:08:02,409 [INFO] IPUIPlugin:80 - create IPUIPlugin
2024-01-29 16:08:02,409 [INFO] IPUIPlugin:80 - create IPUIPlugin
2024-01-29 16:08:02,410 [INFO] IPUIPlugin:80 - create IPUIPlugin
2024-01-29 16:08:02,410 [INFO] IPUIPlugin:80 - create IPUIPlugin
2024-01-29 16:08:02,410 [INFO] IPUIPlugin:80 - create IPUIPlugin
2024-01-29 16:08:02,410 [INFO] IPUIPlugin:80 - create IPUIPlugin
2024-01-29 16:08:02,410 [INFO] IPUIPlugin:80 - create IPUIPlugin
2024-01-29 16:08:02,410 [INFO] IPUIPlugin:80 - create IPUIPlugin
2024-01-29 16:08:02,410 [INFO] IPUIPlugin:80 - create IPUIPlugin
2024-01-29 16:08:02,411 [INFO] IPUIPlugin:80 - create IPUIPlugin
2024-01-29 16:08:02,411 [INFO] IPUIPlugin:80 - create IPUIPlugin
2024-01-29 16:08:02,411 [INFO] IPUIPlugin:80 - create IPUIPlugin
2024-01-29 16:08:02,411 [INFO] IPUIPlugin:80 - create IPUIPlugin
2024-01-29 16:08:02,412 [INFO] IPUIPlugin:80 - create IPUIPlugin
2024-01-29 16:08:02,412 [INFO] IPUIPlugin:80 - create IPUIPlugin
2024-01-29 16:08:02,412 [INFO] IPUIPlugin:80 - create IPUIPlugin
2024-01-29 16:08:02,412 [INFO] IPUIPlugin:80 - create IPUIPlugin
2024-01-29 16:08:02,412 [INFO] IPUIPlugin:80 - create IPUIPlugin
2024-01-29 16:08:02,413 [INFO] IPUIPlugin:80 - create IPUIPlugin
2024-01-29 16:08:02,414 [INFO] IPUIPlugin:80 - create IPUIPlugin
2024-01-29 16:08:03,001 [INFO] CADModel:165 - CPN selected for project levelSTM32F103C8T6
2024-01-29 16:08:03,001 [INFO] CADModel:114 - Register for checkConnection events
2024-01-29 16:08:03,085 [INFO] OpenFileManager:343 - Restore cursor
2024-01-29 16:08:04,584 [INFO] UtilMem:75 - End SaveConfig() Used Memory: 357497304 Bytes (704643072)
2024-01-29 16:09:40,183 [INFO] McuFinderGlobals:76 - Set McuFinderConnectedMode to true
2024-01-29 16:09:40,188 [INFO] ApiDb:448 - Save user favorites file C:\Users\Maydoum/.stm32cubeide/favorites.mcus.txt: 0 item(s)
2024-01-29 16:09:40,188 [INFO] ApiDb:452 - User favorites MCUs=[]
2024-01-29 16:09:55,192 [ERROR] LogOutputStream:75 - [STDERR_REDIRECT] 
2024-01-29 16:32:05,361 [INFO] Activator:176 - 


2024-01-29 16:32:05,372 [INFO] Activator:177 - !SESSION log4j initialized
2024-01-29 16:32:10,608 [INFO] LogOutputStream:77 - [STDOUT_REDIRECT] 
2024-01-29 16:32:23,842 [INFO] ApplicationProperties:184 - Using Application install path: C:\ST\STM32CubeIDE_1.14.1\STM32CubeIDE\plugins\com.st.stm32cube.common.mx_6.10.0.202311202037
2024-01-29 16:32:23,859 [INFO] DbMcusXml:78 - Set database path to: C:\ST\STM32CubeIDE_1.14.1\STM32CubeIDE\plugins\com.st.stm32cube.common.mx_6.10.0.202311202037\\db\/mcu/
2024-01-29 16:32:23,860 [INFO] ApiDb:274 - Set plugin database path to: C:\ST\STM32CubeIDE_1.14.1\STM32CubeIDE\plugins\com.st.stm32cube.common.mx_6.10.0.202311202037\\db\/plugins/boardmanager/
2024-01-29 16:32:23,860 [WARN] ApiDb:259 - Overriding images path with different value:  => C:\ST\STM32CubeIDE_1.14.1\STM32CubeIDE\plugins\com.st.stm32cube.common.mx_6.10.0.202311202037\\db\/plugins/mcufinder/images/
2024-01-29 16:32:23,869 [INFO] ApiDb:250 - Set database path to: C:\Users\Maydoum\.stmcufinder\plugins\mcufinder//mcu/
2024-01-29 16:32:23,871 [INFO] DbMcusAds:125 - Set database path to: C:\Users\Maydoum\.stmcufinder\plugins\mcufinder//mcu/
2024-01-29 16:32:23,893 [INFO] CrossReferenceDbSqlite:203 - Set database path to: C:\Users\Maydoum\.stmcufinder\plugins\mcufinder//mcu/cs/
2024-01-29 16:32:24,046 [INFO] RulesReader:64 - Compatibility file has been processed (297 Rules)
2024-01-29 16:32:24,180 [INFO] DbMcusXml:78 - Set database path to: C:\ST\STM32CubeIDE_1.14.1\STM32CubeIDE\plugins\com.st.stm32cube.common.mx_6.10.0.202311202037\\db\/mcu/
2024-01-29 16:32:24,180 [INFO] ApiDb:274 - Set plugin database path to: C:\ST\STM32CubeIDE_1.14.1\STM32CubeIDE\plugins\com.st.stm32cube.common.mx_6.10.0.202311202037\\db\/plugins/boardmanager/
2024-01-29 16:32:24,180 [INFO] ApiDb:261 - Set plugin images path to: C:\ST\STM32CubeIDE_1.14.1\STM32CubeIDE\plugins\com.st.stm32cube.common.mx_6.10.0.202311202037\\db\/plugins/mcufinder/images/
2024-01-29 16:32:24,181 [WARN] DbFile:41 - Overriding database path with different value: C:\Users\Maydoum\.stmcufinder\plugins\mcufinder/ => C:\Users\Maydoum\.stmcufinder\plugins\mcufinder
2024-01-29 16:32:24,181 [INFO] ApiDb:250 - Set database path to: C:\Users\Maydoum\.stmcufinder\plugins\mcufinder//mcu/
2024-01-29 16:32:24,181 [WARN] DbFile:41 - Overriding database path with different value: C:\Users\Maydoum\.stmcufinder\plugins\mcufinder/ => C:\Users\Maydoum\.stmcufinder\plugins\mcufinder
2024-01-29 16:32:24,181 [INFO] DbMcusAds:125 - Set database path to: C:\Users\Maydoum\.stmcufinder\plugins\mcufinder//mcu/
2024-01-29 16:32:24,181 [WARN] DbFile:41 - Overriding database path with different value: C:\Users\Maydoum\.stmcufinder\plugins\mcufinder/ => C:\Users\Maydoum\.stmcufinder\plugins\mcufinder
2024-01-29 16:32:24,181 [WARN] DbFile:41 - Overriding database path with different value: C:\Users\Maydoum\.stmcufinder\plugins\mcufinder/ => C:\Users\Maydoum\.stmcufinder\plugins\mcufinder
2024-01-29 16:32:24,182 [INFO] CrossReferenceDbSqlite:203 - Set database path to: C:\Users\Maydoum\.stmcufinder\plugins\mcufinder//mcu/cs/
2024-01-29 16:32:24,353 [INFO] MainPanel:264 - HeapMemory: 268435456
2024-01-29 16:32:24,435 [INFO] DbMcusXml:78 - Set database path to: C:\ST\STM32CubeIDE_1.14.1\STM32CubeIDE\plugins\com.st.stm32cube.common.mx_6.10.0.202311202037\\db\/mcu/
2024-01-29 16:32:24,435 [INFO] ApiDb:274 - Set plugin database path to: C:\ST\STM32CubeIDE_1.14.1\STM32CubeIDE\plugins\com.st.stm32cube.common.mx_6.10.0.202311202037\\db\/plugins/boardmanager/
2024-01-29 16:32:24,436 [INFO] ApiDb:261 - Set plugin images path to: C:\ST\STM32CubeIDE_1.14.1\STM32CubeIDE\plugins\com.st.stm32cube.common.mx_6.10.0.202311202037\\db\/plugins/mcufinder/images/
2024-01-29 16:32:24,436 [WARN] DbFile:41 - Overriding database path with different value: C:\Users\Maydoum\.stmcufinder\plugins\mcufinder/ => C:\Users\Maydoum\.stmcufinder\plugins\mcufinder
2024-01-29 16:32:24,436 [INFO] ApiDb:250 - Set database path to: C:\Users\Maydoum\.stmcufinder\plugins\mcufinder//mcu/
2024-01-29 16:32:24,436 [WARN] DbFile:41 - Overriding database path with different value: C:\Users\Maydoum\.stmcufinder\plugins\mcufinder/ => C:\Users\Maydoum\.stmcufinder\plugins\mcufinder
2024-01-29 16:32:24,436 [INFO] DbMcusAds:125 - Set database path to: C:\Users\Maydoum\.stmcufinder\plugins\mcufinder//mcu/
2024-01-29 16:32:24,436 [WARN] DbFile:41 - Overriding database path with different value: C:\Users\Maydoum\.stmcufinder\plugins\mcufinder/ => C:\Users\Maydoum\.stmcufinder\plugins\mcufinder
2024-01-29 16:32:24,436 [WARN] DbFile:41 - Overriding database path with different value: C:\Users\Maydoum\.stmcufinder\plugins\mcufinder/ => C:\Users\Maydoum\.stmcufinder\plugins\mcufinder
2024-01-29 16:32:24,437 [INFO] CrossReferenceDbSqlite:203 - Set database path to: C:\Users\Maydoum\.stmcufinder\plugins\mcufinder//mcu/cs/
2024-01-29 16:32:24,456 [INFO] ApplicationProperties:184 - Using Application install path: C:\ST\STM32CubeIDE_1.14.1\STM32CubeIDE\plugins\com.st.stm32cube.common.mx_6.10.0.202311202037
2024-01-29 16:32:24,459 [INFO] PluginManage:196 - Search for loadable plugins [exclusion list=, ]
2024-01-29 16:32:24,460 [INFO] PluginManage:310 - Check plugin analytics
2024-01-29 16:32:24,745 [INFO] AnalyticsPlugin:253 - Accepted Software Licenses: 
2024-01-29 16:32:24,745 [INFO] AnalyticsPlugin:255 - Accepted CMSIS Pack Licenses: 
2024-01-29 16:32:24,746 [INFO] AnalyticsPlugin:257 - Accepted Firmware Licenses: 
2024-01-29 16:32:24,754 [INFO] PluginManage:359 - Loaded plugin analytics (category:tool,tabindex:-1)
2024-01-29 16:32:24,755 [INFO] PluginManage:310 - Check plugin cadmodel
2024-01-29 16:32:24,767 [INFO] CADModel:105 - Init CAD model plugin
2024-01-29 16:32:24,767 [INFO] PluginManage:359 - Loaded plugin cadmodel (category:power,tabindex:5)
2024-01-29 16:32:24,768 [INFO] PluginManage:310 - Check plugin clock
2024-01-29 16:32:24,788 [INFO] PluginManage:359 - Loaded plugin clock (category:base,tabindex:2)
2024-01-29 16:32:24,788 [INFO] PluginManage:310 - Check plugin ddr
2024-01-29 16:32:24,790 [INFO] PluginManage:359 - Loaded plugin ddr (category:tool,tabindex:6)
2024-01-29 16:32:24,790 [INFO] PluginManage:310 - Check plugin filemanager
2024-01-29 16:32:24,986 [INFO] PluginManage:359 - Loaded plugin filemanager (category:base,tabindex:10)
2024-01-29 16:32:24,986 [INFO] PluginManage:310 - Check plugin ipmanager
2024-01-29 16:32:25,009 [INFO] PluginManage:359 - Loaded plugin ipmanager (category:base,tabindex:5)
2024-01-29 16:32:25,009 [INFO] PluginManage:310 - Check plugin lpbam
2024-01-29 16:32:25,022 [INFO] PluginManage:359 - Loaded plugin lpbam (category:base,tabindex:0)
2024-01-29 16:32:25,022 [INFO] PluginManage:310 - Check plugin memorymap
2024-01-29 16:32:25,038 [INFO] PluginManage:359 - Loaded plugin memorymap (category:base,tabindex:4)
2024-01-29 16:32:25,038 [INFO] PluginManage:310 - Check plugin pinoutandconfiguration
2024-01-29 16:32:25,053 [INFO] PluginManage:359 - Loaded plugin pinoutandconfiguration (category:base,tabindex:1)
2024-01-29 16:32:25,054 [INFO] PluginManage:310 - Check plugin pinoutconfig
2024-01-29 16:32:25,185 [WARN] SupportedApi:132 - Cannot load RTOS API schema: s4s-elt-must-match.1: The content of 'definitions' must match (annotation?, (simpleType | complexType)?, (unique | key | keyref)*)). A problem was found starting at: attribute.
2024-01-29 16:32:25,349 [INFO] PluginManage:359 - Loaded plugin pinoutconfig (category:base,tabindex:0)
2024-01-29 16:32:25,349 [INFO] PluginManage:310 - Check plugin power
2024-01-29 16:32:25,356 [INFO] PluginManage:359 - Loaded plugin power (category:power,tabindex:4)
2024-01-29 16:32:25,356 [INFO] PluginManage:310 - Check plugin projectmanager
2024-01-29 16:32:25,370 [INFO] PluginManage:359 - Loaded plugin projectmanager (category:projectmanager,tabindex:3)
2024-01-29 16:32:25,370 [INFO] PluginManage:310 - Check plugin thirdparty
2024-01-29 16:32:25,532 [WARN] IntegrityCheckThread:84 - waiting for thirdparty lock release [integrity check]
2024-01-29 16:32:25,533 [INFO] IntegrityCheckThread:86 - entering critical section [integrity check]
2024-01-29 16:32:25,534 [INFO] ThirdPartyUpdaterWithRetryManager:70 - Updater plugin not ready yet. [1/15]
2024-01-29 16:32:25,535 [INFO] PluginManage:359 - Loaded plugin thirdparty (category:base,tabindex:-1)
2024-01-29 16:32:25,535 [INFO] PluginManage:310 - Check plugin tools
2024-01-29 16:32:25,537 [INFO] PluginManage:359 - Loaded plugin tools (category:base,tabindex:7)
2024-01-29 16:32:25,537 [INFO] PluginManage:310 - Check plugin tutovideos
2024-01-29 16:32:25,684 [INFO] PluginManage:359 - Loaded plugin tutovideos (category:base,tabindex:-1)
2024-01-29 16:32:25,684 [INFO] PluginManage:310 - Check plugin updater
2024-01-29 16:32:25,694 [INFO] PluginManage:359 - Loaded plugin updater (category:base,tabindex:12)
2024-01-29 16:32:25,694 [INFO] PluginManage:310 - Check plugin userauth
2024-01-29 16:32:25,699 [INFO] UserAuth:114 - Init User Auth plugin
2024-01-29 16:32:25,699 [INFO] PluginManage:359 - Loaded plugin userauth (category:base,tabindex:14)
2024-01-29 16:32:25,699 [INFO] PluginManage:283 - PluginManage : Loaded plugins [17]
2024-01-29 16:32:25,893 [INFO] PinOutPanel:1499 - setPackage(No Configuration,No Configuration)
2024-01-29 16:32:25,967 [INFO] CADModel:165 - CPN selected for project level
2024-01-29 16:32:25,968 [INFO] CADModel:114 - Register for checkConnection events
2024-01-29 16:32:25,982 [INFO] IPUIPlugin:80 - create IPUIPlugin
2024-01-29 16:32:25,982 [INFO] PluginManager:220 - loadIPPluginJar : add adc
2024-01-29 16:32:25,984 [INFO] IPUIPlugin:80 - create IPUIPlugin
2024-01-29 16:32:25,984 [INFO] PluginManager:220 - loadIPPluginJar : add aes
2024-01-29 16:32:25,986 [INFO] IPUIPlugin:80 - create IPUIPlugin
2024-01-29 16:32:25,986 [INFO] PluginManager:220 - loadIPPluginJar : add can
2024-01-29 16:32:25,988 [INFO] IPUIPlugin:80 - create IPUIPlugin
2024-01-29 16:32:25,988 [INFO] PluginManager:220 - loadIPPluginJar : add comp
2024-01-29 16:32:25,990 [INFO] IPUIPlugin:80 - create IPUIPlugin
2024-01-29 16:32:25,990 [INFO] PluginManager:220 - loadIPPluginJar : add cryp
2024-01-29 16:32:25,991 [INFO] IPUIPlugin:80 - create IPUIPlugin
2024-01-29 16:32:25,992 [INFO] PluginManager:220 - loadIPPluginJar : add dfsdm
2024-01-29 16:32:25,996 [INFO] IPUIPlugin:80 - create IPUIPlugin
2024-01-29 16:32:25,996 [INFO] PluginManager:220 - loadIPPluginJar : add dma
2024-01-29 16:32:25,998 [INFO] IPUIPlugin:80 - create IPUIPlugin
2024-01-29 16:32:25,998 [INFO] PluginManager:220 - loadIPPluginJar : add dma3
2024-01-29 16:32:25,999 [INFO] IPUIPlugin:80 - create IPUIPlugin
2024-01-29 16:32:25,999 [INFO] PluginManager:220 - loadIPPluginJar : add fatfs
2024-01-29 16:32:26,002 [INFO] IPUIPlugin:80 - create IPUIPlugin
2024-01-29 16:32:26,002 [INFO] PluginManager:220 - loadIPPluginJar : add fmc
2024-01-29 16:32:26,006 [INFO] IPUIPlugin:80 - create IPUIPlugin
2024-01-29 16:32:26,006 [INFO] PluginManager:220 - loadIPPluginJar : add freertos
2024-01-29 16:32:26,008 [INFO] IPUIPlugin:80 - create IPUIPlugin
2024-01-29 16:32:26,008 [INFO] PluginManager:220 - loadIPPluginJar : add genericplugin
2024-01-29 16:32:26,010 [INFO] IPUIPlugin:80 - create IPUIPlugin
2024-01-29 16:32:26,010 [INFO] PluginManager:220 - loadIPPluginJar : add gfxmmu
2024-01-29 16:32:26,014 [INFO] IPUIPlugin:80 - create IPUIPlugin
2024-01-29 16:32:26,014 [INFO] PluginManager:220 - loadIPPluginJar : add gic
2024-01-29 16:32:26,018 [INFO] IPUIPlugin:80 - create IPUIPlugin
2024-01-29 16:32:26,018 [INFO] PluginManager:220 - loadIPPluginJar : add gpio
2024-01-29 16:32:26,021 [INFO] IPUIPlugin:80 - create IPUIPlugin
2024-01-29 16:32:26,021 [INFO] PluginManager:220 - loadIPPluginJar : add gtzc
2024-01-29 16:32:26,023 [INFO] IPUIPlugin:80 - create IPUIPlugin
2024-01-29 16:32:26,023 [INFO] PluginManager:220 - loadIPPluginJar : add hash
2024-01-29 16:32:26,026 [INFO] IPUIPlugin:80 - create IPUIPlugin
2024-01-29 16:32:26,026 [INFO] PluginManager:220 - loadIPPluginJar : add i2c
2024-01-29 16:32:26,028 [INFO] IPUIPlugin:80 - create IPUIPlugin
2024-01-29 16:32:26,028 [INFO] PluginManager:220 - loadIPPluginJar : add i2s
2024-01-29 16:32:26,030 [INFO] IPUIPlugin:80 - create IPUIPlugin
2024-01-29 16:32:26,030 [INFO] PluginManager:220 - loadIPPluginJar : add i3c
2024-01-29 16:32:26,032 [INFO] IPUIPlugin:80 - create IPUIPlugin
2024-01-29 16:32:26,033 [INFO] PluginManager:220 - loadIPPluginJar : add ipddr
2024-01-29 16:32:26,039 [INFO] IPUIPlugin:80 - create IPUIPlugin
2024-01-29 16:32:26,039 [INFO] PluginManager:220 - loadIPPluginJar : add linkedlist
2024-01-29 16:32:26,041 [INFO] IPUIPlugin:80 - create IPUIPlugin
2024-01-29 16:32:26,041 [INFO] PluginManager:220 - loadIPPluginJar : add lorawan
2024-01-29 16:32:26,044 [INFO] IPUIPlugin:80 - create IPUIPlugin
2024-01-29 16:32:26,044 [INFO] PluginManager:220 - loadIPPluginJar : add ltdc
2024-01-29 16:32:26,050 [INFO] IPUIPlugin:80 - create IPUIPlugin
2024-01-29 16:32:26,050 [INFO] PluginManager:220 - loadIPPluginJar : add mdma
2024-01-29 16:32:26,056 [INFO] IPUIPlugin:80 - create IPUIPlugin
2024-01-29 16:32:26,056 [INFO] PluginManager:220 - loadIPPluginJar : add nvic
2024-01-29 16:32:26,059 [INFO] IPUIPlugin:80 - create IPUIPlugin
2024-01-29 16:32:26,059 [INFO] PluginManager:220 - loadIPPluginJar : add opamp
2024-01-29 16:32:26,062 [INFO] IPUIPlugin:80 - create IPUIPlugin
2024-01-29 16:32:26,062 [INFO] PluginManager:220 - loadIPPluginJar : add openamp
2024-01-29 16:32:26,065 [INFO] IPUIPlugin:80 - create IPUIPlugin
2024-01-29 16:32:26,065 [INFO] PluginManager:220 - loadIPPluginJar : add pdm2pcm
2024-01-29 16:32:26,071 [INFO] IPUIPlugin:80 - create IPUIPlugin
2024-01-29 16:32:26,074 [INFO] PluginManager:220 - loadIPPluginJar : add plateformsettings
2024-01-29 16:32:26,075 [INFO] IPUIPlugin:80 - create IPUIPlugin
2024-01-29 16:32:26,075 [INFO] PluginManager:220 - loadIPPluginJar : add quadspi
2024-01-29 16:32:26,077 [INFO] IPUIPlugin:80 - create IPUIPlugin
2024-01-29 16:32:26,077 [INFO] PluginManager:220 - loadIPPluginJar : add resmgrutility
2024-01-29 16:32:26,080 [INFO] IPUIPlugin:80 - create IPUIPlugin
2024-01-29 16:32:26,080 [INFO] PluginManager:220 - loadIPPluginJar : add sai
2024-01-29 16:32:26,081 [INFO] IPUIPlugin:80 - create IPUIPlugin
2024-01-29 16:32:26,081 [INFO] PluginManager:220 - loadIPPluginJar : add spi
2024-01-29 16:32:26,085 [INFO] IPUIPlugin:80 - create IPUIPlugin
2024-01-29 16:32:26,085 [INFO] PluginManager:220 - loadIPPluginJar : add stm32_wpan
2024-01-29 16:32:26,087 [INFO] IPUIPlugin:80 - create IPUIPlugin
2024-01-29 16:32:26,087 [INFO] PluginManager:220 - loadIPPluginJar : add tim
2024-01-29 16:32:26,089 [INFO] IPUIPlugin:80 - create IPUIPlugin
2024-01-29 16:32:26,089 [INFO] PluginManager:220 - loadIPPluginJar : add touchsensing
2024-01-29 16:32:26,093 [INFO] IPUIPlugin:80 - create IPUIPlugin
2024-01-29 16:32:26,093 [INFO] PluginManager:220 - loadIPPluginJar : add tracer_emb
2024-01-29 16:32:26,095 [INFO] IPUIPlugin:80 - create IPUIPlugin
2024-01-29 16:32:26,095 [INFO] PluginManager:220 - loadIPPluginJar : add ts
2024-01-29 16:32:26,096 [INFO] IPUIPlugin:80 - create IPUIPlugin
2024-01-29 16:32:26,096 [INFO] PluginManager:220 - loadIPPluginJar : add tsc
2024-01-29 16:32:26,099 [INFO] IPUIPlugin:80 - create IPUIPlugin
2024-01-29 16:32:26,099 [INFO] PluginManager:220 - loadIPPluginJar : add ucpd
2024-01-29 16:32:26,102 [INFO] IPUIPlugin:80 - create IPUIPlugin
2024-01-29 16:32:26,102 [INFO] PluginManager:220 - loadIPPluginJar : add usart
2024-01-29 16:32:26,104 [INFO] IPUIPlugin:80 - create IPUIPlugin
2024-01-29 16:32:26,104 [INFO] PluginManager:220 - loadIPPluginJar : add usbx
2024-01-29 16:32:26,245 [INFO] CADModel:165 - CPN selected for project level
2024-01-29 16:32:26,246 [INFO] CADModel:114 - Register for checkConnection events
2024-01-29 16:32:26,247 [FATAL] Updater:308 - Updater called before beeing initialized
2024-01-29 16:32:26,247 [ERROR] CADModel:125 - Updater not yet initialized, retry later 
2024-01-29 16:32:26,455 [INFO] CADModel:165 - CPN selected for project level
2024-01-29 16:32:26,455 [INFO] CADModel:114 - Register for checkConnection events
2024-01-29 16:32:26,455 [FATAL] Updater:308 - Updater called before beeing initialized
2024-01-29 16:32:26,456 [ERROR] CADModel:125 - Updater not yet initialized, retry later 
2024-01-29 16:32:26,458 [FATAL] Updater:308 - Updater called before beeing initialized
2024-01-29 16:32:26,591 [FATAL] Updater:308 - Updater called before beeing initialized
2024-01-29 16:32:26,607 [INFO] DbMcusAds:53 - JSON generation date=Wed Nov 29 12:52:27 EET 2023 (1701255147200)
2024-01-29 16:32:26,608 [FATAL] Updater:308 - Updater called before beeing initialized
2024-01-29 16:32:26,653 [WARN] DetailPanel:346 - Failed to get advertising image, set to default
2024-01-29 16:32:26,786 [FATAL] Updater:308 - Updater called before beeing initialized
2024-01-29 16:32:26,788 [FATAL] Updater:308 - Updater called before beeing initialized
2024-01-29 16:32:26,788 [FATAL] Updater:308 - Updater called before beeing initialized
2024-01-29 16:32:26,789 [WARN] DetailPanel:346 - Failed to get advertising image, set to default
2024-01-29 16:32:26,789 [FATAL] Updater:308 - Updater called before beeing initialized
2024-01-29 16:32:26,847 [ERROR] Updater:1120 - MainUpdater not yet initialized. External WinMGr cannot be set.
2024-01-29 16:32:26,849 [INFO] Updater:1056 - Updater Version found : 6.10.0
2024-01-29 16:32:26,863 [INFO] ApplicationProperties:184 - Using Application install path: C:\ST\STM32CubeIDE_1.14.1\STM32CubeIDE\plugins\com.st.stm32cube.common.mx_6.10.0.202311202037
2024-01-29 16:32:28,440 [ERROR] LogOutputStream:75 - [STDERR_REDIRECT] Jan 29, 2024 4:32:28 PM java.util.prefs.WindowsPreferences <init>
2024-01-29 16:32:28,442 [ERROR] LogOutputStream:75 - [STDERR_REDIRECT] WARNING: Could not open/create prefs root node Software\JavaSoft\Prefs at root 0xffffffff80000002. Windows RegCreateKeyEx(...) returned error code 5.
2024-01-29 16:32:28,443 [ERROR] LogOutputStream:75 - [STDERR_REDIRECT] 
2024-01-29 16:32:28,537 [INFO] ThirdPartyUpdaterWithRetryManager:70 - Updater plugin not ready yet. [2/15]
2024-01-29 16:32:29,006 [INFO] MainUpdater:2873 - connection check result : 10
2024-01-29 16:32:29,008 [INFO] MainUpdater:290 - Updater Check For Update Now.
2024-01-29 16:32:29,008 [INFO] MicroXplorer:498 - Change Database Version : DB.6.0.100
2024-01-29 16:32:29,018 [INFO] McuFinderGlobals:63 - Set McuFinder mode to 2 (CubeIDE integrated)
2024-01-29 16:32:29,018 [INFO] UserAuth:180 - activating auth plugin
2024-01-29 16:32:29,022 [INFO] UserAuth:404 - Internet connection configuration mode: 1
2024-01-29 16:32:29,070 [INFO] JxBrowserEngine:152 - Initiate JxBrowser Engine with user profile folder
2024-01-29 16:32:29,225 [INFO] CheckServerUpdateThread:120 - End of CheckServer Thread
2024-01-29 16:32:29,907 [INFO] WebApp:161 - Instantiating new browser for Auth
2024-01-29 16:32:30,602 [INFO] WebApp:780 - Register for checkConnection events
2024-01-29 16:32:30,602 [INFO] WebApp:414 - Apply proxy settings
2024-01-29 16:32:30,603 [INFO] WebApp:499 - Chromium requires no authentication
2024-01-29 16:32:30,611 [INFO] WebApp:442 - Direct internet connection detected
2024-01-29 16:32:30,794 [INFO] WebApp:192 - Starting web application
2024-01-29 16:32:30,794 [INFO] WebApp:544 - Web application path used C:\ST\STM32CubeIDE_1.14.1\STM32CubeIDE\plugins\com.st.stm32cube.common.mx_6.10.0.202311202037\db\plugins\mcufinder\reactClient1\index.html
2024-01-29 16:32:31,799 [WARN] PackLoader:240 - Cannot read IP mode file for STMicroelectronics.X-CUBE-SMBUS.2.1.0
2024-01-29 16:32:31,806 [WARN] PackLoader:240 - Cannot read IP mode file for STMicroelectronics.X-CUBE-TOUCHGFX.4.23.0
2024-01-29 16:32:31,846 [WARN] PackLoader:240 - Cannot read IP mode file for STMicroelectronics.X-CUBE-AZRTOS-F7.1.1.0
2024-01-29 16:32:31,871 [WARN] PackLoader:240 - Cannot read IP mode file for STMicroelectronics.FP-SNS-MOTENV1.4.3.2
2024-01-29 16:32:31,882 [WARN] PackLoader:240 - Cannot read IP mode file for STMicroelectronics.FP-SNS-FLIGHT1.5.0.2
2024-01-29 16:32:31,900 [WARN] PackLoader:240 - Cannot read IP mode file for STMicroelectronics.X-CUBE-DISPLAY.3.0.0
2024-01-29 16:32:31,937 [WARN] PackLoader:240 - Cannot read IP mode file for STMicroelectronics.X-CUBE-BLE1.7.0.0
2024-01-29 16:32:31,945 [WARN] PackLoader:240 - Cannot read IP mode file for emotas.I-CUBE-CANOPEN.1.3.0
2024-01-29 16:32:31,956 [WARN] PackLoader:240 - Cannot read IP mode file for STMicroelectronics.FP-SNS-SMARTAG2.1.2.0
2024-01-29 16:32:31,981 [INFO] LogOutputStream:77 - [STDOUT_REDIRECT] 1 : Invalid condition id : UX_CORESTACK_Condition cause : null
2024-01-29 16:32:31,982 [INFO] LogOutputStream:77 - [STDOUT_REDIRECT] 1 : Invalid condition id : UX_CORESTACK_Condition cause : null
2024-01-29 16:32:31,987 [INFO] LogOutputStream:77 - [STDOUT_REDIRECT] 1 : Invalid condition id : UX_CORESTACK_Condition cause : null
2024-01-29 16:32:31,989 [INFO] LogOutputStream:77 - [STDOUT_REDIRECT] 1 : Invalid condition id : UX_CORESTACK_Condition cause : null
2024-01-29 16:32:31,992 [INFO] LogOutputStream:77 - [STDOUT_REDIRECT] 1 : Invalid condition id : UX_CORESTACK_Condition cause : null
2024-01-29 16:32:32,001 [WARN] PackLoader:240 - Cannot read IP mode file for STMicroelectronics.X-CUBE-AZRTOS-WL.2.0.0
2024-01-29 16:32:32,018 [WARN] PackLoader:240 - Cannot read IP mode file for WES.I-CUBE-Cesium.1.3.0
2024-01-29 16:32:32,027 [WARN] PackLoader:240 - Cannot read IP mode file for STMicroelectronics.X-CUBE-BLE2.3.3.0
2024-01-29 16:32:32,037 [WARN] PackLoader:240 - Cannot read IP mode file for STMicroelectronics.X-CUBE-ALGOBUILD.1.3.0
2024-01-29 16:32:32,071 [WARN] PackLoader:240 - Cannot read IP mode file for STMicroelectronics.X-CUBE-AZRTOS-G0.1.1.0
2024-01-29 16:32:32,081 [WARN] PackLoader:240 - Cannot read IP mode file for STMicroelectronics.X-CUBE-NFC4.3.0.0
2024-01-29 16:32:32,094 [WARN] PackLoader:240 - Cannot read IP mode file for STMicroelectronics.X-CUBE-BLEMGR.3.0.0
2024-01-29 16:32:32,101 [WARN] PackLoader:240 - Cannot read IP mode file for STMicroelectronics.FP-ATR-SIGFOX1.3.2.0
2024-01-29 16:32:32,107 [WARN] PackLoader:240 - Cannot read IP mode file for STMicroelectronics.X-CUBE-EEPRMA1.5.1.0
2024-01-29 16:32:32,149 [WARN] PackLoader:240 - Cannot read IP mode file for SEGGER.I-CUBE-embOS.1.3.1
2024-01-29 16:32:32,213 [WARN] PackLoader:240 - Cannot read IP mode file for STMicroelectronics.X-CUBE-GNSS1.6.0.0
2024-01-29 16:32:32,234 [WARN] PackLoader:240 - Cannot read IP mode file for STMicroelectronics.X-CUBE-AZRTOS-F4.1.1.0
2024-01-29 16:32:32,243 [WARN] PackLoader:240 - Cannot read IP mode file for wolfSSL.I-CUBE-wolfSSL.5.6.6
2024-01-29 16:32:32,266 [WARN] PackLoader:240 - Cannot read IP mode file for STMicroelectronics.X-CUBE-AZRTOS-L5.2.0.0
2024-01-29 16:32:32,276 [WARN] PackLoader:240 - Cannot read IP mode file for ITTIA_DB.I-CUBE-ITTIADB.8.8.0
2024-01-29 16:32:32,282 [WARN] PackLoader:240 - Cannot read IP mode file for STMicroelectronics.X-CUBE-NFC7.1.0.1
2024-01-29 16:32:32,292 [WARN] PackLoader:240 - Cannot read IP mode file for STMicroelectronics.X-CUBE-NFC6.3.0.0
2024-01-29 16:32:32,297 [WARN] PackLoader:240 - Cannot read IP mode file for STMicroelectronics.X-CUBE-AI.8.1.0
2024-01-29 16:32:32,320 [WARN] ConditionMgr:438 - getConditionDescription Invalid condition id : LAN8742 Phy interface Condition cause : null
2024-01-29 16:32:32,321 [WARN] PackLoader:240 - Cannot read IP mode file for STMicroelectronics.X-CUBE-AZRTOS-L4.2.0.0
2024-01-29 16:32:32,322 [WARN] ConditionMgr:1039 - genDependencies : Invalid condition id : LAN8742 Phy interface Condition cause : null
2024-01-29 16:32:32,322 [WARN] ConditionMgr:1039 - genDependencies : Invalid condition id : LAN8742 Phy interface Condition cause : null
2024-01-29 16:32:32,323 [WARN] ConditionMgr:1039 - genDependencies : Invalid condition id : LAN8742 Phy interface Condition cause : null
2024-01-29 16:32:32,330 [WARN] PackLoader:240 - Cannot read IP mode file for STMicroelectronics.X-CUBE-SFXS2LP1.4.0.0
2024-01-29 16:32:32,345 [WARN] ConditionMgr:438 - getConditionDescription Invalid condition id : UX DEVICE CLASS RTOS Condition cause : null
2024-01-29 16:32:32,345 [WARN] ConditionMgr:438 - getConditionDescription Invalid condition id : UX DEVICE CLASS RTOS Condition cause : null
2024-01-29 16:32:32,347 [WARN] PackLoader:240 - Cannot read IP mode file for STMicroelectronics.X-CUBE-AZRTOS-WB.2.0.0
2024-01-29 16:32:32,348 [WARN] ConditionMgr:1039 - genDependencies : Invalid condition id : UX DEVICE CLASS RTOS Condition cause : null
2024-01-29 16:32:32,348 [WARN] ConditionMgr:1039 - genDependencies : Invalid condition id : UX DEVICE CLASS RTOS Condition cause : null
2024-01-29 16:32:32,348 [WARN] ConditionMgr:1039 - genDependencies : Invalid condition id : UX DEVICE CLASS RTOS Condition cause : null
2024-01-29 16:32:32,348 [WARN] ConditionMgr:1039 - genDependencies : Invalid condition id : UX DEVICE CLASS RTOS Condition cause : null
2024-01-29 16:32:32,349 [WARN] ConditionMgr:1039 - genDependencies : Invalid condition id : UX DEVICE CLASS RTOS Condition cause : null
2024-01-29 16:32:32,358 [WARN] PackLoader:240 - Cannot read IP mode file for STMicroelectronics.X-CUBE-SUBG2.5.0.0
2024-01-29 16:32:32,379 [WARN] PackLoader:240 - Cannot read IP mode file for STMicroelectronics.X-CUBE-AZRTOS-G4.2.0.0
2024-01-29 16:32:32,394 [WARN] PackLoader:240 - Cannot read IP mode file for Infineon.AIROC-Wi-Fi-Bluetooth-STM32.1.5.1
2024-01-29 16:32:32,403 [WARN] PackLoader:240 - Cannot read IP mode file for STMicroelectronics.FP-SNS-MOTENVWB1.1.3.1
2024-01-29 16:32:32,407 [WARN] PackLoader:240 - Cannot read IP mode file for STMicroelectronics.X-CUBE-ISPU.2.0.0
2024-01-29 16:32:32,451 [WARN] PackLoader:240 - Cannot read IP mode file for STMicroelectronics.X-CUBE-MEMS1.10.0.0
2024-01-29 16:32:32,589 [WARN] PackLoader:240 - Cannot read IP mode file for STMicroelectronics.X-CUBE-FREERTOS.1.1.0
2024-01-29 16:32:32,594 [WARN] PackLoader:240 - Cannot read IP mode file for portGmbH.I-Cube-SoM-uGOAL.1.1.0
2024-01-29 16:32:32,598 [WARN] PackLoader:240 - Cannot read IP mode file for STMicroelectronics.X-CUBE-ALS.1.0.1
2024-01-29 16:32:32,601 [WARN] PackLoader:240 - Cannot read IP mode file for STMicroelectronics.FP-ATR-ASTRA1.2.0.0
2024-01-29 16:32:32,610 [WARN] PackLoader:240 - Cannot read IP mode file for STMicroelectronics.X-CUBE-TOF1.3.4.0
2024-01-29 16:32:32,638 [WARN] PackLoader:240 - Cannot read IP mode file for STMicroelectronics.X-CUBE-AZRTOS-H7.3.2.0
2024-01-29 16:32:32,641 [INFO] ThirdParty:978 - Integrity check success = true
2024-01-29 16:32:32,642 [INFO] IntegrityCheckThread:100 - exiting critical section [integrity check]
2024-01-29 16:32:32,642 [INFO] IntegrityCheckThread:103 - End integrity checks thread
2024-01-29 16:32:52,300 [ERROR] LogOutputStream:75 - [STDERR_REDIRECT] SLF4J: Failed to load class "org.slf4j.impl.StaticLoggerBinder".
2024-01-29 16:32:52,303 [ERROR] LogOutputStream:75 - [STDERR_REDIRECT] SLF4J: Defaulting to no-operation (NOP) logger implementation
2024-01-29 16:32:52,303 [ERROR] LogOutputStream:75 - [STDERR_REDIRECT] SLF4J: See http://www.slf4j.org/codes.html#StaticLoggerBinder for further details.
2024-01-29 17:32:57,728 [ERROR] LogOutputStream:75 - [STDERR_REDIRECT] 
