2024-03-27 15:15:11,308 [INFO] Activator:176 - 


2024-03-27 15:15:11,315 [INFO] Activator:177 - !SESSION log4j initialized
2024-03-27 15:15:21,770 [INFO] LogOutputStream:77 - [STDOUT_REDIRECT] 
2024-03-27 15:15:31,224 [INFO] ApplicationProperties:184 - Using Application install path: C:\ST\STM32CubeIDE_1.14.1\STM32CubeIDE\plugins\com.st.stm32cube.common.mx_6.10.0.202311202037
2024-03-27 15:15:31,290 [INFO] DbMcusXml:78 - Set database path to: C:\ST\STM32CubeIDE_1.14.1\STM32CubeIDE\plugins\com.st.stm32cube.common.mx_6.10.0.202311202037\\db\/mcu/
2024-03-27 15:15:31,291 [INFO] ApiDb:274 - Set plugin database path to: C:\ST\STM32CubeIDE_1.14.1\STM32CubeIDE\plugins\com.st.stm32cube.common.mx_6.10.0.202311202037\\db\/plugins/boardmanager/
2024-03-27 15:15:31,292 [WARN] ApiDb:259 - Overriding images path with different value:  => C:\ST\STM32CubeIDE_1.14.1\STM32CubeIDE\plugins\com.st.stm32cube.common.mx_6.10.0.202311202037\\db\/plugins/mcufinder/images/
2024-03-27 15:15:31,329 [INFO] ApiDb:250 - Set database path to: C:\Users\Maydoum\.stmcufinder\plugins\mcufinder//mcu/
2024-03-27 15:15:31,331 [INFO] DbMcusAds:125 - Set database path to: C:\Users\Maydoum\.stmcufinder\plugins\mcufinder//mcu/
2024-03-27 15:15:32,098 [INFO] CrossReferenceDbSqlite:203 - Set database path to: C:\Users\Maydoum\.stmcufinder\plugins\mcufinder//mcu/cs/
2024-03-27 15:15:32,463 [INFO] RulesReader:64 - Compatibility file has been processed (297 Rules)
2024-03-27 15:15:32,722 [INFO] DbMcusXml:78 - Set database path to: C:\ST\STM32CubeIDE_1.14.1\STM32CubeIDE\plugins\com.st.stm32cube.common.mx_6.10.0.202311202037\\db\/mcu/
2024-03-27 15:15:32,722 [INFO] ApiDb:274 - Set plugin database path to: C:\ST\STM32CubeIDE_1.14.1\STM32CubeIDE\plugins\com.st.stm32cube.common.mx_6.10.0.202311202037\\db\/plugins/boardmanager/
2024-03-27 15:15:32,722 [INFO] ApiDb:261 - Set plugin images path to: C:\ST\STM32CubeIDE_1.14.1\STM32CubeIDE\plugins\com.st.stm32cube.common.mx_6.10.0.202311202037\\db\/plugins/mcufinder/images/
2024-03-27 15:15:32,723 [WARN] DbFile:41 - Overriding database path with different value: C:\Users\Maydoum\.stmcufinder\plugins\mcufinder/ => C:\Users\Maydoum\.stmcufinder\plugins\mcufinder
2024-03-27 15:15:32,723 [INFO] ApiDb:250 - Set database path to: C:\Users\Maydoum\.stmcufinder\plugins\mcufinder//mcu/
2024-03-27 15:15:32,723 [WARN] DbFile:41 - Overriding database path with different value: C:\Users\Maydoum\.stmcufinder\plugins\mcufinder/ => C:\Users\Maydoum\.stmcufinder\plugins\mcufinder
2024-03-27 15:15:32,723 [INFO] DbMcusAds:125 - Set database path to: C:\Users\Maydoum\.stmcufinder\plugins\mcufinder//mcu/
2024-03-27 15:15:32,723 [WARN] DbFile:41 - Overriding database path with different value: C:\Users\Maydoum\.stmcufinder\plugins\mcufinder/ => C:\Users\Maydoum\.stmcufinder\plugins\mcufinder
2024-03-27 15:15:32,723 [WARN] DbFile:41 - Overriding database path with different value: C:\Users\Maydoum\.stmcufinder\plugins\mcufinder/ => C:\Users\Maydoum\.stmcufinder\plugins\mcufinder
2024-03-27 15:15:33,599 [INFO] CrossReferenceDbSqlite:203 - Set database path to: C:\Users\Maydoum\.stmcufinder\plugins\mcufinder//mcu/cs/
2024-03-27 15:15:33,742 [INFO] MainPanel:264 - HeapMemory: 268435456
2024-03-27 15:15:33,917 [INFO] DbMcusXml:78 - Set database path to: C:\ST\STM32CubeIDE_1.14.1\STM32CubeIDE\plugins\com.st.stm32cube.common.mx_6.10.0.202311202037\\db\/mcu/
2024-03-27 15:15:33,917 [INFO] ApiDb:274 - Set plugin database path to: C:\ST\STM32CubeIDE_1.14.1\STM32CubeIDE\plugins\com.st.stm32cube.common.mx_6.10.0.202311202037\\db\/plugins/boardmanager/
2024-03-27 15:15:33,917 [INFO] ApiDb:261 - Set plugin images path to: C:\ST\STM32CubeIDE_1.14.1\STM32CubeIDE\plugins\com.st.stm32cube.common.mx_6.10.0.202311202037\\db\/plugins/mcufinder/images/
2024-03-27 15:15:33,919 [WARN] DbFile:41 - Overriding database path with different value: C:\Users\Maydoum\.stmcufinder\plugins\mcufinder/ => C:\Users\Maydoum\.stmcufinder\plugins\mcufinder
2024-03-27 15:15:33,919 [INFO] ApiDb:250 - Set database path to: C:\Users\Maydoum\.stmcufinder\plugins\mcufinder//mcu/
2024-03-27 15:15:33,919 [WARN] DbFile:41 - Overriding database path with different value: C:\Users\Maydoum\.stmcufinder\plugins\mcufinder/ => C:\Users\Maydoum\.stmcufinder\plugins\mcufinder
2024-03-27 15:15:33,919 [INFO] DbMcusAds:125 - Set database path to: C:\Users\Maydoum\.stmcufinder\plugins\mcufinder//mcu/
2024-03-27 15:15:33,919 [WARN] DbFile:41 - Overriding database path with different value: C:\Users\Maydoum\.stmcufinder\plugins\mcufinder/ => C:\Users\Maydoum\.stmcufinder\plugins\mcufinder
2024-03-27 15:15:33,919 [WARN] DbFile:41 - Overriding database path with different value: C:\Users\Maydoum\.stmcufinder\plugins\mcufinder/ => C:\Users\Maydoum\.stmcufinder\plugins\mcufinder
2024-03-27 15:15:34,594 [INFO] CrossReferenceDbSqlite:203 - Set database path to: C:\Users\Maydoum\.stmcufinder\plugins\mcufinder//mcu/cs/
2024-03-27 15:15:34,622 [INFO] ApplicationProperties:184 - Using Application install path: C:\ST\STM32CubeIDE_1.14.1\STM32CubeIDE\plugins\com.st.stm32cube.common.mx_6.10.0.202311202037
2024-03-27 15:15:34,624 [INFO] PluginManage:196 - Search for loadable plugins [exclusion list=, ]
2024-03-27 15:15:34,627 [INFO] PluginManage:310 - Check plugin analytics
2024-03-27 15:15:40,821 [INFO] AnalyticsPlugin:253 - Accepted Software Licenses: 
2024-03-27 15:15:40,821 [INFO] AnalyticsPlugin:255 - Accepted CMSIS Pack Licenses: 
2024-03-27 15:15:40,822 [INFO] AnalyticsPlugin:257 - Accepted Firmware Licenses: 
2024-03-27 15:15:40,827 [INFO] PluginManage:359 - Loaded plugin analytics (category:tool,tabindex:-1)
2024-03-27 15:15:40,827 [INFO] PluginManage:310 - Check plugin cadmodel
2024-03-27 15:15:40,837 [INFO] CADModel:105 - Init CAD model plugin
2024-03-27 15:15:40,837 [INFO] PluginManage:359 - Loaded plugin cadmodel (category:power,tabindex:5)
2024-03-27 15:15:40,837 [INFO] PluginManage:310 - Check plugin clock
2024-03-27 15:15:40,861 [INFO] PluginManage:359 - Loaded plugin clock (category:base,tabindex:2)
2024-03-27 15:15:40,861 [INFO] PluginManage:310 - Check plugin ddr
2024-03-27 15:15:40,864 [INFO] PluginManage:359 - Loaded plugin ddr (category:tool,tabindex:6)
2024-03-27 15:15:40,864 [INFO] PluginManage:310 - Check plugin filemanager
2024-03-27 15:15:41,120 [INFO] PluginManage:359 - Loaded plugin filemanager (category:base,tabindex:10)
2024-03-27 15:15:41,120 [INFO] PluginManage:310 - Check plugin ipmanager
2024-03-27 15:15:41,135 [INFO] PluginManage:359 - Loaded plugin ipmanager (category:base,tabindex:5)
2024-03-27 15:15:41,135 [INFO] PluginManage:310 - Check plugin lpbam
2024-03-27 15:15:41,146 [INFO] PluginManage:359 - Loaded plugin lpbam (category:base,tabindex:0)
2024-03-27 15:15:41,146 [INFO] PluginManage:310 - Check plugin memorymap
2024-03-27 15:15:41,170 [INFO] PluginManage:359 - Loaded plugin memorymap (category:base,tabindex:4)
2024-03-27 15:15:41,170 [INFO] PluginManage:310 - Check plugin pinoutandconfiguration
2024-03-27 15:15:41,189 [INFO] PluginManage:359 - Loaded plugin pinoutandconfiguration (category:base,tabindex:1)
2024-03-27 15:15:41,189 [INFO] PluginManage:310 - Check plugin pinoutconfig
2024-03-27 15:15:41,306 [WARN] SupportedApi:132 - Cannot load RTOS API schema: s4s-elt-must-match.1: The content of 'definitions' must match (annotation?, (simpleType | complexType)?, (unique | key | keyref)*)). A problem was found starting at: attribute.
2024-03-27 15:15:41,512 [INFO] PluginManage:359 - Loaded plugin pinoutconfig (category:base,tabindex:0)
2024-03-27 15:15:41,514 [INFO] PluginManage:310 - Check plugin power
2024-03-27 15:15:41,527 [INFO] PluginManage:359 - Loaded plugin power (category:power,tabindex:4)
2024-03-27 15:15:41,527 [INFO] PluginManage:310 - Check plugin projectmanager
2024-03-27 15:15:41,551 [INFO] PluginManage:359 - Loaded plugin projectmanager (category:projectmanager,tabindex:3)
2024-03-27 15:15:41,551 [INFO] PluginManage:310 - Check plugin thirdparty
2024-03-27 15:15:41,773 [WARN] IntegrityCheckThread:84 - waiting for thirdparty lock release [integrity check]
2024-03-27 15:15:41,774 [INFO] IntegrityCheckThread:86 - entering critical section [integrity check]
2024-03-27 15:15:41,774 [INFO] PluginManage:359 - Loaded plugin thirdparty (category:base,tabindex:-1)
2024-03-27 15:15:41,776 [INFO] PluginManage:310 - Check plugin tools
2024-03-27 15:15:41,776 [INFO] ThirdPartyUpdaterWithRetryManager:70 - Updater plugin not ready yet. [1/15]
2024-03-27 15:15:41,783 [INFO] PluginManage:359 - Loaded plugin tools (category:base,tabindex:7)
2024-03-27 15:15:41,783 [INFO] PluginManage:310 - Check plugin tutovideos
2024-03-27 15:15:42,021 [INFO] PluginManage:359 - Loaded plugin tutovideos (category:base,tabindex:-1)
2024-03-27 15:15:42,021 [INFO] PluginManage:310 - Check plugin updater
2024-03-27 15:15:42,033 [INFO] PluginManage:359 - Loaded plugin updater (category:base,tabindex:12)
2024-03-27 15:15:42,033 [INFO] PluginManage:310 - Check plugin userauth
2024-03-27 15:15:42,039 [INFO] UserAuth:114 - Init User Auth plugin
2024-03-27 15:15:42,039 [INFO] PluginManage:359 - Loaded plugin userauth (category:base,tabindex:14)
2024-03-27 15:15:42,040 [INFO] PluginManage:283 - PluginManage : Loaded plugins [17]
2024-03-27 15:15:42,309 [INFO] PinOutPanel:1499 - setPackage(No Configuration,No Configuration)
2024-03-27 15:15:42,409 [INFO] CADModel:165 - CPN selected for project level
2024-03-27 15:15:42,410 [INFO] CADModel:114 - Register for checkConnection events
2024-03-27 15:15:42,430 [INFO] IPUIPlugin:80 - create IPUIPlugin
2024-03-27 15:15:42,430 [INFO] PluginManager:220 - loadIPPluginJar : add adc
2024-03-27 15:15:42,433 [INFO] IPUIPlugin:80 - create IPUIPlugin
2024-03-27 15:15:42,434 [INFO] PluginManager:220 - loadIPPluginJar : add aes
2024-03-27 15:15:42,437 [INFO] IPUIPlugin:80 - create IPUIPlugin
2024-03-27 15:15:42,437 [INFO] PluginManager:220 - loadIPPluginJar : add can
2024-03-27 15:15:42,439 [INFO] IPUIPlugin:80 - create IPUIPlugin
2024-03-27 15:15:42,439 [INFO] PluginManager:220 - loadIPPluginJar : add comp
2024-03-27 15:15:42,443 [INFO] IPUIPlugin:80 - create IPUIPlugin
2024-03-27 15:15:42,443 [INFO] PluginManager:220 - loadIPPluginJar : add cryp
2024-03-27 15:15:42,447 [INFO] IPUIPlugin:80 - create IPUIPlugin
2024-03-27 15:15:42,447 [INFO] PluginManager:220 - loadIPPluginJar : add dfsdm
2024-03-27 15:15:42,454 [INFO] IPUIPlugin:80 - create IPUIPlugin
2024-03-27 15:15:42,455 [INFO] PluginManager:220 - loadIPPluginJar : add dma
2024-03-27 15:15:42,457 [INFO] IPUIPlugin:80 - create IPUIPlugin
2024-03-27 15:15:42,459 [INFO] PluginManager:220 - loadIPPluginJar : add dma3
2024-03-27 15:15:42,461 [INFO] IPUIPlugin:80 - create IPUIPlugin
2024-03-27 15:15:42,461 [INFO] PluginManager:220 - loadIPPluginJar : add fatfs
2024-03-27 15:15:42,466 [INFO] IPUIPlugin:80 - create IPUIPlugin
2024-03-27 15:15:42,466 [INFO] PluginManager:220 - loadIPPluginJar : add fmc
2024-03-27 15:15:42,476 [INFO] IPUIPlugin:80 - create IPUIPlugin
2024-03-27 15:15:42,476 [INFO] PluginManager:220 - loadIPPluginJar : add freertos
2024-03-27 15:15:42,480 [INFO] IPUIPlugin:80 - create IPUIPlugin
2024-03-27 15:15:42,480 [INFO] PluginManager:220 - loadIPPluginJar : add genericplugin
2024-03-27 15:15:42,484 [INFO] IPUIPlugin:80 - create IPUIPlugin
2024-03-27 15:15:42,484 [INFO] PluginManager:220 - loadIPPluginJar : add gfxmmu
2024-03-27 15:15:42,492 [INFO] IPUIPlugin:80 - create IPUIPlugin
2024-03-27 15:15:42,492 [INFO] PluginManager:220 - loadIPPluginJar : add gic
2024-03-27 15:15:42,499 [INFO] IPUIPlugin:80 - create IPUIPlugin
2024-03-27 15:15:42,499 [INFO] PluginManager:220 - loadIPPluginJar : add gpio
2024-03-27 15:15:42,503 [INFO] IPUIPlugin:80 - create IPUIPlugin
2024-03-27 15:15:42,503 [INFO] PluginManager:220 - loadIPPluginJar : add gtzc
2024-03-27 15:15:42,505 [INFO] IPUIPlugin:80 - create IPUIPlugin
2024-03-27 15:15:42,505 [INFO] PluginManager:220 - loadIPPluginJar : add hash
2024-03-27 15:15:42,508 [INFO] IPUIPlugin:80 - create IPUIPlugin
2024-03-27 15:15:42,508 [INFO] PluginManager:220 - loadIPPluginJar : add i2c
2024-03-27 15:15:42,511 [INFO] IPUIPlugin:80 - create IPUIPlugin
2024-03-27 15:15:42,511 [INFO] PluginManager:220 - loadIPPluginJar : add i2s
2024-03-27 15:15:42,513 [INFO] IPUIPlugin:80 - create IPUIPlugin
2024-03-27 15:15:42,513 [INFO] PluginManager:220 - loadIPPluginJar : add i3c
2024-03-27 15:15:42,517 [INFO] IPUIPlugin:80 - create IPUIPlugin
2024-03-27 15:15:42,517 [INFO] PluginManager:220 - loadIPPluginJar : add ipddr
2024-03-27 15:15:42,524 [INFO] IPUIPlugin:80 - create IPUIPlugin
2024-03-27 15:15:42,524 [INFO] PluginManager:220 - loadIPPluginJar : add linkedlist
2024-03-27 15:15:42,527 [INFO] IPUIPlugin:80 - create IPUIPlugin
2024-03-27 15:15:42,527 [INFO] PluginManager:220 - loadIPPluginJar : add lorawan
2024-03-27 15:15:42,530 [INFO] IPUIPlugin:80 - create IPUIPlugin
2024-03-27 15:15:42,530 [INFO] PluginManager:220 - loadIPPluginJar : add ltdc
2024-03-27 15:15:42,536 [INFO] IPUIPlugin:80 - create IPUIPlugin
2024-03-27 15:15:42,536 [INFO] PluginManager:220 - loadIPPluginJar : add mdma
2024-03-27 15:15:42,543 [INFO] IPUIPlugin:80 - create IPUIPlugin
2024-03-27 15:15:42,544 [INFO] PluginManager:220 - loadIPPluginJar : add nvic
2024-03-27 15:15:42,546 [INFO] IPUIPlugin:80 - create IPUIPlugin
2024-03-27 15:15:42,546 [INFO] PluginManager:220 - loadIPPluginJar : add opamp
2024-03-27 15:15:42,549 [INFO] IPUIPlugin:80 - create IPUIPlugin
2024-03-27 15:15:42,549 [INFO] PluginManager:220 - loadIPPluginJar : add openamp
2024-03-27 15:15:42,552 [INFO] IPUIPlugin:80 - create IPUIPlugin
2024-03-27 15:15:42,552 [INFO] PluginManager:220 - loadIPPluginJar : add pdm2pcm
2024-03-27 15:15:42,558 [INFO] IPUIPlugin:80 - create IPUIPlugin
2024-03-27 15:15:42,560 [INFO] PluginManager:220 - loadIPPluginJar : add plateformsettings
2024-03-27 15:15:42,562 [INFO] IPUIPlugin:80 - create IPUIPlugin
2024-03-27 15:15:42,562 [INFO] PluginManager:220 - loadIPPluginJar : add quadspi
2024-03-27 15:15:42,566 [INFO] IPUIPlugin:80 - create IPUIPlugin
2024-03-27 15:15:42,566 [INFO] PluginManager:220 - loadIPPluginJar : add resmgrutility
2024-03-27 15:15:42,573 [INFO] IPUIPlugin:80 - create IPUIPlugin
2024-03-27 15:15:42,573 [INFO] PluginManager:220 - loadIPPluginJar : add sai
2024-03-27 15:15:42,577 [INFO] IPUIPlugin:80 - create IPUIPlugin
2024-03-27 15:15:42,577 [INFO] PluginManager:220 - loadIPPluginJar : add spi
2024-03-27 15:15:42,585 [INFO] IPUIPlugin:80 - create IPUIPlugin
2024-03-27 15:15:42,585 [INFO] PluginManager:220 - loadIPPluginJar : add stm32_wpan
2024-03-27 15:15:42,588 [INFO] IPUIPlugin:80 - create IPUIPlugin
2024-03-27 15:15:42,588 [INFO] PluginManager:220 - loadIPPluginJar : add tim
2024-03-27 15:15:42,592 [INFO] IPUIPlugin:80 - create IPUIPlugin
2024-03-27 15:15:42,592 [INFO] PluginManager:220 - loadIPPluginJar : add touchsensing
2024-03-27 15:15:42,594 [INFO] IPUIPlugin:80 - create IPUIPlugin
2024-03-27 15:15:42,594 [INFO] PluginManager:220 - loadIPPluginJar : add tracer_emb
2024-03-27 15:15:42,598 [INFO] IPUIPlugin:80 - create IPUIPlugin
2024-03-27 15:15:42,598 [INFO] PluginManager:220 - loadIPPluginJar : add ts
2024-03-27 15:15:42,600 [INFO] IPUIPlugin:80 - create IPUIPlugin
2024-03-27 15:15:42,600 [INFO] PluginManager:220 - loadIPPluginJar : add tsc
2024-03-27 15:15:42,602 [INFO] IPUIPlugin:80 - create IPUIPlugin
2024-03-27 15:15:42,602 [INFO] PluginManager:220 - loadIPPluginJar : add ucpd
2024-03-27 15:15:42,606 [INFO] IPUIPlugin:80 - create IPUIPlugin
2024-03-27 15:15:42,606 [INFO] PluginManager:220 - loadIPPluginJar : add usart
2024-03-27 15:15:42,610 [INFO] IPUIPlugin:80 - create IPUIPlugin
2024-03-27 15:15:42,610 [INFO] PluginManager:220 - loadIPPluginJar : add usbx
2024-03-27 15:15:42,769 [INFO] CADModel:165 - CPN selected for project level
2024-03-27 15:15:42,770 [INFO] CADModel:114 - Register for checkConnection events
2024-03-27 15:15:42,770 [FATAL] Updater:308 - Updater called before beeing initialized
2024-03-27 15:15:42,771 [ERROR] CADModel:125 - Updater not yet initialized, retry later 
2024-03-27 15:15:43,036 [INFO] CADModel:165 - CPN selected for project level
2024-03-27 15:15:43,036 [INFO] CADModel:114 - Register for checkConnection events
2024-03-27 15:15:43,036 [FATAL] Updater:308 - Updater called before beeing initialized
2024-03-27 15:15:43,036 [ERROR] CADModel:125 - Updater not yet initialized, retry later 
2024-03-27 15:15:43,041 [FATAL] Updater:308 - Updater called before beeing initialized
2024-03-27 15:15:43,252 [FATAL] Updater:308 - Updater called before beeing initialized
2024-03-27 15:15:43,268 [INFO] DbMcusAds:53 - JSON generation date=Wed Nov 29 12:52:27 EET 2023 (1701255147349)
2024-03-27 15:15:43,268 [FATAL] Updater:308 - Updater called before beeing initialized
2024-03-27 15:15:43,316 [WARN] DetailPanel:346 - Failed to get advertising image, set to default
2024-03-27 15:15:43,413 [FATAL] Updater:308 - Updater called before beeing initialized
2024-03-27 15:15:43,416 [FATAL] Updater:308 - Updater called before beeing initialized
2024-03-27 15:15:43,416 [FATAL] Updater:308 - Updater called before beeing initialized
2024-03-27 15:15:43,416 [WARN] DetailPanel:346 - Failed to get advertising image, set to default
2024-03-27 15:15:43,417 [FATAL] Updater:308 - Updater called before beeing initialized
2024-03-27 15:15:43,492 [ERROR] Updater:1120 - MainUpdater not yet initialized. External WinMGr cannot be set.
2024-03-27 15:15:43,498 [INFO] Updater:1056 - Updater Version found : 6.10.0
2024-03-27 15:15:43,546 [INFO] ApplicationProperties:184 - Using Application install path: C:\ST\STM32CubeIDE_1.14.1\STM32CubeIDE\plugins\com.st.stm32cube.common.mx_6.10.0.202311202037
2024-03-27 15:15:44,778 [INFO] ThirdPartyUpdaterWithRetryManager:70 - Updater plugin not ready yet. [2/15]
2024-03-27 15:15:45,174 [ERROR] LogOutputStream:75 - [STDERR_REDIRECT] Mar 27, 2024 3:15:45 PM java.util.prefs.WindowsPreferences <init>
2024-03-27 15:15:45,181 [ERROR] LogOutputStream:75 - [STDERR_REDIRECT] WARNING: Could not open/create prefs root node Software\JavaSoft\Prefs at root 0xffffffff80000002. Windows RegCreateKeyEx(...) returned error code 5.
2024-03-27 15:15:45,182 [ERROR] LogOutputStream:75 - [STDERR_REDIRECT] 
2024-03-27 15:15:46,517 [INFO] MainUpdater:2873 - connection check result : 10
2024-03-27 15:15:46,521 [INFO] MainUpdater:290 - Updater Check For Update Now.
2024-03-27 15:15:46,522 [INFO] MicroXplorer:498 - Change Database Version : DB.6.0.100
2024-03-27 15:15:46,549 [INFO] McuFinderGlobals:63 - Set McuFinder mode to 2 (CubeIDE integrated)
2024-03-27 15:15:46,871 [INFO] CheckServerUpdateThread:120 - End of CheckServer Thread
2024-03-27 15:15:47,887 [INFO] UserAuth:404 - Internet connection configuration mode: 1
2024-03-27 15:15:47,929 [INFO] JxBrowserEngine:152 - Initiate JxBrowser Engine with user profile folder
2024-03-27 15:15:48,491 [WARN] PackLoader:240 - Cannot read IP mode file for STMicroelectronics.X-CUBE-SMBUS.2.1.0
2024-03-27 15:15:48,540 [WARN] PackLoader:240 - Cannot read IP mode file for STMicroelectronics.X-CUBE-TOUCHGFX.4.23.0
2024-03-27 15:15:48,642 [WARN] PackLoader:240 - Cannot read IP mode file for STMicroelectronics.X-CUBE-AZRTOS-F7.1.1.0
2024-03-27 15:15:48,679 [WARN] PackLoader:240 - Cannot read IP mode file for STMicroelectronics.FP-SNS-MOTENV1.4.3.2
2024-03-27 15:15:48,701 [WARN] PackLoader:240 - Cannot read IP mode file for STMicroelectronics.FP-SNS-FLIGHT1.5.0.2
2024-03-27 15:15:48,730 [WARN] PackLoader:240 - Cannot read IP mode file for STMicroelectronics.X-CUBE-DISPLAY.3.0.0
2024-03-27 15:15:48,773 [WARN] PackLoader:240 - Cannot read IP mode file for STMicroelectronics.X-CUBE-BLE1.7.0.0
2024-03-27 15:15:48,791 [WARN] PackLoader:240 - Cannot read IP mode file for emotas.I-CUBE-CANOPEN.1.3.0
2024-03-27 15:15:48,829 [WARN] PackLoader:240 - Cannot read IP mode file for STMicroelectronics.X-CUBE-BLEMGR.3.1.0
2024-03-27 15:15:48,852 [WARN] PackLoader:240 - Cannot read IP mode file for STMicroelectronics.FP-SNS-SMARTAG2.1.2.0
2024-03-27 15:15:48,894 [INFO] LogOutputStream:77 - [STDOUT_REDIRECT] 1 : Invalid condition id : UX_CORESTACK_Condition cause : null
2024-03-27 15:15:48,896 [INFO] LogOutputStream:77 - [STDOUT_REDIRECT] 1 : Invalid condition id : UX_CORESTACK_Condition cause : null
2024-03-27 15:15:48,901 [INFO] LogOutputStream:77 - [STDOUT_REDIRECT] 1 : Invalid condition id : UX_CORESTACK_Condition cause : null
2024-03-27 15:15:48,906 [INFO] LogOutputStream:77 - [STDOUT_REDIRECT] 1 : Invalid condition id : UX_CORESTACK_Condition cause : null
2024-03-27 15:15:48,911 [INFO] LogOutputStream:77 - [STDOUT_REDIRECT] 1 : Invalid condition id : UX_CORESTACK_Condition cause : null
2024-03-27 15:15:48,926 [WARN] PackLoader:240 - Cannot read IP mode file for STMicroelectronics.X-CUBE-AZRTOS-WL.2.0.0
2024-03-27 15:15:48,961 [WARN] PackLoader:240 - Cannot read IP mode file for WES.I-CUBE-Cesium.1.3.0
2024-03-27 15:15:48,976 [WARN] PackLoader:240 - Cannot read IP mode file for STMicroelectronics.X-CUBE-BLE2.3.3.0
2024-03-27 15:15:48,999 [WARN] PackLoader:240 - Cannot read IP mode file for STMicroelectronics.X-CUBE-ALGOBUILD.1.3.0
2024-03-27 15:15:49,047 [WARN] PackLoader:240 - Cannot read IP mode file for STMicroelectronics.X-CUBE-AZRTOS-G0.1.1.0
2024-03-27 15:15:49,061 [WARN] PackLoader:240 - Cannot read IP mode file for STMicroelectronics.X-CUBE-NFC4.3.0.0
2024-03-27 15:15:49,078 [WARN] PackLoader:240 - Cannot read IP mode file for STMicroelectronics.X-CUBE-BLEMGR.3.0.0
2024-03-27 15:15:49,087 [WARN] PackLoader:240 - Cannot read IP mode file for STMicroelectronics.FP-ATR-SIGFOX1.3.2.0
2024-03-27 15:15:49,097 [WARN] PackLoader:240 - Cannot read IP mode file for STMicroelectronics.X-CUBE-EEPRMA1.5.1.0
2024-03-27 15:15:49,142 [WARN] PackLoader:240 - Cannot read IP mode file for SEGGER.I-CUBE-embOS.1.3.1
2024-03-27 15:15:49,266 [WARN] PackLoader:240 - Cannot read IP mode file for STMicroelectronics.X-CUBE-GNSS1.6.0.0
2024-03-27 15:15:49,303 [WARN] PackLoader:240 - Cannot read IP mode file for STMicroelectronics.X-CUBE-AZRTOS-F4.1.1.0
2024-03-27 15:15:49,319 [WARN] PackLoader:240 - Cannot read IP mode file for wolfSSL.I-CUBE-wolfSSL.5.6.6
2024-03-27 15:15:49,345 [WARN] PackLoader:240 - Cannot read IP mode file for STMicroelectronics.X-CUBE-AZRTOS-L5.2.0.0
2024-03-27 15:15:49,362 [WARN] PackLoader:240 - Cannot read IP mode file for STMicroelectronics.X-CUBE-NFC6.3.1.0
2024-03-27 15:15:49,376 [WARN] PackLoader:240 - Cannot read IP mode file for ITTIA_DB.I-CUBE-ITTIADB.8.8.0
2024-03-27 15:15:49,385 [WARN] PackLoader:240 - Cannot read IP mode file for STMicroelectronics.X-CUBE-NFC7.1.0.1
2024-03-27 15:15:49,405 [WARN] PackLoader:240 - Cannot read IP mode file for STMicroelectronics.X-CUBE-NFC6.3.0.0
2024-03-27 15:15:49,420 [WARN] PackLoader:240 - Cannot read IP mode file for STMicroelectronics.X-CUBE-AI.8.1.0
2024-03-27 15:15:49,467 [WARN] ConditionMgr:438 - getConditionDescription Invalid condition id : LAN8742 Phy interface Condition cause : null
2024-03-27 15:15:49,468 [WARN] PackLoader:240 - Cannot read IP mode file for STMicroelectronics.X-CUBE-AZRTOS-L4.2.0.0
2024-03-27 15:15:49,471 [WARN] ConditionMgr:1039 - genDependencies : Invalid condition id : LAN8742 Phy interface Condition cause : null
2024-03-27 15:15:49,471 [WARN] ConditionMgr:1039 - genDependencies : Invalid condition id : LAN8742 Phy interface Condition cause : null
2024-03-27 15:15:49,473 [WARN] ConditionMgr:1039 - genDependencies : Invalid condition id : LAN8742 Phy interface Condition cause : null
2024-03-27 15:15:49,494 [WARN] PackLoader:240 - Cannot read IP mode file for STMicroelectronics.X-CUBE-SFXS2LP1.4.0.0
2024-03-27 15:15:49,522 [WARN] ConditionMgr:438 - getConditionDescription Invalid condition id : UX DEVICE CLASS RTOS Condition cause : null
2024-03-27 15:15:49,522 [WARN] ConditionMgr:438 - getConditionDescription Invalid condition id : UX DEVICE CLASS RTOS Condition cause : null
2024-03-27 15:15:49,526 [WARN] PackLoader:240 - Cannot read IP mode file for STMicroelectronics.X-CUBE-AZRTOS-WB.2.0.0
2024-03-27 15:15:49,526 [WARN] ConditionMgr:1039 - genDependencies : Invalid condition id : UX DEVICE CLASS RTOS Condition cause : null
2024-03-27 15:15:49,526 [WARN] ConditionMgr:1039 - genDependencies : Invalid condition id : UX DEVICE CLASS RTOS Condition cause : null
2024-03-27 15:15:49,527 [WARN] ConditionMgr:1039 - genDependencies : Invalid condition id : UX DEVICE CLASS RTOS Condition cause : null
2024-03-27 15:15:49,527 [WARN] ConditionMgr:1039 - genDependencies : Invalid condition id : UX DEVICE CLASS RTOS Condition cause : null
2024-03-27 15:15:49,527 [WARN] ConditionMgr:1039 - genDependencies : Invalid condition id : UX DEVICE CLASS RTOS Condition cause : null
2024-03-27 15:15:49,545 [WARN] PackLoader:240 - Cannot read IP mode file for STMicroelectronics.X-CUBE-SUBG2.5.0.0
2024-03-27 15:15:49,585 [WARN] PackLoader:240 - Cannot read IP mode file for STMicroelectronics.X-CUBE-AZRTOS-G4.2.0.0
2024-03-27 15:15:49,616 [WARN] PackLoader:240 - Cannot read IP mode file for Infineon.AIROC-Wi-Fi-Bluetooth-STM32.1.5.1
2024-03-27 15:15:49,627 [WARN] PackLoader:240 - Cannot read IP mode file for STMicroelectronics.FP-SNS-MOTENVWB1.1.3.1
2024-03-27 15:15:49,635 [WARN] PackLoader:240 - Cannot read IP mode file for STMicroelectronics.X-CUBE-ISPU.2.0.0
2024-03-27 15:15:49,746 [WARN] PackLoader:240 - Cannot read IP mode file for STMicroelectronics.X-CUBE-MEMS1.10.0.0
2024-03-27 15:15:49,974 [WARN] PackLoader:240 - Cannot read IP mode file for STMicroelectronics.X-CUBE-FREERTOS.1.1.0
2024-03-27 15:15:49,984 [WARN] PackLoader:240 - Cannot read IP mode file for portGmbH.I-Cube-SoM-uGOAL.1.1.0
2024-03-27 15:15:49,991 [WARN] PackLoader:240 - Cannot read IP mode file for STMicroelectronics.X-CUBE-ALS.1.0.1
2024-03-27 15:15:49,999 [WARN] PackLoader:240 - Cannot read IP mode file for STMicroelectronics.FP-ATR-ASTRA1.2.0.0
2024-03-27 15:15:50,013 [WARN] PackLoader:240 - Cannot read IP mode file for STMicroelectronics.X-CUBE-TOF1.3.4.0
2024-03-27 15:15:50,033 [INFO] WebApp:161 - Instantiating new browser for Auth
2024-03-27 15:15:50,054 [WARN] PackLoader:240 - Cannot read IP mode file for STMicroelectronics.X-CUBE-TOF1.3.4.1
2024-03-27 15:15:50,129 [WARN] PackLoader:240 - Cannot read IP mode file for STMicroelectronics.X-CUBE-AZRTOS-H7.3.2.0
2024-03-27 15:15:50,134 [INFO] ThirdParty:978 - Integrity check success = true
2024-03-27 15:15:50,134 [INFO] IntegrityCheckThread:100 - exiting critical section [integrity check]
2024-03-27 15:15:50,134 [INFO] IntegrityCheckThread:103 - End integrity checks thread
2024-03-27 15:15:51,355 [INFO] WebApp:780 - Register for checkConnection events
2024-03-27 15:15:51,355 [INFO] WebApp:414 - Apply proxy settings
2024-03-27 15:15:51,356 [INFO] WebApp:499 - Chromium requires no authentication
2024-03-27 15:15:51,370 [INFO] WebApp:442 - Direct internet connection detected
2024-03-27 15:15:51,887 [INFO] WebApp:192 - Starting web application
2024-03-27 15:15:51,887 [INFO] WebApp:544 - Web application path used C:\ST\STM32CubeIDE_1.14.1\STM32CubeIDE\plugins\com.st.stm32cube.common.mx_6.10.0.202311202037\db\plugins\mcufinder\reactClient1\index.html
2024-03-27 15:16:13,809 [ERROR] LogOutputStream:75 - [STDERR_REDIRECT] SLF4J: Failed to load class "org.slf4j.impl.StaticLoggerBinder".
2024-03-27 15:16:13,814 [ERROR] LogOutputStream:75 - [STDERR_REDIRECT] SLF4J: Defaulting to no-operation (NOP) logger implementation
2024-03-27 15:16:13,821 [ERROR] LogOutputStream:75 - [STDERR_REDIRECT] SLF4J: See http://www.slf4j.org/codes.html#StaticLoggerBinder for further details.
2024-03-27 16:06:12,233 [ERROR] ConfigurationRetriever:142 - IOException on connection: Read timed out
