2024-03-25 16:56:06,578 [INFO] Activator:176 - 


2024-03-25 16:56:06,586 [INFO] Activator:177 - !SESSION log4j initialized
2024-03-25 16:56:12,209 [INFO] LogOutputStream:77 - [STDOUT_REDIRECT] 
2024-03-25 16:56:29,743 [INFO] ApplicationProperties:184 - Using Application install path: C:\ST\STM32CubeIDE_1.14.1\STM32CubeIDE\plugins\com.st.stm32cube.common.mx_6.10.0.202311202037
2024-03-25 16:56:29,767 [INFO] DbMcusXml:78 - Set database path to: C:\ST\STM32CubeIDE_1.14.1\STM32CubeIDE\plugins\com.st.stm32cube.common.mx_6.10.0.202311202037\\db\/mcu/
2024-03-25 16:56:29,767 [INFO] ApiDb:274 - Set plugin database path to: C:\ST\STM32CubeIDE_1.14.1\STM32CubeIDE\plugins\com.st.stm32cube.common.mx_6.10.0.202311202037\\db\/plugins/boardmanager/
2024-03-25 16:56:29,767 [WARN] ApiDb:259 - Overriding images path with different value:  => C:\ST\STM32CubeIDE_1.14.1\STM32CubeIDE\plugins\com.st.stm32cube.common.mx_6.10.0.202311202037\\db\/plugins/mcufinder/images/
2024-03-25 16:56:29,775 [INFO] ApiDb:250 - Set database path to: C:\Users\Maydoum\.stmcufinder\plugins\mcufinder//mcu/
2024-03-25 16:56:29,775 [INFO] DbMcusAds:125 - Set database path to: C:\Users\Maydoum\.stmcufinder\plugins\mcufinder//mcu/
2024-03-25 16:56:29,791 [INFO] CrossReferenceDbSqlite:203 - Set database path to: C:\Users\Maydoum\.stmcufinder\plugins\mcufinder//mcu/cs/
2024-03-25 16:56:29,901 [INFO] RulesReader:64 - Compatibility file has been processed (297 Rules)
2024-03-25 16:56:29,995 [INFO] DbMcusXml:78 - Set database path to: C:\ST\STM32CubeIDE_1.14.1\STM32CubeIDE\plugins\com.st.stm32cube.common.mx_6.10.0.202311202037\\db\/mcu/
2024-03-25 16:56:29,995 [INFO] ApiDb:274 - Set plugin database path to: C:\ST\STM32CubeIDE_1.14.1\STM32CubeIDE\plugins\com.st.stm32cube.common.mx_6.10.0.202311202037\\db\/plugins/boardmanager/
2024-03-25 16:56:29,995 [INFO] ApiDb:261 - Set plugin images path to: C:\ST\STM32CubeIDE_1.14.1\STM32CubeIDE\plugins\com.st.stm32cube.common.mx_6.10.0.202311202037\\db\/plugins/mcufinder/images/
2024-03-25 16:56:29,995 [WARN] DbFile:41 - Overriding database path with different value: C:\Users\Maydoum\.stmcufinder\plugins\mcufinder/ => C:\Users\Maydoum\.stmcufinder\plugins\mcufinder
2024-03-25 16:56:29,995 [INFO] ApiDb:250 - Set database path to: C:\Users\Maydoum\.stmcufinder\plugins\mcufinder//mcu/
2024-03-25 16:56:29,995 [WARN] DbFile:41 - Overriding database path with different value: C:\Users\Maydoum\.stmcufinder\plugins\mcufinder/ => C:\Users\Maydoum\.stmcufinder\plugins\mcufinder
2024-03-25 16:56:29,995 [INFO] DbMcusAds:125 - Set database path to: C:\Users\Maydoum\.stmcufinder\plugins\mcufinder//mcu/
2024-03-25 16:56:29,995 [WARN] DbFile:41 - Overriding database path with different value: C:\Users\Maydoum\.stmcufinder\plugins\mcufinder/ => C:\Users\Maydoum\.stmcufinder\plugins\mcufinder
2024-03-25 16:56:29,995 [WARN] DbFile:41 - Overriding database path with different value: C:\Users\Maydoum\.stmcufinder\plugins\mcufinder/ => C:\Users\Maydoum\.stmcufinder\plugins\mcufinder
2024-03-25 16:56:29,995 [INFO] CrossReferenceDbSqlite:203 - Set database path to: C:\Users\Maydoum\.stmcufinder\plugins\mcufinder//mcu/cs/
2024-03-25 16:56:30,073 [INFO] MainPanel:264 - HeapMemory: 268435456
2024-03-25 16:56:30,149 [INFO] DbMcusXml:78 - Set database path to: C:\ST\STM32CubeIDE_1.14.1\STM32CubeIDE\plugins\com.st.stm32cube.common.mx_6.10.0.202311202037\\db\/mcu/
2024-03-25 16:56:30,149 [INFO] ApiDb:274 - Set plugin database path to: C:\ST\STM32CubeIDE_1.14.1\STM32CubeIDE\plugins\com.st.stm32cube.common.mx_6.10.0.202311202037\\db\/plugins/boardmanager/
2024-03-25 16:56:30,149 [INFO] ApiDb:261 - Set plugin images path to: C:\ST\STM32CubeIDE_1.14.1\STM32CubeIDE\plugins\com.st.stm32cube.common.mx_6.10.0.202311202037\\db\/plugins/mcufinder/images/
2024-03-25 16:56:30,149 [WARN] DbFile:41 - Overriding database path with different value: C:\Users\Maydoum\.stmcufinder\plugins\mcufinder/ => C:\Users\Maydoum\.stmcufinder\plugins\mcufinder
2024-03-25 16:56:30,149 [INFO] ApiDb:250 - Set database path to: C:\Users\Maydoum\.stmcufinder\plugins\mcufinder//mcu/
2024-03-25 16:56:30,149 [WARN] DbFile:41 - Overriding database path with different value: C:\Users\Maydoum\.stmcufinder\plugins\mcufinder/ => C:\Users\Maydoum\.stmcufinder\plugins\mcufinder
2024-03-25 16:56:30,149 [INFO] DbMcusAds:125 - Set database path to: C:\Users\Maydoum\.stmcufinder\plugins\mcufinder//mcu/
2024-03-25 16:56:30,149 [WARN] DbFile:41 - Overriding database path with different value: C:\Users\Maydoum\.stmcufinder\plugins\mcufinder/ => C:\Users\Maydoum\.stmcufinder\plugins\mcufinder
2024-03-25 16:56:30,149 [WARN] DbFile:41 - Overriding database path with different value: C:\Users\Maydoum\.stmcufinder\plugins\mcufinder/ => C:\Users\Maydoum\.stmcufinder\plugins\mcufinder
2024-03-25 16:56:30,149 [INFO] CrossReferenceDbSqlite:203 - Set database path to: C:\Users\Maydoum\.stmcufinder\plugins\mcufinder//mcu/cs/
2024-03-25 16:56:30,167 [INFO] ApplicationProperties:184 - Using Application install path: C:\ST\STM32CubeIDE_1.14.1\STM32CubeIDE\plugins\com.st.stm32cube.common.mx_6.10.0.202311202037
2024-03-25 16:56:30,167 [INFO] PluginManage:196 - Search for loadable plugins [exclusion list=, ]
2024-03-25 16:56:30,167 [INFO] PluginManage:310 - Check plugin analytics
2024-03-25 16:56:46,324 [INFO] AnalyticsPlugin:253 - Accepted Software Licenses: 
2024-03-25 16:56:46,324 [INFO] AnalyticsPlugin:255 - Accepted CMSIS Pack Licenses: 
2024-03-25 16:56:46,324 [INFO] AnalyticsPlugin:257 - Accepted Firmware Licenses: 
2024-03-25 16:56:46,324 [INFO] PluginManage:359 - Loaded plugin analytics (category:tool,tabindex:-1)
2024-03-25 16:56:46,324 [INFO] PluginManage:310 - Check plugin cadmodel
2024-03-25 16:56:46,324 [INFO] CADModel:105 - Init CAD model plugin
2024-03-25 16:56:46,324 [INFO] PluginManage:359 - Loaded plugin cadmodel (category:power,tabindex:5)
2024-03-25 16:56:46,324 [INFO] PluginManage:310 - Check plugin clock
2024-03-25 16:56:46,340 [INFO] PluginManage:359 - Loaded plugin clock (category:base,tabindex:2)
2024-03-25 16:56:46,340 [INFO] PluginManage:310 - Check plugin ddr
2024-03-25 16:56:46,340 [INFO] PluginManage:359 - Loaded plugin ddr (category:tool,tabindex:6)
2024-03-25 16:56:46,340 [INFO] PluginManage:310 - Check plugin filemanager
2024-03-25 16:56:46,470 [INFO] PluginManage:359 - Loaded plugin filemanager (category:base,tabindex:10)
2024-03-25 16:56:46,470 [INFO] PluginManage:310 - Check plugin ipmanager
2024-03-25 16:56:46,485 [INFO] PluginManage:359 - Loaded plugin ipmanager (category:base,tabindex:5)
2024-03-25 16:56:46,485 [INFO] PluginManage:310 - Check plugin lpbam
2024-03-25 16:56:46,485 [INFO] PluginManage:359 - Loaded plugin lpbam (category:base,tabindex:0)
2024-03-25 16:56:46,485 [INFO] PluginManage:310 - Check plugin memorymap
2024-03-25 16:56:46,508 [INFO] PluginManage:359 - Loaded plugin memorymap (category:base,tabindex:4)
2024-03-25 16:56:46,508 [INFO] PluginManage:310 - Check plugin pinoutandconfiguration
2024-03-25 16:56:46,517 [INFO] PluginManage:359 - Loaded plugin pinoutandconfiguration (category:base,tabindex:1)
2024-03-25 16:56:46,517 [INFO] PluginManage:310 - Check plugin pinoutconfig
2024-03-25 16:56:46,611 [WARN] SupportedApi:132 - Cannot load RTOS API schema: s4s-elt-must-match.1: The content of 'definitions' must match (annotation?, (simpleType | complexType)?, (unique | key | keyref)*)). A problem was found starting at: attribute.
2024-03-25 16:56:46,752 [INFO] PluginManage:359 - Loaded plugin pinoutconfig (category:base,tabindex:0)
2024-03-25 16:56:46,752 [INFO] PluginManage:310 - Check plugin power
2024-03-25 16:56:46,768 [INFO] PluginManage:359 - Loaded plugin power (category:power,tabindex:4)
2024-03-25 16:56:46,768 [INFO] PluginManage:310 - Check plugin projectmanager
2024-03-25 16:56:46,783 [INFO] PluginManage:359 - Loaded plugin projectmanager (category:projectmanager,tabindex:3)
2024-03-25 16:56:46,783 [INFO] PluginManage:310 - Check plugin thirdparty
2024-03-25 16:56:46,909 [INFO] PluginManage:359 - Loaded plugin thirdparty (category:base,tabindex:-1)
2024-03-25 16:56:46,909 [WARN] IntegrityCheckThread:84 - waiting for thirdparty lock release [integrity check]
2024-03-25 16:56:46,916 [INFO] PluginManage:310 - Check plugin tools
2024-03-25 16:56:46,916 [INFO] IntegrityCheckThread:86 - entering critical section [integrity check]
2024-03-25 16:56:46,916 [INFO] ThirdPartyUpdaterWithRetryManager:70 - Updater plugin not ready yet. [1/15]
2024-03-25 16:56:46,916 [INFO] PluginManage:359 - Loaded plugin tools (category:base,tabindex:7)
2024-03-25 16:56:46,916 [INFO] PluginManage:310 - Check plugin tutovideos
2024-03-25 16:56:47,073 [INFO] PluginManage:359 - Loaded plugin tutovideos (category:base,tabindex:-1)
2024-03-25 16:56:47,073 [INFO] PluginManage:310 - Check plugin updater
2024-03-25 16:56:47,089 [INFO] PluginManage:359 - Loaded plugin updater (category:base,tabindex:12)
2024-03-25 16:56:47,089 [INFO] PluginManage:310 - Check plugin userauth
2024-03-25 16:56:47,104 [INFO] UserAuth:114 - Init User Auth plugin
2024-03-25 16:56:47,104 [INFO] PluginManage:359 - Loaded plugin userauth (category:base,tabindex:14)
2024-03-25 16:56:47,104 [INFO] PluginManage:283 - PluginManage : Loaded plugins [17]
2024-03-25 16:56:47,341 [INFO] PinOutPanel:1499 - setPackage(No Configuration,No Configuration)
2024-03-25 16:56:47,410 [INFO] CADModel:165 - CPN selected for project level
2024-03-25 16:56:47,410 [INFO] CADModel:114 - Register for checkConnection events
2024-03-25 16:56:47,419 [INFO] IPUIPlugin:80 - create IPUIPlugin
2024-03-25 16:56:47,419 [INFO] PluginManager:220 - loadIPPluginJar : add adc
2024-03-25 16:56:47,419 [INFO] IPUIPlugin:80 - create IPUIPlugin
2024-03-25 16:56:47,419 [INFO] PluginManager:220 - loadIPPluginJar : add aes
2024-03-25 16:56:47,419 [INFO] IPUIPlugin:80 - create IPUIPlugin
2024-03-25 16:56:47,419 [INFO] PluginManager:220 - loadIPPluginJar : add can
2024-03-25 16:56:47,434 [INFO] IPUIPlugin:80 - create IPUIPlugin
2024-03-25 16:56:47,434 [INFO] PluginManager:220 - loadIPPluginJar : add comp
2024-03-25 16:56:47,434 [INFO] IPUIPlugin:80 - create IPUIPlugin
2024-03-25 16:56:47,434 [INFO] PluginManager:220 - loadIPPluginJar : add cryp
2024-03-25 16:56:47,434 [INFO] IPUIPlugin:80 - create IPUIPlugin
2024-03-25 16:56:47,434 [INFO] PluginManager:220 - loadIPPluginJar : add dfsdm
2024-03-25 16:56:47,434 [INFO] IPUIPlugin:80 - create IPUIPlugin
2024-03-25 16:56:47,434 [INFO] PluginManager:220 - loadIPPluginJar : add dma
2024-03-25 16:56:47,434 [INFO] IPUIPlugin:80 - create IPUIPlugin
2024-03-25 16:56:47,434 [INFO] PluginManager:220 - loadIPPluginJar : add dma3
2024-03-25 16:56:47,450 [INFO] IPUIPlugin:80 - create IPUIPlugin
2024-03-25 16:56:47,450 [INFO] PluginManager:220 - loadIPPluginJar : add fatfs
2024-03-25 16:56:47,450 [INFO] IPUIPlugin:80 - create IPUIPlugin
2024-03-25 16:56:47,450 [INFO] PluginManager:220 - loadIPPluginJar : add fmc
2024-03-25 16:56:47,450 [INFO] IPUIPlugin:80 - create IPUIPlugin
2024-03-25 16:56:47,450 [INFO] PluginManager:220 - loadIPPluginJar : add freertos
2024-03-25 16:56:47,450 [INFO] IPUIPlugin:80 - create IPUIPlugin
2024-03-25 16:56:47,450 [INFO] PluginManager:220 - loadIPPluginJar : add genericplugin
2024-03-25 16:56:47,450 [INFO] IPUIPlugin:80 - create IPUIPlugin
2024-03-25 16:56:47,450 [INFO] PluginManager:220 - loadIPPluginJar : add gfxmmu
2024-03-25 16:56:47,465 [INFO] IPUIPlugin:80 - create IPUIPlugin
2024-03-25 16:56:47,465 [INFO] PluginManager:220 - loadIPPluginJar : add gic
2024-03-25 16:56:47,465 [INFO] IPUIPlugin:80 - create IPUIPlugin
2024-03-25 16:56:47,465 [INFO] PluginManager:220 - loadIPPluginJar : add gpio
2024-03-25 16:56:47,465 [INFO] IPUIPlugin:80 - create IPUIPlugin
2024-03-25 16:56:47,465 [INFO] PluginManager:220 - loadIPPluginJar : add gtzc
2024-03-25 16:56:47,465 [INFO] IPUIPlugin:80 - create IPUIPlugin
2024-03-25 16:56:47,465 [INFO] PluginManager:220 - loadIPPluginJar : add hash
2024-03-25 16:56:47,481 [INFO] IPUIPlugin:80 - create IPUIPlugin
2024-03-25 16:56:47,481 [INFO] PluginManager:220 - loadIPPluginJar : add i2c
2024-03-25 16:56:47,481 [INFO] IPUIPlugin:80 - create IPUIPlugin
2024-03-25 16:56:47,481 [INFO] PluginManager:220 - loadIPPluginJar : add i2s
2024-03-25 16:56:47,481 [INFO] IPUIPlugin:80 - create IPUIPlugin
2024-03-25 16:56:47,481 [INFO] PluginManager:220 - loadIPPluginJar : add i3c
2024-03-25 16:56:47,481 [INFO] IPUIPlugin:80 - create IPUIPlugin
2024-03-25 16:56:47,481 [INFO] PluginManager:220 - loadIPPluginJar : add ipddr
2024-03-25 16:56:47,497 [INFO] IPUIPlugin:80 - create IPUIPlugin
2024-03-25 16:56:47,497 [INFO] PluginManager:220 - loadIPPluginJar : add linkedlist
2024-03-25 16:56:47,497 [INFO] IPUIPlugin:80 - create IPUIPlugin
2024-03-25 16:56:47,497 [INFO] PluginManager:220 - loadIPPluginJar : add lorawan
2024-03-25 16:56:47,497 [INFO] IPUIPlugin:80 - create IPUIPlugin
2024-03-25 16:56:47,497 [INFO] PluginManager:220 - loadIPPluginJar : add ltdc
2024-03-25 16:56:47,497 [INFO] IPUIPlugin:80 - create IPUIPlugin
2024-03-25 16:56:47,497 [INFO] PluginManager:220 - loadIPPluginJar : add mdma
2024-03-25 16:56:47,510 [INFO] IPUIPlugin:80 - create IPUIPlugin
2024-03-25 16:56:47,510 [INFO] PluginManager:220 - loadIPPluginJar : add nvic
2024-03-25 16:56:47,513 [INFO] IPUIPlugin:80 - create IPUIPlugin
2024-03-25 16:56:47,513 [INFO] PluginManager:220 - loadIPPluginJar : add opamp
2024-03-25 16:56:47,513 [INFO] IPUIPlugin:80 - create IPUIPlugin
2024-03-25 16:56:47,513 [INFO] PluginManager:220 - loadIPPluginJar : add openamp
2024-03-25 16:56:47,513 [INFO] IPUIPlugin:80 - create IPUIPlugin
2024-03-25 16:56:47,513 [INFO] PluginManager:220 - loadIPPluginJar : add pdm2pcm
2024-03-25 16:56:47,513 [INFO] IPUIPlugin:80 - create IPUIPlugin
2024-03-25 16:56:47,528 [INFO] PluginManager:220 - loadIPPluginJar : add plateformsettings
2024-03-25 16:56:47,528 [INFO] IPUIPlugin:80 - create IPUIPlugin
2024-03-25 16:56:47,528 [INFO] PluginManager:220 - loadIPPluginJar : add quadspi
2024-03-25 16:56:47,528 [INFO] IPUIPlugin:80 - create IPUIPlugin
2024-03-25 16:56:47,528 [INFO] PluginManager:220 - loadIPPluginJar : add resmgrutility
2024-03-25 16:56:47,528 [INFO] IPUIPlugin:80 - create IPUIPlugin
2024-03-25 16:56:47,528 [INFO] PluginManager:220 - loadIPPluginJar : add sai
2024-03-25 16:56:47,528 [INFO] IPUIPlugin:80 - create IPUIPlugin
2024-03-25 16:56:47,528 [INFO] PluginManager:220 - loadIPPluginJar : add spi
2024-03-25 16:56:47,544 [INFO] IPUIPlugin:80 - create IPUIPlugin
2024-03-25 16:56:47,544 [INFO] PluginManager:220 - loadIPPluginJar : add stm32_wpan
2024-03-25 16:56:47,544 [INFO] IPUIPlugin:80 - create IPUIPlugin
2024-03-25 16:56:47,544 [INFO] PluginManager:220 - loadIPPluginJar : add tim
2024-03-25 16:56:47,544 [INFO] IPUIPlugin:80 - create IPUIPlugin
2024-03-25 16:56:47,544 [INFO] PluginManager:220 - loadIPPluginJar : add touchsensing
2024-03-25 16:56:47,544 [INFO] IPUIPlugin:80 - create IPUIPlugin
2024-03-25 16:56:47,544 [INFO] PluginManager:220 - loadIPPluginJar : add tracer_emb
2024-03-25 16:56:47,544 [INFO] IPUIPlugin:80 - create IPUIPlugin
2024-03-25 16:56:47,544 [INFO] PluginManager:220 - loadIPPluginJar : add ts
2024-03-25 16:56:47,544 [INFO] IPUIPlugin:80 - create IPUIPlugin
2024-03-25 16:56:47,544 [INFO] PluginManager:220 - loadIPPluginJar : add tsc
2024-03-25 16:56:47,544 [INFO] IPUIPlugin:80 - create IPUIPlugin
2024-03-25 16:56:47,544 [INFO] PluginManager:220 - loadIPPluginJar : add ucpd
2024-03-25 16:56:47,560 [INFO] IPUIPlugin:80 - create IPUIPlugin
2024-03-25 16:56:47,560 [INFO] PluginManager:220 - loadIPPluginJar : add usart
2024-03-25 16:56:47,560 [INFO] IPUIPlugin:80 - create IPUIPlugin
2024-03-25 16:56:47,560 [INFO] PluginManager:220 - loadIPPluginJar : add usbx
2024-03-25 16:56:47,685 [INFO] CADModel:165 - CPN selected for project level
2024-03-25 16:56:47,685 [INFO] CADModel:114 - Register for checkConnection events
2024-03-25 16:56:47,685 [FATAL] Updater:308 - Updater called before beeing initialized
2024-03-25 16:56:47,685 [ERROR] CADModel:125 - Updater not yet initialized, retry later 
2024-03-25 16:56:47,825 [INFO] CADModel:165 - CPN selected for project level
2024-03-25 16:56:47,825 [INFO] CADModel:114 - Register for checkConnection events
2024-03-25 16:56:47,825 [FATAL] Updater:308 - Updater called before beeing initialized
2024-03-25 16:56:47,825 [ERROR] CADModel:125 - Updater not yet initialized, retry later 
2024-03-25 16:56:47,825 [FATAL] Updater:308 - Updater called before beeing initialized
2024-03-25 16:56:47,919 [FATAL] Updater:308 - Updater called before beeing initialized
2024-03-25 16:56:47,934 [INFO] DbMcusAds:53 - JSON generation date=Wed Nov 29 12:52:27 EET 2023 (1701255147349)
2024-03-25 16:56:47,934 [FATAL] Updater:308 - Updater called before beeing initialized
2024-03-25 16:56:47,966 [WARN] DetailPanel:346 - Failed to get advertising image, set to default
2024-03-25 16:56:48,044 [FATAL] Updater:308 - Updater called before beeing initialized
2024-03-25 16:56:48,060 [FATAL] Updater:308 - Updater called before beeing initialized
2024-03-25 16:56:48,060 [FATAL] Updater:308 - Updater called before beeing initialized
2024-03-25 16:56:48,060 [WARN] DetailPanel:346 - Failed to get advertising image, set to default
2024-03-25 16:56:48,060 [FATAL] Updater:308 - Updater called before beeing initialized
2024-03-25 16:56:48,105 [ERROR] Updater:1120 - MainUpdater not yet initialized. External WinMGr cannot be set.
2024-03-25 16:56:48,105 [INFO] Updater:1056 - Updater Version found : 6.10.0
2024-03-25 16:56:48,121 [INFO] ApplicationProperties:184 - Using Application install path: C:\ST\STM32CubeIDE_1.14.1\STM32CubeIDE\plugins\com.st.stm32cube.common.mx_6.10.0.202311202037
2024-03-25 16:56:49,720 [ERROR] LogOutputStream:75 - [STDERR_REDIRECT] Mar 25, 2024 4:56:49 PM java.util.prefs.WindowsPreferences <init>
2024-03-25 16:56:49,720 [ERROR] LogOutputStream:75 - [STDERR_REDIRECT] WARNING: Could not open/create prefs root node Software\JavaSoft\Prefs at root 0xffffffff80000002. Windows RegCreateKeyEx(...) returned error code 5.
2024-03-25 16:56:49,720 [ERROR] LogOutputStream:75 - [STDERR_REDIRECT] 
2024-03-25 16:56:49,924 [INFO] ThirdPartyUpdaterWithRetryManager:70 - Updater plugin not ready yet. [2/15]
2024-03-25 16:56:50,096 [INFO] MainUpdater:2873 - connection check result : 10
2024-03-25 16:56:50,096 [INFO] MainUpdater:290 - Updater Check For Update Now.
2024-03-25 16:56:50,096 [INFO] MicroXplorer:498 - Change Database Version : DB.6.0.100
2024-03-25 16:56:50,096 [INFO] McuFinderGlobals:63 - Set McuFinder mode to 2 (CubeIDE integrated)
2024-03-25 16:56:50,273 [INFO] CheckServerUpdateThread:120 - End of CheckServer Thread
2024-03-25 16:56:50,486 [INFO] UserAuth:404 - Internet connection configuration mode: 1
2024-03-25 16:56:50,517 [INFO] JxBrowserEngine:152 - Initiate JxBrowser Engine with user profile folder
2024-03-25 16:56:51,789 [INFO] WebApp:161 - Instantiating new browser for Auth
2024-03-25 16:56:52,341 [INFO] WebApp:780 - Register for checkConnection events
2024-03-25 16:56:52,341 [INFO] WebApp:414 - Apply proxy settings
2024-03-25 16:56:52,341 [INFO] WebApp:499 - Chromium requires no authentication
2024-03-25 16:56:52,362 [INFO] WebApp:442 - Direct internet connection detected
2024-03-25 16:56:52,548 [INFO] WebApp:192 - Starting web application
2024-03-25 16:56:52,548 [INFO] WebApp:544 - Web application path used C:\ST\STM32CubeIDE_1.14.1\STM32CubeIDE\plugins\com.st.stm32cube.common.mx_6.10.0.202311202037\db\plugins\mcufinder\reactClient1\index.html
2024-03-25 16:56:53,150 [WARN] PackLoader:240 - Cannot read IP mode file for STMicroelectronics.X-CUBE-SMBUS.2.1.0
2024-03-25 16:56:53,162 [WARN] PackLoader:240 - Cannot read IP mode file for STMicroelectronics.X-CUBE-TOUCHGFX.4.23.0
2024-03-25 16:56:53,195 [WARN] PackLoader:240 - Cannot read IP mode file for STMicroelectronics.X-CUBE-AZRTOS-F7.1.1.0
2024-03-25 16:56:53,208 [WARN] PackLoader:240 - Cannot read IP mode file for STMicroelectronics.FP-SNS-MOTENV1.4.3.2
2024-03-25 16:56:53,216 [WARN] PackLoader:240 - Cannot read IP mode file for STMicroelectronics.FP-SNS-FLIGHT1.5.0.2
2024-03-25 16:56:53,227 [WARN] PackLoader:240 - Cannot read IP mode file for STMicroelectronics.X-CUBE-DISPLAY.3.0.0
2024-03-25 16:56:53,242 [WARN] PackLoader:240 - Cannot read IP mode file for STMicroelectronics.X-CUBE-BLE1.7.0.0
2024-03-25 16:56:53,248 [WARN] PackLoader:240 - Cannot read IP mode file for emotas.I-CUBE-CANOPEN.1.3.0
2024-03-25 16:56:53,259 [WARN] PackLoader:240 - Cannot read IP mode file for STMicroelectronics.X-CUBE-BLEMGR.3.1.0
2024-03-25 16:56:53,268 [WARN] PackLoader:240 - Cannot read IP mode file for STMicroelectronics.FP-SNS-SMARTAG2.1.2.0
2024-03-25 16:56:53,281 [INFO] LogOutputStream:77 - [STDOUT_REDIRECT] 1 : Invalid condition id : UX_CORESTACK_Condition cause : null
2024-03-25 16:56:53,282 [INFO] LogOutputStream:77 - [STDOUT_REDIRECT] 1 : Invalid condition id : UX_CORESTACK_Condition cause : null
2024-03-25 16:56:53,283 [INFO] LogOutputStream:77 - [STDOUT_REDIRECT] 1 : Invalid condition id : UX_CORESTACK_Condition cause : null
2024-03-25 16:56:53,284 [INFO] LogOutputStream:77 - [STDOUT_REDIRECT] 1 : Invalid condition id : UX_CORESTACK_Condition cause : null
2024-03-25 16:56:53,285 [INFO] LogOutputStream:77 - [STDOUT_REDIRECT] 1 : Invalid condition id : UX_CORESTACK_Condition cause : null
2024-03-25 16:56:53,289 [WARN] PackLoader:240 - Cannot read IP mode file for STMicroelectronics.X-CUBE-AZRTOS-WL.2.0.0
2024-03-25 16:56:53,297 [WARN] PackLoader:240 - Cannot read IP mode file for WES.I-CUBE-Cesium.1.3.0
2024-03-25 16:56:53,302 [WARN] PackLoader:240 - Cannot read IP mode file for STMicroelectronics.X-CUBE-BLE2.3.3.0
2024-03-25 16:56:53,310 [WARN] PackLoader:240 - Cannot read IP mode file for STMicroelectronics.X-CUBE-ALGOBUILD.1.3.0
2024-03-25 16:56:53,327 [WARN] PackLoader:240 - Cannot read IP mode file for STMicroelectronics.X-CUBE-AZRTOS-G0.1.1.0
2024-03-25 16:56:53,333 [WARN] PackLoader:240 - Cannot read IP mode file for STMicroelectronics.X-CUBE-NFC4.3.0.0
2024-03-25 16:56:53,344 [WARN] PackLoader:240 - Cannot read IP mode file for STMicroelectronics.X-CUBE-BLEMGR.3.0.0
2024-03-25 16:56:53,350 [WARN] PackLoader:240 - Cannot read IP mode file for STMicroelectronics.FP-ATR-SIGFOX1.3.2.0
2024-03-25 16:56:53,355 [WARN] PackLoader:240 - Cannot read IP mode file for STMicroelectronics.X-CUBE-EEPRMA1.5.1.0
2024-03-25 16:56:53,386 [WARN] PackLoader:240 - Cannot read IP mode file for SEGGER.I-CUBE-embOS.1.3.1
2024-03-25 16:56:53,435 [WARN] PackLoader:240 - Cannot read IP mode file for STMicroelectronics.X-CUBE-GNSS1.6.0.0
2024-03-25 16:56:53,450 [WARN] PackLoader:240 - Cannot read IP mode file for STMicroelectronics.X-CUBE-AZRTOS-F4.1.1.0
2024-03-25 16:56:53,459 [WARN] PackLoader:240 - Cannot read IP mode file for wolfSSL.I-CUBE-wolfSSL.5.6.6
2024-03-25 16:56:53,476 [WARN] PackLoader:240 - Cannot read IP mode file for STMicroelectronics.X-CUBE-AZRTOS-L5.2.0.0
2024-03-25 16:56:53,485 [WARN] PackLoader:240 - Cannot read IP mode file for STMicroelectronics.X-CUBE-NFC6.3.1.0
2024-03-25 16:56:53,494 [WARN] PackLoader:240 - Cannot read IP mode file for ITTIA_DB.I-CUBE-ITTIADB.8.8.0
2024-03-25 16:56:53,499 [WARN] PackLoader:240 - Cannot read IP mode file for STMicroelectronics.X-CUBE-NFC7.1.0.1
2024-03-25 16:56:53,507 [WARN] PackLoader:240 - Cannot read IP mode file for STMicroelectronics.X-CUBE-NFC6.3.0.0
2024-03-25 16:56:53,514 [WARN] PackLoader:240 - Cannot read IP mode file for STMicroelectronics.X-CUBE-AI.8.1.0
2024-03-25 16:56:53,533 [WARN] ConditionMgr:438 - getConditionDescription Invalid condition id : LAN8742 Phy interface Condition cause : null
2024-03-25 16:56:53,534 [WARN] PackLoader:240 - Cannot read IP mode file for STMicroelectronics.X-CUBE-AZRTOS-L4.2.0.0
2024-03-25 16:56:53,535 [WARN] ConditionMgr:1039 - genDependencies : Invalid condition id : LAN8742 Phy interface Condition cause : null
2024-03-25 16:56:53,536 [WARN] ConditionMgr:1039 - genDependencies : Invalid condition id : LAN8742 Phy interface Condition cause : null
2024-03-25 16:56:53,536 [WARN] ConditionMgr:1039 - genDependencies : Invalid condition id : LAN8742 Phy interface Condition cause : null
2024-03-25 16:56:53,543 [WARN] PackLoader:240 - Cannot read IP mode file for STMicroelectronics.X-CUBE-SFXS2LP1.4.0.0
2024-03-25 16:56:53,558 [WARN] ConditionMgr:438 - getConditionDescription Invalid condition id : UX DEVICE CLASS RTOS Condition cause : null
2024-03-25 16:56:53,558 [WARN] ConditionMgr:438 - getConditionDescription Invalid condition id : UX DEVICE CLASS RTOS Condition cause : null
2024-03-25 16:56:53,561 [WARN] PackLoader:240 - Cannot read IP mode file for STMicroelectronics.X-CUBE-AZRTOS-WB.2.0.0
2024-03-25 16:56:53,561 [WARN] ConditionMgr:1039 - genDependencies : Invalid condition id : UX DEVICE CLASS RTOS Condition cause : null
2024-03-25 16:56:53,561 [WARN] ConditionMgr:1039 - genDependencies : Invalid condition id : UX DEVICE CLASS RTOS Condition cause : null
2024-03-25 16:56:53,562 [WARN] ConditionMgr:1039 - genDependencies : Invalid condition id : UX DEVICE CLASS RTOS Condition cause : null
2024-03-25 16:56:53,562 [WARN] ConditionMgr:1039 - genDependencies : Invalid condition id : UX DEVICE CLASS RTOS Condition cause : null
2024-03-25 16:56:53,562 [WARN] ConditionMgr:1039 - genDependencies : Invalid condition id : UX DEVICE CLASS RTOS Condition cause : null
2024-03-25 16:56:53,574 [WARN] PackLoader:240 - Cannot read IP mode file for STMicroelectronics.X-CUBE-SUBG2.5.0.0
2024-03-25 16:56:53,598 [WARN] PackLoader:240 - Cannot read IP mode file for STMicroelectronics.X-CUBE-AZRTOS-G4.2.0.0
2024-03-25 16:56:53,615 [WARN] PackLoader:240 - Cannot read IP mode file for Infineon.AIROC-Wi-Fi-Bluetooth-STM32.1.5.1
2024-03-25 16:56:53,626 [WARN] PackLoader:240 - Cannot read IP mode file for STMicroelectronics.FP-SNS-MOTENVWB1.1.3.1
2024-03-25 16:56:53,632 [WARN] PackLoader:240 - Cannot read IP mode file for STMicroelectronics.X-CUBE-ISPU.2.0.0
2024-03-25 16:56:53,697 [WARN] PackLoader:240 - Cannot read IP mode file for STMicroelectronics.X-CUBE-MEMS1.10.0.0
2024-03-25 16:56:53,885 [WARN] PackLoader:240 - Cannot read IP mode file for STMicroelectronics.X-CUBE-FREERTOS.1.1.0
2024-03-25 16:56:53,891 [WARN] PackLoader:240 - Cannot read IP mode file for portGmbH.I-Cube-SoM-uGOAL.1.1.0
2024-03-25 16:56:53,895 [WARN] PackLoader:240 - Cannot read IP mode file for STMicroelectronics.X-CUBE-ALS.1.0.1
2024-03-25 16:56:53,898 [WARN] PackLoader:240 - Cannot read IP mode file for STMicroelectronics.FP-ATR-ASTRA1.2.0.0
2024-03-25 16:56:53,911 [WARN] PackLoader:240 - Cannot read IP mode file for STMicroelectronics.X-CUBE-TOF1.3.4.0
2024-03-25 16:56:53,944 [WARN] PackLoader:240 - Cannot read IP mode file for STMicroelectronics.X-CUBE-TOF1.3.4.1
2024-03-25 16:56:53,978 [WARN] PackLoader:240 - Cannot read IP mode file for STMicroelectronics.X-CUBE-AZRTOS-H7.3.2.0
2024-03-25 16:56:53,980 [INFO] ThirdParty:978 - Integrity check success = true
2024-03-25 16:56:53,980 [INFO] IntegrityCheckThread:100 - exiting critical section [integrity check]
2024-03-25 16:56:53,980 [INFO] IntegrityCheckThread:103 - End integrity checks thread
2024-03-25 16:57:13,169 [ERROR] LogOutputStream:75 - [STDERR_REDIRECT] SLF4J: Failed to load class "org.slf4j.impl.StaticLoggerBinder".
2024-03-25 16:57:13,169 [ERROR] LogOutputStream:75 - [STDERR_REDIRECT] SLF4J: Defaulting to no-operation (NOP) logger implementation
2024-03-25 16:57:13,169 [ERROR] LogOutputStream:75 - [STDERR_REDIRECT] SLF4J: See http://www.slf4j.org/codes.html#StaticLoggerBinder for further details.
2024-03-25 19:53:03,238 [INFO] McuFinderGlobals:63 - Set McuFinder mode to 2 (CubeIDE integrated)
2024-03-25 19:53:03,243 [INFO] MainUpdater:2873 - connection check result : 10
2024-03-25 19:53:03,500 [INFO] ApiDb:581 - Connected to CubeFinder SQLite database (C:\Users\Maydoum\.stmcufinder\plugins\mcufinder\mcu\cube-finder-db.db)
2024-03-25 19:53:03,586 [INFO] ApiDb:668 - CubeFinder database Data Model version=2.1
2024-03-25 19:53:03,586 [INFO] ApiDb:669 - CubeFinder database Configuration version=3.0.39
2024-03-25 19:53:03,587 [INFO] ApiDb:670 - CubeFinder database generation date=2024-03-01 (1709305525)
2024-03-25 19:53:03,587 [INFO] ApiDb:671 - CubeFinder database FW Pack versions=[FP-ATR-ASTRA1_V2.0.0, FP-SNS-FLIGHT1_V5.0.1, FP-SNS-FLIGHT1_V5.0.2, FP-SNS-MOTENV1_V4.3.1, FP-SNS-MOTENV1_V4.3.2, FP-SNS-MOTENVWB1_V1.3.1, FP-SNS-SMARTAG2_V1.2.0, STM32Cube_FW_C0_V1.1.0, STM32Cube_FW_F4_V1.28.0, STM32Cube_FW_F7_V1.17.0, STM32Cube_FW_G0_V1.6.2, STM32Cube_FW_G4_V1.5.2, STM32Cube_FW_H5_V0.5.1, STM32Cube_FW_H5_V1.1.1, STM32Cube_FW_H5_V1.2.0, STM32Cube_FW_H5_V1.2.0RC4, STM32Cube_FW_H7RS_V1.0.0, STM32Cube_FW_H7RS_V1.0.0RC4, STM32Cube_FW_H7_V1.11.0, STM32Cube_FW_L0_V1.12.2, STM32Cube_FW_L5_V1.5.1, STM32Cube_FW_U0_V1.0.0, STM32Cube_FW_U0_V1.0.0RC1, STM32Cube_FW_U5_V1.3.0RC4, STM32Cube_FW_U5_V1.5.0, STM32Cube_FW_U5_V1.5.0RC1, STM32Cube_FW_WBA_V1.0.0RC1, STM32Cube_FW_WBA_V1.2.0, STM32Cube_FW_WBA_V1.2.0RC2, STM32Cube_FW_WBA_V1.3.0, STM32Cube_FW_WBA_V1.3.0RC1, STM32Cube_FW_WB_V1.15.0RC1, STM32Cube_FW_WB_V1.16.0, STM32Cube_FW_WB_V1.16.0RC2, STM32Cube_FW_WB_V1.18.0, STM32Cube_FW_WB_V1.19.0, STM32Cube_FW_WL_V1.3.0, X-CUBE-ALGOBUILD_V1.3.0, X-CUBE-ALS_V1.0.1, X-CUBE-AZRTOS-F4_V1.1.0, X-CUBE-AZRTOS-F7_V1.1.0, X-CUBE-AZRTOS-G0_V1.1.0, X-CUBE-AZRTOS-G4_V2.0.0, X-CUBE-AZRTOS-H7_V3.2.0, X-CUBE-AZRTOS-L4_V1.0.0, X-CUBE-AZRTOS-L4_V2.0.0, X-CUBE-AZRTOS-L5_V1.1.0, X-CUBE-AZRTOS-WB_V2.0.0, X-CUBE-AZRTOS-WL_V2.0.0, X-CUBE-BLE1_V7.0.0, X-CUBE-BLE2_V3.3.0, X-CUBE-BLEMGR_V3.1.0, X-CUBE-EEPRMA1_V4.1.0, X-CUBE-EEPRMA1_V5.1.0, X-CUBE-FREERTOS_V1.1.0, X-CUBE-GNSS1_V6.0.0, X-CUBE-MEMS1_V10.0.0, X-CUBE-MEMS1_V9.1.0, X-CUBE-MEMS1_V9.4.0, X-CUBE-MEMS1_V9.6.0, X-CUBE-NFC4_V3.0.0, X-CUBE-NFC7_V1.0.1, X-CUBE-SFXS2LP1_V4.0.0, X-CUBE-SUBG2_V5.0.0, X-CUBE-TOF1_V3.4.0]
2024-03-25 19:53:03,708 [INFO] DbBoardsSqlite:226 - include board P-NUCLEO-WB55-NUCLEO as a kit item of type 'Nucleo-64'
2024-03-25 19:53:03,709 [INFO] DbBoardsSqlite:226 - include board P-NUCLEO-WB55-USBDONGLE as a kit item of type 'Nucleo USB Dongle'
2024-03-25 19:53:03,709 [INFO] DbBoardsSqlite:226 - include board STEVAL-IDP005V1 as a kit item of type 'Evaluation Board'
2024-03-25 19:53:03,710 [INFO] DbBoardsSqlite:226 - include board STEVAL-IDP005V2 as a kit item of type 'Evaluation Board'
2024-03-25 19:53:04,058 [INFO] ApiDb:240 - Found 371 in-development CPN: [B-G473E-ZEST1S, B-WB1M-WPAN1, B-WL5M-SUBG1, NUCLEO-C031C6, NUCLEO-H503RB, NUCLEO-H563ZI, NUCLEO-U545RE-Q, NUCLEO-U5A5ZJ-Q, NUCLEO-WBA52CG, NUCLEO-WBA55CG, STEVAL-MKBOXPRO, STEVAL-PROTEUS1, STEVAL-STWINBX1, STM320518-EVAL, STM32C0116-DK, STM32C011D6Y3TR, STM32C011D6Y6TR, STM32C011F4P3, STM32C011F4P6, STM32C011F4U3, STM32C011F4U6TR, STM32C011F6P3, STM32C011F6P6, STM32C011F6U3, STM32C011F6U6TR, STM32C011J4M3, STM32C011J4M6, STM32C011J6M3, STM32C011J6M6, STM32C0316-DK, STM32C031C4T3, STM32C031C4T6, STM32C031C4U3, STM32C031C4U6, STM32C031C6T3, STM32C031C6T6, STM32C031C6U3, STM32C031C6U6, STM32C031F4P3, STM32C031F4P6, STM32C031F6P3, STM32C031F6P6, STM32C031G4U3, STM32C031G4U6, STM32C031G6U3, STM32C031G6U6, STM32C031K4T3, STM32C031K4T6, STM32C031K4U3, STM32C031K4U6, STM32C031K6T3, STM32C031K6T6, STM32C031K6U3, STM32C031K6U6, STM32G071K8TXN, STM32G071K8UXN, STM32G081GBU6N, STM32G081KBT6N, STM32G081KBUXN, STM32G0B1CCT6N, STM32G0B1KCT6, STM32G0B1NEY6TR, STM32G0B1RCT6N, STM32G0C1CCT6, STM32G0C1CCT6N, STM32G0C1CCU6N, STM32G0C1CET6N, STM32G0C1CEU6N, STM32G0C1KCT6, STM32G0C1NEY6TR, STM32G0C1RCI6N, STM32G0C1RCT6N, STM32G0C1REI6N, STM32G0C1RET6N, STM32G0C1VCI6, STM32G0C1VEI6, STM32G471CCT6, STM32G471CCU6, STM32G471CET3, STM32G471CET6, STM32G471CEU3, STM32G471CEU6, STM32G471MCT6, STM32G471MET3, STM32G471MET6, STM32G471MEY6TR, STM32G471QCT6, STM32G471QET3, STM32G471RCT6, STM32G471RET3, STM32G471RET6, STM32G471VCH6, STM32G471VCI6, STM32G471VCT6, STM32G471VEH3, STM32G471VEH6, STM32G471VEI3, STM32G471VEI6, STM32G471VET3, STM32G471VET6, STM32G474CCT6, STM32H503CBT6, STM32H503CBU6, STM32H503EBY6TR, STM32H503KBU6, STM32H503RBT6, STM32H562AGI6, STM32H562AII6, STM32H562IGK6, STM32H562IGT6, STM32H562IIK6, STM32H562IIT6, STM32H562RGT6, STM32H562RGV6, STM32H562RIT6, STM32H562RIV6, STM32H562VGT6, STM32H562VIT6, STM32H562ZGT6, STM32H562ZIT6, STM32H563AGI6, STM32H563AII3Q, STM32H563AII6, STM32H563IGK6, STM32H563IGT6, STM32H563IIK3Q, STM32H563IIK6, STM32H563IIT3Q, STM32H563IIT6, STM32H563MIY3QTR, STM32H563RGT6, STM32H563RGV6, STM32H563RIT6, STM32H563RIV6, STM32H563VGT6, STM32H563VIT3Q, STM32H563VIT6, STM32H563ZGT6, STM32H563ZIT3Q, STM32H563ZIT6, STM32H573AII3Q, STM32H573AII6, STM32H573I-DK, STM32H573IIK3Q, STM32H573IIK6, STM32H573IIT3Q, STM32H573IIT6, STM32H573MIY3QTR, STM32H573RIT6, STM32H573RIV6, STM32H573VIT3Q, STM32H573VIT6, STM32H573ZIT3Q, STM32H573ZIT6, STM32L4R5QGI6STR, STM32MP131AAE3, STM32MP131AAF3, STM32MP131AAG3, STM32MP131CAE3, STM32MP131CAF3, STM32MP131CAG3, STM32MP131DAE7, STM32MP131DAF7, STM32MP131DAG7, STM32MP131FAE7, STM32MP131FAF7, STM32MP131FAG7, STM32MP133AAE3, STM32MP133AAF3, STM32MP133AAG3, STM32MP133CAE3, STM32MP133CAF3, STM32MP133CAG3, STM32MP133DAE7, STM32MP133DAF7, STM32MP133DAG7, STM32MP133FAE7, STM32MP133FAF7, STM32MP133FAG7, STM32MP135AAE3, STM32MP135AAF3, STM32MP135AAG3, STM32MP135CAE3, STM32MP135CAF3, STM32MP135CAG3, STM32MP135DAE7, STM32MP135DAF7, STM32MP135DAG7, STM32MP135F-DK, STM32MP135FAE7, STM32MP135FAF7, STM32MP135FAF7T, STM32MP135FAF7U, STM32MP135FAG7, STM32U535CBT6, STM32U535CBT6Q, STM32U535CBU6, STM32U535CBU6Q, STM32U535CCT6, STM32U535CCT6Q, STM32U535CCU6, STM32U535CCU6Q, STM32U535CET6, STM32U535CET6Q, STM32U535CEU6, STM32U535CEU6Q, STM32U535JEY6QTR, STM32U535NCY6QTR, STM32U535NEY6QTR, STM32U535RBI6, STM32U535RBI6Q, STM32U535RBT6, STM32U535RBT6Q, STM32U535RCI6, STM32U535RCI6Q, STM32U535RCT6, STM32U535RCT6Q, STM32U535REI6, STM32U535REI6Q, STM32U535RET6, STM32U535RET6Q, STM32U535VCI6, STM32U535VCI6Q, STM32U535VCT6, STM32U535VCT6Q, STM32U535VEI6, STM32U535VEI6Q, STM32U535VET6, STM32U535VET6Q, STM32U545CET6, STM32U545CET6Q, STM32U545CEU6, STM32U545CEU6Q, STM32U545JEY6QTR, STM32U545NEY6QTR, STM32U545REI6, STM32U545REI6Q, STM32U545RET6, STM32U545RET6Q, STM32U545VEI6, STM32U545VEI6Q, STM32U545VET6, STM32U545VET6Q, STM32U595AIH6, STM32U595AIH6Q, STM32U595AJH6, STM32U595AJH6Q, STM32U595QII6, STM32U595QII6Q, STM32U595QJI6, STM32U595QJI6Q, STM32U595RIT6, STM32U595RIT6Q, STM32U595RJT6, STM32U595RJT6Q, STM32U595VIT6, STM32U595VIT6Q, STM32U595VJT6, STM32U595VJT6Q, STM32U595ZIT6, STM32U595ZIT6Q, STM32U595ZIY6QTR, STM32U595ZJT6, STM32U595ZJT6Q, STM32U595ZJY6QTR, STM32U599BJY6QTR, STM32U599NIH6Q, STM32U599NJH6Q, STM32U599VIT6Q, STM32U599VJT6, STM32U599VJT6Q, STM32U599ZIT6Q, STM32U599ZIY6QTR, STM32U599ZJT6Q, STM32U599ZJY6QTR, STM32U5A5AJH6, STM32U5A5AJH6Q, STM32U5A5QJI6, STM32U5A5QJI6Q, STM32U5A5RJT6, STM32U5A5RJT6Q, STM32U5A5VJT6, STM32U5A5VJT6Q, STM32U5A5ZJT6, STM32U5A5ZJT6Q, STM32U5A5ZJY6QTR, STM32U5A9BJY6QTR, STM32U5A9J-DK, STM32U5A9NJH6Q, STM32U5A9VJT6Q, STM32U5A9ZJT6Q, STM32U5A9ZJY6QTR, STM32U5F7VIT6, STM32U5F7VIT6Q, STM32U5F7VJT6, STM32U5F7VJT6Q, STM32U5F9BJY6QTR, STM32U5F9NJH6Q, STM32U5F9VIT6Q, STM32U5F9VJT6Q, STM32U5F9ZIJ6QTR, STM32U5F9ZIT6Q, STM32U5F9ZJJ6QTR, STM32U5F9ZJT6Q, STM32U5G7VJT6, STM32U5G7VJT6Q, STM32U5G9BJY6QTR, STM32U5G9J-DK1, STM32U5G9J-DK2, STM32U5G9NJH6Q, STM32U5G9VJT6Q, STM32U5G9ZJJ6QTR, STM32U5G9ZJT6Q, STM32WB1MMCH6, STM32WBA50KEU6, STM32WBA50KEU6TR, STM32WBA50KGU6, STM32WBA50KGU6TR, STM32WBA52CEU6, STM32WBA52CEU6TR, STM32WBA52CEU7, STM32WBA52CEU7TR, STM32WBA52CGU6, STM32WBA52CGU6TR, STM32WBA52CGU6U, STM32WBA52CGU7, STM32WBA52CGU7TR, STM32WBA52KEU6, STM32WBA52KEU6TR, STM32WBA52KGU6, STM32WBA52KGU6TR, STM32WBA54CEU6, STM32WBA54CEU6TR, STM32WBA54CEU7, STM32WBA54CEU7TR, STM32WBA54CGU6, STM32WBA54CGU6TR, STM32WBA54CGU7, STM32WBA54CGU7TR, STM32WBA54KEU6, STM32WBA54KEU6TR, STM32WBA54KEU7, STM32WBA54KEU7TR, STM32WBA54KGU6, STM32WBA54KGU6TR, STM32WBA54KGU7, STM32WBA54KGU7TR, STM32WBA55CEU6, STM32WBA55CEU6TR, STM32WBA55CEU7, STM32WBA55CEU7TR, STM32WBA55CGU6, STM32WBA55CGU6TR, STM32WBA55CGU6U, STM32WBA55CGU7, STM32WBA55CGU7TR, STM32WBA55G-DK1, STM32WBA55HEF6, STM32WBA55HEF7, STM32WBA55HGF6, STM32WBA55HGF7, STM32WBA55UEI6, STM32WBA55UEI6TR, STM32WBA55UEI7, STM32WBA55UEI7TR, STM32WBA55UGI6, STM32WBA55UGI6TR, STM32WBA55UGI7, STM32WBA55UGI7TR, STM32WL5MOCH6, STM32WL5MOCH6TR]
2024-03-25 19:53:04,060 [INFO] ApiDb:668 - CubeFinder database Data Model version=2.1
2024-03-25 19:53:04,060 [INFO] ApiDb:669 - CubeFinder database Configuration version=3.0.39
2024-03-25 19:53:04,061 [INFO] ApiDb:670 - CubeFinder database generation date=2024-03-01 (1709305525)
2024-03-25 19:53:04,061 [INFO] ApiDb:671 - CubeFinder database FW Pack versions=[FP-ATR-ASTRA1_V2.0.0, FP-SNS-FLIGHT1_V5.0.1, FP-SNS-FLIGHT1_V5.0.2, FP-SNS-MOTENV1_V4.3.1, FP-SNS-MOTENV1_V4.3.2, FP-SNS-MOTENVWB1_V1.3.1, FP-SNS-SMARTAG2_V1.2.0, STM32Cube_FW_C0_V1.1.0, STM32Cube_FW_F4_V1.28.0, STM32Cube_FW_F7_V1.17.0, STM32Cube_FW_G0_V1.6.2, STM32Cube_FW_G4_V1.5.2, STM32Cube_FW_H5_V0.5.1, STM32Cube_FW_H5_V1.1.1, STM32Cube_FW_H5_V1.2.0, STM32Cube_FW_H5_V1.2.0RC4, STM32Cube_FW_H7RS_V1.0.0, STM32Cube_FW_H7RS_V1.0.0RC4, STM32Cube_FW_H7_V1.11.0, STM32Cube_FW_L0_V1.12.2, STM32Cube_FW_L5_V1.5.1, STM32Cube_FW_U0_V1.0.0, STM32Cube_FW_U0_V1.0.0RC1, STM32Cube_FW_U5_V1.3.0RC4, STM32Cube_FW_U5_V1.5.0, STM32Cube_FW_U5_V1.5.0RC1, STM32Cube_FW_WBA_V1.0.0RC1, STM32Cube_FW_WBA_V1.2.0, STM32Cube_FW_WBA_V1.2.0RC2, STM32Cube_FW_WBA_V1.3.0, STM32Cube_FW_WBA_V1.3.0RC1, STM32Cube_FW_WB_V1.15.0RC1, STM32Cube_FW_WB_V1.16.0, STM32Cube_FW_WB_V1.16.0RC2, STM32Cube_FW_WB_V1.18.0, STM32Cube_FW_WB_V1.19.0, STM32Cube_FW_WL_V1.3.0, X-CUBE-ALGOBUILD_V1.3.0, X-CUBE-ALS_V1.0.1, X-CUBE-AZRTOS-F4_V1.1.0, X-CUBE-AZRTOS-F7_V1.1.0, X-CUBE-AZRTOS-G0_V1.1.0, X-CUBE-AZRTOS-G4_V2.0.0, X-CUBE-AZRTOS-H7_V3.2.0, X-CUBE-AZRTOS-L4_V1.0.0, X-CUBE-AZRTOS-L4_V2.0.0, X-CUBE-AZRTOS-L5_V1.1.0, X-CUBE-AZRTOS-WB_V2.0.0, X-CUBE-AZRTOS-WL_V2.0.0, X-CUBE-BLE1_V7.0.0, X-CUBE-BLE2_V3.3.0, X-CUBE-BLEMGR_V3.1.0, X-CUBE-EEPRMA1_V4.1.0, X-CUBE-EEPRMA1_V5.1.0, X-CUBE-FREERTOS_V1.1.0, X-CUBE-GNSS1_V6.0.0, X-CUBE-MEMS1_V10.0.0, X-CUBE-MEMS1_V9.1.0, X-CUBE-MEMS1_V9.4.0, X-CUBE-MEMS1_V9.6.0, X-CUBE-NFC4_V3.0.0, X-CUBE-NFC7_V1.0.1, X-CUBE-SFXS2LP1_V4.0.0, X-CUBE-SUBG2_V5.0.0, X-CUBE-TOF1_V3.4.0]
2024-03-25 19:53:05,805 [INFO] ApiDb:240 - Found 371 in-development CPN: [B-G473E-ZEST1S, B-WB1M-WPAN1, B-WL5M-SUBG1, NUCLEO-C031C6, NUCLEO-H503RB, NUCLEO-H563ZI, NUCLEO-U545RE-Q, NUCLEO-U5A5ZJ-Q, NUCLEO-WBA52CG, NUCLEO-WBA55CG, STEVAL-MKBOXPRO, STEVAL-PROTEUS1, STEVAL-STWINBX1, STM320518-EVAL, STM32C0116-DK, STM32C011D6Y3TR, STM32C011D6Y6TR, STM32C011F4P3, STM32C011F4P6, STM32C011F4U3, STM32C011F4U6TR, STM32C011F6P3, STM32C011F6P6, STM32C011F6U3, STM32C011F6U6TR, STM32C011J4M3, STM32C011J4M6, STM32C011J6M3, STM32C011J6M6, STM32C0316-DK, STM32C031C4T3, STM32C031C4T6, STM32C031C4U3, STM32C031C4U6, STM32C031C6T3, STM32C031C6T6, STM32C031C6U3, STM32C031C6U6, STM32C031F4P3, STM32C031F4P6, STM32C031F6P3, STM32C031F6P6, STM32C031G4U3, STM32C031G4U6, STM32C031G6U3, STM32C031G6U6, STM32C031K4T3, STM32C031K4T6, STM32C031K4U3, STM32C031K4U6, STM32C031K6T3, STM32C031K6T6, STM32C031K6U3, STM32C031K6U6, STM32G071K8TXN, STM32G071K8UXN, STM32G081GBU6N, STM32G081KBT6N, STM32G081KBUXN, STM32G0B1CCT6N, STM32G0B1KCT6, STM32G0B1NEY6TR, STM32G0B1RCT6N, STM32G0C1CCT6, STM32G0C1CCT6N, STM32G0C1CCU6N, STM32G0C1CET6N, STM32G0C1CEU6N, STM32G0C1KCT6, STM32G0C1NEY6TR, STM32G0C1RCI6N, STM32G0C1RCT6N, STM32G0C1REI6N, STM32G0C1RET6N, STM32G0C1VCI6, STM32G0C1VEI6, STM32G471CCT6, STM32G471CCU6, STM32G471CET3, STM32G471CET6, STM32G471CEU3, STM32G471CEU6, STM32G471MCT6, STM32G471MET3, STM32G471MET6, STM32G471MEY6TR, STM32G471QCT6, STM32G471QET3, STM32G471RCT6, STM32G471RET3, STM32G471RET6, STM32G471VCH6, STM32G471VCI6, STM32G471VCT6, STM32G471VEH3, STM32G471VEH6, STM32G471VEI3, STM32G471VEI6, STM32G471VET3, STM32G471VET6, STM32G474CCT6, STM32H503CBT6, STM32H503CBU6, STM32H503EBY6TR, STM32H503KBU6, STM32H503RBT6, STM32H562AGI6, STM32H562AII6, STM32H562IGK6, STM32H562IGT6, STM32H562IIK6, STM32H562IIT6, STM32H562RGT6, STM32H562RGV6, STM32H562RIT6, STM32H562RIV6, STM32H562VGT6, STM32H562VIT6, STM32H562ZGT6, STM32H562ZIT6, STM32H563AGI6, STM32H563AII3Q, STM32H563AII6, STM32H563IGK6, STM32H563IGT6, STM32H563IIK3Q, STM32H563IIK6, STM32H563IIT3Q, STM32H563IIT6, STM32H563MIY3QTR, STM32H563RGT6, STM32H563RGV6, STM32H563RIT6, STM32H563RIV6, STM32H563VGT6, STM32H563VIT3Q, STM32H563VIT6, STM32H563ZGT6, STM32H563ZIT3Q, STM32H563ZIT6, STM32H573AII3Q, STM32H573AII6, STM32H573I-DK, STM32H573IIK3Q, STM32H573IIK6, STM32H573IIT3Q, STM32H573IIT6, STM32H573MIY3QTR, STM32H573RIT6, STM32H573RIV6, STM32H573VIT3Q, STM32H573VIT6, STM32H573ZIT3Q, STM32H573ZIT6, STM32L4R5QGI6STR, STM32MP131AAE3, STM32MP131AAF3, STM32MP131AAG3, STM32MP131CAE3, STM32MP131CAF3, STM32MP131CAG3, STM32MP131DAE7, STM32MP131DAF7, STM32MP131DAG7, STM32MP131FAE7, STM32MP131FAF7, STM32MP131FAG7, STM32MP133AAE3, STM32MP133AAF3, STM32MP133AAG3, STM32MP133CAE3, STM32MP133CAF3, STM32MP133CAG3, STM32MP133DAE7, STM32MP133DAF7, STM32MP133DAG7, STM32MP133FAE7, STM32MP133FAF7, STM32MP133FAG7, STM32MP135AAE3, STM32MP135AAF3, STM32MP135AAG3, STM32MP135CAE3, STM32MP135CAF3, STM32MP135CAG3, STM32MP135DAE7, STM32MP135DAF7, STM32MP135DAG7, STM32MP135F-DK, STM32MP135FAE7, STM32MP135FAF7, STM32MP135FAF7T, STM32MP135FAF7U, STM32MP135FAG7, STM32U535CBT6, STM32U535CBT6Q, STM32U535CBU6, STM32U535CBU6Q, STM32U535CCT6, STM32U535CCT6Q, STM32U535CCU6, STM32U535CCU6Q, STM32U535CET6, STM32U535CET6Q, STM32U535CEU6, STM32U535CEU6Q, STM32U535JEY6QTR, STM32U535NCY6QTR, STM32U535NEY6QTR, STM32U535RBI6, STM32U535RBI6Q, STM32U535RBT6, STM32U535RBT6Q, STM32U535RCI6, STM32U535RCI6Q, STM32U535RCT6, STM32U535RCT6Q, STM32U535REI6, STM32U535REI6Q, STM32U535RET6, STM32U535RET6Q, STM32U535VCI6, STM32U535VCI6Q, STM32U535VCT6, STM32U535VCT6Q, STM32U535VEI6, STM32U535VEI6Q, STM32U535VET6, STM32U535VET6Q, STM32U545CET6, STM32U545CET6Q, STM32U545CEU6, STM32U545CEU6Q, STM32U545JEY6QTR, STM32U545NEY6QTR, STM32U545REI6, STM32U545REI6Q, STM32U545RET6, STM32U545RET6Q, STM32U545VEI6, STM32U545VEI6Q, STM32U545VET6, STM32U545VET6Q, STM32U595AIH6, STM32U595AIH6Q, STM32U595AJH6, STM32U595AJH6Q, STM32U595QII6, STM32U595QII6Q, STM32U595QJI6, STM32U595QJI6Q, STM32U595RIT6, STM32U595RIT6Q, STM32U595RJT6, STM32U595RJT6Q, STM32U595VIT6, STM32U595VIT6Q, STM32U595VJT6, STM32U595VJT6Q, STM32U595ZIT6, STM32U595ZIT6Q, STM32U595ZIY6QTR, STM32U595ZJT6, STM32U595ZJT6Q, STM32U595ZJY6QTR, STM32U599BJY6QTR, STM32U599NIH6Q, STM32U599NJH6Q, STM32U599VIT6Q, STM32U599VJT6, STM32U599VJT6Q, STM32U599ZIT6Q, STM32U599ZIY6QTR, STM32U599ZJT6Q, STM32U599ZJY6QTR, STM32U5A5AJH6, STM32U5A5AJH6Q, STM32U5A5QJI6, STM32U5A5QJI6Q, STM32U5A5RJT6, STM32U5A5RJT6Q, STM32U5A5VJT6, STM32U5A5VJT6Q, STM32U5A5ZJT6, STM32U5A5ZJT6Q, STM32U5A5ZJY6QTR, STM32U5A9BJY6QTR, STM32U5A9J-DK, STM32U5A9NJH6Q, STM32U5A9VJT6Q, STM32U5A9ZJT6Q, STM32U5A9ZJY6QTR, STM32U5F7VIT6, STM32U5F7VIT6Q, STM32U5F7VJT6, STM32U5F7VJT6Q, STM32U5F9BJY6QTR, STM32U5F9NJH6Q, STM32U5F9VIT6Q, STM32U5F9VJT6Q, STM32U5F9ZIJ6QTR, STM32U5F9ZIT6Q, STM32U5F9ZJJ6QTR, STM32U5F9ZJT6Q, STM32U5G7VJT6, STM32U5G7VJT6Q, STM32U5G9BJY6QTR, STM32U5G9J-DK1, STM32U5G9J-DK2, STM32U5G9NJH6Q, STM32U5G9VJT6Q, STM32U5G9ZJJ6QTR, STM32U5G9ZJT6Q, STM32WB1MMCH6, STM32WBA50KEU6, STM32WBA50KEU6TR, STM32WBA50KGU6, STM32WBA50KGU6TR, STM32WBA52CEU6, STM32WBA52CEU6TR, STM32WBA52CEU7, STM32WBA52CEU7TR, STM32WBA52CGU6, STM32WBA52CGU6TR, STM32WBA52CGU6U, STM32WBA52CGU7, STM32WBA52CGU7TR, STM32WBA52KEU6, STM32WBA52KEU6TR, STM32WBA52KGU6, STM32WBA52KGU6TR, STM32WBA54CEU6, STM32WBA54CEU6TR, STM32WBA54CEU7, STM32WBA54CEU7TR, STM32WBA54CGU6, STM32WBA54CGU6TR, STM32WBA54CGU7, STM32WBA54CGU7TR, STM32WBA54KEU6, STM32WBA54KEU6TR, STM32WBA54KEU7, STM32WBA54KEU7TR, STM32WBA54KGU6, STM32WBA54KGU6TR, STM32WBA54KGU7, STM32WBA54KGU7TR, STM32WBA55CEU6, STM32WBA55CEU6TR, STM32WBA55CEU7, STM32WBA55CEU7TR, STM32WBA55CGU6, STM32WBA55CGU6TR, STM32WBA55CGU6U, STM32WBA55CGU7, STM32WBA55CGU7TR, STM32WBA55G-DK1, STM32WBA55HEF6, STM32WBA55HEF7, STM32WBA55HGF6, STM32WBA55HGF7, STM32WBA55UEI6, STM32WBA55UEI6TR, STM32WBA55UEI7, STM32WBA55UEI7TR, STM32WBA55UGI6, STM32WBA55UGI6TR, STM32WBA55UGI7, STM32WBA55UGI7TR, STM32WL5MOCH6, STM32WL5MOCH6TR]
2024-03-25 19:53:05,809 [INFO] DbMcus:218 - Found 3986 MCUs, 3986 are supported
2024-03-25 19:53:05,809 [INFO] ApiDb:423 - Load user favorites file C:\Users\Maydoum/.stm32cubeide/favorites.mcus.txt: 0 item(s)
2024-03-25 19:53:05,810 [INFO] ApiDb:427 - User favorites MCUs=[]
2024-03-25 19:53:05,810 [INFO] DbMcus:224 - Set 0 / 0 favorites MCUs
2024-03-25 19:53:06,243 [INFO] BoardInfo:889 - No configuration file found for board P-NUCLEO-WB55
2024-03-25 19:53:06,243 [INFO] DbBoards:161 - Kit is not supported: P-NUCLEO-WB55
2024-03-25 19:53:06,248 [INFO] BoardInfo:889 - No configuration file found for board STEVAL-BFA001V1B
2024-03-25 19:53:06,248 [INFO] DbBoards:161 - Kit is not supported: STEVAL-BFA001V1B
2024-03-25 19:53:06,249 [INFO] BoardInfo:889 - No configuration file found for board STEVAL-BFA001V2B
2024-03-25 19:53:06,249 [INFO] DbBoards:161 - Kit is not supported: STEVAL-BFA001V2B
2024-03-25 19:53:06,366 [INFO] DbBoards:168 - Found 193 boards, 190 are supported
2024-03-25 19:53:06,366 [INFO] DbBoards:169 - Found 193 boards, 3 of them is supported for  Bsp
2024-03-25 19:53:06,369 [INFO] ApiDb:414 - User favorites file not found: C:\Users\Maydoum/.stm32cubeide/favorites.boards.txt
2024-03-25 19:53:06,369 [INFO] DbBoards:198 - Set 0 / 0 favorites Boards
2024-03-25 19:53:06,369 [INFO] McuFinderGlobals:76 - Set McuFinderConnectedMode to true
2024-03-25 19:53:06,378 [INFO] MultiScanPanel:200 - Auto-refresh data requested => check proxy status ongoing
2024-03-25 19:53:06,380 [INFO] FinderPluginLoader:95 - Searching for filters in installed packs
2024-03-25 19:53:07,536 [INFO] LoadUrlFilesThread:185 - End of LoadServerUrlFiles without Thread
2024-03-25 19:53:07,548 [INFO] DetailPanel:341 - Set advertising image to C:/Users/Maydoum/STM32Cube/Repository/\en.prom-stm32wl3-mcu-finder.jpg
2024-03-25 19:53:36,348 [INFO] MainUpdater:2873 - connection check result : 10
2024-03-25 19:53:36,348 [INFO] MainUpdater:2873 - connection check result : 10
2024-03-25 19:53:36,368 [INFO] MicroXplorer:468 - Change Database Path : 
2024-03-25 19:53:36,368 [INFO] MicroXplorer:498 - Change Database Version : DB.6.0.100
2024-03-25 19:53:36,372 [WARN] ThirdParty:871 - waiting for thirdparty lock release [close project]
2024-03-25 19:53:36,372 [INFO] ThirdParty:873 - entering critical section [close project]
2024-03-25 19:53:36,373 [INFO] ThirdParty:883 - exiting critical section [close project]
2024-03-25 19:53:36,374 [INFO] PinOutPanel:1499 - setPackage(No Configuration,No Configuration)
2024-03-25 19:53:36,376 [INFO] UtilMem:75 - Begin LoadConfig() Used Memory: 872557904 Bytes (1073741824)
2024-03-25 19:53:36,377 [INFO] MicroXplorer:468 - Change Database Path : 
2024-03-25 19:53:36,377 [INFO] MicroXplorer:498 - Change Database Version : DB.6.0.100
2024-03-25 19:53:36,378 [INFO] OpenFileManager:312 - Change cursor
2024-03-25 19:53:36,414 [INFO] Mcu:2016 - Initializing MCU STM32F103C8Tx STM32F103C8Tx STM32F103C8T6
2024-03-25 19:53:37,348 [INFO] Context:659 - Trying to add GPIOservice into a context  which must be forbidden
2024-03-25 19:53:37,684 [INFO] ImportTextPane:194 - (OptionalMessage_ERROR) Unable to find key (Mcu.ThirdPartyNb) in loaded IOC file
2024-03-25 19:53:37,684 [INFO] ImportTextPane:194 - (OptionalMessage_ERROR) Unable to find key (Mcu.PinsNb) in loaded IOC file
2024-03-25 19:53:37,684 [INFO] ImportTextPane:194 - (OptionalMessage_ERROR) Unable to find key (Mcu.IPNb) in loaded IOC file
2024-03-25 19:53:37,763 [INFO] RtosManager:555 - Registered RTOS mode: class=CMSIS, group=RTOS, mode=CMSIS_V1, owner=FREERTOS
2024-03-25 19:53:37,763 [INFO] RtosManager:555 - Registered RTOS mode: class=CMSIS, group=RTOS2, mode=CMSIS_V2, owner=FREERTOS
2024-03-25 19:53:37,763 [INFO] RtosManager:555 - Registered RTOS mode: class=RTOS, group=Core, mode=CMSIS_V1, owner=FREERTOS
2024-03-25 19:53:37,763 [INFO] RtosManager:555 - Registered RTOS mode: class=RTOS, group=Core, mode=CMSIS_V2, owner=FREERTOS
2024-03-25 19:53:37,764 [WARN] ModelIntegratedComponent:184 - Missing modes for component STMicroelectronics:FreeRTOS:0.0.1:STMicroelectronics:RTOS:FreeRTOS:Core:::10.2.0:
2024-03-25 19:53:37,781 [WARN] ModelIntegratedComponent:63 - No mode defined for component null
2024-03-25 19:53:37,781 [WARN] ModelIntegratedComponent:63 - No mode defined for component null
2024-03-25 19:53:37,781 [WARN] ModelIntegratedComponent:63 - No mode defined for component null
2024-03-25 19:53:37,781 [WARN] ModelIntegratedComponent:63 - No mode defined for component null
2024-03-25 19:53:37,782 [WARN] ModelIntegratedComponent:63 - No mode defined for component null
2024-03-25 19:53:37,782 [WARN] ModelIntegratedComponent:63 - No mode defined for component null
2024-03-25 19:53:37,782 [WARN] ModelIntegratedComponent:63 - No mode defined for component null
2024-03-25 19:53:37,782 [WARN] ModelIntegratedComponent:63 - No mode defined for component null
2024-03-25 19:53:37,782 [WARN] ModelIntegratedComponent:63 - No mode defined for component null
2024-03-25 19:53:37,782 [WARN] ModelIntegratedComponent:63 - No mode defined for component null
2024-03-25 19:53:37,782 [WARN] ModelIntegratedComponent:63 - No mode defined for component null
2024-03-25 19:53:37,782 [WARN] ModelIntegratedComponent:63 - No mode defined for component null
2024-03-25 19:53:37,782 [WARN] ModelIntegratedComponent:63 - No mode defined for component null
2024-03-25 19:53:37,782 [WARN] ModelIntegratedComponent:63 - No mode defined for component null
2024-03-25 19:53:37,782 [WARN] ModelIntegratedComponent:63 - No mode defined for component null
2024-03-25 19:53:37,782 [WARN] ModelIntegratedComponent:63 - No mode defined for component null
2024-03-25 19:53:37,782 [WARN] ModelIntegratedComponent:63 - No mode defined for component null
2024-03-25 19:53:37,782 [WARN] ModelIntegratedComponent:63 - No mode defined for component null
2024-03-25 19:53:37,782 [WARN] ModelIntegratedComponent:63 - No mode defined for component null
2024-03-25 19:53:37,782 [WARN] ModelIntegratedComponent:63 - No mode defined for component null
2024-03-25 19:53:37,782 [WARN] ModelIntegratedComponent:63 - No mode defined for component null
2024-03-25 19:53:37,783 [WARN] ModelIntegratedComponent:63 - No mode defined for component null
2024-03-25 19:53:37,783 [WARN] ModelIntegratedComponent:63 - No mode defined for component null
2024-03-25 19:53:37,783 [WARN] ModelIntegratedComponent:63 - No mode defined for component null
2024-03-25 19:53:37,783 [WARN] ModelIntegratedComponent:63 - No mode defined for component null
2024-03-25 19:53:37,783 [WARN] ModelIntegratedComponent:63 - No mode defined for component null
2024-03-25 19:53:37,783 [WARN] ModelIntegratedComponent:63 - No mode defined for component null
2024-03-25 19:53:37,783 [WARN] ModelIntegratedComponent:63 - No mode defined for component null
2024-03-25 19:53:37,783 [WARN] ModelIntegratedComponent:63 - No mode defined for component null
2024-03-25 19:53:37,783 [WARN] ModelIntegratedComponent:63 - No mode defined for component null
2024-03-25 19:53:37,783 [WARN] ModelIntegratedComponent:63 - No mode defined for component null
2024-03-25 19:53:37,783 [WARN] ModelIntegratedComponent:63 - No mode defined for component null
2024-03-25 19:53:37,783 [WARN] ModelIntegratedComponent:63 - No mode defined for component null
2024-03-25 19:53:37,885 [INFO] ThirdPartyModel:298 - Start build external matchings
2024-03-25 19:53:38,292 [INFO] ThirdPartyModel:316 - End build external matchings
2024-03-25 19:53:38,480 [INFO] UtilMem:75 - End LoadConfig() Used Memory: 897809424 Bytes (1073741824)
2024-03-25 19:53:38,539 [INFO] MicroXplorer:468 - Change Database Path : 
2024-03-25 19:53:38,539 [INFO] MicroXplorer:498 - Change Database Version : DB.6.0.100
2024-03-25 19:53:38,539 [WARN] ThirdParty:833 - waiting for thirdparty lock release [change project]
2024-03-25 19:53:38,539 [INFO] ThirdParty:835 - entering critical section [change project]
2024-03-25 19:53:38,540 [INFO] ThirdParty:1030 - CMSIS Pack Vendor :STMicroelectronics USBPD 4.1
2024-03-25 19:53:38,540 [INFO] ThirdParty:1030 - CMSIS Pack Vendor :STMicroelectronics X-CUBE-GNSS1 6.0.0
2024-03-25 19:53:38,540 [INFO] ThirdParty:1030 - CMSIS Pack Vendor :STMicroelectronics USB_HOST 2.0.0
2024-03-25 19:53:38,540 [INFO] ThirdParty:1030 - CMSIS Pack Vendor :STMicroelectronics X-CUBE-AZRTOS-F4 1.1.0
2024-03-25 19:53:38,540 [INFO] ThirdParty:1030 - CMSIS Pack Vendor :STMicroelectronics LIBJPEG 8.0.0
2024-03-25 19:53:38,540 [INFO] ThirdParty:1030 - CMSIS Pack Vendor :STMicroelectronics X-CUBE-SMBUS 2.1.0
2024-03-25 19:53:38,540 [INFO] ThirdParty:1030 - CMSIS Pack Vendor :STMicroelectronics USB_DEVICE 3.0.0
2024-03-25 19:53:38,540 [INFO] ThirdParty:1030 - CMSIS Pack Vendor :STMicroelectronics X-CUBE-AZRTOS-WB 2.0.0
2024-03-25 19:53:38,540 [INFO] ThirdParty:1030 - CMSIS Pack Vendor :wolfSSL I-CUBE-wolfSSL 5.6.6
2024-03-25 19:53:38,540 [INFO] ThirdParty:1030 - CMSIS Pack Vendor :STMicroelectronics X-CUBE-TOUCHGFX 4.23.0
2024-03-25 19:53:38,540 [INFO] ThirdParty:1030 - CMSIS Pack Vendor :STMicroelectronics X-CUBE-AZRTOS-F7 1.1.0
2024-03-25 19:53:38,540 [INFO] ThirdParty:1030 - CMSIS Pack Vendor :STMicroelectronics X-CUBE-AZRTOS-L5 2.0.0
2024-03-25 19:53:38,540 [INFO] ThirdParty:1030 - CMSIS Pack Vendor :STMicroelectronics USB_DEVICE 2.0.0
2024-03-25 19:53:38,540 [INFO] ThirdParty:1030 - CMSIS Pack Vendor :STMicroelectronics X-CUBE-NFC6 3.1.0
2024-03-25 19:53:38,540 [INFO] ThirdParty:1030 - CMSIS Pack Vendor :ITTIA_DB I-CUBE-ITTIADB 8.8.0
2024-03-25 19:53:38,540 [INFO] ThirdParty:1030 - CMSIS Pack Vendor :STMicroelectronics FP-SNS-MOTENV1 4.3.2
2024-03-25 19:53:38,540 [INFO] ThirdParty:1030 - CMSIS Pack Vendor :STMicroelectronics X-CUBE-ALGOBUILD 1.3.0
2024-03-25 19:53:38,540 [INFO] ThirdParty:1030 - CMSIS Pack Vendor :STMicroelectronics FreeRTOS 0.0.1
2024-03-25 19:53:38,540 [INFO] ThirdParty:1030 - CMSIS Pack Vendor :STMicroelectronics X-CUBE-AZRTOS-G0 1.1.0
2024-03-25 19:53:38,541 [INFO] ThirdParty:1030 - CMSIS Pack Vendor :STMicroelectronics X-CUBE-NFC4 3.0.0
2024-03-25 19:53:38,541 [INFO] ThirdParty:1030 - CMSIS Pack Vendor :STMicroelectronics X-CUBE-SUBG2 5.0.0
2024-03-25 19:53:38,541 [INFO] ThirdParty:1030 - CMSIS Pack Vendor :STMicroelectronics STM32_WPAN 1.0.0
2024-03-25 19:53:38,541 [INFO] ThirdParty:1030 - CMSIS Pack Vendor :STMicroelectronics lwIP 2.0.3
2024-03-25 19:53:38,541 [INFO] ThirdParty:1030 - CMSIS Pack Vendor :STMicroelectronics FP-SNS-FLIGHT1 5.0.2
2024-03-25 19:53:38,541 [INFO] ThirdParty:1030 - CMSIS Pack Vendor :STMicroelectronics USB_HOST 1.0.0
2024-03-25 19:53:38,541 [INFO] ThirdParty:1030 - CMSIS Pack Vendor :STMicroelectronics X-CUBE-AZRTOS-G4 2.0.0
2024-03-25 19:53:38,541 [INFO] ThirdParty:1030 - CMSIS Pack Vendor :STMicroelectronics PDM2PCM 3.1.0
2024-03-25 19:53:38,541 [INFO] ThirdParty:1030 - CMSIS Pack Vendor :Infineon AIROC-Wi-Fi-Bluetooth-STM32 1.5.1
2024-03-25 19:53:38,541 [INFO] ThirdParty:1030 - CMSIS Pack Vendor :STMicroelectronics X-CUBE-BLEMGR 3.0.0
2024-03-25 19:53:38,541 [INFO] ThirdParty:1030 - CMSIS Pack Vendor :STMicroelectronics PDM2PCM 3.3.0
2024-03-25 19:53:38,541 [INFO] ThirdParty:1030 - CMSIS Pack Vendor :STMicroelectronics X-CUBE-DISPLAY 3.0.0
2024-03-25 19:53:38,541 [INFO] ThirdParty:1030 - CMSIS Pack Vendor :STMicroelectronics FP-SNS-MOTENVWB1 1.3.1
2024-03-25 19:53:38,541 [INFO] ThirdParty:1030 - CMSIS Pack Vendor :STMicroelectronics X-CUBE-BLE1 7.0.0
2024-03-25 19:53:38,541 [INFO] ThirdParty:1030 - CMSIS Pack Vendor :STMicroelectronics FP-ATR-SIGFOX1 3.2.0
2024-03-25 19:53:38,541 [INFO] ThirdParty:1030 - CMSIS Pack Vendor :STMicroelectronics X-CUBE-ISPU 2.0.0
2024-03-25 19:53:38,541 [INFO] ThirdParty:1030 - CMSIS Pack Vendor :STMicroelectronics X-CUBE-EEPRMA1 5.1.0
2024-03-25 19:53:38,541 [INFO] ThirdParty:1030 - CMSIS Pack Vendor :STMicroelectronics HAL Drivers 0.0.0
2024-03-25 19:53:38,542 [INFO] ThirdParty:1030 - CMSIS Pack Vendor :STMicroelectronics MBEDTLS 2.16.2
2024-03-25 19:53:38,542 [INFO] ThirdParty:1030 - CMSIS Pack Vendor :emotas I-CUBE-CANOPEN 1.3.0
2024-03-25 19:53:38,542 [INFO] ThirdParty:1030 - CMSIS Pack Vendor :STMicroelectronics X-CUBE-MEMS1 10.0.0
2024-03-25 19:53:38,542 [INFO] ThirdParty:1030 - CMSIS Pack Vendor :STMicroelectronics X-CUBE-FREERTOS 1.1.0
2024-03-25 19:53:38,542 [INFO] ThirdParty:1030 - CMSIS Pack Vendor :STMicroelectronics X-CUBE-NFC7 1.0.1
2024-03-25 19:53:38,542 [INFO] ThirdParty:1030 - CMSIS Pack Vendor :STMicroelectronics MBEDTLS 2.14.1
2024-03-25 19:53:38,542 [INFO] ThirdParty:1030 - CMSIS Pack Vendor :STMicroelectronics X-CUBE-NFC6 3.0.0
2024-03-25 19:53:38,542 [INFO] ThirdParty:1030 - CMSIS Pack Vendor :portGmbH I-Cube-SoM-uGOAL 1.1.0
2024-03-25 19:53:38,542 [INFO] ThirdParty:1030 - CMSIS Pack Vendor :STMicroelectronics X-CUBE-ALS 1.0.1
2024-03-25 19:53:38,542 [INFO] ThirdParty:1030 - CMSIS Pack Vendor :STMicroelectronics X-CUBE-BLEMGR 3.1.0
2024-03-25 19:53:38,542 [INFO] ThirdParty:1030 - CMSIS Pack Vendor :STMicroelectronics ThreadX 1.0.0
2024-03-25 19:53:38,542 [INFO] ThirdParty:1030 - CMSIS Pack Vendor :STMicroelectronics FP-SNS-SMARTAG2 1.2.0
2024-03-25 19:53:38,543 [INFO] ThirdParty:1030 - CMSIS Pack Vendor :STMicroelectronics X-CUBE-AZRTOS-WL 2.0.0
2024-03-25 19:53:38,543 [INFO] ThirdParty:1030 - CMSIS Pack Vendor :SEGGER I-CUBE-embOS 1.3.1
2024-03-25 19:53:38,543 [INFO] ThirdParty:1030 - CMSIS Pack Vendor :STMicroelectronics USB_DEVICE 1.0.0
2024-03-25 19:53:38,543 [INFO] ThirdParty:1030 - CMSIS Pack Vendor :STMicroelectronics X-CUBE-AI 8.1.0
2024-03-25 19:53:38,543 [INFO] ThirdParty:1030 - CMSIS Pack Vendor :STMicroelectronics X-CUBE-AZRTOS-L4 2.0.0
2024-03-25 19:53:38,544 [INFO] ThirdParty:1030 - CMSIS Pack Vendor :STMicroelectronics ThreadX 0.0.2
2024-03-25 19:53:38,544 [INFO] ThirdParty:1030 - CMSIS Pack Vendor :WES I-CUBE-Cesium 1.3.0
2024-03-25 19:53:38,544 [INFO] ThirdParty:1030 - CMSIS Pack Vendor :STMicroelectronics FP-ATR-ASTRA1 2.0.0
2024-03-25 19:53:38,544 [INFO] ThirdParty:1030 - CMSIS Pack Vendor :STMicroelectronics lwIP 2.1.2
2024-03-25 19:53:38,544 [INFO] ThirdParty:1030 - CMSIS Pack Vendor :STMicroelectronics X-CUBE-SFXS2LP1 4.0.0
2024-03-25 19:53:38,544 [INFO] ThirdParty:1030 - CMSIS Pack Vendor :STMicroelectronics X-CUBE-BLE2 3.3.0
2024-03-25 19:53:38,544 [INFO] ThirdParty:1030 - CMSIS Pack Vendor :STMicroelectronics X-CUBE-TOF1 3.4.0
2024-03-25 19:53:38,544 [INFO] ThirdParty:1030 - CMSIS Pack Vendor :STMicroelectronics X-CUBE-TOF1 3.4.1
2024-03-25 19:53:38,544 [INFO] ThirdParty:1030 - CMSIS Pack Vendor :STMicroelectronics X-CUBE-AZRTOS-H7 3.2.0
2024-03-25 19:53:38,544 [INFO] ThirdParty:1030 - CMSIS Pack Vendor :STMicroelectronics PDM2PCM 3.2.0
2024-03-25 19:53:38,545 [INFO] ThirdParty:841 - exiting critical section [change project]
2024-03-25 19:53:38,770 [INFO] PinOutPanel:1499 - setPackage(No Configuration,No Configuration)
2024-03-25 19:53:38,771 [INFO] PinOutPanel:1499 - setPackage(STM32F103C8Tx,LQFP48)
2024-03-25 19:53:39,219 [INFO] UtilMem:75 - Before build in PCC Used Memory: 679497408 Bytes (1073741824)
2024-03-25 19:53:40,022 [INFO] UtilMem:75 - After build in PCC Used Memory: 744509120 Bytes (1073741824)
2024-03-25 19:53:40,041 [INFO] IPUIPlugin:80 - create IPUIPlugin
2024-03-25 19:53:40,041 [INFO] IPUIPlugin:80 - create IPUIPlugin
2024-03-25 19:53:40,041 [INFO] IPUIPlugin:80 - create IPUIPlugin
2024-03-25 19:53:40,041 [INFO] IPUIPlugin:80 - create IPUIPlugin
2024-03-25 19:53:40,041 [INFO] IPUIPlugin:80 - create IPUIPlugin
2024-03-25 19:53:40,041 [INFO] IPUIPlugin:80 - create IPUIPlugin
2024-03-25 19:53:40,041 [INFO] IPUIPlugin:80 - create IPUIPlugin
2024-03-25 19:53:40,041 [INFO] IPUIPlugin:80 - create IPUIPlugin
2024-03-25 19:53:40,042 [INFO] IPUIPlugin:80 - create IPUIPlugin
2024-03-25 19:53:40,042 [INFO] IPUIPlugin:80 - create IPUIPlugin
2024-03-25 19:53:40,042 [INFO] IPUIPlugin:80 - create IPUIPlugin
2024-03-25 19:53:40,042 [INFO] IPUIPlugin:80 - create IPUIPlugin
2024-03-25 19:53:40,042 [INFO] IPUIPlugin:80 - create IPUIPlugin
2024-03-25 19:53:40,042 [INFO] IPUIPlugin:80 - create IPUIPlugin
2024-03-25 19:53:40,043 [INFO] IPUIPlugin:80 - create IPUIPlugin
2024-03-25 19:53:40,043 [INFO] IPUIPlugin:80 - create IPUIPlugin
2024-03-25 19:53:40,043 [INFO] IPUIPlugin:80 - create IPUIPlugin
2024-03-25 19:53:40,043 [INFO] IPUIPlugin:80 - create IPUIPlugin
2024-03-25 19:53:40,043 [INFO] IPUIPlugin:80 - create IPUIPlugin
2024-03-25 19:53:40,043 [INFO] IPUIPlugin:80 - create IPUIPlugin
2024-03-25 19:53:40,044 [INFO] IPUIPlugin:80 - create IPUIPlugin
2024-03-25 19:53:40,044 [INFO] IPUIPlugin:80 - create IPUIPlugin
2024-03-25 19:53:40,044 [INFO] IPUIPlugin:80 - create IPUIPlugin
2024-03-25 19:53:40,044 [INFO] IPUIPlugin:80 - create IPUIPlugin
2024-03-25 19:53:40,044 [INFO] IPUIPlugin:80 - create IPUIPlugin
2024-03-25 19:53:40,044 [INFO] IPUIPlugin:80 - create IPUIPlugin
2024-03-25 19:53:40,045 [INFO] IPUIPlugin:80 - create IPUIPlugin
2024-03-25 19:53:40,214 [INFO] CADModel:165 - CPN selected for project levelSTM32F103C8T6
2024-03-25 19:53:40,214 [INFO] CADModel:114 - Register for checkConnection events
2024-03-25 19:53:40,264 [INFO] OpenFileManager:343 - Restore cursor
2024-03-25 19:53:40,888 [INFO] UtilMem:75 - End SaveConfig() Used Memory: 816367416 Bytes (1073741824)
2024-03-25 19:53:40,935 [INFO] UtilMem:75 - End SaveConfig() Used Memory: 828426048 Bytes (1073741824)
2024-03-25 19:53:41,255 [INFO] BlockDiagram:2759 - set Specific Code input for plugin: NVIC
2024-03-25 19:53:41,255 [INFO] BlockDiagram:2759 - set Specific Code input for plugin: RCC
2024-03-25 19:53:41,270 [INFO] CodeGenerator:807 - code generatio: config db path: C:\ST\STM32CubeIDE_1.14.1\STM32CubeIDE\plugins\com.st.stm32cube.common.mx_6.10.0.202311202037\\db\
2024-03-25 19:53:41,475 [INFO] CodeEngine:255 - oldGeneratedFile, C:\Users\Maydoum\STM32CubeIDE\workspace_1.14.1\USART_OOP_Driver\MXTmpFiles\license.tmp_save
2024-03-25 19:53:41,844 [INFO] CodeEngine:279 - Generated code: C:\Users\Maydoum\STM32CubeIDE\workspace_1.14.1\USART_OOP_Driver\MXTmpFiles\license.tmp
2024-03-25 19:53:41,861 [INFO] CodeEngine:255 - oldGeneratedFile, C:\Users\Maydoum\STM32CubeIDE\workspace_1.14.1\USART_OOP_Driver\Core\Src\stm32f1xx_it.c_save
2024-03-25 19:53:41,974 [INFO] CodeEngine:279 - Generated code: C:\Users\Maydoum\STM32CubeIDE\workspace_1.14.1\USART_OOP_Driver\Core\Src\stm32f1xx_it.c
2024-03-25 19:53:41,980 [INFO] CodeEngine:255 - oldGeneratedFile, C:\Users\Maydoum\STM32CubeIDE\workspace_1.14.1\USART_OOP_Driver\Core\Inc\stm32f1xx_it.h_save
2024-03-25 19:53:42,054 [INFO] CodeEngine:279 - Generated code: C:\Users\Maydoum\STM32CubeIDE\workspace_1.14.1\USART_OOP_Driver\Core\Inc\stm32f1xx_it.h
2024-03-25 19:53:42,214 [INFO] CodeEngine:255 - oldGeneratedFile, C:\Users\Maydoum\STM32CubeIDE\workspace_1.14.1\USART_OOP_Driver\Core\Src\stm32f1xx_hal_msp.c_save
2024-03-25 19:53:42,318 [INFO] CodeEngine:279 - Generated code: C:\Users\Maydoum\STM32CubeIDE\workspace_1.14.1\USART_OOP_Driver\Core\Src\stm32f1xx_hal_msp.c
2024-03-25 19:53:42,325 [INFO] CodeEngine:255 - oldGeneratedFile, C:\Users\Maydoum\STM32CubeIDE\workspace_1.14.1\USART_OOP_Driver\MXTmpFiles\system.tmp_save
2024-03-25 19:53:42,382 [INFO] CodeEngine:279 - Generated code: C:\Users\Maydoum\STM32CubeIDE\workspace_1.14.1\USART_OOP_Driver\MXTmpFiles\system.tmp
2024-03-25 19:53:42,393 [INFO] CodeEngine:311 - oldGeneratedFile, C:\Users\Maydoum\STM32CubeIDE\workspace_1.14.1\USART_OOP_Driver\Core\Inc\stm32f1xx_hal_conf.h_save
2024-03-25 19:53:42,466 [INFO] CodeEngine:335 - Generated code: C:\Users\Maydoum\STM32CubeIDE\workspace_1.14.1\USART_OOP_Driver\Core\Inc\stm32f1xx_hal_conf.h
2024-03-25 19:53:42,500 [INFO] CodeEngine:255 - oldGeneratedFile, C:\Users\Maydoum\STM32CubeIDE\workspace_1.14.1\USART_OOP_Driver\Core\Inc\main.h_save
2024-03-25 19:53:42,576 [INFO] CodeEngine:279 - Generated code: C:\Users\Maydoum\STM32CubeIDE\workspace_1.14.1\USART_OOP_Driver\Core\Inc\main.h
2024-03-25 19:53:42,581 [INFO] CodeEngine:255 - oldGeneratedFile, C:\Users\Maydoum\STM32CubeIDE\workspace_1.14.1\USART_OOP_Driver\Core\Src\main.c_save
2024-03-25 19:53:42,686 [INFO] CodeEngine:279 - Generated code: C:\Users\Maydoum\STM32CubeIDE\workspace_1.14.1\USART_OOP_Driver\Core\Src\main.c
2024-03-25 19:53:43,348 [INFO] ProjectBuilder:3076 - Time for Copy HAL[1] : 169mS.
2024-03-25 19:53:43,355 [INFO] ProjectBuilder:4485 - Project Generator version: 4.2.0-B44
2024-03-25 19:53:43,593 [INFO] ConfigFileManager:1495 - The Die is : DIE410
2024-03-25 19:53:43,613 [INFO] ApiDbMcu:508 - Load IP Config File for FATFS
2024-03-25 19:53:43,628 [INFO] ApiDbMcu:508 - Load IP Config File for FREERTOS
2024-03-25 19:53:43,634 [INFO] ApiDbMcu:508 - Load IP Config File for USB_DEVICE
2024-03-25 19:53:44,606 [INFO] LogOutputStream:77 - [STDOUT_REDIRECT] 
2024-03-25 19:53:49,688 [INFO] ProjectBuilder:4747 - Time for Generating toolchain IDE Files: 6332mS.
2024-03-25 19:53:49,689 [INFO] ProjectBuilder:2947 - Time for Copy CMSIS : 1mS.
2024-03-25 19:53:49,694 [INFO] ProjectBuilder:2947 - Time for Copy CMSIS : 1mS.
2024-03-25 19:53:50,605 [INFO] McuFinderGlobals:76 - Set McuFinderConnectedMode to true
2024-03-25 19:53:50,609 [INFO] ApiDb:448 - Save user favorites file C:\Users\Maydoum/.stm32cubeide/favorites.mcus.txt: 0 item(s)
2024-03-25 19:53:50,609 [INFO] ApiDb:452 - User favorites MCUs=[]
2024-03-25 21:42:09,371 [ERROR] LogOutputStream:75 - [STDERR_REDIRECT] 
2024-03-25 21:42:09,372 [ERROR] LogOutputStream:75 - [STDERR_REDIRECT] 
