2024-06-02 12:27:33,485 [INFO] Activator:176 - 


2024-06-02 12:27:33,493 [INFO] Activator:177 - !SESSION log4j initialized
2024-06-02 12:27:43,021 [INFO] LogOutputStream:77 - [STDOUT_REDIRECT] 
2024-06-02 12:27:46,048 [INFO] ApplicationProperties:184 - Using Application install path: C:\ST\STM32CubeIDE_1.14.1\STM32CubeIDE\plugins\com.st.stm32cube.common.mx_6.10.0.202311202037
2024-06-02 12:27:46,074 [INFO] DbMcusXml:78 - Set database path to: C:\ST\STM32CubeIDE_1.14.1\STM32CubeIDE\plugins\com.st.stm32cube.common.mx_6.10.0.202311202037\\db\/mcu/
2024-06-02 12:27:46,074 [INFO] ApiDb:274 - Set plugin database path to: C:\ST\STM32CubeIDE_1.14.1\STM32CubeIDE\plugins\com.st.stm32cube.common.mx_6.10.0.202311202037\\db\/plugins/boardmanager/
2024-06-02 12:27:46,074 [WARN] ApiDb:259 - Overriding images path with different value:  => C:\ST\STM32CubeIDE_1.14.1\STM32CubeIDE\plugins\com.st.stm32cube.common.mx_6.10.0.202311202037\\db\/plugins/mcufinder/images/
2024-06-02 12:27:46,088 [INFO] ApiDb:250 - Set database path to: C:\Users\Maydoum\.stmcufinder\plugins\mcufinder//mcu/
2024-06-02 12:27:46,089 [INFO] DbMcusAds:125 - Set database path to: C:\Users\Maydoum\.stmcufinder\plugins\mcufinder//mcu/
2024-06-02 12:27:46,091 [INFO] CrossReferenceDbSqlite:203 - Set database path to: C:\Users\Maydoum\.stmcufinder\plugins\mcufinder//mcu/cs/
2024-06-02 12:27:46,243 [INFO] RulesReader:64 - Compatibility file has been processed (297 Rules)
2024-06-02 12:27:46,384 [INFO] DbMcusXml:78 - Set database path to: C:\ST\STM32CubeIDE_1.14.1\STM32CubeIDE\plugins\com.st.stm32cube.common.mx_6.10.0.202311202037\\db\/mcu/
2024-06-02 12:27:46,385 [INFO] ApiDb:274 - Set plugin database path to: C:\ST\STM32CubeIDE_1.14.1\STM32CubeIDE\plugins\com.st.stm32cube.common.mx_6.10.0.202311202037\\db\/plugins/boardmanager/
2024-06-02 12:27:46,385 [INFO] ApiDb:261 - Set plugin images path to: C:\ST\STM32CubeIDE_1.14.1\STM32CubeIDE\plugins\com.st.stm32cube.common.mx_6.10.0.202311202037\\db\/plugins/mcufinder/images/
2024-06-02 12:27:46,385 [WARN] DbFile:41 - Overriding database path with different value: C:\Users\Maydoum\.stmcufinder\plugins\mcufinder/ => C:\Users\Maydoum\.stmcufinder\plugins\mcufinder
2024-06-02 12:27:46,385 [INFO] ApiDb:250 - Set database path to: C:\Users\Maydoum\.stmcufinder\plugins\mcufinder//mcu/
2024-06-02 12:27:46,385 [WARN] DbFile:41 - Overriding database path with different value: C:\Users\Maydoum\.stmcufinder\plugins\mcufinder/ => C:\Users\Maydoum\.stmcufinder\plugins\mcufinder
2024-06-02 12:27:46,386 [INFO] DbMcusAds:125 - Set database path to: C:\Users\Maydoum\.stmcufinder\plugins\mcufinder//mcu/
2024-06-02 12:27:46,386 [WARN] DbFile:41 - Overriding database path with different value: C:\Users\Maydoum\.stmcufinder\plugins\mcufinder/ => C:\Users\Maydoum\.stmcufinder\plugins\mcufinder
2024-06-02 12:27:46,386 [WARN] DbFile:41 - Overriding database path with different value: C:\Users\Maydoum\.stmcufinder\plugins\mcufinder/ => C:\Users\Maydoum\.stmcufinder\plugins\mcufinder
2024-06-02 12:27:46,387 [INFO] CrossReferenceDbSqlite:203 - Set database path to: C:\Users\Maydoum\.stmcufinder\plugins\mcufinder//mcu/cs/
2024-06-02 12:27:46,492 [INFO] MainPanel:264 - HeapMemory: 268435456
2024-06-02 12:27:46,628 [INFO] DbMcusXml:78 - Set database path to: C:\ST\STM32CubeIDE_1.14.1\STM32CubeIDE\plugins\com.st.stm32cube.common.mx_6.10.0.202311202037\\db\/mcu/
2024-06-02 12:27:46,628 [INFO] ApiDb:274 - Set plugin database path to: C:\ST\STM32CubeIDE_1.14.1\STM32CubeIDE\plugins\com.st.stm32cube.common.mx_6.10.0.202311202037\\db\/plugins/boardmanager/
2024-06-02 12:27:46,628 [INFO] ApiDb:261 - Set plugin images path to: C:\ST\STM32CubeIDE_1.14.1\STM32CubeIDE\plugins\com.st.stm32cube.common.mx_6.10.0.202311202037\\db\/plugins/mcufinder/images/
2024-06-02 12:27:46,630 [WARN] DbFile:41 - Overriding database path with different value: C:\Users\Maydoum\.stmcufinder\plugins\mcufinder/ => C:\Users\Maydoum\.stmcufinder\plugins\mcufinder
2024-06-02 12:27:46,630 [INFO] ApiDb:250 - Set database path to: C:\Users\Maydoum\.stmcufinder\plugins\mcufinder//mcu/
2024-06-02 12:27:46,630 [WARN] DbFile:41 - Overriding database path with different value: C:\Users\Maydoum\.stmcufinder\plugins\mcufinder/ => C:\Users\Maydoum\.stmcufinder\plugins\mcufinder
2024-06-02 12:27:46,630 [INFO] DbMcusAds:125 - Set database path to: C:\Users\Maydoum\.stmcufinder\plugins\mcufinder//mcu/
2024-06-02 12:27:46,630 [WARN] DbFile:41 - Overriding database path with different value: C:\Users\Maydoum\.stmcufinder\plugins\mcufinder/ => C:\Users\Maydoum\.stmcufinder\plugins\mcufinder
2024-06-02 12:27:46,630 [WARN] DbFile:41 - Overriding database path with different value: C:\Users\Maydoum\.stmcufinder\plugins\mcufinder/ => C:\Users\Maydoum\.stmcufinder\plugins\mcufinder
2024-06-02 12:27:46,630 [INFO] CrossReferenceDbSqlite:203 - Set database path to: C:\Users\Maydoum\.stmcufinder\plugins\mcufinder//mcu/cs/
2024-06-02 12:27:46,655 [INFO] ApplicationProperties:184 - Using Application install path: C:\ST\STM32CubeIDE_1.14.1\STM32CubeIDE\plugins\com.st.stm32cube.common.mx_6.10.0.202311202037
2024-06-02 12:27:46,657 [INFO] PluginManage:196 - Search for loadable plugins [exclusion list=, ]
2024-06-02 12:27:46,658 [INFO] PluginManage:310 - Check plugin analytics
2024-06-02 12:27:46,907 [INFO] AnalyticsPlugin:253 - Accepted Software Licenses: 
2024-06-02 12:27:46,907 [INFO] AnalyticsPlugin:255 - Accepted CMSIS Pack Licenses: 
2024-06-02 12:27:46,907 [INFO] AnalyticsPlugin:257 - Accepted Firmware Licenses: 
2024-06-02 12:27:46,915 [INFO] PluginManage:359 - Loaded plugin analytics (category:tool,tabindex:-1)
2024-06-02 12:27:46,917 [INFO] PluginManage:310 - Check plugin cadmodel
2024-06-02 12:27:46,926 [INFO] CADModel:105 - Init CAD model plugin
2024-06-02 12:27:46,926 [INFO] PluginManage:359 - Loaded plugin cadmodel (category:power,tabindex:5)
2024-06-02 12:27:46,926 [INFO] PluginManage:310 - Check plugin clock
2024-06-02 12:27:46,944 [INFO] PluginManage:359 - Loaded plugin clock (category:base,tabindex:2)
2024-06-02 12:27:46,944 [INFO] PluginManage:310 - Check plugin ddr
2024-06-02 12:27:46,947 [INFO] PluginManage:359 - Loaded plugin ddr (category:tool,tabindex:6)
2024-06-02 12:27:46,947 [INFO] PluginManage:310 - Check plugin filemanager
2024-06-02 12:27:47,121 [INFO] PluginManage:359 - Loaded plugin filemanager (category:base,tabindex:10)
2024-06-02 12:27:47,121 [INFO] PluginManage:310 - Check plugin ipmanager
2024-06-02 12:27:47,130 [INFO] PluginManage:359 - Loaded plugin ipmanager (category:base,tabindex:5)
2024-06-02 12:27:47,130 [INFO] PluginManage:310 - Check plugin lpbam
2024-06-02 12:27:47,142 [INFO] PluginManage:359 - Loaded plugin lpbam (category:base,tabindex:0)
2024-06-02 12:27:47,142 [INFO] PluginManage:310 - Check plugin memorymap
2024-06-02 12:27:47,159 [INFO] PluginManage:359 - Loaded plugin memorymap (category:base,tabindex:4)
2024-06-02 12:27:47,160 [INFO] PluginManage:310 - Check plugin pinoutandconfiguration
2024-06-02 12:27:47,180 [INFO] PluginManage:359 - Loaded plugin pinoutandconfiguration (category:base,tabindex:1)
2024-06-02 12:27:47,180 [INFO] PluginManage:310 - Check plugin pinoutconfig
2024-06-02 12:27:47,292 [WARN] SupportedApi:132 - Cannot load RTOS API schema: s4s-elt-must-match.1: The content of 'definitions' must match (annotation?, (simpleType | complexType)?, (unique | key | keyref)*)). A problem was found starting at: attribute.
2024-06-02 12:27:47,528 [INFO] PluginManage:359 - Loaded plugin pinoutconfig (category:base,tabindex:0)
2024-06-02 12:27:47,528 [INFO] PluginManage:310 - Check plugin power
2024-06-02 12:27:47,543 [INFO] PluginManage:359 - Loaded plugin power (category:power,tabindex:4)
2024-06-02 12:27:47,545 [INFO] PluginManage:310 - Check plugin projectmanager
2024-06-02 12:27:47,571 [INFO] PluginManage:359 - Loaded plugin projectmanager (category:projectmanager,tabindex:3)
2024-06-02 12:27:47,571 [INFO] PluginManage:310 - Check plugin thirdparty
2024-06-02 12:27:47,803 [WARN] IntegrityCheckThread:84 - waiting for thirdparty lock release [integrity check]
2024-06-02 12:27:47,803 [INFO] IntegrityCheckThread:86 - entering critical section [integrity check]
2024-06-02 12:27:47,805 [INFO] ThirdPartyUpdaterWithRetryManager:70 - Updater plugin not ready yet. [1/15]
2024-06-02 12:27:47,805 [INFO] PluginManage:359 - Loaded plugin thirdparty (category:base,tabindex:-1)
2024-06-02 12:27:47,805 [INFO] PluginManage:310 - Check plugin tools
2024-06-02 12:27:47,812 [INFO] PluginManage:359 - Loaded plugin tools (category:base,tabindex:7)
2024-06-02 12:27:47,813 [INFO] PluginManage:310 - Check plugin tutovideos
2024-06-02 12:27:48,072 [INFO] PluginManage:359 - Loaded plugin tutovideos (category:base,tabindex:-1)
2024-06-02 12:27:48,072 [INFO] PluginManage:310 - Check plugin updater
2024-06-02 12:27:48,093 [INFO] PluginManage:359 - Loaded plugin updater (category:base,tabindex:12)
2024-06-02 12:27:48,094 [INFO] PluginManage:310 - Check plugin userauth
2024-06-02 12:27:48,100 [INFO] UserAuth:114 - Init User Auth plugin
2024-06-02 12:27:48,100 [INFO] PluginManage:359 - Loaded plugin userauth (category:base,tabindex:14)
2024-06-02 12:27:48,101 [INFO] PluginManage:283 - PluginManage : Loaded plugins [17]
2024-06-02 12:27:48,400 [INFO] PinOutPanel:1499 - setPackage(No Configuration,No Configuration)
2024-06-02 12:27:48,491 [INFO] CADModel:165 - CPN selected for project level
2024-06-02 12:27:48,491 [INFO] CADModel:114 - Register for checkConnection events
2024-06-02 12:27:48,510 [INFO] IPUIPlugin:80 - create IPUIPlugin
2024-06-02 12:27:48,510 [INFO] PluginManager:220 - loadIPPluginJar : add adc
2024-06-02 12:27:48,513 [INFO] IPUIPlugin:80 - create IPUIPlugin
2024-06-02 12:27:48,514 [INFO] PluginManager:220 - loadIPPluginJar : add aes
2024-06-02 12:27:48,518 [INFO] IPUIPlugin:80 - create IPUIPlugin
2024-06-02 12:27:48,519 [INFO] PluginManager:220 - loadIPPluginJar : add can
2024-06-02 12:27:48,521 [INFO] IPUIPlugin:80 - create IPUIPlugin
2024-06-02 12:27:48,521 [INFO] PluginManager:220 - loadIPPluginJar : add comp
2024-06-02 12:27:48,525 [INFO] IPUIPlugin:80 - create IPUIPlugin
2024-06-02 12:27:48,525 [INFO] PluginManager:220 - loadIPPluginJar : add cryp
2024-06-02 12:27:48,528 [INFO] IPUIPlugin:80 - create IPUIPlugin
2024-06-02 12:27:48,528 [INFO] PluginManager:220 - loadIPPluginJar : add dfsdm
2024-06-02 12:27:48,534 [INFO] IPUIPlugin:80 - create IPUIPlugin
2024-06-02 12:27:48,534 [INFO] PluginManager:220 - loadIPPluginJar : add dma
2024-06-02 12:27:48,538 [INFO] IPUIPlugin:80 - create IPUIPlugin
2024-06-02 12:27:48,538 [INFO] PluginManager:220 - loadIPPluginJar : add dma3
2024-06-02 12:27:48,540 [INFO] IPUIPlugin:80 - create IPUIPlugin
2024-06-02 12:27:48,540 [INFO] PluginManager:220 - loadIPPluginJar : add fatfs
2024-06-02 12:27:48,546 [INFO] IPUIPlugin:80 - create IPUIPlugin
2024-06-02 12:27:48,546 [INFO] PluginManager:220 - loadIPPluginJar : add fmc
2024-06-02 12:27:48,553 [INFO] IPUIPlugin:80 - create IPUIPlugin
2024-06-02 12:27:48,553 [INFO] PluginManager:220 - loadIPPluginJar : add freertos
2024-06-02 12:27:48,555 [INFO] IPUIPlugin:80 - create IPUIPlugin
2024-06-02 12:27:48,555 [INFO] PluginManager:220 - loadIPPluginJar : add genericplugin
2024-06-02 12:27:48,557 [INFO] IPUIPlugin:80 - create IPUIPlugin
2024-06-02 12:27:48,559 [INFO] PluginManager:220 - loadIPPluginJar : add gfxmmu
2024-06-02 12:27:48,564 [INFO] IPUIPlugin:80 - create IPUIPlugin
2024-06-02 12:27:48,565 [INFO] PluginManager:220 - loadIPPluginJar : add gic
2024-06-02 12:27:48,569 [INFO] IPUIPlugin:80 - create IPUIPlugin
2024-06-02 12:27:48,570 [INFO] PluginManager:220 - loadIPPluginJar : add gpio
2024-06-02 12:27:48,573 [INFO] IPUIPlugin:80 - create IPUIPlugin
2024-06-02 12:27:48,573 [INFO] PluginManager:220 - loadIPPluginJar : add gtzc
2024-06-02 12:27:48,576 [INFO] IPUIPlugin:80 - create IPUIPlugin
2024-06-02 12:27:48,576 [INFO] PluginManager:220 - loadIPPluginJar : add hash
2024-06-02 12:27:48,579 [INFO] IPUIPlugin:80 - create IPUIPlugin
2024-06-02 12:27:48,579 [INFO] PluginManager:220 - loadIPPluginJar : add i2c
2024-06-02 12:27:48,584 [INFO] IPUIPlugin:80 - create IPUIPlugin
2024-06-02 12:27:48,584 [INFO] PluginManager:220 - loadIPPluginJar : add i2s
2024-06-02 12:27:48,587 [INFO] IPUIPlugin:80 - create IPUIPlugin
2024-06-02 12:27:48,587 [INFO] PluginManager:220 - loadIPPluginJar : add i3c
2024-06-02 12:27:48,591 [INFO] IPUIPlugin:80 - create IPUIPlugin
2024-06-02 12:27:48,591 [INFO] PluginManager:220 - loadIPPluginJar : add ipddr
2024-06-02 12:27:48,598 [INFO] IPUIPlugin:80 - create IPUIPlugin
2024-06-02 12:27:48,598 [INFO] PluginManager:220 - loadIPPluginJar : add linkedlist
2024-06-02 12:27:48,601 [INFO] IPUIPlugin:80 - create IPUIPlugin
2024-06-02 12:27:48,601 [INFO] PluginManager:220 - loadIPPluginJar : add lorawan
2024-06-02 12:27:48,603 [INFO] IPUIPlugin:80 - create IPUIPlugin
2024-06-02 12:27:48,603 [INFO] PluginManager:220 - loadIPPluginJar : add ltdc
2024-06-02 12:27:48,609 [INFO] IPUIPlugin:80 - create IPUIPlugin
2024-06-02 12:27:48,610 [INFO] PluginManager:220 - loadIPPluginJar : add mdma
2024-06-02 12:27:48,614 [INFO] IPUIPlugin:80 - create IPUIPlugin
2024-06-02 12:27:48,615 [INFO] PluginManager:220 - loadIPPluginJar : add nvic
2024-06-02 12:27:48,618 [INFO] IPUIPlugin:80 - create IPUIPlugin
2024-06-02 12:27:48,618 [INFO] PluginManager:220 - loadIPPluginJar : add opamp
2024-06-02 12:27:48,622 [INFO] IPUIPlugin:80 - create IPUIPlugin
2024-06-02 12:27:48,623 [INFO] PluginManager:220 - loadIPPluginJar : add openamp
2024-06-02 12:27:48,626 [INFO] IPUIPlugin:80 - create IPUIPlugin
2024-06-02 12:27:48,626 [INFO] PluginManager:220 - loadIPPluginJar : add pdm2pcm
2024-06-02 12:27:48,636 [INFO] IPUIPlugin:80 - create IPUIPlugin
2024-06-02 12:27:48,639 [INFO] PluginManager:220 - loadIPPluginJar : add plateformsettings
2024-06-02 12:27:48,642 [INFO] IPUIPlugin:80 - create IPUIPlugin
2024-06-02 12:27:48,643 [INFO] PluginManager:220 - loadIPPluginJar : add quadspi
2024-06-02 12:27:48,649 [INFO] IPUIPlugin:80 - create IPUIPlugin
2024-06-02 12:27:48,649 [INFO] PluginManager:220 - loadIPPluginJar : add resmgrutility
2024-06-02 12:27:48,653 [INFO] IPUIPlugin:80 - create IPUIPlugin
2024-06-02 12:27:48,653 [INFO] PluginManager:220 - loadIPPluginJar : add sai
2024-06-02 12:27:48,658 [INFO] IPUIPlugin:80 - create IPUIPlugin
2024-06-02 12:27:48,658 [INFO] PluginManager:220 - loadIPPluginJar : add spi
2024-06-02 12:27:48,663 [INFO] IPUIPlugin:80 - create IPUIPlugin
2024-06-02 12:27:48,663 [INFO] PluginManager:220 - loadIPPluginJar : add stm32_wpan
2024-06-02 12:27:48,667 [INFO] IPUIPlugin:80 - create IPUIPlugin
2024-06-02 12:27:48,667 [INFO] PluginManager:220 - loadIPPluginJar : add tim
2024-06-02 12:27:48,671 [INFO] IPUIPlugin:80 - create IPUIPlugin
2024-06-02 12:27:48,672 [INFO] PluginManager:220 - loadIPPluginJar : add touchsensing
2024-06-02 12:27:48,674 [INFO] IPUIPlugin:80 - create IPUIPlugin
2024-06-02 12:27:48,674 [INFO] PluginManager:220 - loadIPPluginJar : add tracer_emb
2024-06-02 12:27:48,677 [INFO] IPUIPlugin:80 - create IPUIPlugin
2024-06-02 12:27:48,677 [INFO] PluginManager:220 - loadIPPluginJar : add ts
2024-06-02 12:27:48,680 [INFO] IPUIPlugin:80 - create IPUIPlugin
2024-06-02 12:27:48,680 [INFO] PluginManager:220 - loadIPPluginJar : add tsc
2024-06-02 12:27:48,682 [INFO] IPUIPlugin:80 - create IPUIPlugin
2024-06-02 12:27:48,682 [INFO] PluginManager:220 - loadIPPluginJar : add ucpd
2024-06-02 12:27:48,686 [INFO] IPUIPlugin:80 - create IPUIPlugin
2024-06-02 12:27:48,686 [INFO] PluginManager:220 - loadIPPluginJar : add usart
2024-06-02 12:27:48,690 [INFO] IPUIPlugin:80 - create IPUIPlugin
2024-06-02 12:27:48,690 [INFO] PluginManager:220 - loadIPPluginJar : add usbx
2024-06-02 12:27:48,834 [INFO] CADModel:165 - CPN selected for project level
2024-06-02 12:27:48,834 [INFO] CADModel:114 - Register for checkConnection events
2024-06-02 12:27:48,835 [FATAL] Updater:308 - Updater called before beeing initialized
2024-06-02 12:27:48,835 [ERROR] CADModel:125 - Updater not yet initialized, retry later 
2024-06-02 12:27:49,106 [INFO] CADModel:165 - CPN selected for project level
2024-06-02 12:27:49,106 [INFO] CADModel:114 - Register for checkConnection events
2024-06-02 12:27:49,106 [FATAL] Updater:308 - Updater called before beeing initialized
2024-06-02 12:27:49,107 [ERROR] CADModel:125 - Updater not yet initialized, retry later 
2024-06-02 12:27:49,109 [FATAL] Updater:308 - Updater called before beeing initialized
2024-06-02 12:27:49,246 [FATAL] Updater:308 - Updater called before beeing initialized
2024-06-02 12:27:49,249 [INFO] DbMcusAds:53 - JSON generation date=Thu May 16 12:22:00 EEST 2024 (1715851320852)
2024-06-02 12:27:49,249 [FATAL] Updater:308 - Updater called before beeing initialized
2024-06-02 12:27:49,296 [WARN] DetailPanel:346 - Failed to get advertising image, set to default
2024-06-02 12:27:49,390 [FATAL] Updater:308 - Updater called before beeing initialized
2024-06-02 12:27:49,393 [FATAL] Updater:308 - Updater called before beeing initialized
2024-06-02 12:27:49,393 [FATAL] Updater:308 - Updater called before beeing initialized
2024-06-02 12:27:49,393 [WARN] DetailPanel:346 - Failed to get advertising image, set to default
2024-06-02 12:27:49,393 [FATAL] Updater:308 - Updater called before beeing initialized
2024-06-02 12:27:49,454 [ERROR] Updater:1120 - MainUpdater not yet initialized. External WinMGr cannot be set.
2024-06-02 12:27:49,456 [INFO] Updater:1056 - Updater Version found : 6.10.0
2024-06-02 12:27:49,477 [INFO] ApplicationProperties:184 - Using Application install path: C:\ST\STM32CubeIDE_1.14.1\STM32CubeIDE\plugins\com.st.stm32cube.common.mx_6.10.0.202311202037
2024-06-02 12:27:50,806 [INFO] ThirdPartyUpdaterWithRetryManager:70 - Updater plugin not ready yet. [2/15]
2024-06-02 12:27:51,052 [ERROR] LogOutputStream:75 - [STDERR_REDIRECT] Jun 02, 2024 12:27:51 PM java.util.prefs.WindowsPreferences <init>
2024-06-02 12:27:51,054 [ERROR] LogOutputStream:75 - [STDERR_REDIRECT] WARNING: Could not open/create prefs root node Software\JavaSoft\Prefs at root 0xffffffff80000002. Windows RegCreateKeyEx(...) returned error code 5.
2024-06-02 12:27:51,054 [ERROR] LogOutputStream:75 - [STDERR_REDIRECT] 
2024-06-02 12:27:51,606 [INFO] MainUpdater:2873 - connection check result : 10
2024-06-02 12:27:51,608 [INFO] MainUpdater:290 - Updater Check For Update Now.
2024-06-02 12:27:51,609 [INFO] MicroXplorer:498 - Change Database Version : DB.6.0.100
2024-06-02 12:27:51,626 [INFO] McuFinderGlobals:63 - Set McuFinder mode to 2 (CubeIDE integrated)
2024-06-02 12:27:51,839 [INFO] CheckServerUpdateThread:120 - End of CheckServer Thread
2024-06-02 12:27:52,055 [INFO] UserAuth:404 - Internet connection configuration mode: 1
2024-06-02 12:27:52,096 [INFO] JxBrowserEngine:152 - Initiate JxBrowser Engine with user profile folder
2024-06-02 12:27:53,127 [INFO] WebApp:161 - Instantiating new browser for Auth
2024-06-02 12:27:53,896 [INFO] WebApp:780 - Register for checkConnection events
2024-06-02 12:27:53,896 [INFO] WebApp:414 - Apply proxy settings
2024-06-02 12:27:53,897 [INFO] WebApp:499 - Chromium requires no authentication
2024-06-02 12:27:53,910 [INFO] WebApp:442 - Direct internet connection detected
2024-06-02 12:27:54,066 [WARN] PackLoader:240 - Cannot read IP mode file for STMicroelectronics.FP-SNS-MOTENVWB1.1.4.0
2024-06-02 12:27:54,088 [WARN] PackLoader:240 - Cannot read IP mode file for STMicroelectronics.X-CUBE-SMBUS.2.1.0
2024-06-02 12:27:54,097 [WARN] PackLoader:240 - Cannot read IP mode file for STMicroelectronics.X-CUBE-TOUCHGFX.4.23.1
2024-06-02 12:27:54,102 [WARN] PackLoader:240 - Cannot read IP mode file for STMicroelectronics.X-CUBE-TOUCHGFX.4.23.0
2024-06-02 12:27:54,108 [WARN] PackLoader:240 - Cannot read IP mode file for STMicroelectronics.X-CUBE-TOUCHGFX.4.23.2
2024-06-02 12:27:54,160 [WARN] PackLoader:240 - Cannot read IP mode file for STMicroelectronics.X-CUBE-AZRTOS-F7.1.1.0
2024-06-02 12:27:54,175 [WARN] PackLoader:240 - Cannot read IP mode file for STMicroelectronics.FP-SNS-MOTENV1.4.3.2
2024-06-02 12:27:54,186 [WARN] PackLoader:240 - Cannot read IP mode file for STMicroelectronics.FP-SNS-FLIGHT1.5.0.2
2024-06-02 12:27:54,201 [WARN] PackLoader:240 - Cannot read IP mode file for STMicroelectronics.X-CUBE-DISPLAY.3.0.0
2024-06-02 12:27:54,221 [WARN] PackLoader:240 - Cannot read IP mode file for STMicroelectronics.X-CUBE-BLE1.7.0.0
2024-06-02 12:27:54,230 [WARN] PackLoader:240 - Cannot read IP mode file for emotas.I-CUBE-CANOPEN.1.3.0
2024-06-02 12:27:54,248 [WARN] PackLoader:240 - Cannot read IP mode file for STMicroelectronics.X-CUBE-BLEMGR.3.1.0
2024-06-02 12:27:54,261 [WARN] PackLoader:240 - Cannot read IP mode file for STMicroelectronics.FP-SNS-SMARTAG2.1.2.0
2024-06-02 12:27:54,281 [INFO] LogOutputStream:77 - [STDOUT_REDIRECT] 1 : Invalid condition id : UX_CORESTACK_Condition cause : null
2024-06-02 12:27:54,282 [INFO] LogOutputStream:77 - [STDOUT_REDIRECT] 1 : Invalid condition id : UX_CORESTACK_Condition cause : null
2024-06-02 12:27:54,285 [INFO] LogOutputStream:77 - [STDOUT_REDIRECT] 1 : Invalid condition id : UX_CORESTACK_Condition cause : null
2024-06-02 12:27:54,287 [INFO] LogOutputStream:77 - [STDOUT_REDIRECT] 1 : Invalid condition id : UX_CORESTACK_Condition cause : null
2024-06-02 12:27:54,289 [INFO] LogOutputStream:77 - [STDOUT_REDIRECT] 1 : Invalid condition id : UX_CORESTACK_Condition cause : null
2024-06-02 12:27:54,295 [WARN] PackLoader:240 - Cannot read IP mode file for STMicroelectronics.X-CUBE-AZRTOS-WL.2.0.0
2024-06-02 12:27:54,304 [WARN] PackLoader:240 - Cannot read IP mode file for STMicroelectronics.FP-SNS-MOTENV1.5.0.0
2024-06-02 12:27:54,319 [INFO] WebApp:192 - Starting web application
2024-06-02 12:27:54,319 [INFO] WebApp:544 - Web application path used C:\ST\STM32CubeIDE_1.14.1\STM32CubeIDE\plugins\com.st.stm32cube.common.mx_6.10.0.202311202037\db\plugins\mcufinder\reactClient1\index.html
2024-06-02 12:27:54,323 [WARN] PackLoader:240 - Cannot read IP mode file for WES.I-CUBE-Cesium.1.3.0
2024-06-02 12:27:54,332 [WARN] PackLoader:240 - Cannot read IP mode file for STMicroelectronics.X-CUBE-BLE2.3.3.0
2024-06-02 12:27:54,450 [WARN] PackLoader:240 - Cannot read IP mode file for STMicroelectronics.X-CUBE-TCPP.4.1.0
2024-06-02 12:27:54,461 [WARN] PackLoader:240 - Cannot read IP mode file for STMicroelectronics.X-CUBE-ALGOBUILD.1.3.0
2024-06-02 12:27:54,489 [WARN] PackLoader:240 - Cannot read IP mode file for STMicroelectronics.X-CUBE-AZRTOS-G0.1.1.0
2024-06-02 12:27:54,504 [WARN] PackLoader:240 - Cannot read IP mode file for STMicroelectronics.X-CUBE-SAFEA1.1.2.2
2024-06-02 12:27:54,516 [WARN] PackLoader:240 - Cannot read IP mode file for STMicroelectronics.X-CUBE-NFC4.3.0.0
2024-06-02 12:27:54,529 [WARN] PackLoader:240 - Cannot read IP mode file for STMicroelectronics.X-CUBE-BLEMGR.3.0.0
2024-06-02 12:27:54,539 [WARN] PackLoader:240 - Cannot read IP mode file for STMicroelectronics.FP-ATR-SIGFOX1.3.2.0
2024-06-02 12:27:54,548 [WARN] PackLoader:240 - Cannot read IP mode file for STMicroelectronics.X-CUBE-EEPRMA1.5.1.0
2024-06-02 12:27:54,614 [WARN] PackLoader:240 - Cannot read IP mode file for SEGGER.I-CUBE-embOS.1.3.1
2024-06-02 12:27:54,679 [WARN] PackLoader:240 - Cannot read IP mode file for STMicroelectronics.X-CUBE-ALGOBUILD.1.4.0
2024-06-02 12:27:54,687 [WARN] PackLoader:240 - Cannot read IP mode file for STMicroelectronics.X-CUBE-GNSS1.6.0.0
2024-06-02 12:27:54,709 [WARN] PackLoader:240 - Cannot read IP mode file for STMicroelectronics.X-CUBE-AZRTOS-F4.1.1.0
2024-06-02 12:27:54,719 [WARN] PackLoader:240 - Cannot read IP mode file for STMicroelectronics.X-CUBE-FREERTOS.1.2.0
2024-06-02 12:27:54,725 [WARN] PackLoader:240 - Cannot read IP mode file for wolfSSL.I-CUBE-wolfSSL.5.6.6
2024-06-02 12:27:54,746 [WARN] PackLoader:240 - Cannot read IP mode file for STMicroelectronics.X-CUBE-AZRTOS-L5.2.0.0
2024-06-02 12:27:54,758 [WARN] PackLoader:240 - Cannot read IP mode file for STMicroelectronics.X-CUBE-NFC6.3.1.0
2024-06-02 12:27:54,769 [WARN] PackLoader:240 - Cannot read IP mode file for ITTIA_DB.I-CUBE-ITTIADB.8.8.0
2024-06-02 12:27:54,774 [WARN] PackLoader:240 - Cannot read IP mode file for STMicroelectronics.X-CUBE-AI.9.0.0
2024-06-02 12:27:54,781 [WARN] PackLoader:240 - Cannot read IP mode file for STMicroelectronics.X-CUBE-NFC7.1.0.1
2024-06-02 12:27:54,790 [WARN] PackLoader:240 - Cannot read IP mode file for STMicroelectronics.X-CUBE-NFC6.3.0.0
2024-06-02 12:27:54,798 [WARN] PackLoader:240 - Cannot read IP mode file for STMicroelectronics.X-CUBE-AI.8.1.0
2024-06-02 12:27:54,820 [WARN] ConditionMgr:438 - getConditionDescription Invalid condition id : LAN8742 Phy interface Condition cause : null
2024-06-02 12:27:54,821 [WARN] PackLoader:240 - Cannot read IP mode file for STMicroelectronics.X-CUBE-AZRTOS-L4.2.0.0
2024-06-02 12:27:54,823 [WARN] ConditionMgr:1039 - genDependencies : Invalid condition id : LAN8742 Phy interface Condition cause : null
2024-06-02 12:27:54,824 [WARN] ConditionMgr:1039 - genDependencies : Invalid condition id : LAN8742 Phy interface Condition cause : null
2024-06-02 12:27:54,825 [WARN] ConditionMgr:1039 - genDependencies : Invalid condition id : LAN8742 Phy interface Condition cause : null
2024-06-02 12:27:54,841 [WARN] PackLoader:240 - Cannot read IP mode file for STMicroelectronics.X-CUBE-SFXS2LP1.4.0.0
2024-06-02 12:27:54,861 [WARN] ConditionMgr:438 - getConditionDescription Invalid condition id : UX DEVICE CLASS RTOS Condition cause : null
2024-06-02 12:27:54,861 [WARN] ConditionMgr:438 - getConditionDescription Invalid condition id : UX DEVICE CLASS RTOS Condition cause : null
2024-06-02 12:27:54,865 [WARN] PackLoader:240 - Cannot read IP mode file for STMicroelectronics.X-CUBE-AZRTOS-WB.2.0.0
2024-06-02 12:27:54,866 [WARN] ConditionMgr:1039 - genDependencies : Invalid condition id : UX DEVICE CLASS RTOS Condition cause : null
2024-06-02 12:27:54,866 [WARN] ConditionMgr:1039 - genDependencies : Invalid condition id : UX DEVICE CLASS RTOS Condition cause : null
2024-06-02 12:27:54,867 [WARN] ConditionMgr:1039 - genDependencies : Invalid condition id : UX DEVICE CLASS RTOS Condition cause : null
2024-06-02 12:27:54,867 [WARN] ConditionMgr:1039 - genDependencies : Invalid condition id : UX DEVICE CLASS RTOS Condition cause : null
2024-06-02 12:27:54,867 [WARN] ConditionMgr:1039 - genDependencies : Invalid condition id : UX DEVICE CLASS RTOS Condition cause : null
2024-06-02 12:27:54,879 [WARN] PackLoader:240 - Cannot read IP mode file for STMicroelectronics.X-CUBE-SUBG2.5.0.0
2024-06-02 12:27:54,891 [WARN] PackLoader:240 - Cannot read IP mode file for Cesanta.I-CUBE-Mongoose.7.13.0
2024-06-02 12:27:54,910 [WARN] PackLoader:240 - Cannot read IP mode file for STMicroelectronics.X-CUBE-AZRTOS-G4.2.0.0
2024-06-02 12:27:54,925 [WARN] PackLoader:240 - Cannot read IP mode file for Infineon.AIROC-Wi-Fi-Bluetooth-STM32.1.5.1
2024-06-02 12:27:54,935 [WARN] PackLoader:240 - Cannot read IP mode file for STMicroelectronics.FP-SNS-MOTENVWB1.1.3.1
2024-06-02 12:27:54,941 [WARN] PackLoader:240 - Cannot read IP mode file for STMicroelectronics.X-CUBE-ISPU.2.0.0
2024-06-02 12:27:54,947 [WARN] PackLoader:240 - Cannot read IP mode file for STMicroelectronics.X-CUBE-ALS.1.0.2
2024-06-02 12:27:54,994 [WARN] PackLoader:240 - Cannot read IP mode file for STMicroelectronics.X-CUBE-MEMS1.10.0.0
2024-06-02 12:27:55,199 [WARN] PackLoader:240 - Cannot read IP mode file for STMicroelectronics.X-CUBE-FREERTOS.1.1.0
2024-06-02 12:27:55,205 [WARN] PackLoader:240 - Cannot read IP mode file for portGmbH.I-Cube-SoM-uGOAL.1.1.0
2024-06-02 12:27:55,208 [WARN] PackLoader:240 - Cannot read IP mode file for STMicroelectronics.X-CUBE-ALS.1.0.1
2024-06-02 12:27:55,226 [WARN] PackLoader:240 - Cannot read IP mode file for STMicroelectronics.X-CUBE-AZRTOS-H7RS.1.0.0
2024-06-02 12:27:55,234 [WARN] PackLoader:240 - Cannot read IP mode file for STMicroelectronics.FP-ATR-ASTRA1.2.0.0
2024-06-02 12:27:55,248 [WARN] PackLoader:240 - Cannot read IP mode file for STMicroelectronics.X-CUBE-TOF1.3.4.0
2024-06-02 12:27:55,281 [WARN] PackLoader:240 - Cannot read IP mode file for STMicroelectronics.X-CUBE-TOF1.3.4.1
2024-06-02 12:27:55,312 [WARN] PackLoader:240 - Cannot read IP mode file for STMicroelectronics.X-CUBE-AZRTOS-H7.3.2.0
2024-06-02 12:27:55,316 [INFO] ThirdParty:978 - Integrity check success = true
2024-06-02 12:27:55,316 [INFO] IntegrityCheckThread:100 - exiting critical section [integrity check]
2024-06-02 12:27:55,316 [INFO] IntegrityCheckThread:103 - End integrity checks thread
2024-06-02 12:28:15,398 [ERROR] LogOutputStream:75 - [STDERR_REDIRECT] SLF4J: Failed to load class "org.slf4j.impl.StaticLoggerBinder".
2024-06-02 12:28:15,400 [ERROR] LogOutputStream:75 - [STDERR_REDIRECT] SLF4J: Defaulting to no-operation (NOP) logger implementation
2024-06-02 12:28:15,401 [ERROR] LogOutputStream:75 - [STDERR_REDIRECT] SLF4J: See http://www.slf4j.org/codes.html#StaticLoggerBinder for further details.
2024-06-02 12:38:37,682 [INFO] McuFinderGlobals:63 - Set McuFinder mode to 2 (CubeIDE integrated)
2024-06-02 12:38:37,688 [INFO] MainUpdater:2873 - connection check result : 10
2024-06-02 12:38:38,167 [INFO] ApiDb:581 - Connected to CubeFinder SQLite database (C:\Users\Maydoum\.stmcufinder\plugins\mcufinder\mcu\cube-finder-db.db)
2024-06-02 12:38:38,272 [INFO] ApiDb:668 - CubeFinder database Data Model version=2.1
2024-06-02 12:38:38,272 [INFO] ApiDb:669 - CubeFinder database Configuration version=3.0.39
2024-06-02 12:38:38,273 [INFO] ApiDb:670 - CubeFinder database generation date=2024-05-16 (1715872938)
2024-06-02 12:38:38,274 [INFO] ApiDb:671 - CubeFinder database FW Pack versions=[FP-ATR-ASTRA1_V2.0.0, FP-SNS-FLIGHT1_V5.0.1, FP-SNS-FLIGHT1_V5.0.2, FP-SNS-MOTENV1_V4.3.1, FP-SNS-MOTENV1_V4.3.2, FP-SNS-MOTENV1_V5.0.0, FP-SNS-MOTENVWB1_V1.4.0, FP-SNS-SMARTAG2_V1.2.0, STM32Cube_FW_C0_V1.1.0, STM32Cube_FW_F4_V1.28.0, STM32Cube_FW_F7_V1.17.0, STM32Cube_FW_G0_V1.6.2, STM32Cube_FW_G4_V1.5.2, STM32Cube_FW_H5_V0.5.1, STM32Cube_FW_H5_V1.1.1, STM32Cube_FW_H5_V1.2.0, STM32Cube_FW_H5_V1.2.0RC4, STM32Cube_FW_H7RS_V1.0.0, STM32Cube_FW_H7RS_V1.0.0RC4, STM32Cube_FW_H7_V1.11.0, STM32Cube_FW_L0_V1.12.2, STM32Cube_FW_L5_V1.5.1, STM32Cube_FW_U0_V1.0.0, STM32Cube_FW_U0_V1.0.0RC1, STM32Cube_FW_U5_V1.3.0RC4, STM32Cube_FW_U5_V1.5.0, STM32Cube_FW_U5_V1.5.0RC1, STM32Cube_FW_WBA_V1.0.0RC1, STM32Cube_FW_WBA_V1.2.0, STM32Cube_FW_WBA_V1.2.0RC2, STM32Cube_FW_WBA_V1.3.0, STM32Cube_FW_WBA_V1.3.0RC1, STM32Cube_FW_WB_V1.15.0RC1, STM32Cube_FW_WB_V1.16.0, STM32Cube_FW_WB_V1.16.0RC2, STM32Cube_FW_WB_V1.18.0, STM32Cube_FW_WB_V1.19.0, STM32Cube_FW_WL_V1.3.0, X-CUBE-ALGOBUILD_V1.4.0, X-CUBE-ALS_V1.0.1, X-CUBE-AZRTOS-F4_V1.1.0, X-CUBE-AZRTOS-F7_V1.1.0, X-CUBE-AZRTOS-G0_V1.1.0, X-CUBE-AZRTOS-G4_V2.0.0, X-CUBE-AZRTOS-H7_V3.2.0, X-CUBE-AZRTOS-L4_V1.0.0, X-CUBE-AZRTOS-L4_V2.0.0, X-CUBE-AZRTOS-L5_V1.1.0, X-CUBE-AZRTOS-WB_V2.0.0, X-CUBE-AZRTOS-WL_V2.0.0, X-CUBE-BLE1_V7.0.0, X-CUBE-BLE2_V3.3.0, X-CUBE-BLEMGR_V3.1.0, X-CUBE-EEPRMA1_V4.1.0, X-CUBE-EEPRMA1_V5.1.0, X-CUBE-FREERTOS_V1.1.0, X-CUBE-GNSS1_V6.0.0, X-CUBE-MEMS1_V10.0.0, X-CUBE-MEMS1_V9.1.0, X-CUBE-MEMS1_V9.4.0, X-CUBE-MEMS1_V9.6.0, X-CUBE-NFC4_V3.0.0, X-CUBE-NFC7_V1.0.1, X-CUBE-SFXS2LP1_V4.0.0, X-CUBE-SUBG2_V5.0.0, X-CUBE-TOF1_V3.4.0]
2024-06-02 12:38:38,428 [INFO] DbBoardsSqlite:226 - include board P-NUCLEO-WB55-NUCLEO as a kit item of type 'Nucleo-64'
2024-06-02 12:38:38,428 [INFO] DbBoardsSqlite:226 - include board P-NUCLEO-WB55-USBDONGLE as a kit item of type 'Nucleo USB Dongle'
2024-06-02 12:38:38,428 [INFO] DbBoardsSqlite:226 - include board STEVAL-IDP005V1 as a kit item of type 'Evaluation Board'
2024-06-02 12:38:38,430 [INFO] DbBoardsSqlite:226 - include board STEVAL-IDP005V2 as a kit item of type 'Evaluation Board'
2024-06-02 12:38:38,957 [INFO] ApiDb:240 - Found 371 in-development CPN: [B-G473E-ZEST1S, B-WB1M-WPAN1, B-WL5M-SUBG1, NUCLEO-C031C6, NUCLEO-H503RB, NUCLEO-H563ZI, NUCLEO-U545RE-Q, NUCLEO-U5A5ZJ-Q, NUCLEO-WBA52CG, NUCLEO-WBA55CG, STEVAL-MKBOXPRO, STEVAL-PROTEUS1, STEVAL-STWINBX1, STM320518-EVAL, STM32C0116-DK, STM32C011D6Y3TR, STM32C011D6Y6TR, STM32C011F4P3, STM32C011F4P6, STM32C011F4U3, STM32C011F4U6TR, STM32C011F6P3, STM32C011F6P6, STM32C011F6U3, STM32C011F6U6TR, STM32C011J4M3, STM32C011J4M6, STM32C011J6M3, STM32C011J6M6, STM32C0316-DK, STM32C031C4T3, STM32C031C4T6, STM32C031C4U3, STM32C031C4U6, STM32C031C6T3, STM32C031C6T6, STM32C031C6U3, STM32C031C6U6, STM32C031F4P3, STM32C031F4P6, STM32C031F6P3, STM32C031F6P6, STM32C031G4U3, STM32C031G4U6, STM32C031G6U3, STM32C031G6U6, STM32C031K4T3, STM32C031K4T6, STM32C031K4U3, STM32C031K4U6, STM32C031K6T3, STM32C031K6T6, STM32C031K6U3, STM32C031K6U6, STM32G071K8TXN, STM32G071K8UXN, STM32G081GBU6N, STM32G081KBT6N, STM32G081KBUXN, STM32G0B1CCT6N, STM32G0B1KCT6, STM32G0B1NEY6TR, STM32G0B1RCT6N, STM32G0C1CCT6, STM32G0C1CCT6N, STM32G0C1CCU6N, STM32G0C1CET6N, STM32G0C1CEU6N, STM32G0C1KCT6, STM32G0C1NEY6TR, STM32G0C1RCI6N, STM32G0C1RCT6N, STM32G0C1REI6N, STM32G0C1RET6N, STM32G0C1VCI6, STM32G0C1VEI6, STM32G471CCT6, STM32G471CCU6, STM32G471CET3, STM32G471CET6, STM32G471CEU3, STM32G471CEU6, STM32G471MCT6, STM32G471MET3, STM32G471MET6, STM32G471MEY6TR, STM32G471QCT6, STM32G471QET3, STM32G471RCT6, STM32G471RET3, STM32G471RET6, STM32G471VCH6, STM32G471VCI6, STM32G471VCT6, STM32G471VEH3, STM32G471VEH6, STM32G471VEI3, STM32G471VEI6, STM32G471VET3, STM32G471VET6, STM32G474CCT6, STM32H503CBT6, STM32H503CBU6, STM32H503EBY6TR, STM32H503KBU6, STM32H503RBT6, STM32H562AGI6, STM32H562AII6, STM32H562IGK6, STM32H562IGT6, STM32H562IIK6, STM32H562IIT6, STM32H562RGT6, STM32H562RGV6, STM32H562RIT6, STM32H562RIV6, STM32H562VGT6, STM32H562VIT6, STM32H562ZGT6, STM32H562ZIT6, STM32H563AGI6, STM32H563AII3Q, STM32H563AII6, STM32H563IGK6, STM32H563IGT6, STM32H563IIK3Q, STM32H563IIK6, STM32H563IIT3Q, STM32H563IIT6, STM32H563MIY3QTR, STM32H563RGT6, STM32H563RGV6, STM32H563RIT6, STM32H563RIV6, STM32H563VGT6, STM32H563VIT3Q, STM32H563VIT6, STM32H563ZGT6, STM32H563ZIT3Q, STM32H563ZIT6, STM32H573AII3Q, STM32H573AII6, STM32H573I-DK, STM32H573IIK3Q, STM32H573IIK6, STM32H573IIT3Q, STM32H573IIT6, STM32H573MIY3QTR, STM32H573RIT6, STM32H573RIV6, STM32H573VIT3Q, STM32H573VIT6, STM32H573ZIT3Q, STM32H573ZIT6, STM32L4R5QGI6STR, STM32MP131AAE3, STM32MP131AAF3, STM32MP131AAG3, STM32MP131CAE3, STM32MP131CAF3, STM32MP131CAG3, STM32MP131DAE7, STM32MP131DAF7, STM32MP131DAG7, STM32MP131FAE7, STM32MP131FAF7, STM32MP131FAG7, STM32MP133AAE3, STM32MP133AAF3, STM32MP133AAG3, STM32MP133CAE3, STM32MP133CAF3, STM32MP133CAG3, STM32MP133DAE7, STM32MP133DAF7, STM32MP133DAG7, STM32MP133FAE7, STM32MP133FAF7, STM32MP133FAG7, STM32MP135AAE3, STM32MP135AAF3, STM32MP135AAG3, STM32MP135CAE3, STM32MP135CAF3, STM32MP135CAG3, STM32MP135DAE7, STM32MP135DAF7, STM32MP135DAG7, STM32MP135F-DK, STM32MP135FAE7, STM32MP135FAF7, STM32MP135FAF7T, STM32MP135FAF7U, STM32MP135FAG7, STM32U535CBT6, STM32U535CBT6Q, STM32U535CBU6, STM32U535CBU6Q, STM32U535CCT6, STM32U535CCT6Q, STM32U535CCU6, STM32U535CCU6Q, STM32U535CET6, STM32U535CET6Q, STM32U535CEU6, STM32U535CEU6Q, STM32U535JEY6QTR, STM32U535NCY6QTR, STM32U535NEY6QTR, STM32U535RBI6, STM32U535RBI6Q, STM32U535RBT6, STM32U535RBT6Q, STM32U535RCI6, STM32U535RCI6Q, STM32U535RCT6, STM32U535RCT6Q, STM32U535REI6, STM32U535REI6Q, STM32U535RET6, STM32U535RET6Q, STM32U535VCI6, STM32U535VCI6Q, STM32U535VCT6, STM32U535VCT6Q, STM32U535VEI6, STM32U535VEI6Q, STM32U535VET6, STM32U535VET6Q, STM32U545CET6, STM32U545CET6Q, STM32U545CEU6, STM32U545CEU6Q, STM32U545JEY6QTR, STM32U545NEY6QTR, STM32U545REI6, STM32U545REI6Q, STM32U545RET6, STM32U545RET6Q, STM32U545VEI6, STM32U545VEI6Q, STM32U545VET6, STM32U545VET6Q, STM32U595AIH6, STM32U595AIH6Q, STM32U595AJH6, STM32U595AJH6Q, STM32U595QII6, STM32U595QII6Q, STM32U595QJI6, STM32U595QJI6Q, STM32U595RIT6, STM32U595RIT6Q, STM32U595RJT6, STM32U595RJT6Q, STM32U595VIT6, STM32U595VIT6Q, STM32U595VJT6, STM32U595VJT6Q, STM32U595ZIT6, STM32U595ZIT6Q, STM32U595ZIY6QTR, STM32U595ZJT6, STM32U595ZJT6Q, STM32U595ZJY6QTR, STM32U599BJY6QTR, STM32U599NIH6Q, STM32U599NJH6Q, STM32U599VIT6Q, STM32U599VJT6, STM32U599VJT6Q, STM32U599ZIT6Q, STM32U599ZIY6QTR, STM32U599ZJT6Q, STM32U599ZJY6QTR, STM32U5A5AJH6, STM32U5A5AJH6Q, STM32U5A5QJI6, STM32U5A5QJI6Q, STM32U5A5RJT6, STM32U5A5RJT6Q, STM32U5A5VJT6, STM32U5A5VJT6Q, STM32U5A5ZJT6, STM32U5A5ZJT6Q, STM32U5A5ZJY6QTR, STM32U5A9BJY6QTR, STM32U5A9J-DK, STM32U5A9NJH6Q, STM32U5A9VJT6Q, STM32U5A9ZJT6Q, STM32U5A9ZJY6QTR, STM32U5F7VIT6, STM32U5F7VIT6Q, STM32U5F7VJT6, STM32U5F7VJT6Q, STM32U5F9BJY6QTR, STM32U5F9NJH6Q, STM32U5F9VIT6Q, STM32U5F9VJT6Q, STM32U5F9ZIJ6QTR, STM32U5F9ZIT6Q, STM32U5F9ZJJ6QTR, STM32U5F9ZJT6Q, STM32U5G7VJT6, STM32U5G7VJT6Q, STM32U5G9BJY6QTR, STM32U5G9J-DK1, STM32U5G9J-DK2, STM32U5G9NJH6Q, STM32U5G9VJT6Q, STM32U5G9ZJJ6QTR, STM32U5G9ZJT6Q, STM32WB1MMCH6, STM32WBA50KEU6, STM32WBA50KEU6TR, STM32WBA50KGU6, STM32WBA50KGU6TR, STM32WBA52CEU6, STM32WBA52CEU6TR, STM32WBA52CEU7, STM32WBA52CEU7TR, STM32WBA52CGU6, STM32WBA52CGU6TR, STM32WBA52CGU6U, STM32WBA52CGU7, STM32WBA52CGU7TR, STM32WBA52KEU6, STM32WBA52KEU6TR, STM32WBA52KGU6, STM32WBA52KGU6TR, STM32WBA54CEU6, STM32WBA54CEU6TR, STM32WBA54CEU7, STM32WBA54CEU7TR, STM32WBA54CGU6, STM32WBA54CGU6TR, STM32WBA54CGU7, STM32WBA54CGU7TR, STM32WBA54KEU6, STM32WBA54KEU6TR, STM32WBA54KEU7, STM32WBA54KEU7TR, STM32WBA54KGU6, STM32WBA54KGU6TR, STM32WBA54KGU7, STM32WBA54KGU7TR, STM32WBA55CEU6, STM32WBA55CEU6TR, STM32WBA55CEU7, STM32WBA55CEU7TR, STM32WBA55CGU6, STM32WBA55CGU6TR, STM32WBA55CGU6U, STM32WBA55CGU7, STM32WBA55CGU7TR, STM32WBA55G-DK1, STM32WBA55HEF6, STM32WBA55HEF7, STM32WBA55HGF6, STM32WBA55HGF7, STM32WBA55UEI6, STM32WBA55UEI6TR, STM32WBA55UEI7, STM32WBA55UEI7TR, STM32WBA55UGI6, STM32WBA55UGI6TR, STM32WBA55UGI7, STM32WBA55UGI7TR, STM32WL5MOCH6, STM32WL5MOCH6TR]
2024-06-02 12:38:39,069 [INFO] BoardInfo:889 - No configuration file found for board NUCLEO-H533RE
2024-06-02 12:38:39,070 [INFO] DbBoards:161 - Board is not supported: NUCLEO-H533RE
2024-06-02 12:38:39,080 [INFO] BoardInfo:889 - No configuration file found for board NUCLEO-H7S3L8
2024-06-02 12:38:39,080 [INFO] DbBoards:161 - Board is not supported: NUCLEO-H7S3L8
2024-06-02 12:38:39,107 [INFO] BoardInfo:889 - No configuration file found for board NUCLEO-U031R8
2024-06-02 12:38:39,108 [INFO] DbBoards:161 - Board is not supported: NUCLEO-U031R8
2024-06-02 12:38:39,109 [INFO] BoardInfo:889 - No configuration file found for board NUCLEO-U083RC
2024-06-02 12:38:39,109 [INFO] DbBoards:161 - Board is not supported: NUCLEO-U083RC
2024-06-02 12:38:39,124 [INFO] BoardInfo:889 - No configuration file found for board P-NUCLEO-WB55
2024-06-02 12:38:39,124 [INFO] DbBoards:161 - Kit is not supported: P-NUCLEO-WB55
2024-06-02 12:38:39,129 [INFO] BoardInfo:889 - No configuration file found for board STEVAL-BFA001V1B
2024-06-02 12:38:39,129 [INFO] DbBoards:161 - Kit is not supported: STEVAL-BFA001V1B
2024-06-02 12:38:39,130 [INFO] BoardInfo:889 - No configuration file found for board STEVAL-BFA001V2B
2024-06-02 12:38:39,130 [INFO] DbBoards:161 - Kit is not supported: STEVAL-BFA001V2B
2024-06-02 12:38:39,237 [INFO] BoardInfo:889 - No configuration file found for board STM32H7S78-DK
2024-06-02 12:38:39,237 [INFO] DbBoards:161 - Board is not supported: STM32H7S78-DK
2024-06-02 12:38:39,267 [INFO] BoardInfo:889 - No configuration file found for board STM32U083C-DK
2024-06-02 12:38:39,267 [INFO] DbBoards:161 - Board is not supported: STM32U083C-DK
2024-06-02 12:38:39,286 [INFO] DbBoards:168 - Found 199 boards, 190 are supported
2024-06-02 12:38:39,286 [INFO] DbBoards:169 - Found 199 boards, 3 of them is supported for  Bsp
2024-06-02 12:38:39,289 [INFO] ApiDb:668 - CubeFinder database Data Model version=2.1
2024-06-02 12:38:39,290 [INFO] ApiDb:669 - CubeFinder database Configuration version=3.0.39
2024-06-02 12:38:39,290 [INFO] ApiDb:670 - CubeFinder database generation date=2024-05-16 (1715872938)
2024-06-02 12:38:39,290 [INFO] ApiDb:671 - CubeFinder database FW Pack versions=[FP-ATR-ASTRA1_V2.0.0, FP-SNS-FLIGHT1_V5.0.1, FP-SNS-FLIGHT1_V5.0.2, FP-SNS-MOTENV1_V4.3.1, FP-SNS-MOTENV1_V4.3.2, FP-SNS-MOTENV1_V5.0.0, FP-SNS-MOTENVWB1_V1.4.0, FP-SNS-SMARTAG2_V1.2.0, STM32Cube_FW_C0_V1.1.0, STM32Cube_FW_F4_V1.28.0, STM32Cube_FW_F7_V1.17.0, STM32Cube_FW_G0_V1.6.2, STM32Cube_FW_G4_V1.5.2, STM32Cube_FW_H5_V0.5.1, STM32Cube_FW_H5_V1.1.1, STM32Cube_FW_H5_V1.2.0, STM32Cube_FW_H5_V1.2.0RC4, STM32Cube_FW_H7RS_V1.0.0, STM32Cube_FW_H7RS_V1.0.0RC4, STM32Cube_FW_H7_V1.11.0, STM32Cube_FW_L0_V1.12.2, STM32Cube_FW_L5_V1.5.1, STM32Cube_FW_U0_V1.0.0, STM32Cube_FW_U0_V1.0.0RC1, STM32Cube_FW_U5_V1.3.0RC4, STM32Cube_FW_U5_V1.5.0, STM32Cube_FW_U5_V1.5.0RC1, STM32Cube_FW_WBA_V1.0.0RC1, STM32Cube_FW_WBA_V1.2.0, STM32Cube_FW_WBA_V1.2.0RC2, STM32Cube_FW_WBA_V1.3.0, STM32Cube_FW_WBA_V1.3.0RC1, STM32Cube_FW_WB_V1.15.0RC1, STM32Cube_FW_WB_V1.16.0, STM32Cube_FW_WB_V1.16.0RC2, STM32Cube_FW_WB_V1.18.0, STM32Cube_FW_WB_V1.19.0, STM32Cube_FW_WL_V1.3.0, X-CUBE-ALGOBUILD_V1.4.0, X-CUBE-ALS_V1.0.1, X-CUBE-AZRTOS-F4_V1.1.0, X-CUBE-AZRTOS-F7_V1.1.0, X-CUBE-AZRTOS-G0_V1.1.0, X-CUBE-AZRTOS-G4_V2.0.0, X-CUBE-AZRTOS-H7_V3.2.0, X-CUBE-AZRTOS-L4_V1.0.0, X-CUBE-AZRTOS-L4_V2.0.0, X-CUBE-AZRTOS-L5_V1.1.0, X-CUBE-AZRTOS-WB_V2.0.0, X-CUBE-AZRTOS-WL_V2.0.0, X-CUBE-BLE1_V7.0.0, X-CUBE-BLE2_V3.3.0, X-CUBE-BLEMGR_V3.1.0, X-CUBE-EEPRMA1_V4.1.0, X-CUBE-EEPRMA1_V5.1.0, X-CUBE-FREERTOS_V1.1.0, X-CUBE-GNSS1_V6.0.0, X-CUBE-MEMS1_V10.0.0, X-CUBE-MEMS1_V9.1.0, X-CUBE-MEMS1_V9.4.0, X-CUBE-MEMS1_V9.6.0, X-CUBE-NFC4_V3.0.0, X-CUBE-NFC7_V1.0.1, X-CUBE-SFXS2LP1_V4.0.0, X-CUBE-SUBG2_V5.0.0, X-CUBE-TOF1_V3.4.0]
2024-06-02 12:38:41,673 [INFO] ApiDb:240 - Found 371 in-development CPN: [B-G473E-ZEST1S, B-WB1M-WPAN1, B-WL5M-SUBG1, NUCLEO-C031C6, NUCLEO-H503RB, NUCLEO-H563ZI, NUCLEO-U545RE-Q, NUCLEO-U5A5ZJ-Q, NUCLEO-WBA52CG, NUCLEO-WBA55CG, STEVAL-MKBOXPRO, STEVAL-PROTEUS1, STEVAL-STWINBX1, STM320518-EVAL, STM32C0116-DK, STM32C011D6Y3TR, STM32C011D6Y6TR, STM32C011F4P3, STM32C011F4P6, STM32C011F4U3, STM32C011F4U6TR, STM32C011F6P3, STM32C011F6P6, STM32C011F6U3, STM32C011F6U6TR, STM32C011J4M3, STM32C011J4M6, STM32C011J6M3, STM32C011J6M6, STM32C0316-DK, STM32C031C4T3, STM32C031C4T6, STM32C031C4U3, STM32C031C4U6, STM32C031C6T3, STM32C031C6T6, STM32C031C6U3, STM32C031C6U6, STM32C031F4P3, STM32C031F4P6, STM32C031F6P3, STM32C031F6P6, STM32C031G4U3, STM32C031G4U6, STM32C031G6U3, STM32C031G6U6, STM32C031K4T3, STM32C031K4T6, STM32C031K4U3, STM32C031K4U6, STM32C031K6T3, STM32C031K6T6, STM32C031K6U3, STM32C031K6U6, STM32G071K8TXN, STM32G071K8UXN, STM32G081GBU6N, STM32G081KBT6N, STM32G081KBUXN, STM32G0B1CCT6N, STM32G0B1KCT6, STM32G0B1NEY6TR, STM32G0B1RCT6N, STM32G0C1CCT6, STM32G0C1CCT6N, STM32G0C1CCU6N, STM32G0C1CET6N, STM32G0C1CEU6N, STM32G0C1KCT6, STM32G0C1NEY6TR, STM32G0C1RCI6N, STM32G0C1RCT6N, STM32G0C1REI6N, STM32G0C1RET6N, STM32G0C1VCI6, STM32G0C1VEI6, STM32G471CCT6, STM32G471CCU6, STM32G471CET3, STM32G471CET6, STM32G471CEU3, STM32G471CEU6, STM32G471MCT6, STM32G471MET3, STM32G471MET6, STM32G471MEY6TR, STM32G471QCT6, STM32G471QET3, STM32G471RCT6, STM32G471RET3, STM32G471RET6, STM32G471VCH6, STM32G471VCI6, STM32G471VCT6, STM32G471VEH3, STM32G471VEH6, STM32G471VEI3, STM32G471VEI6, STM32G471VET3, STM32G471VET6, STM32G474CCT6, STM32H503CBT6, STM32H503CBU6, STM32H503EBY6TR, STM32H503KBU6, STM32H503RBT6, STM32H562AGI6, STM32H562AII6, STM32H562IGK6, STM32H562IGT6, STM32H562IIK6, STM32H562IIT6, STM32H562RGT6, STM32H562RGV6, STM32H562RIT6, STM32H562RIV6, STM32H562VGT6, STM32H562VIT6, STM32H562ZGT6, STM32H562ZIT6, STM32H563AGI6, STM32H563AII3Q, STM32H563AII6, STM32H563IGK6, STM32H563IGT6, STM32H563IIK3Q, STM32H563IIK6, STM32H563IIT3Q, STM32H563IIT6, STM32H563MIY3QTR, STM32H563RGT6, STM32H563RGV6, STM32H563RIT6, STM32H563RIV6, STM32H563VGT6, STM32H563VIT3Q, STM32H563VIT6, STM32H563ZGT6, STM32H563ZIT3Q, STM32H563ZIT6, STM32H573AII3Q, STM32H573AII6, STM32H573I-DK, STM32H573IIK3Q, STM32H573IIK6, STM32H573IIT3Q, STM32H573IIT6, STM32H573MIY3QTR, STM32H573RIT6, STM32H573RIV6, STM32H573VIT3Q, STM32H573VIT6, STM32H573ZIT3Q, STM32H573ZIT6, STM32L4R5QGI6STR, STM32MP131AAE3, STM32MP131AAF3, STM32MP131AAG3, STM32MP131CAE3, STM32MP131CAF3, STM32MP131CAG3, STM32MP131DAE7, STM32MP131DAF7, STM32MP131DAG7, STM32MP131FAE7, STM32MP131FAF7, STM32MP131FAG7, STM32MP133AAE3, STM32MP133AAF3, STM32MP133AAG3, STM32MP133CAE3, STM32MP133CAF3, STM32MP133CAG3, STM32MP133DAE7, STM32MP133DAF7, STM32MP133DAG7, STM32MP133FAE7, STM32MP133FAF7, STM32MP133FAG7, STM32MP135AAE3, STM32MP135AAF3, STM32MP135AAG3, STM32MP135CAE3, STM32MP135CAF3, STM32MP135CAG3, STM32MP135DAE7, STM32MP135DAF7, STM32MP135DAG7, STM32MP135F-DK, STM32MP135FAE7, STM32MP135FAF7, STM32MP135FAF7T, STM32MP135FAF7U, STM32MP135FAG7, STM32U535CBT6, STM32U535CBT6Q, STM32U535CBU6, STM32U535CBU6Q, STM32U535CCT6, STM32U535CCT6Q, STM32U535CCU6, STM32U535CCU6Q, STM32U535CET6, STM32U535CET6Q, STM32U535CEU6, STM32U535CEU6Q, STM32U535JEY6QTR, STM32U535NCY6QTR, STM32U535NEY6QTR, STM32U535RBI6, STM32U535RBI6Q, STM32U535RBT6, STM32U535RBT6Q, STM32U535RCI6, STM32U535RCI6Q, STM32U535RCT6, STM32U535RCT6Q, STM32U535REI6, STM32U535REI6Q, STM32U535RET6, STM32U535RET6Q, STM32U535VCI6, STM32U535VCI6Q, STM32U535VCT6, STM32U535VCT6Q, STM32U535VEI6, STM32U535VEI6Q, STM32U535VET6, STM32U535VET6Q, STM32U545CET6, STM32U545CET6Q, STM32U545CEU6, STM32U545CEU6Q, STM32U545JEY6QTR, STM32U545NEY6QTR, STM32U545REI6, STM32U545REI6Q, STM32U545RET6, STM32U545RET6Q, STM32U545VEI6, STM32U545VEI6Q, STM32U545VET6, STM32U545VET6Q, STM32U595AIH6, STM32U595AIH6Q, STM32U595AJH6, STM32U595AJH6Q, STM32U595QII6, STM32U595QII6Q, STM32U595QJI6, STM32U595QJI6Q, STM32U595RIT6, STM32U595RIT6Q, STM32U595RJT6, STM32U595RJT6Q, STM32U595VIT6, STM32U595VIT6Q, STM32U595VJT6, STM32U595VJT6Q, STM32U595ZIT6, STM32U595ZIT6Q, STM32U595ZIY6QTR, STM32U595ZJT6, STM32U595ZJT6Q, STM32U595ZJY6QTR, STM32U599BJY6QTR, STM32U599NIH6Q, STM32U599NJH6Q, STM32U599VIT6Q, STM32U599VJT6, STM32U599VJT6Q, STM32U599ZIT6Q, STM32U599ZIY6QTR, STM32U599ZJT6Q, STM32U599ZJY6QTR, STM32U5A5AJH6, STM32U5A5AJH6Q, STM32U5A5QJI6, STM32U5A5QJI6Q, STM32U5A5RJT6, STM32U5A5RJT6Q, STM32U5A5VJT6, STM32U5A5VJT6Q, STM32U5A5ZJT6, STM32U5A5ZJT6Q, STM32U5A5ZJY6QTR, STM32U5A9BJY6QTR, STM32U5A9J-DK, STM32U5A9NJH6Q, STM32U5A9VJT6Q, STM32U5A9ZJT6Q, STM32U5A9ZJY6QTR, STM32U5F7VIT6, STM32U5F7VIT6Q, STM32U5F7VJT6, STM32U5F7VJT6Q, STM32U5F9BJY6QTR, STM32U5F9NJH6Q, STM32U5F9VIT6Q, STM32U5F9VJT6Q, STM32U5F9ZIJ6QTR, STM32U5F9ZIT6Q, STM32U5F9ZJJ6QTR, STM32U5F9ZJT6Q, STM32U5G7VJT6, STM32U5G7VJT6Q, STM32U5G9BJY6QTR, STM32U5G9J-DK1, STM32U5G9J-DK2, STM32U5G9NJH6Q, STM32U5G9VJT6Q, STM32U5G9ZJJ6QTR, STM32U5G9ZJT6Q, STM32WB1MMCH6, STM32WBA50KEU6, STM32WBA50KEU6TR, STM32WBA50KGU6, STM32WBA50KGU6TR, STM32WBA52CEU6, STM32WBA52CEU6TR, STM32WBA52CEU7, STM32WBA52CEU7TR, STM32WBA52CGU6, STM32WBA52CGU6TR, STM32WBA52CGU6U, STM32WBA52CGU7, STM32WBA52CGU7TR, STM32WBA52KEU6, STM32WBA52KEU6TR, STM32WBA52KGU6, STM32WBA52KGU6TR, STM32WBA54CEU6, STM32WBA54CEU6TR, STM32WBA54CEU7, STM32WBA54CEU7TR, STM32WBA54CGU6, STM32WBA54CGU6TR, STM32WBA54CGU7, STM32WBA54CGU7TR, STM32WBA54KEU6, STM32WBA54KEU6TR, STM32WBA54KEU7, STM32WBA54KEU7TR, STM32WBA54KGU6, STM32WBA54KGU6TR, STM32WBA54KGU7, STM32WBA54KGU7TR, STM32WBA55CEU6, STM32WBA55CEU6TR, STM32WBA55CEU7, STM32WBA55CEU7TR, STM32WBA55CGU6, STM32WBA55CGU6TR, STM32WBA55CGU6U, STM32WBA55CGU7, STM32WBA55CGU7TR, STM32WBA55G-DK1, STM32WBA55HEF6, STM32WBA55HEF7, STM32WBA55HGF6, STM32WBA55HGF7, STM32WBA55UEI6, STM32WBA55UEI6TR, STM32WBA55UEI7, STM32WBA55UEI7TR, STM32WBA55UGI6, STM32WBA55UGI6TR, STM32WBA55UGI7, STM32WBA55UGI7TR, STM32WL5MOCH6, STM32WL5MOCH6TR]
2024-06-02 12:38:41,676 [INFO] DbMcus:218 - Found 4092 MCUs, 4092 are supported
2024-06-02 12:38:41,677 [INFO] ApiDb:423 - Load user favorites file C:\Users\Maydoum/.stm32cubeide/favorites.mcus.txt: 0 item(s)
2024-06-02 12:38:41,677 [INFO] ApiDb:427 - User favorites MCUs=[]
2024-06-02 12:38:41,677 [INFO] DbMcus:224 - Set 0 / 0 favorites MCUs
2024-06-02 12:38:42,038 [INFO] ApiDb:414 - User favorites file not found: C:\Users\Maydoum/.stm32cubeide/favorites.boards.txt
2024-06-02 12:38:42,039 [INFO] DbBoards:198 - Set 0 / 0 favorites Boards
2024-06-02 12:38:42,039 [INFO] McuFinderGlobals:76 - Set McuFinderConnectedMode to true
2024-06-02 12:38:42,053 [INFO] MultiScanPanel:200 - Auto-refresh data requested => check proxy status ongoing
2024-06-02 12:38:42,057 [INFO] FinderPluginLoader:95 - Searching for filters in installed packs
2024-06-02 12:38:43,480 [INFO] LoadUrlFilesThread:185 - End of LoadServerUrlFiles without Thread
2024-06-02 12:38:43,514 [INFO] DetailPanel:341 - Set advertising image to C:/Users/Maydoum/STM32Cube/Repository/\en.prom-stm32h7rs-mcu-finder.jpg
2024-06-02 12:39:37,469 [INFO] MainUpdater:2873 - connection check result : 10
2024-06-02 12:39:37,470 [INFO] MainUpdater:2873 - connection check result : 10
2024-06-02 12:39:37,505 [INFO] MicroXplorer:468 - Change Database Path : 
2024-06-02 12:39:37,506 [INFO] MicroXplorer:498 - Change Database Version : DB.6.0.100
2024-06-02 12:39:37,515 [WARN] ThirdParty:871 - waiting for thirdparty lock release [close project]
2024-06-02 12:39:37,515 [INFO] ThirdParty:873 - entering critical section [close project]
2024-06-02 12:39:37,516 [INFO] ThirdParty:883 - exiting critical section [close project]
2024-06-02 12:39:37,518 [INFO] PinOutPanel:1499 - setPackage(No Configuration,No Configuration)
2024-06-02 12:39:37,523 [INFO] UtilMem:75 - Begin LoadConfig() Used Memory: 659019192 Bytes (1073741824)
2024-06-02 12:39:37,525 [INFO] MicroXplorer:468 - Change Database Path : 
2024-06-02 12:39:37,525 [INFO] MicroXplorer:498 - Change Database Version : DB.6.0.100
2024-06-02 12:39:37,526 [INFO] OpenFileManager:312 - Change cursor
2024-06-02 12:39:37,653 [INFO] Mcu:2016 - Initializing MCU STM32F103C8Tx STM32F103C8Tx STM32F103C8T6
2024-06-02 12:39:39,064 [INFO] Context:659 - Trying to add GPIOservice into a context  which must be forbidden
2024-06-02 12:39:39,469 [INFO] ImportTextPane:194 - (OptionalMessage_ERROR) Unable to find key (Mcu.ThirdPartyNb) in loaded IOC file
2024-06-02 12:39:39,469 [INFO] ImportTextPane:194 - (OptionalMessage_ERROR) Unable to find key (Mcu.PinsNb) in loaded IOC file
2024-06-02 12:39:39,469 [INFO] ImportTextPane:194 - (OptionalMessage_ERROR) Unable to find key (Mcu.IPNb) in loaded IOC file
2024-06-02 12:39:39,632 [INFO] RtosManager:555 - Registered RTOS mode: class=CMSIS, group=RTOS, mode=CMSIS_V1, owner=FREERTOS
2024-06-02 12:39:39,633 [INFO] RtosManager:555 - Registered RTOS mode: class=CMSIS, group=RTOS2, mode=CMSIS_V2, owner=FREERTOS
2024-06-02 12:39:39,633 [INFO] RtosManager:555 - Registered RTOS mode: class=RTOS, group=Core, mode=CMSIS_V1, owner=FREERTOS
2024-06-02 12:39:39,633 [INFO] RtosManager:555 - Registered RTOS mode: class=RTOS, group=Core, mode=CMSIS_V2, owner=FREERTOS
2024-06-02 12:39:39,634 [WARN] ModelIntegratedComponent:184 - Missing modes for component STMicroelectronics:FreeRTOS:0.0.1:STMicroelectronics:RTOS:FreeRTOS:Core:::10.2.0:
2024-06-02 12:39:39,654 [WARN] ModelIntegratedComponent:63 - No mode defined for component null
2024-06-02 12:39:39,654 [WARN] ModelIntegratedComponent:63 - No mode defined for component null
2024-06-02 12:39:39,654 [WARN] ModelIntegratedComponent:63 - No mode defined for component null
2024-06-02 12:39:39,654 [WARN] ModelIntegratedComponent:63 - No mode defined for component null
2024-06-02 12:39:39,654 [WARN] ModelIntegratedComponent:63 - No mode defined for component null
2024-06-02 12:39:39,654 [WARN] ModelIntegratedComponent:63 - No mode defined for component null
2024-06-02 12:39:39,654 [WARN] ModelIntegratedComponent:63 - No mode defined for component null
2024-06-02 12:39:39,654 [WARN] ModelIntegratedComponent:63 - No mode defined for component null
2024-06-02 12:39:39,654 [WARN] ModelIntegratedComponent:63 - No mode defined for component null
2024-06-02 12:39:39,654 [WARN] ModelIntegratedComponent:63 - No mode defined for component null
2024-06-02 12:39:39,654 [WARN] ModelIntegratedComponent:63 - No mode defined for component null
2024-06-02 12:39:39,654 [WARN] ModelIntegratedComponent:63 - No mode defined for component null
2024-06-02 12:39:39,654 [WARN] ModelIntegratedComponent:63 - No mode defined for component null
2024-06-02 12:39:39,654 [WARN] ModelIntegratedComponent:63 - No mode defined for component null
2024-06-02 12:39:39,655 [WARN] ModelIntegratedComponent:63 - No mode defined for component null
2024-06-02 12:39:39,655 [WARN] ModelIntegratedComponent:63 - No mode defined for component null
2024-06-02 12:39:39,655 [WARN] ModelIntegratedComponent:63 - No mode defined for component null
2024-06-02 12:39:39,655 [WARN] ModelIntegratedComponent:63 - No mode defined for component null
2024-06-02 12:39:39,655 [WARN] ModelIntegratedComponent:63 - No mode defined for component null
2024-06-02 12:39:39,655 [WARN] ModelIntegratedComponent:63 - No mode defined for component null
2024-06-02 12:39:39,655 [WARN] ModelIntegratedComponent:63 - No mode defined for component null
2024-06-02 12:39:39,655 [WARN] ModelIntegratedComponent:63 - No mode defined for component null
2024-06-02 12:39:39,655 [WARN] ModelIntegratedComponent:63 - No mode defined for component null
2024-06-02 12:39:39,655 [WARN] ModelIntegratedComponent:63 - No mode defined for component null
2024-06-02 12:39:39,655 [WARN] ModelIntegratedComponent:63 - No mode defined for component null
2024-06-02 12:39:39,655 [WARN] ModelIntegratedComponent:63 - No mode defined for component null
2024-06-02 12:39:39,655 [WARN] ModelIntegratedComponent:63 - No mode defined for component null
2024-06-02 12:39:39,655 [WARN] ModelIntegratedComponent:63 - No mode defined for component null
2024-06-02 12:39:39,655 [WARN] ModelIntegratedComponent:63 - No mode defined for component null
2024-06-02 12:39:39,655 [WARN] ModelIntegratedComponent:63 - No mode defined for component null
2024-06-02 12:39:39,655 [WARN] ModelIntegratedComponent:63 - No mode defined for component null
2024-06-02 12:39:39,657 [WARN] ModelIntegratedComponent:63 - No mode defined for component null
2024-06-02 12:39:39,657 [WARN] ModelIntegratedComponent:63 - No mode defined for component null
2024-06-02 12:39:39,810 [INFO] ThirdPartyModel:298 - Start build external matchings
2024-06-02 12:39:40,454 [INFO] ThirdPartyModel:316 - End build external matchings
2024-06-02 12:39:40,694 [INFO] UtilMem:75 - End LoadConfig() Used Memory: 765182560 Bytes (1073741824)
2024-06-02 12:39:40,833 [INFO] MicroXplorer:468 - Change Database Path : 
2024-06-02 12:39:40,835 [INFO] MicroXplorer:498 - Change Database Version : DB.6.0.100
2024-06-02 12:39:40,838 [WARN] ThirdParty:833 - waiting for thirdparty lock release [change project]
2024-06-02 12:39:40,838 [INFO] ThirdParty:835 - entering critical section [change project]
2024-06-02 12:39:40,838 [INFO] ThirdParty:1030 - CMSIS Pack Vendor :STMicroelectronics USBPD 4.1
2024-06-02 12:39:40,838 [INFO] ThirdParty:1030 - CMSIS Pack Vendor :STMicroelectronics X-CUBE-GNSS1 6.0.0
2024-06-02 12:39:40,838 [INFO] ThirdParty:1030 - CMSIS Pack Vendor :STMicroelectronics USB_HOST 2.0.0
2024-06-02 12:39:40,838 [INFO] ThirdParty:1030 - CMSIS Pack Vendor :STMicroelectronics FP-SNS-MOTENVWB1 1.4.0
2024-06-02 12:39:40,840 [INFO] ThirdParty:1030 - CMSIS Pack Vendor :STMicroelectronics X-CUBE-AZRTOS-F4 1.1.0
2024-06-02 12:39:40,840 [INFO] ThirdParty:1030 - CMSIS Pack Vendor :STMicroelectronics LIBJPEG 8.0.0
2024-06-02 12:39:40,840 [INFO] ThirdParty:1030 - CMSIS Pack Vendor :STMicroelectronics X-CUBE-SMBUS 2.1.0
2024-06-02 12:39:40,840 [INFO] ThirdParty:1030 - CMSIS Pack Vendor :STMicroelectronics USB_DEVICE 3.0.0
2024-06-02 12:39:40,840 [INFO] ThirdParty:1030 - CMSIS Pack Vendor :STMicroelectronics X-CUBE-TCPP 4.1.0
2024-06-02 12:39:40,840 [INFO] ThirdParty:1030 - CMSIS Pack Vendor :STMicroelectronics X-CUBE-FREERTOS 1.2.0
2024-06-02 12:39:40,840 [INFO] ThirdParty:1030 - CMSIS Pack Vendor :STMicroelectronics X-CUBE-AZRTOS-WB 2.0.0
2024-06-02 12:39:40,840 [INFO] ThirdParty:1030 - CMSIS Pack Vendor :wolfSSL I-CUBE-wolfSSL 5.6.6
2024-06-02 12:39:40,840 [INFO] ThirdParty:1030 - CMSIS Pack Vendor :STMicroelectronics X-CUBE-TOUCHGFX 4.23.1
2024-06-02 12:39:40,840 [INFO] ThirdParty:1030 - CMSIS Pack Vendor :STMicroelectronics X-CUBE-TOUCHGFX 4.23.0
2024-06-02 12:39:40,840 [INFO] ThirdParty:1030 - CMSIS Pack Vendor :STMicroelectronics X-CUBE-TOUCHGFX 4.23.2
2024-06-02 12:39:40,840 [INFO] ThirdParty:1030 - CMSIS Pack Vendor :STMicroelectronics X-CUBE-AZRTOS-F7 1.1.0
2024-06-02 12:39:40,840 [INFO] ThirdParty:1030 - CMSIS Pack Vendor :STMicroelectronics X-CUBE-AZRTOS-L5 2.0.0
2024-06-02 12:39:40,840 [INFO] ThirdParty:1030 - CMSIS Pack Vendor :STMicroelectronics USB_DEVICE 2.0.0
2024-06-02 12:39:40,840 [INFO] ThirdParty:1030 - CMSIS Pack Vendor :STMicroelectronics X-CUBE-NFC6 3.1.0
2024-06-02 12:39:40,840 [INFO] ThirdParty:1030 - CMSIS Pack Vendor :ITTIA_DB I-CUBE-ITTIADB 8.8.0
2024-06-02 12:39:40,840 [INFO] ThirdParty:1030 - CMSIS Pack Vendor :STMicroelectronics FP-SNS-MOTENV1 4.3.2
2024-06-02 12:39:40,840 [INFO] ThirdParty:1030 - CMSIS Pack Vendor :STMicroelectronics X-CUBE-ALGOBUILD 1.3.0
2024-06-02 12:39:40,840 [INFO] ThirdParty:1030 - CMSIS Pack Vendor :STMicroelectronics FreeRTOS 0.0.1
2024-06-02 12:39:40,841 [INFO] ThirdParty:1030 - CMSIS Pack Vendor :STMicroelectronics X-CUBE-AZRTOS-G0 1.1.0
2024-06-02 12:39:40,841 [INFO] ThirdParty:1030 - CMSIS Pack Vendor :STMicroelectronics X-CUBE-SAFEA1 1.2.2
2024-06-02 12:39:40,841 [INFO] ThirdParty:1030 - CMSIS Pack Vendor :STMicroelectronics X-CUBE-NFC4 3.0.0
2024-06-02 12:39:40,841 [INFO] ThirdParty:1030 - CMSIS Pack Vendor :STMicroelectronics X-CUBE-SUBG2 5.0.0
2024-06-02 12:39:40,841 [INFO] ThirdParty:1030 - CMSIS Pack Vendor :STMicroelectronics STM32_WPAN 1.0.0
2024-06-02 12:39:40,841 [INFO] ThirdParty:1030 - CMSIS Pack Vendor :STMicroelectronics lwIP 2.0.3
2024-06-02 12:39:40,841 [INFO] ThirdParty:1030 - CMSIS Pack Vendor :STMicroelectronics FP-SNS-FLIGHT1 5.0.2
2024-06-02 12:39:40,841 [INFO] ThirdParty:1030 - CMSIS Pack Vendor :Cesanta I-CUBE-Mongoose 7.13.0
2024-06-02 12:39:40,841 [INFO] ThirdParty:1030 - CMSIS Pack Vendor :STMicroelectronics USB_HOST 1.0.0
2024-06-02 12:39:40,841 [INFO] ThirdParty:1030 - CMSIS Pack Vendor :STMicroelectronics X-CUBE-AI 9.0.0
2024-06-02 12:39:40,841 [INFO] ThirdParty:1030 - CMSIS Pack Vendor :STMicroelectronics X-CUBE-AZRTOS-G4 2.0.0
2024-06-02 12:39:40,841 [INFO] ThirdParty:1030 - CMSIS Pack Vendor :STMicroelectronics PDM2PCM 3.1.0
2024-06-02 12:39:40,841 [INFO] ThirdParty:1030 - CMSIS Pack Vendor :Infineon AIROC-Wi-Fi-Bluetooth-STM32 1.5.1
2024-06-02 12:39:40,841 [INFO] ThirdParty:1030 - CMSIS Pack Vendor :STMicroelectronics X-CUBE-BLEMGR 3.0.0
2024-06-02 12:39:40,841 [INFO] ThirdParty:1030 - CMSIS Pack Vendor :STMicroelectronics PDM2PCM 3.3.0
2024-06-02 12:39:40,841 [INFO] ThirdParty:1030 - CMSIS Pack Vendor :STMicroelectronics X-CUBE-DISPLAY 3.0.0
2024-06-02 12:39:40,841 [INFO] ThirdParty:1030 - CMSIS Pack Vendor :STMicroelectronics FP-SNS-MOTENVWB1 1.3.1
2024-06-02 12:39:40,841 [INFO] ThirdParty:1030 - CMSIS Pack Vendor :STMicroelectronics X-CUBE-BLE1 7.0.0
2024-06-02 12:39:40,841 [INFO] ThirdParty:1030 - CMSIS Pack Vendor :STMicroelectronics FP-ATR-SIGFOX1 3.2.0
2024-06-02 12:39:40,841 [INFO] ThirdParty:1030 - CMSIS Pack Vendor :STMicroelectronics X-CUBE-ISPU 2.0.0
2024-06-02 12:39:40,841 [INFO] ThirdParty:1030 - CMSIS Pack Vendor :STMicroelectronics X-CUBE-EEPRMA1 5.1.0
2024-06-02 12:39:40,841 [INFO] ThirdParty:1030 - CMSIS Pack Vendor :STMicroelectronics HAL Drivers 0.0.0
2024-06-02 12:39:40,841 [INFO] ThirdParty:1030 - CMSIS Pack Vendor :STMicroelectronics MBEDTLS 2.16.2
2024-06-02 12:39:40,841 [INFO] ThirdParty:1030 - CMSIS Pack Vendor :STMicroelectronics X-CUBE-ALS 1.0.2
2024-06-02 12:39:40,841 [INFO] ThirdParty:1030 - CMSIS Pack Vendor :emotas I-CUBE-CANOPEN 1.3.0
2024-06-02 12:39:40,841 [INFO] ThirdParty:1030 - CMSIS Pack Vendor :STMicroelectronics X-CUBE-MEMS1 10.0.0
2024-06-02 12:39:40,842 [INFO] ThirdParty:1030 - CMSIS Pack Vendor :STMicroelectronics X-CUBE-FREERTOS 1.1.0
2024-06-02 12:39:40,842 [INFO] ThirdParty:1030 - CMSIS Pack Vendor :STMicroelectronics X-CUBE-NFC7 1.0.1
2024-06-02 12:39:40,842 [INFO] ThirdParty:1030 - CMSIS Pack Vendor :STMicroelectronics MBEDTLS 2.14.1
2024-06-02 12:39:40,842 [INFO] ThirdParty:1030 - CMSIS Pack Vendor :STMicroelectronics X-CUBE-NFC6 3.0.0
2024-06-02 12:39:40,842 [INFO] ThirdParty:1030 - CMSIS Pack Vendor :portGmbH I-Cube-SoM-uGOAL 1.1.0
2024-06-02 12:39:40,842 [INFO] ThirdParty:1030 - CMSIS Pack Vendor :STMicroelectronics X-CUBE-ALS 1.0.1
2024-06-02 12:39:40,842 [INFO] ThirdParty:1030 - CMSIS Pack Vendor :STMicroelectronics X-CUBE-BLEMGR 3.1.0
2024-06-02 12:39:40,842 [INFO] ThirdParty:1030 - CMSIS Pack Vendor :STMicroelectronics ThreadX 1.0.0
2024-06-02 12:39:40,842 [INFO] ThirdParty:1030 - CMSIS Pack Vendor :STMicroelectronics FP-SNS-SMARTAG2 1.2.0
2024-06-02 12:39:40,842 [INFO] ThirdParty:1030 - CMSIS Pack Vendor :STMicroelectronics X-CUBE-AZRTOS-WL 2.0.0
2024-06-02 12:39:40,842 [INFO] ThirdParty:1030 - CMSIS Pack Vendor :SEGGER I-CUBE-embOS 1.3.1
2024-06-02 12:39:40,842 [INFO] ThirdParty:1030 - CMSIS Pack Vendor :STMicroelectronics X-CUBE-ALGOBUILD 1.4.0
2024-06-02 12:39:40,842 [INFO] ThirdParty:1030 - CMSIS Pack Vendor :STMicroelectronics FP-SNS-MOTENV1 5.0.0
2024-06-02 12:39:40,842 [INFO] ThirdParty:1030 - CMSIS Pack Vendor :STMicroelectronics USB_DEVICE 1.0.0
2024-06-02 12:39:40,842 [INFO] ThirdParty:1030 - CMSIS Pack Vendor :STMicroelectronics X-CUBE-AI 8.1.0
2024-06-02 12:39:40,842 [INFO] ThirdParty:1030 - CMSIS Pack Vendor :STMicroelectronics X-CUBE-AZRTOS-H7RS 1.0.0
2024-06-02 12:39:40,842 [INFO] ThirdParty:1030 - CMSIS Pack Vendor :STMicroelectronics X-CUBE-AZRTOS-L4 2.0.0
2024-06-02 12:39:40,843 [INFO] ThirdParty:1030 - CMSIS Pack Vendor :STMicroelectronics ThreadX 0.0.2
2024-06-02 12:39:40,843 [INFO] ThirdParty:1030 - CMSIS Pack Vendor :WES I-CUBE-Cesium 1.3.0
2024-06-02 12:39:40,843 [INFO] ThirdParty:1030 - CMSIS Pack Vendor :STMicroelectronics FP-ATR-ASTRA1 2.0.0
2024-06-02 12:39:40,843 [INFO] ThirdParty:1030 - CMSIS Pack Vendor :STMicroelectronics lwIP 2.1.2
2024-06-02 12:39:40,843 [INFO] ThirdParty:1030 - CMSIS Pack Vendor :STMicroelectronics X-CUBE-SFXS2LP1 4.0.0
2024-06-02 12:39:40,843 [INFO] ThirdParty:1030 - CMSIS Pack Vendor :STMicroelectronics X-CUBE-BLE2 3.3.0
2024-06-02 12:39:40,843 [INFO] ThirdParty:1030 - CMSIS Pack Vendor :STMicroelectronics X-CUBE-TOF1 3.4.0
2024-06-02 12:39:40,843 [INFO] ThirdParty:1030 - CMSIS Pack Vendor :STMicroelectronics X-CUBE-TOF1 3.4.1
2024-06-02 12:39:40,843 [INFO] ThirdParty:1030 - CMSIS Pack Vendor :STMicroelectronics X-CUBE-AZRTOS-H7 3.2.0
2024-06-02 12:39:40,843 [INFO] ThirdParty:1030 - CMSIS Pack Vendor :STMicroelectronics PDM2PCM 3.2.0
2024-06-02 12:39:40,843 [INFO] ThirdParty:841 - exiting critical section [change project]
2024-06-02 12:39:41,317 [INFO] PinOutPanel:1499 - setPackage(No Configuration,No Configuration)
2024-06-02 12:39:41,318 [INFO] PinOutPanel:1499 - setPackage(STM32F103C8Tx,LQFP48)
2024-06-02 12:39:42,169 [INFO] UtilMem:75 - Before build in PCC Used Memory: 861037184 Bytes (1073741824)
2024-06-02 12:39:43,971 [INFO] UtilMem:75 - After build in PCC Used Memory: 604110896 Bytes (1073741824)
2024-06-02 12:39:44,013 [INFO] IPUIPlugin:80 - create IPUIPlugin
2024-06-02 12:39:44,014 [INFO] IPUIPlugin:80 - create IPUIPlugin
2024-06-02 12:39:44,014 [INFO] IPUIPlugin:80 - create IPUIPlugin
2024-06-02 12:39:44,014 [INFO] IPUIPlugin:80 - create IPUIPlugin
2024-06-02 12:39:44,014 [INFO] IPUIPlugin:80 - create IPUIPlugin
2024-06-02 12:39:44,014 [INFO] IPUIPlugin:80 - create IPUIPlugin
2024-06-02 12:39:44,014 [INFO] IPUIPlugin:80 - create IPUIPlugin
2024-06-02 12:39:44,015 [INFO] IPUIPlugin:80 - create IPUIPlugin
2024-06-02 12:39:44,015 [INFO] IPUIPlugin:80 - create IPUIPlugin
2024-06-02 12:39:44,015 [INFO] IPUIPlugin:80 - create IPUIPlugin
2024-06-02 12:39:44,015 [INFO] IPUIPlugin:80 - create IPUIPlugin
2024-06-02 12:39:44,015 [INFO] IPUIPlugin:80 - create IPUIPlugin
2024-06-02 12:39:44,015 [INFO] IPUIPlugin:80 - create IPUIPlugin
2024-06-02 12:39:44,016 [INFO] IPUIPlugin:80 - create IPUIPlugin
2024-06-02 12:39:44,016 [INFO] IPUIPlugin:80 - create IPUIPlugin
2024-06-02 12:39:44,016 [INFO] IPUIPlugin:80 - create IPUIPlugin
2024-06-02 12:39:44,016 [INFO] IPUIPlugin:80 - create IPUIPlugin
2024-06-02 12:39:44,017 [INFO] IPUIPlugin:80 - create IPUIPlugin
2024-06-02 12:39:44,017 [INFO] IPUIPlugin:80 - create IPUIPlugin
2024-06-02 12:39:44,017 [INFO] IPUIPlugin:80 - create IPUIPlugin
2024-06-02 12:39:44,017 [INFO] IPUIPlugin:80 - create IPUIPlugin
2024-06-02 12:39:44,018 [INFO] IPUIPlugin:80 - create IPUIPlugin
2024-06-02 12:39:44,018 [INFO] IPUIPlugin:80 - create IPUIPlugin
2024-06-02 12:39:44,019 [INFO] IPUIPlugin:80 - create IPUIPlugin
2024-06-02 12:39:44,019 [INFO] IPUIPlugin:80 - create IPUIPlugin
2024-06-02 12:39:44,020 [INFO] IPUIPlugin:80 - create IPUIPlugin
2024-06-02 12:39:44,020 [INFO] IPUIPlugin:80 - create IPUIPlugin
2024-06-02 12:39:44,447 [INFO] CADModel:165 - CPN selected for project levelSTM32F103C8T6
2024-06-02 12:39:44,447 [INFO] CADModel:114 - Register for checkConnection events
2024-06-02 12:39:44,501 [INFO] OpenFileManager:343 - Restore cursor
2024-06-02 12:39:45,669 [INFO] UtilMem:75 - End SaveConfig() Used Memory: 635869952 Bytes (1073741824)
2024-06-02 12:39:45,722 [INFO] UtilMem:75 - End SaveConfig() Used Memory: 648398840 Bytes (1073741824)
2024-06-02 12:39:46,299 [INFO] BlockDiagram:2759 - set Specific Code input for plugin: NVIC
2024-06-02 12:39:46,299 [INFO] BlockDiagram:2759 - set Specific Code input for plugin: RCC
2024-06-02 12:39:46,301 [INFO] CodeGenerator:807 - code generatio: config db path: C:\ST\STM32CubeIDE_1.14.1\STM32CubeIDE\plugins\com.st.stm32cube.common.mx_6.10.0.202311202037\\db\
2024-06-02 12:39:46,724 [INFO] CodeEngine:255 - oldGeneratedFile, C:\Users\Maydoum\STM32CubeIDE\workspace_1.14.1\LED_And_BB\MXTmpFiles\license.tmp_save
2024-06-02 12:39:47,207 [INFO] CodeEngine:279 - Generated code: C:\Users\Maydoum\STM32CubeIDE\workspace_1.14.1\LED_And_BB\MXTmpFiles\license.tmp
2024-06-02 12:39:47,229 [INFO] CodeEngine:255 - oldGeneratedFile, C:\Users\Maydoum\STM32CubeIDE\workspace_1.14.1\LED_And_BB\Core\Src\stm32f1xx_it.c_save
2024-06-02 12:39:47,444 [INFO] CodeEngine:279 - Generated code: C:\Users\Maydoum\STM32CubeIDE\workspace_1.14.1\LED_And_BB\Core\Src\stm32f1xx_it.c
2024-06-02 12:39:47,453 [INFO] CodeEngine:255 - oldGeneratedFile, C:\Users\Maydoum\STM32CubeIDE\workspace_1.14.1\LED_And_BB\Core\Inc\stm32f1xx_it.h_save
2024-06-02 12:39:47,603 [INFO] CodeEngine:279 - Generated code: C:\Users\Maydoum\STM32CubeIDE\workspace_1.14.1\LED_And_BB\Core\Inc\stm32f1xx_it.h
2024-06-02 12:39:47,836 [INFO] CodeEngine:255 - oldGeneratedFile, C:\Users\Maydoum\STM32CubeIDE\workspace_1.14.1\LED_And_BB\Core\Src\stm32f1xx_hal_msp.c_save
2024-06-02 12:39:47,983 [INFO] CodeEngine:279 - Generated code: C:\Users\Maydoum\STM32CubeIDE\workspace_1.14.1\LED_And_BB\Core\Src\stm32f1xx_hal_msp.c
2024-06-02 12:39:47,990 [INFO] CodeEngine:255 - oldGeneratedFile, C:\Users\Maydoum\STM32CubeIDE\workspace_1.14.1\LED_And_BB\MXTmpFiles\system.tmp_save
2024-06-02 12:39:48,116 [INFO] CodeEngine:279 - Generated code: C:\Users\Maydoum\STM32CubeIDE\workspace_1.14.1\LED_And_BB\MXTmpFiles\system.tmp
2024-06-02 12:39:48,132 [INFO] CodeEngine:311 - oldGeneratedFile, C:\Users\Maydoum\STM32CubeIDE\workspace_1.14.1\LED_And_BB\Core\Inc\stm32f1xx_hal_conf.h_save
2024-06-02 12:39:48,278 [INFO] CodeEngine:335 - Generated code: C:\Users\Maydoum\STM32CubeIDE\workspace_1.14.1\LED_And_BB\Core\Inc\stm32f1xx_hal_conf.h
2024-06-02 12:39:48,339 [INFO] CodeEngine:255 - oldGeneratedFile, C:\Users\Maydoum\STM32CubeIDE\workspace_1.14.1\LED_And_BB\Core\Inc\main.h_save
2024-06-02 12:39:48,524 [INFO] CodeEngine:279 - Generated code: C:\Users\Maydoum\STM32CubeIDE\workspace_1.14.1\LED_And_BB\Core\Inc\main.h
2024-06-02 12:39:48,536 [INFO] CodeEngine:255 - oldGeneratedFile, C:\Users\Maydoum\STM32CubeIDE\workspace_1.14.1\LED_And_BB\Core\Src\main.c_save
2024-06-02 12:39:48,709 [INFO] CodeEngine:279 - Generated code: C:\Users\Maydoum\STM32CubeIDE\workspace_1.14.1\LED_And_BB\Core\Src\main.c
2024-06-02 12:39:49,873 [INFO] ProjectBuilder:3076 - Time for Copy HAL[1] : 280mS.
2024-06-02 12:39:49,882 [INFO] ProjectBuilder:4485 - Project Generator version: 4.2.0-B44
2024-06-02 12:39:50,297 [INFO] ConfigFileManager:1495 - The Die is : DIE410
2024-06-02 12:39:50,319 [INFO] ApiDbMcu:508 - Load IP Config File for FATFS
2024-06-02 12:39:50,330 [INFO] ApiDbMcu:508 - Load IP Config File for FREERTOS
2024-06-02 12:39:50,343 [INFO] ApiDbMcu:508 - Load IP Config File for USB_DEVICE
2024-06-02 12:39:51,432 [INFO] LogOutputStream:77 - [STDOUT_REDIRECT] 
2024-06-02 12:39:57,084 [INFO] ProjectBuilder:4747 - Time for Generating toolchain IDE Files: 7203mS.
2024-06-02 12:39:57,084 [INFO] ProjectBuilder:2947 - Time for Copy CMSIS : 0mS.
2024-06-02 12:39:57,094 [INFO] ProjectBuilder:2947 - Time for Copy CMSIS : 0mS.
2024-06-02 12:39:58,246 [INFO] McuFinderGlobals:76 - Set McuFinderConnectedMode to true
2024-06-02 12:39:58,254 [INFO] ApiDb:448 - Save user favorites file C:\Users\Maydoum/.stm32cubeide/favorites.mcus.txt: 0 item(s)
2024-06-02 12:39:58,254 [INFO] ApiDb:452 - User favorites MCUs=[]
2024-06-02 13:49:14,556 [ERROR] ConfigurationRetriever:142 - IOException on connection: Connect timed out
2024-06-02 17:52:52,485 [ERROR] LogOutputStream:75 - [STDERR_REDIRECT] 
2024-06-02 17:52:52,485 [ERROR] LogOutputStream:75 - [STDERR_REDIRECT] 
2024-06-02 17:58:05,496 [INFO] Activator:176 - 


2024-06-02 17:58:05,496 [INFO] Activator:177 - !SESSION log4j initialized
2024-06-02 17:58:11,617 [INFO] LogOutputStream:77 - [STDOUT_REDIRECT] 
2024-06-02 17:58:12,743 [INFO] ApplicationProperties:184 - Using Application install path: C:\ST\STM32CubeIDE_1.14.1\STM32CubeIDE\plugins\com.st.stm32cube.common.mx_6.10.0.202311202037
2024-06-02 17:58:12,758 [INFO] DbMcusXml:78 - Set database path to: C:\ST\STM32CubeIDE_1.14.1\STM32CubeIDE\plugins\com.st.stm32cube.common.mx_6.10.0.202311202037\\db\/mcu/
2024-06-02 17:58:12,758 [INFO] ApiDb:274 - Set plugin database path to: C:\ST\STM32CubeIDE_1.14.1\STM32CubeIDE\plugins\com.st.stm32cube.common.mx_6.10.0.202311202037\\db\/plugins/boardmanager/
2024-06-02 17:58:12,758 [WARN] ApiDb:259 - Overriding images path with different value:  => C:\ST\STM32CubeIDE_1.14.1\STM32CubeIDE\plugins\com.st.stm32cube.common.mx_6.10.0.202311202037\\db\/plugins/mcufinder/images/
2024-06-02 17:58:12,774 [INFO] ApiDb:250 - Set database path to: C:\Users\Maydoum\.stmcufinder\plugins\mcufinder//mcu/
2024-06-02 17:58:12,774 [INFO] DbMcusAds:125 - Set database path to: C:\Users\Maydoum\.stmcufinder\plugins\mcufinder//mcu/
2024-06-02 17:58:12,774 [INFO] CrossReferenceDbSqlite:203 - Set database path to: C:\Users\Maydoum\.stmcufinder\plugins\mcufinder//mcu/cs/
2024-06-02 17:58:12,883 [INFO] RulesReader:64 - Compatibility file has been processed (297 Rules)
2024-06-02 17:58:12,946 [INFO] DbMcusXml:78 - Set database path to: C:\ST\STM32CubeIDE_1.14.1\STM32CubeIDE\plugins\com.st.stm32cube.common.mx_6.10.0.202311202037\\db\/mcu/
2024-06-02 17:58:12,946 [INFO] ApiDb:274 - Set plugin database path to: C:\ST\STM32CubeIDE_1.14.1\STM32CubeIDE\plugins\com.st.stm32cube.common.mx_6.10.0.202311202037\\db\/plugins/boardmanager/
2024-06-02 17:58:12,946 [INFO] ApiDb:261 - Set plugin images path to: C:\ST\STM32CubeIDE_1.14.1\STM32CubeIDE\plugins\com.st.stm32cube.common.mx_6.10.0.202311202037\\db\/plugins/mcufinder/images/
2024-06-02 17:58:12,946 [WARN] DbFile:41 - Overriding database path with different value: C:\Users\Maydoum\.stmcufinder\plugins\mcufinder/ => C:\Users\Maydoum\.stmcufinder\plugins\mcufinder
2024-06-02 17:58:12,946 [INFO] ApiDb:250 - Set database path to: C:\Users\Maydoum\.stmcufinder\plugins\mcufinder//mcu/
2024-06-02 17:58:12,946 [WARN] DbFile:41 - Overriding database path with different value: C:\Users\Maydoum\.stmcufinder\plugins\mcufinder/ => C:\Users\Maydoum\.stmcufinder\plugins\mcufinder
2024-06-02 17:58:12,946 [INFO] DbMcusAds:125 - Set database path to: C:\Users\Maydoum\.stmcufinder\plugins\mcufinder//mcu/
2024-06-02 17:58:12,946 [WARN] DbFile:41 - Overriding database path with different value: C:\Users\Maydoum\.stmcufinder\plugins\mcufinder/ => C:\Users\Maydoum\.stmcufinder\plugins\mcufinder
2024-06-02 17:58:12,946 [WARN] DbFile:41 - Overriding database path with different value: C:\Users\Maydoum\.stmcufinder\plugins\mcufinder/ => C:\Users\Maydoum\.stmcufinder\plugins\mcufinder
2024-06-02 17:58:12,946 [INFO] CrossReferenceDbSqlite:203 - Set database path to: C:\Users\Maydoum\.stmcufinder\plugins\mcufinder//mcu/cs/
2024-06-02 17:58:13,008 [INFO] MainPanel:264 - HeapMemory: 268435456
2024-06-02 17:58:13,055 [INFO] DbMcusXml:78 - Set database path to: C:\ST\STM32CubeIDE_1.14.1\STM32CubeIDE\plugins\com.st.stm32cube.common.mx_6.10.0.202311202037\\db\/mcu/
2024-06-02 17:58:13,055 [INFO] ApiDb:274 - Set plugin database path to: C:\ST\STM32CubeIDE_1.14.1\STM32CubeIDE\plugins\com.st.stm32cube.common.mx_6.10.0.202311202037\\db\/plugins/boardmanager/
2024-06-02 17:58:13,055 [INFO] ApiDb:261 - Set plugin images path to: C:\ST\STM32CubeIDE_1.14.1\STM32CubeIDE\plugins\com.st.stm32cube.common.mx_6.10.0.202311202037\\db\/plugins/mcufinder/images/
2024-06-02 17:58:13,055 [WARN] DbFile:41 - Overriding database path with different value: C:\Users\Maydoum\.stmcufinder\plugins\mcufinder/ => C:\Users\Maydoum\.stmcufinder\plugins\mcufinder
2024-06-02 17:58:13,055 [INFO] ApiDb:250 - Set database path to: C:\Users\Maydoum\.stmcufinder\plugins\mcufinder//mcu/
2024-06-02 17:58:13,055 [WARN] DbFile:41 - Overriding database path with different value: C:\Users\Maydoum\.stmcufinder\plugins\mcufinder/ => C:\Users\Maydoum\.stmcufinder\plugins\mcufinder
2024-06-02 17:58:13,055 [INFO] DbMcusAds:125 - Set database path to: C:\Users\Maydoum\.stmcufinder\plugins\mcufinder//mcu/
2024-06-02 17:58:13,055 [WARN] DbFile:41 - Overriding database path with different value: C:\Users\Maydoum\.stmcufinder\plugins\mcufinder/ => C:\Users\Maydoum\.stmcufinder\plugins\mcufinder
2024-06-02 17:58:13,055 [WARN] DbFile:41 - Overriding database path with different value: C:\Users\Maydoum\.stmcufinder\plugins\mcufinder/ => C:\Users\Maydoum\.stmcufinder\plugins\mcufinder
2024-06-02 17:58:13,055 [INFO] CrossReferenceDbSqlite:203 - Set database path to: C:\Users\Maydoum\.stmcufinder\plugins\mcufinder//mcu/cs/
2024-06-02 17:58:13,071 [INFO] ApplicationProperties:184 - Using Application install path: C:\ST\STM32CubeIDE_1.14.1\STM32CubeIDE\plugins\com.st.stm32cube.common.mx_6.10.0.202311202037
2024-06-02 17:58:13,071 [INFO] PluginManage:196 - Search for loadable plugins [exclusion list=, ]
2024-06-02 17:58:13,071 [INFO] PluginManage:310 - Check plugin analytics
2024-06-02 17:58:13,227 [INFO] AnalyticsPlugin:253 - Accepted Software Licenses: 
2024-06-02 17:58:13,227 [INFO] AnalyticsPlugin:255 - Accepted CMSIS Pack Licenses: 
2024-06-02 17:58:13,227 [INFO] AnalyticsPlugin:257 - Accepted Firmware Licenses: 
2024-06-02 17:58:13,243 [INFO] PluginManage:359 - Loaded plugin analytics (category:tool,tabindex:-1)
2024-06-02 17:58:13,243 [INFO] PluginManage:310 - Check plugin cadmodel
2024-06-02 17:58:13,243 [INFO] CADModel:105 - Init CAD model plugin
2024-06-02 17:58:13,243 [INFO] PluginManage:359 - Loaded plugin cadmodel (category:power,tabindex:5)
2024-06-02 17:58:13,243 [INFO] PluginManage:310 - Check plugin clock
2024-06-02 17:58:13,258 [INFO] PluginManage:359 - Loaded plugin clock (category:base,tabindex:2)
2024-06-02 17:58:13,258 [INFO] PluginManage:310 - Check plugin ddr
2024-06-02 17:58:13,258 [INFO] PluginManage:359 - Loaded plugin ddr (category:tool,tabindex:6)
2024-06-02 17:58:13,258 [INFO] PluginManage:310 - Check plugin filemanager
2024-06-02 17:58:13,383 [INFO] PluginManage:359 - Loaded plugin filemanager (category:base,tabindex:10)
2024-06-02 17:58:13,383 [INFO] PluginManage:310 - Check plugin ipmanager
2024-06-02 17:58:13,383 [INFO] PluginManage:359 - Loaded plugin ipmanager (category:base,tabindex:5)
2024-06-02 17:58:13,383 [INFO] PluginManage:310 - Check plugin lpbam
2024-06-02 17:58:13,383 [INFO] PluginManage:359 - Loaded plugin lpbam (category:base,tabindex:0)
2024-06-02 17:58:13,383 [INFO] PluginManage:310 - Check plugin memorymap
2024-06-02 17:58:13,399 [INFO] PluginManage:359 - Loaded plugin memorymap (category:base,tabindex:4)
2024-06-02 17:58:13,399 [INFO] PluginManage:310 - Check plugin pinoutandconfiguration
2024-06-02 17:58:13,399 [INFO] PluginManage:359 - Loaded plugin pinoutandconfiguration (category:base,tabindex:1)
2024-06-02 17:58:13,399 [INFO] PluginManage:310 - Check plugin pinoutconfig
2024-06-02 17:58:13,477 [WARN] SupportedApi:132 - Cannot load RTOS API schema: s4s-elt-must-match.1: The content of 'definitions' must match (annotation?, (simpleType | complexType)?, (unique | key | keyref)*)). A problem was found starting at: attribute.
2024-06-02 17:58:13,599 [INFO] PluginManage:359 - Loaded plugin pinoutconfig (category:base,tabindex:0)
2024-06-02 17:58:13,599 [INFO] PluginManage:310 - Check plugin power
2024-06-02 17:58:13,608 [INFO] PluginManage:359 - Loaded plugin power (category:power,tabindex:4)
2024-06-02 17:58:13,608 [INFO] PluginManage:310 - Check plugin projectmanager
2024-06-02 17:58:13,620 [INFO] PluginManage:359 - Loaded plugin projectmanager (category:projectmanager,tabindex:3)
2024-06-02 17:58:13,620 [INFO] PluginManage:310 - Check plugin thirdparty
2024-06-02 17:58:13,713 [WARN] IntegrityCheckThread:84 - waiting for thirdparty lock release [integrity check]
2024-06-02 17:58:13,713 [INFO] IntegrityCheckThread:86 - entering critical section [integrity check]
2024-06-02 17:58:13,713 [INFO] PluginManage:359 - Loaded plugin thirdparty (category:base,tabindex:-1)
2024-06-02 17:58:13,713 [INFO] PluginManage:310 - Check plugin tools
2024-06-02 17:58:13,713 [INFO] ThirdPartyUpdaterWithRetryManager:70 - Updater plugin not ready yet. [1/15]
2024-06-02 17:58:13,713 [INFO] PluginManage:359 - Loaded plugin tools (category:base,tabindex:7)
2024-06-02 17:58:13,713 [INFO] PluginManage:310 - Check plugin tutovideos
2024-06-02 17:58:13,885 [INFO] PluginManage:359 - Loaded plugin tutovideos (category:base,tabindex:-1)
2024-06-02 17:58:13,885 [INFO] PluginManage:310 - Check plugin updater
2024-06-02 17:58:13,885 [INFO] PluginManage:359 - Loaded plugin updater (category:base,tabindex:12)
2024-06-02 17:58:13,885 [INFO] PluginManage:310 - Check plugin userauth
2024-06-02 17:58:13,901 [INFO] UserAuth:114 - Init User Auth plugin
2024-06-02 17:58:13,901 [INFO] PluginManage:359 - Loaded plugin userauth (category:base,tabindex:14)
2024-06-02 17:58:13,901 [INFO] PluginManage:283 - PluginManage : Loaded plugins [17]
2024-06-02 17:58:14,057 [INFO] PinOutPanel:1499 - setPackage(No Configuration,No Configuration)
2024-06-02 17:58:14,104 [INFO] CADModel:165 - CPN selected for project level
2024-06-02 17:58:14,104 [INFO] CADModel:114 - Register for checkConnection events
2024-06-02 17:58:14,120 [INFO] IPUIPlugin:80 - create IPUIPlugin
2024-06-02 17:58:14,120 [INFO] PluginManager:220 - loadIPPluginJar : add adc
2024-06-02 17:58:14,120 [INFO] IPUIPlugin:80 - create IPUIPlugin
2024-06-02 17:58:14,120 [INFO] PluginManager:220 - loadIPPluginJar : add aes
2024-06-02 17:58:14,120 [INFO] IPUIPlugin:80 - create IPUIPlugin
2024-06-02 17:58:14,120 [INFO] PluginManager:220 - loadIPPluginJar : add can
2024-06-02 17:58:14,120 [INFO] IPUIPlugin:80 - create IPUIPlugin
2024-06-02 17:58:14,120 [INFO] PluginManager:220 - loadIPPluginJar : add comp
2024-06-02 17:58:14,120 [INFO] IPUIPlugin:80 - create IPUIPlugin
2024-06-02 17:58:14,120 [INFO] PluginManager:220 - loadIPPluginJar : add cryp
2024-06-02 17:58:14,135 [INFO] IPUIPlugin:80 - create IPUIPlugin
2024-06-02 17:58:14,135 [INFO] PluginManager:220 - loadIPPluginJar : add dfsdm
2024-06-02 17:58:14,135 [INFO] IPUIPlugin:80 - create IPUIPlugin
2024-06-02 17:58:14,135 [INFO] PluginManager:220 - loadIPPluginJar : add dma
2024-06-02 17:58:14,135 [INFO] IPUIPlugin:80 - create IPUIPlugin
2024-06-02 17:58:14,135 [INFO] PluginManager:220 - loadIPPluginJar : add dma3
2024-06-02 17:58:14,135 [INFO] IPUIPlugin:80 - create IPUIPlugin
2024-06-02 17:58:14,135 [INFO] PluginManager:220 - loadIPPluginJar : add fatfs
2024-06-02 17:58:14,135 [INFO] IPUIPlugin:80 - create IPUIPlugin
2024-06-02 17:58:14,135 [INFO] PluginManager:220 - loadIPPluginJar : add fmc
2024-06-02 17:58:14,135 [INFO] IPUIPlugin:80 - create IPUIPlugin
2024-06-02 17:58:14,135 [INFO] PluginManager:220 - loadIPPluginJar : add freertos
2024-06-02 17:58:14,135 [INFO] IPUIPlugin:80 - create IPUIPlugin
2024-06-02 17:58:14,135 [INFO] PluginManager:220 - loadIPPluginJar : add genericplugin
2024-06-02 17:58:14,151 [INFO] IPUIPlugin:80 - create IPUIPlugin
2024-06-02 17:58:14,151 [INFO] PluginManager:220 - loadIPPluginJar : add gfxmmu
2024-06-02 17:58:14,151 [INFO] IPUIPlugin:80 - create IPUIPlugin
2024-06-02 17:58:14,151 [INFO] PluginManager:220 - loadIPPluginJar : add gic
2024-06-02 17:58:14,151 [INFO] IPUIPlugin:80 - create IPUIPlugin
2024-06-02 17:58:14,151 [INFO] PluginManager:220 - loadIPPluginJar : add gpio
2024-06-02 17:58:14,151 [INFO] IPUIPlugin:80 - create IPUIPlugin
2024-06-02 17:58:14,151 [INFO] PluginManager:220 - loadIPPluginJar : add gtzc
2024-06-02 17:58:14,151 [INFO] IPUIPlugin:80 - create IPUIPlugin
2024-06-02 17:58:14,151 [INFO] PluginManager:220 - loadIPPluginJar : add hash
2024-06-02 17:58:14,151 [INFO] IPUIPlugin:80 - create IPUIPlugin
2024-06-02 17:58:14,151 [INFO] PluginManager:220 - loadIPPluginJar : add i2c
2024-06-02 17:58:14,151 [INFO] IPUIPlugin:80 - create IPUIPlugin
2024-06-02 17:58:14,151 [INFO] PluginManager:220 - loadIPPluginJar : add i2s
2024-06-02 17:58:14,151 [INFO] IPUIPlugin:80 - create IPUIPlugin
2024-06-02 17:58:14,151 [INFO] PluginManager:220 - loadIPPluginJar : add i3c
2024-06-02 17:58:14,166 [INFO] IPUIPlugin:80 - create IPUIPlugin
2024-06-02 17:58:14,166 [INFO] PluginManager:220 - loadIPPluginJar : add ipddr
2024-06-02 17:58:14,166 [INFO] IPUIPlugin:80 - create IPUIPlugin
2024-06-02 17:58:14,166 [INFO] PluginManager:220 - loadIPPluginJar : add linkedlist
2024-06-02 17:58:14,166 [INFO] IPUIPlugin:80 - create IPUIPlugin
2024-06-02 17:58:14,166 [INFO] PluginManager:220 - loadIPPluginJar : add lorawan
2024-06-02 17:58:14,166 [INFO] IPUIPlugin:80 - create IPUIPlugin
2024-06-02 17:58:14,166 [INFO] PluginManager:220 - loadIPPluginJar : add ltdc
2024-06-02 17:58:14,166 [INFO] IPUIPlugin:80 - create IPUIPlugin
2024-06-02 17:58:14,166 [INFO] PluginManager:220 - loadIPPluginJar : add mdma
2024-06-02 17:58:14,182 [INFO] IPUIPlugin:80 - create IPUIPlugin
2024-06-02 17:58:14,182 [INFO] PluginManager:220 - loadIPPluginJar : add nvic
2024-06-02 17:58:14,182 [INFO] IPUIPlugin:80 - create IPUIPlugin
2024-06-02 17:58:14,182 [INFO] PluginManager:220 - loadIPPluginJar : add opamp
2024-06-02 17:58:14,182 [INFO] IPUIPlugin:80 - create IPUIPlugin
2024-06-02 17:58:14,182 [INFO] PluginManager:220 - loadIPPluginJar : add openamp
2024-06-02 17:58:14,182 [INFO] IPUIPlugin:80 - create IPUIPlugin
2024-06-02 17:58:14,182 [INFO] PluginManager:220 - loadIPPluginJar : add pdm2pcm
2024-06-02 17:58:14,182 [INFO] IPUIPlugin:80 - create IPUIPlugin
2024-06-02 17:58:14,182 [INFO] PluginManager:220 - loadIPPluginJar : add plateformsettings
2024-06-02 17:58:14,182 [INFO] IPUIPlugin:80 - create IPUIPlugin
2024-06-02 17:58:14,182 [INFO] PluginManager:220 - loadIPPluginJar : add quadspi
2024-06-02 17:58:14,198 [INFO] IPUIPlugin:80 - create IPUIPlugin
2024-06-02 17:58:14,198 [INFO] PluginManager:220 - loadIPPluginJar : add resmgrutility
2024-06-02 17:58:14,198 [INFO] IPUIPlugin:80 - create IPUIPlugin
2024-06-02 17:58:14,198 [INFO] PluginManager:220 - loadIPPluginJar : add sai
2024-06-02 17:58:14,198 [INFO] IPUIPlugin:80 - create IPUIPlugin
2024-06-02 17:58:14,198 [INFO] PluginManager:220 - loadIPPluginJar : add spi
2024-06-02 17:58:14,198 [INFO] IPUIPlugin:80 - create IPUIPlugin
2024-06-02 17:58:14,198 [INFO] PluginManager:220 - loadIPPluginJar : add stm32_wpan
2024-06-02 17:58:14,198 [INFO] IPUIPlugin:80 - create IPUIPlugin
2024-06-02 17:58:14,198 [INFO] PluginManager:220 - loadIPPluginJar : add tim
2024-06-02 17:58:14,198 [INFO] IPUIPlugin:80 - create IPUIPlugin
2024-06-02 17:58:14,198 [INFO] PluginManager:220 - loadIPPluginJar : add touchsensing
2024-06-02 17:58:14,198 [INFO] IPUIPlugin:80 - create IPUIPlugin
2024-06-02 17:58:14,198 [INFO] PluginManager:220 - loadIPPluginJar : add tracer_emb
2024-06-02 17:58:14,198 [INFO] IPUIPlugin:80 - create IPUIPlugin
2024-06-02 17:58:14,198 [INFO] PluginManager:220 - loadIPPluginJar : add ts
2024-06-02 17:58:14,198 [INFO] IPUIPlugin:80 - create IPUIPlugin
2024-06-02 17:58:14,198 [INFO] PluginManager:220 - loadIPPluginJar : add tsc
2024-06-02 17:58:14,213 [INFO] IPUIPlugin:80 - create IPUIPlugin
2024-06-02 17:58:14,213 [INFO] PluginManager:220 - loadIPPluginJar : add ucpd
2024-06-02 17:58:14,213 [INFO] IPUIPlugin:80 - create IPUIPlugin
2024-06-02 17:58:14,213 [INFO] PluginManager:220 - loadIPPluginJar : add usart
2024-06-02 17:58:14,213 [INFO] IPUIPlugin:80 - create IPUIPlugin
2024-06-02 17:58:14,213 [INFO] PluginManager:220 - loadIPPluginJar : add usbx
2024-06-02 17:58:14,338 [INFO] CADModel:165 - CPN selected for project level
2024-06-02 17:58:14,338 [INFO] CADModel:114 - Register for checkConnection events
2024-06-02 17:58:14,338 [FATAL] Updater:308 - Updater called before beeing initialized
2024-06-02 17:58:14,338 [ERROR] CADModel:125 - Updater not yet initialized, retry later 
2024-06-02 17:58:14,463 [INFO] CADModel:165 - CPN selected for project level
2024-06-02 17:58:14,463 [INFO] CADModel:114 - Register for checkConnection events
2024-06-02 17:58:14,463 [FATAL] Updater:308 - Updater called before beeing initialized
2024-06-02 17:58:14,463 [ERROR] CADModel:125 - Updater not yet initialized, retry later 
2024-06-02 17:58:14,463 [FATAL] Updater:308 - Updater called before beeing initialized
2024-06-02 17:58:14,557 [FATAL] Updater:308 - Updater called before beeing initialized
2024-06-02 17:58:14,557 [INFO] DbMcusAds:53 - JSON generation date=Thu May 16 12:22:00 EEST 2024 (1715851320852)
2024-06-02 17:58:14,557 [FATAL] Updater:308 - Updater called before beeing initialized
2024-06-02 17:58:14,588 [WARN] DetailPanel:346 - Failed to get advertising image, set to default
2024-06-02 17:58:14,668 [FATAL] Updater:308 - Updater called before beeing initialized
2024-06-02 17:58:14,668 [FATAL] Updater:308 - Updater called before beeing initialized
2024-06-02 17:58:14,668 [FATAL] Updater:308 - Updater called before beeing initialized
2024-06-02 17:58:14,668 [WARN] DetailPanel:346 - Failed to get advertising image, set to default
2024-06-02 17:58:14,668 [FATAL] Updater:308 - Updater called before beeing initialized
2024-06-02 17:58:14,715 [ERROR] Updater:1120 - MainUpdater not yet initialized. External WinMGr cannot be set.
2024-06-02 17:58:14,715 [INFO] Updater:1056 - Updater Version found : 6.10.0
2024-06-02 17:58:14,746 [INFO] ApplicationProperties:184 - Using Application install path: C:\ST\STM32CubeIDE_1.14.1\STM32CubeIDE\plugins\com.st.stm32cube.common.mx_6.10.0.202311202037
2024-06-02 17:58:16,343 [ERROR] LogOutputStream:75 - [STDERR_REDIRECT] Jun 02, 2024 5:58:16 PM java.util.prefs.WindowsPreferences <init>
2024-06-02 17:58:16,343 [ERROR] LogOutputStream:75 - [STDERR_REDIRECT] WARNING: Could not open/create prefs root node Software\JavaSoft\Prefs at root 0xffffffff80000002. Windows RegCreateKeyEx(...) returned error code 5.
2024-06-02 17:58:16,343 [ERROR] LogOutputStream:75 - [STDERR_REDIRECT] 
2024-06-02 17:58:16,734 [INFO] ThirdPartyUpdaterWithRetryManager:70 - Updater plugin not ready yet. [2/15]
2024-06-02 17:58:16,749 [INFO] MainUpdater:2873 - connection check result : 10
2024-06-02 17:58:16,749 [INFO] MainUpdater:290 - Updater Check For Update Now.
2024-06-02 17:58:16,749 [INFO] MicroXplorer:498 - Change Database Version : DB.6.0.100
2024-06-02 17:58:16,749 [INFO] McuFinderGlobals:63 - Set McuFinder mode to 2 (CubeIDE integrated)
2024-06-02 17:58:16,921 [INFO] CheckServerUpdateThread:120 - End of CheckServer Thread
2024-06-02 17:58:17,250 [INFO] UserAuth:404 - Internet connection configuration mode: 1
2024-06-02 17:58:17,251 [INFO] JxBrowserEngine:152 - Initiate JxBrowser Engine with user profile folder
2024-06-02 17:58:17,686 [INFO] WebApp:161 - Instantiating new browser for Auth
2024-06-02 17:58:18,166 [INFO] WebApp:780 - Register for checkConnection events
2024-06-02 17:58:18,166 [INFO] WebApp:414 - Apply proxy settings
2024-06-02 17:58:18,166 [INFO] WebApp:499 - Chromium requires no authentication
2024-06-02 17:58:18,172 [INFO] WebApp:442 - Direct internet connection detected
2024-06-02 17:58:18,281 [INFO] WebApp:192 - Starting web application
2024-06-02 17:58:18,281 [INFO] WebApp:544 - Web application path used C:\ST\STM32CubeIDE_1.14.1\STM32CubeIDE\plugins\com.st.stm32cube.common.mx_6.10.0.202311202037\db\plugins\mcufinder\reactClient1\index.html
2024-06-02 17:58:19,886 [WARN] PackLoader:240 - Cannot read IP mode file for STMicroelectronics.FP-SNS-MOTENVWB1.1.4.0
2024-06-02 17:58:19,902 [WARN] PackLoader:240 - Cannot read IP mode file for STMicroelectronics.X-CUBE-SMBUS.2.1.0
2024-06-02 17:58:19,902 [WARN] PackLoader:240 - Cannot read IP mode file for STMicroelectronics.X-CUBE-TOUCHGFX.4.23.1
2024-06-02 17:58:19,902 [WARN] PackLoader:240 - Cannot read IP mode file for STMicroelectronics.X-CUBE-TOUCHGFX.4.23.0
2024-06-02 17:58:19,902 [WARN] PackLoader:240 - Cannot read IP mode file for STMicroelectronics.X-CUBE-TOUCHGFX.4.23.2
2024-06-02 17:58:19,936 [WARN] PackLoader:240 - Cannot read IP mode file for STMicroelectronics.X-CUBE-AZRTOS-F7.1.1.0
2024-06-02 17:58:19,952 [WARN] PackLoader:240 - Cannot read IP mode file for STMicroelectronics.FP-SNS-MOTENV1.4.3.2
2024-06-02 17:58:19,968 [WARN] PackLoader:240 - Cannot read IP mode file for STMicroelectronics.FP-SNS-FLIGHT1.5.0.2
2024-06-02 17:58:19,969 [WARN] PackLoader:240 - Cannot read IP mode file for STMicroelectronics.X-CUBE-DISPLAY.3.0.0
2024-06-02 17:58:19,986 [WARN] PackLoader:240 - Cannot read IP mode file for STMicroelectronics.X-CUBE-BLE1.7.0.0
2024-06-02 17:58:19,986 [WARN] PackLoader:240 - Cannot read IP mode file for emotas.I-CUBE-CANOPEN.1.3.0
2024-06-02 17:58:20,003 [WARN] PackLoader:240 - Cannot read IP mode file for STMicroelectronics.X-CUBE-BLEMGR.3.1.0
2024-06-02 17:58:20,003 [WARN] PackLoader:240 - Cannot read IP mode file for STMicroelectronics.FP-SNS-SMARTAG2.1.2.0
2024-06-02 17:58:20,019 [INFO] LogOutputStream:77 - [STDOUT_REDIRECT] 1 : Invalid condition id : UX_CORESTACK_Condition cause : null
2024-06-02 17:58:20,019 [INFO] LogOutputStream:77 - [STDOUT_REDIRECT] 1 : Invalid condition id : UX_CORESTACK_Condition cause : null
2024-06-02 17:58:20,019 [INFO] LogOutputStream:77 - [STDOUT_REDIRECT] 1 : Invalid condition id : UX_CORESTACK_Condition cause : null
2024-06-02 17:58:20,019 [INFO] LogOutputStream:77 - [STDOUT_REDIRECT] 1 : Invalid condition id : UX_CORESTACK_Condition cause : null
2024-06-02 17:58:20,019 [INFO] LogOutputStream:77 - [STDOUT_REDIRECT] 1 : Invalid condition id : UX_CORESTACK_Condition cause : null
2024-06-02 17:58:20,019 [WARN] PackLoader:240 - Cannot read IP mode file for STMicroelectronics.X-CUBE-AZRTOS-WL.2.0.0
2024-06-02 17:58:20,019 [WARN] PackLoader:240 - Cannot read IP mode file for STMicroelectronics.FP-SNS-MOTENV1.5.0.0
2024-06-02 17:58:20,036 [WARN] PackLoader:240 - Cannot read IP mode file for WES.I-CUBE-Cesium.1.3.0
2024-06-02 17:58:20,036 [WARN] PackLoader:240 - Cannot read IP mode file for STMicroelectronics.X-CUBE-BLE2.3.3.0
2024-06-02 17:58:20,052 [WARN] PackLoader:240 - Cannot read IP mode file for STMicroelectronics.X-CUBE-TCPP.4.1.0
2024-06-02 17:58:20,052 [WARN] PackLoader:240 - Cannot read IP mode file for STMicroelectronics.X-CUBE-ALGOBUILD.1.3.0
2024-06-02 17:58:20,070 [WARN] PackLoader:240 - Cannot read IP mode file for STMicroelectronics.X-CUBE-AZRTOS-G0.1.1.0
2024-06-02 17:58:20,086 [WARN] PackLoader:240 - Cannot read IP mode file for STMicroelectronics.X-CUBE-SAFEA1.1.2.2
2024-06-02 17:58:20,103 [WARN] PackLoader:240 - Cannot read IP mode file for STMicroelectronics.X-CUBE-NFC4.3.0.0
2024-06-02 17:58:20,121 [WARN] PackLoader:240 - Cannot read IP mode file for STMicroelectronics.X-CUBE-BLEMGR.3.0.0
2024-06-02 17:58:20,121 [WARN] PackLoader:240 - Cannot read IP mode file for STMicroelectronics.FP-ATR-SIGFOX1.3.2.0
2024-06-02 17:58:20,136 [WARN] PackLoader:240 - Cannot read IP mode file for STMicroelectronics.X-CUBE-EEPRMA1.5.1.0
2024-06-02 17:58:20,169 [WARN] PackLoader:240 - Cannot read IP mode file for SEGGER.I-CUBE-embOS.1.3.1
2024-06-02 17:58:20,228 [WARN] PackLoader:240 - Cannot read IP mode file for STMicroelectronics.X-CUBE-ALGOBUILD.1.4.0
2024-06-02 17:58:20,236 [WARN] PackLoader:240 - Cannot read IP mode file for STMicroelectronics.X-CUBE-GNSS1.6.0.0
2024-06-02 17:58:20,258 [WARN] PackLoader:240 - Cannot read IP mode file for STMicroelectronics.X-CUBE-AZRTOS-F4.1.1.0
2024-06-02 17:58:20,264 [WARN] PackLoader:240 - Cannot read IP mode file for STMicroelectronics.X-CUBE-FREERTOS.1.2.0
2024-06-02 17:58:20,269 [WARN] PackLoader:240 - Cannot read IP mode file for wolfSSL.I-CUBE-wolfSSL.5.6.6
2024-06-02 17:58:20,285 [WARN] PackLoader:240 - Cannot read IP mode file for STMicroelectronics.X-CUBE-AZRTOS-L5.2.0.0
2024-06-02 17:58:20,286 [WARN] PackLoader:240 - Cannot read IP mode file for STMicroelectronics.X-CUBE-NFC6.3.1.0
2024-06-02 17:58:20,286 [WARN] PackLoader:240 - Cannot read IP mode file for ITTIA_DB.I-CUBE-ITTIADB.8.8.0
2024-06-02 17:58:20,302 [WARN] PackLoader:240 - Cannot read IP mode file for STMicroelectronics.X-CUBE-AI.9.0.0
2024-06-02 17:58:20,302 [WARN] PackLoader:240 - Cannot read IP mode file for STMicroelectronics.X-CUBE-NFC7.1.0.1
2024-06-02 17:58:20,302 [WARN] PackLoader:240 - Cannot read IP mode file for STMicroelectronics.X-CUBE-NFC6.3.0.0
2024-06-02 17:58:20,318 [WARN] PackLoader:240 - Cannot read IP mode file for STMicroelectronics.X-CUBE-AI.8.1.0
2024-06-02 17:58:20,319 [WARN] ConditionMgr:438 - getConditionDescription Invalid condition id : LAN8742 Phy interface Condition cause : null
2024-06-02 17:58:20,319 [WARN] PackLoader:240 - Cannot read IP mode file for STMicroelectronics.X-CUBE-AZRTOS-L4.2.0.0
2024-06-02 17:58:20,319 [WARN] ConditionMgr:1039 - genDependencies : Invalid condition id : LAN8742 Phy interface Condition cause : null
2024-06-02 17:58:20,319 [WARN] ConditionMgr:1039 - genDependencies : Invalid condition id : LAN8742 Phy interface Condition cause : null
2024-06-02 17:58:20,338 [WARN] ConditionMgr:1039 - genDependencies : Invalid condition id : LAN8742 Phy interface Condition cause : null
2024-06-02 17:58:20,338 [WARN] PackLoader:240 - Cannot read IP mode file for STMicroelectronics.X-CUBE-SFXS2LP1.4.0.0
2024-06-02 17:58:20,353 [WARN] ConditionMgr:438 - getConditionDescription Invalid condition id : UX DEVICE CLASS RTOS Condition cause : null
2024-06-02 17:58:20,353 [WARN] ConditionMgr:438 - getConditionDescription Invalid condition id : UX DEVICE CLASS RTOS Condition cause : null
2024-06-02 17:58:20,353 [WARN] PackLoader:240 - Cannot read IP mode file for STMicroelectronics.X-CUBE-AZRTOS-WB.2.0.0
2024-06-02 17:58:20,353 [WARN] ConditionMgr:1039 - genDependencies : Invalid condition id : UX DEVICE CLASS RTOS Condition cause : null
2024-06-02 17:58:20,353 [WARN] ConditionMgr:1039 - genDependencies : Invalid condition id : UX DEVICE CLASS RTOS Condition cause : null
2024-06-02 17:58:20,368 [WARN] ConditionMgr:1039 - genDependencies : Invalid condition id : UX DEVICE CLASS RTOS Condition cause : null
2024-06-02 17:58:20,369 [WARN] ConditionMgr:1039 - genDependencies : Invalid condition id : UX DEVICE CLASS RTOS Condition cause : null
2024-06-02 17:58:20,369 [WARN] ConditionMgr:1039 - genDependencies : Invalid condition id : UX DEVICE CLASS RTOS Condition cause : null
2024-06-02 17:58:20,369 [WARN] PackLoader:240 - Cannot read IP mode file for STMicroelectronics.X-CUBE-SUBG2.5.0.0
2024-06-02 17:58:20,386 [WARN] PackLoader:240 - Cannot read IP mode file for Cesanta.I-CUBE-Mongoose.7.13.0
2024-06-02 17:58:20,419 [WARN] PackLoader:240 - Cannot read IP mode file for STMicroelectronics.X-CUBE-AZRTOS-G4.2.0.0
2024-06-02 17:58:20,419 [WARN] PackLoader:240 - Cannot read IP mode file for Infineon.AIROC-Wi-Fi-Bluetooth-STM32.1.5.1
2024-06-02 17:58:20,437 [WARN] PackLoader:240 - Cannot read IP mode file for STMicroelectronics.FP-SNS-MOTENVWB1.1.3.1
2024-06-02 17:58:20,437 [WARN] PackLoader:240 - Cannot read IP mode file for STMicroelectronics.X-CUBE-ISPU.2.0.0
2024-06-02 17:58:20,437 [WARN] PackLoader:240 - Cannot read IP mode file for STMicroelectronics.X-CUBE-ALS.1.0.2
2024-06-02 17:58:20,469 [WARN] PackLoader:240 - Cannot read IP mode file for STMicroelectronics.X-CUBE-MEMS1.10.0.0
2024-06-02 17:58:20,586 [WARN] PackLoader:240 - Cannot read IP mode file for STMicroelectronics.X-CUBE-FREERTOS.1.1.0
2024-06-02 17:58:20,586 [WARN] PackLoader:240 - Cannot read IP mode file for portGmbH.I-Cube-SoM-uGOAL.1.1.0
2024-06-02 17:58:20,602 [WARN] PackLoader:240 - Cannot read IP mode file for STMicroelectronics.X-CUBE-ALS.1.0.1
2024-06-02 17:58:20,603 [WARN] PackLoader:240 - Cannot read IP mode file for STMicroelectronics.X-CUBE-AZRTOS-H7RS.1.0.0
2024-06-02 17:58:20,619 [WARN] PackLoader:240 - Cannot read IP mode file for STMicroelectronics.FP-ATR-ASTRA1.2.0.0
2024-06-02 17:58:20,619 [WARN] PackLoader:240 - Cannot read IP mode file for STMicroelectronics.X-CUBE-TOF1.3.4.0
2024-06-02 17:58:20,636 [WARN] PackLoader:240 - Cannot read IP mode file for STMicroelectronics.X-CUBE-TOF1.3.4.1
2024-06-02 17:58:20,652 [WARN] PackLoader:240 - Cannot read IP mode file for STMicroelectronics.X-CUBE-AZRTOS-H7.3.2.0
2024-06-02 17:58:20,652 [INFO] ThirdParty:978 - Integrity check success = true
2024-06-02 17:58:20,652 [INFO] IntegrityCheckThread:100 - exiting critical section [integrity check]
2024-06-02 17:58:20,652 [INFO] IntegrityCheckThread:103 - End integrity checks thread
2024-06-02 17:58:38,836 [ERROR] LogOutputStream:75 - [STDERR_REDIRECT] SLF4J: Failed to load class "org.slf4j.impl.StaticLoggerBinder".
2024-06-02 17:58:38,837 [ERROR] LogOutputStream:75 - [STDERR_REDIRECT] SLF4J: Defaulting to no-operation (NOP) logger implementation
2024-06-02 17:58:38,838 [ERROR] LogOutputStream:75 - [STDERR_REDIRECT] SLF4J: See http://www.slf4j.org/codes.html#StaticLoggerBinder for further details.
2024-06-02 18:13:34,744 [ERROR] LogOutputStream:75 - [STDERR_REDIRECT] 
2024-06-02 18:13:34,745 [ERROR] LogOutputStream:75 - [STDERR_REDIRECT] 
