2024-03-11 19:27:11,818 [INFO] Activator:176 - 


2024-03-11 19:27:11,833 [INFO] Activator:177 - !SESSION log4j initialized
2024-03-11 19:27:36,583 [INFO] LogOutputStream:77 - [STDOUT_REDIRECT] 
2024-03-11 19:27:40,286 [INFO] ApplicationProperties:184 - Using Application install path: C:\ST\STM32CubeIDE_1.14.1\STM32CubeIDE\plugins\com.st.stm32cube.common.mx_6.10.0.202311202037
2024-03-11 19:27:40,316 [INFO] DbMcusXml:78 - Set database path to: C:\ST\STM32CubeIDE_1.14.1\STM32CubeIDE\plugins\com.st.stm32cube.common.mx_6.10.0.202311202037\\db\/mcu/
2024-03-11 19:27:40,316 [INFO] ApiDb:274 - Set plugin database path to: C:\ST\STM32CubeIDE_1.14.1\STM32CubeIDE\plugins\com.st.stm32cube.common.mx_6.10.0.202311202037\\db\/plugins/boardmanager/
2024-03-11 19:27:40,318 [WARN] ApiDb:259 - Overriding images path with different value:  => C:\ST\STM32CubeIDE_1.14.1\STM32CubeIDE\plugins\com.st.stm32cube.common.mx_6.10.0.202311202037\\db\/plugins/mcufinder/images/
2024-03-11 19:27:40,328 [INFO] ApiDb:250 - Set database path to: C:\Users\Maydoum\.stmcufinder\plugins\mcufinder//mcu/
2024-03-11 19:27:40,331 [INFO] DbMcusAds:125 - Set database path to: C:\Users\Maydoum\.stmcufinder\plugins\mcufinder//mcu/
2024-03-11 19:27:40,917 [INFO] CrossReferenceDbSqlite:203 - Set database path to: C:\Users\Maydoum\.stmcufinder\plugins\mcufinder//mcu/cs/
2024-03-11 19:27:41,116 [INFO] RulesReader:64 - Compatibility file has been processed (297 Rules)
2024-03-11 19:27:41,137 [INFO] McuFinderGlobals:63 - Set McuFinder mode to 2 (CubeIDE integrated)
2024-03-11 19:27:41,282 [INFO] DbMcusXml:78 - Set database path to: C:\ST\STM32CubeIDE_1.14.1\STM32CubeIDE\plugins\com.st.stm32cube.common.mx_6.10.0.202311202037\\db\/mcu/
2024-03-11 19:27:41,283 [INFO] ApiDb:274 - Set plugin database path to: C:\ST\STM32CubeIDE_1.14.1\STM32CubeIDE\plugins\com.st.stm32cube.common.mx_6.10.0.202311202037\\db\/plugins/boardmanager/
2024-03-11 19:27:41,283 [INFO] ApiDb:261 - Set plugin images path to: C:\ST\STM32CubeIDE_1.14.1\STM32CubeIDE\plugins\com.st.stm32cube.common.mx_6.10.0.202311202037\\db\/plugins/mcufinder/images/
2024-03-11 19:27:41,283 [WARN] DbFile:41 - Overriding database path with different value: C:\Users\Maydoum\.stmcufinder\plugins\mcufinder/ => C:\Users\Maydoum\.stmcufinder\plugins\mcufinder
2024-03-11 19:27:41,283 [INFO] ApiDb:250 - Set database path to: C:\Users\Maydoum\.stmcufinder\plugins\mcufinder//mcu/
2024-03-11 19:27:41,283 [WARN] DbFile:41 - Overriding database path with different value: C:\Users\Maydoum\.stmcufinder\plugins\mcufinder/ => C:\Users\Maydoum\.stmcufinder\plugins\mcufinder
2024-03-11 19:27:41,283 [INFO] DbMcusAds:125 - Set database path to: C:\Users\Maydoum\.stmcufinder\plugins\mcufinder//mcu/
2024-03-11 19:27:41,284 [WARN] DbFile:41 - Overriding database path with different value: C:\Users\Maydoum\.stmcufinder\plugins\mcufinder/ => C:\Users\Maydoum\.stmcufinder\plugins\mcufinder
2024-03-11 19:27:41,284 [WARN] DbFile:41 - Overriding database path with different value: C:\Users\Maydoum\.stmcufinder\plugins\mcufinder/ => C:\Users\Maydoum\.stmcufinder\plugins\mcufinder
2024-03-11 19:27:41,925 [INFO] CrossReferenceDbSqlite:203 - Set database path to: C:\Users\Maydoum\.stmcufinder\plugins\mcufinder//mcu/cs/
2024-03-11 19:27:42,045 [INFO] MainPanel:264 - HeapMemory: 268435456
2024-03-11 19:27:42,199 [INFO] DbMcusXml:78 - Set database path to: C:\ST\STM32CubeIDE_1.14.1\STM32CubeIDE\plugins\com.st.stm32cube.common.mx_6.10.0.202311202037\\db\/mcu/
2024-03-11 19:27:42,199 [INFO] ApiDb:274 - Set plugin database path to: C:\ST\STM32CubeIDE_1.14.1\STM32CubeIDE\plugins\com.st.stm32cube.common.mx_6.10.0.202311202037\\db\/plugins/boardmanager/
2024-03-11 19:27:42,199 [INFO] ApiDb:261 - Set plugin images path to: C:\ST\STM32CubeIDE_1.14.1\STM32CubeIDE\plugins\com.st.stm32cube.common.mx_6.10.0.202311202037\\db\/plugins/mcufinder/images/
2024-03-11 19:27:42,199 [WARN] DbFile:41 - Overriding database path with different value: C:\Users\Maydoum\.stmcufinder\plugins\mcufinder/ => C:\Users\Maydoum\.stmcufinder\plugins\mcufinder
2024-03-11 19:27:42,199 [INFO] ApiDb:250 - Set database path to: C:\Users\Maydoum\.stmcufinder\plugins\mcufinder//mcu/
2024-03-11 19:27:42,199 [WARN] DbFile:41 - Overriding database path with different value: C:\Users\Maydoum\.stmcufinder\plugins\mcufinder/ => C:\Users\Maydoum\.stmcufinder\plugins\mcufinder
2024-03-11 19:27:42,199 [INFO] DbMcusAds:125 - Set database path to: C:\Users\Maydoum\.stmcufinder\plugins\mcufinder//mcu/
2024-03-11 19:27:42,199 [WARN] DbFile:41 - Overriding database path with different value: C:\Users\Maydoum\.stmcufinder\plugins\mcufinder/ => C:\Users\Maydoum\.stmcufinder\plugins\mcufinder
2024-03-11 19:27:42,199 [WARN] DbFile:41 - Overriding database path with different value: C:\Users\Maydoum\.stmcufinder\plugins\mcufinder/ => C:\Users\Maydoum\.stmcufinder\plugins\mcufinder
2024-03-11 19:27:42,920 [INFO] CrossReferenceDbSqlite:203 - Set database path to: C:\Users\Maydoum\.stmcufinder\plugins\mcufinder//mcu/cs/
2024-03-11 19:27:42,978 [INFO] ApplicationProperties:184 - Using Application install path: C:\ST\STM32CubeIDE_1.14.1\STM32CubeIDE\plugins\com.st.stm32cube.common.mx_6.10.0.202311202037
2024-03-11 19:27:42,981 [INFO] PluginManage:196 - Search for loadable plugins [exclusion list=, ]
2024-03-11 19:27:42,984 [INFO] PluginManage:310 - Check plugin analytics
2024-03-11 19:27:44,103 [INFO] AnalyticsPlugin:253 - Accepted Software Licenses: 
2024-03-11 19:27:44,103 [INFO] AnalyticsPlugin:255 - Accepted CMSIS Pack Licenses: 
2024-03-11 19:27:44,103 [INFO] AnalyticsPlugin:257 - Accepted Firmware Licenses: 
2024-03-11 19:27:44,109 [INFO] PluginManage:359 - Loaded plugin analytics (category:tool,tabindex:-1)
2024-03-11 19:27:44,109 [INFO] PluginManage:310 - Check plugin cadmodel
2024-03-11 19:27:44,122 [INFO] CADModel:105 - Init CAD model plugin
2024-03-11 19:27:44,122 [INFO] PluginManage:359 - Loaded plugin cadmodel (category:power,tabindex:5)
2024-03-11 19:27:44,122 [INFO] PluginManage:310 - Check plugin clock
2024-03-11 19:27:44,152 [INFO] PluginManage:359 - Loaded plugin clock (category:base,tabindex:2)
2024-03-11 19:27:44,152 [INFO] PluginManage:310 - Check plugin ddr
2024-03-11 19:27:44,156 [INFO] PluginManage:359 - Loaded plugin ddr (category:tool,tabindex:6)
2024-03-11 19:27:44,156 [INFO] PluginManage:310 - Check plugin filemanager
2024-03-11 19:27:44,345 [INFO] PluginManage:359 - Loaded plugin filemanager (category:base,tabindex:10)
2024-03-11 19:27:44,345 [INFO] PluginManage:310 - Check plugin ipmanager
2024-03-11 19:27:44,353 [INFO] PluginManage:359 - Loaded plugin ipmanager (category:base,tabindex:5)
2024-03-11 19:27:44,353 [INFO] PluginManage:310 - Check plugin lpbam
2024-03-11 19:27:44,383 [INFO] PluginManage:359 - Loaded plugin lpbam (category:base,tabindex:0)
2024-03-11 19:27:44,383 [INFO] PluginManage:310 - Check plugin memorymap
2024-03-11 19:27:44,424 [INFO] PluginManage:359 - Loaded plugin memorymap (category:base,tabindex:4)
2024-03-11 19:27:44,424 [INFO] PluginManage:310 - Check plugin pinoutandconfiguration
2024-03-11 19:27:44,460 [INFO] PluginManage:359 - Loaded plugin pinoutandconfiguration (category:base,tabindex:1)
2024-03-11 19:27:44,460 [INFO] PluginManage:310 - Check plugin pinoutconfig
2024-03-11 19:27:44,602 [WARN] SupportedApi:132 - Cannot load RTOS API schema: s4s-elt-must-match.1: The content of 'definitions' must match (annotation?, (simpleType | complexType)?, (unique | key | keyref)*)). A problem was found starting at: attribute.
2024-03-11 19:27:44,824 [INFO] PluginManage:359 - Loaded plugin pinoutconfig (category:base,tabindex:0)
2024-03-11 19:27:44,824 [INFO] PluginManage:310 - Check plugin power
2024-03-11 19:27:44,852 [INFO] PluginManage:359 - Loaded plugin power (category:power,tabindex:4)
2024-03-11 19:27:44,853 [INFO] PluginManage:310 - Check plugin projectmanager
2024-03-11 19:27:44,896 [INFO] PluginManage:359 - Loaded plugin projectmanager (category:projectmanager,tabindex:3)
2024-03-11 19:27:44,896 [INFO] PluginManage:310 - Check plugin thirdparty
2024-03-11 19:27:45,232 [INFO] PluginManage:359 - Loaded plugin thirdparty (category:base,tabindex:-1)
2024-03-11 19:27:45,232 [WARN] IntegrityCheckThread:84 - waiting for thirdparty lock release [integrity check]
2024-03-11 19:27:45,232 [INFO] PluginManage:310 - Check plugin tools
2024-03-11 19:27:45,232 [INFO] IntegrityCheckThread:86 - entering critical section [integrity check]
2024-03-11 19:27:45,233 [INFO] ThirdPartyUpdaterWithRetryManager:70 - Updater plugin not ready yet. [1/15]
2024-03-11 19:27:45,264 [INFO] PluginManage:359 - Loaded plugin tools (category:base,tabindex:7)
2024-03-11 19:27:45,264 [INFO] PluginManage:310 - Check plugin tutovideos
2024-03-11 19:27:45,538 [INFO] PluginManage:359 - Loaded plugin tutovideos (category:base,tabindex:-1)
2024-03-11 19:27:45,538 [INFO] PluginManage:310 - Check plugin updater
2024-03-11 19:27:45,547 [INFO] PluginManage:359 - Loaded plugin updater (category:base,tabindex:12)
2024-03-11 19:27:45,551 [INFO] PluginManage:310 - Check plugin userauth
2024-03-11 19:27:45,556 [INFO] UserAuth:114 - Init User Auth plugin
2024-03-11 19:27:45,556 [INFO] PluginManage:359 - Loaded plugin userauth (category:base,tabindex:14)
2024-03-11 19:27:45,556 [INFO] PluginManage:283 - PluginManage : Loaded plugins [17]
2024-03-11 19:27:45,815 [INFO] PinOutPanel:1499 - setPackage(No Configuration,No Configuration)
2024-03-11 19:27:45,920 [INFO] CADModel:165 - CPN selected for project level
2024-03-11 19:27:45,920 [INFO] CADModel:114 - Register for checkConnection events
2024-03-11 19:27:45,969 [INFO] IPUIPlugin:80 - create IPUIPlugin
2024-03-11 19:27:45,969 [INFO] PluginManager:220 - loadIPPluginJar : add adc
2024-03-11 19:27:46,000 [INFO] IPUIPlugin:80 - create IPUIPlugin
2024-03-11 19:27:46,000 [INFO] PluginManager:220 - loadIPPluginJar : add aes
2024-03-11 19:27:46,040 [INFO] IPUIPlugin:80 - create IPUIPlugin
2024-03-11 19:27:46,040 [INFO] PluginManager:220 - loadIPPluginJar : add can
2024-03-11 19:27:46,065 [INFO] IPUIPlugin:80 - create IPUIPlugin
2024-03-11 19:27:46,065 [INFO] PluginManager:220 - loadIPPluginJar : add comp
2024-03-11 19:27:46,108 [INFO] IPUIPlugin:80 - create IPUIPlugin
2024-03-11 19:27:46,111 [INFO] PluginManager:220 - loadIPPluginJar : add cryp
2024-03-11 19:27:46,146 [INFO] IPUIPlugin:80 - create IPUIPlugin
2024-03-11 19:27:46,146 [INFO] PluginManager:220 - loadIPPluginJar : add dfsdm
2024-03-11 19:27:46,173 [INFO] IPUIPlugin:80 - create IPUIPlugin
2024-03-11 19:27:46,173 [INFO] PluginManager:220 - loadIPPluginJar : add dma
2024-03-11 19:27:46,237 [INFO] IPUIPlugin:80 - create IPUIPlugin
2024-03-11 19:27:46,237 [INFO] PluginManager:220 - loadIPPluginJar : add dma3
2024-03-11 19:27:46,277 [INFO] IPUIPlugin:80 - create IPUIPlugin
2024-03-11 19:27:46,277 [INFO] PluginManager:220 - loadIPPluginJar : add fatfs
2024-03-11 19:27:46,352 [INFO] IPUIPlugin:80 - create IPUIPlugin
2024-03-11 19:27:46,352 [INFO] PluginManager:220 - loadIPPluginJar : add fmc
2024-03-11 19:27:46,383 [INFO] IPUIPlugin:80 - create IPUIPlugin
2024-03-11 19:27:46,383 [INFO] PluginManager:220 - loadIPPluginJar : add freertos
2024-03-11 19:27:46,423 [INFO] IPUIPlugin:80 - create IPUIPlugin
2024-03-11 19:27:46,423 [INFO] PluginManager:220 - loadIPPluginJar : add genericplugin
2024-03-11 19:27:46,603 [INFO] IPUIPlugin:80 - create IPUIPlugin
2024-03-11 19:27:46,603 [INFO] PluginManager:220 - loadIPPluginJar : add gfxmmu
2024-03-11 19:27:46,826 [INFO] IPUIPlugin:80 - create IPUIPlugin
2024-03-11 19:27:46,826 [INFO] PluginManager:220 - loadIPPluginJar : add gic
2024-03-11 19:27:46,850 [INFO] IPUIPlugin:80 - create IPUIPlugin
2024-03-11 19:27:46,850 [INFO] PluginManager:220 - loadIPPluginJar : add gpio
2024-03-11 19:27:47,010 [INFO] IPUIPlugin:80 - create IPUIPlugin
2024-03-11 19:27:47,010 [INFO] PluginManager:220 - loadIPPluginJar : add gtzc
2024-03-11 19:27:47,080 [INFO] IPUIPlugin:80 - create IPUIPlugin
2024-03-11 19:27:47,080 [INFO] PluginManager:220 - loadIPPluginJar : add hash
2024-03-11 19:27:47,175 [INFO] IPUIPlugin:80 - create IPUIPlugin
2024-03-11 19:27:47,175 [INFO] PluginManager:220 - loadIPPluginJar : add i2c
2024-03-11 19:27:47,243 [INFO] IPUIPlugin:80 - create IPUIPlugin
2024-03-11 19:27:47,243 [INFO] PluginManager:220 - loadIPPluginJar : add i2s
2024-03-11 19:27:47,340 [INFO] IPUIPlugin:80 - create IPUIPlugin
2024-03-11 19:27:47,340 [INFO] PluginManager:220 - loadIPPluginJar : add i3c
2024-03-11 19:27:47,585 [INFO] IPUIPlugin:80 - create IPUIPlugin
2024-03-11 19:27:47,585 [INFO] PluginManager:220 - loadIPPluginJar : add ipddr
2024-03-11 19:27:47,765 [INFO] IPUIPlugin:80 - create IPUIPlugin
2024-03-11 19:27:47,765 [INFO] PluginManager:220 - loadIPPluginJar : add linkedlist
2024-03-11 19:27:47,832 [INFO] IPUIPlugin:80 - create IPUIPlugin
2024-03-11 19:27:47,832 [INFO] PluginManager:220 - loadIPPluginJar : add lorawan
2024-03-11 19:27:47,904 [INFO] IPUIPlugin:80 - create IPUIPlugin
2024-03-11 19:27:47,906 [INFO] PluginManager:220 - loadIPPluginJar : add ltdc
2024-03-11 19:27:47,926 [INFO] IPUIPlugin:80 - create IPUIPlugin
2024-03-11 19:27:47,926 [INFO] PluginManager:220 - loadIPPluginJar : add mdma
2024-03-11 19:27:47,945 [INFO] IPUIPlugin:80 - create IPUIPlugin
2024-03-11 19:27:47,945 [INFO] PluginManager:220 - loadIPPluginJar : add nvic
2024-03-11 19:27:47,996 [INFO] IPUIPlugin:80 - create IPUIPlugin
2024-03-11 19:27:47,996 [INFO] PluginManager:220 - loadIPPluginJar : add opamp
2024-03-11 19:27:48,109 [INFO] IPUIPlugin:80 - create IPUIPlugin
2024-03-11 19:27:48,109 [INFO] PluginManager:220 - loadIPPluginJar : add openamp
2024-03-11 19:27:48,155 [INFO] IPUIPlugin:80 - create IPUIPlugin
2024-03-11 19:27:48,155 [INFO] PluginManager:220 - loadIPPluginJar : add pdm2pcm
2024-03-11 19:27:48,174 [INFO] IPUIPlugin:80 - create IPUIPlugin
2024-03-11 19:27:48,175 [INFO] PluginManager:220 - loadIPPluginJar : add plateformsettings
2024-03-11 19:27:48,199 [INFO] IPUIPlugin:80 - create IPUIPlugin
2024-03-11 19:27:48,199 [INFO] PluginManager:220 - loadIPPluginJar : add quadspi
2024-03-11 19:27:48,229 [INFO] IPUIPlugin:80 - create IPUIPlugin
2024-03-11 19:27:48,229 [INFO] PluginManager:220 - loadIPPluginJar : add resmgrutility
2024-03-11 19:27:48,234 [INFO] ThirdPartyUpdaterWithRetryManager:70 - Updater plugin not ready yet. [2/15]
2024-03-11 19:27:48,345 [INFO] IPUIPlugin:80 - create IPUIPlugin
2024-03-11 19:27:48,345 [INFO] PluginManager:220 - loadIPPluginJar : add sai
2024-03-11 19:27:48,426 [INFO] IPUIPlugin:80 - create IPUIPlugin
2024-03-11 19:27:48,426 [INFO] PluginManager:220 - loadIPPluginJar : add spi
2024-03-11 19:27:48,579 [INFO] IPUIPlugin:80 - create IPUIPlugin
2024-03-11 19:27:48,579 [INFO] PluginManager:220 - loadIPPluginJar : add stm32_wpan
2024-03-11 19:27:48,629 [INFO] IPUIPlugin:80 - create IPUIPlugin
2024-03-11 19:27:48,629 [INFO] PluginManager:220 - loadIPPluginJar : add tim
2024-03-11 19:27:48,749 [INFO] IPUIPlugin:80 - create IPUIPlugin
2024-03-11 19:27:48,749 [INFO] PluginManager:220 - loadIPPluginJar : add touchsensing
2024-03-11 19:27:48,789 [INFO] IPUIPlugin:80 - create IPUIPlugin
2024-03-11 19:27:48,789 [INFO] PluginManager:220 - loadIPPluginJar : add tracer_emb
2024-03-11 19:27:48,839 [INFO] IPUIPlugin:80 - create IPUIPlugin
2024-03-11 19:27:48,839 [INFO] PluginManager:220 - loadIPPluginJar : add ts
2024-03-11 19:27:48,885 [INFO] IPUIPlugin:80 - create IPUIPlugin
2024-03-11 19:27:48,885 [INFO] PluginManager:220 - loadIPPluginJar : add tsc
2024-03-11 19:27:48,929 [INFO] IPUIPlugin:80 - create IPUIPlugin
2024-03-11 19:27:48,929 [INFO] PluginManager:220 - loadIPPluginJar : add ucpd
2024-03-11 19:27:49,009 [INFO] IPUIPlugin:80 - create IPUIPlugin
2024-03-11 19:27:49,009 [INFO] PluginManager:220 - loadIPPluginJar : add usart
2024-03-11 19:27:49,104 [INFO] IPUIPlugin:80 - create IPUIPlugin
2024-03-11 19:27:49,104 [INFO] PluginManager:220 - loadIPPluginJar : add usbx
2024-03-11 19:27:49,291 [INFO] CADModel:165 - CPN selected for project level
2024-03-11 19:27:49,291 [INFO] CADModel:114 - Register for checkConnection events
2024-03-11 19:27:49,291 [FATAL] Updater:308 - Updater called before beeing initialized
2024-03-11 19:27:49,291 [ERROR] CADModel:125 - Updater not yet initialized, retry later 
2024-03-11 19:27:49,522 [INFO] CADModel:165 - CPN selected for project level
2024-03-11 19:27:49,522 [INFO] CADModel:114 - Register for checkConnection events
2024-03-11 19:27:49,522 [FATAL] Updater:308 - Updater called before beeing initialized
2024-03-11 19:27:49,522 [ERROR] CADModel:125 - Updater not yet initialized, retry later 
2024-03-11 19:27:49,525 [FATAL] Updater:308 - Updater called before beeing initialized
2024-03-11 19:27:49,706 [FATAL] Updater:308 - Updater called before beeing initialized
2024-03-11 19:27:49,731 [INFO] DbMcusAds:53 - JSON generation date=Wed Nov 29 12:52:27 EET 2023 (1701255147349)
2024-03-11 19:27:49,731 [FATAL] Updater:308 - Updater called before beeing initialized
2024-03-11 19:27:49,839 [WARN] DetailPanel:346 - Failed to get advertising image, set to default
2024-03-11 19:27:49,944 [FATAL] Updater:308 - Updater called before beeing initialized
2024-03-11 19:27:49,949 [FATAL] Updater:308 - Updater called before beeing initialized
2024-03-11 19:27:49,949 [FATAL] Updater:308 - Updater called before beeing initialized
2024-03-11 19:27:49,949 [WARN] DetailPanel:346 - Failed to get advertising image, set to default
2024-03-11 19:27:49,949 [FATAL] Updater:308 - Updater called before beeing initialized
2024-03-11 19:27:50,044 [ERROR] Updater:1120 - MainUpdater not yet initialized. External WinMGr cannot be set.
2024-03-11 19:27:50,059 [INFO] Updater:1056 - Updater Version found : 6.10.0
2024-03-11 19:27:50,086 [INFO] ApplicationProperties:184 - Using Application install path: C:\ST\STM32CubeIDE_1.14.1\STM32CubeIDE\plugins\com.st.stm32cube.common.mx_6.10.0.202311202037
2024-03-11 19:27:51,241 [INFO] ThirdPartyUpdaterWithRetryManager:70 - Updater plugin not ready yet. [3/15]
2024-03-11 19:27:51,700 [ERROR] LogOutputStream:75 - [STDERR_REDIRECT] Mar 11, 2024 7:27:51 PM java.util.prefs.WindowsPreferences <init>
2024-03-11 19:27:51,703 [ERROR] LogOutputStream:75 - [STDERR_REDIRECT] WARNING: Could not open/create prefs root node Software\JavaSoft\Prefs at root 0xffffffff80000002. Windows RegCreateKeyEx(...) returned error code 5.
2024-03-11 19:27:51,704 [ERROR] LogOutputStream:75 - [STDERR_REDIRECT] 
2024-03-11 19:27:52,944 [INFO] MainUpdater:2873 - connection check result : 10
2024-03-11 19:27:52,944 [INFO] MainUpdater:3567 - Updater definition file requires update
2024-03-11 19:27:52,948 [INFO] MainUpdater:290 - Updater Check For Update Now.
2024-03-11 19:27:52,948 [INFO] MicroXplorer:498 - Change Database Version : DB.6.0.100
2024-03-11 19:27:52,987 [INFO] McuFinderGlobals:63 - Set McuFinder mode to 2 (CubeIDE integrated)
2024-03-11 19:27:53,551 [INFO] ServerAccessManage:473 - Download File updaters.zip
2024-03-11 19:27:53,994 [INFO] FileExtend:240 - Unzip File : updaters.zip
2024-03-11 19:27:53,994 [INFO] FileExtend:255 - Standard Zip Deflate
2024-03-11 19:27:54,169 [INFO] UserAuth:404 - Internet connection configuration mode: 1
2024-03-11 19:27:54,217 [INFO] JxBrowserEngine:152 - Initiate JxBrowser Engine with user profile folder
2024-03-11 19:27:54,245 [WARN] MainUpdater:1194 - Updater busy. Cannot search thirdparties
2024-03-11 19:27:54,245 [INFO] ThirdPartyUpdaterWithRetryManager:96 - Updater plugin is busy. [1/15]
2024-03-11 19:27:54,791 [INFO] ServerAccessManage:473 - Download File PacksControlFlags.xml
2024-03-11 19:27:55,085 [INFO] ServerAccessManage:473 - Download File cubemx.pidx
2024-03-11 19:27:55,377 [INFO] LoadServerUpdatesThread:375 - End of LoadServerUpdate Thread
2024-03-11 19:27:55,659 [INFO] CheckServerUpdateThread:120 - End of CheckServer Thread
2024-03-11 19:27:55,734 [INFO] MainUpdater:2873 - connection check result : 10
2024-03-11 19:27:55,778 [INFO] McuFinderGlobals:76 - Set McuFinderConnectedMode to true
2024-03-11 19:27:56,854 [INFO] ServerAccessManage:473 - Download File mcusAds.json._tmp_
2024-03-11 19:27:56,979 [INFO] LoadUrlFilesThread:156 - End of LoadUrlFiles Thread
2024-03-11 19:27:57,240 [INFO] ServerAccessManage:473 - Download File cube-finder-db.zip
2024-03-11 19:27:57,248 [WARN] MainUpdater:1194 - Updater busy. Cannot search thirdparties
2024-03-11 19:27:57,248 [INFO] ThirdPartyUpdaterWithRetryManager:96 - Updater plugin is busy. [2/15]
2024-03-11 19:28:00,253 [WARN] MainUpdater:1194 - Updater busy. Cannot search thirdparties
2024-03-11 19:28:00,254 [INFO] ThirdPartyUpdaterWithRetryManager:96 - Updater plugin is busy. [3/15]
2024-03-11 19:28:00,594 [INFO] WebApp:161 - Instantiating new browser for Auth
2024-03-11 19:28:01,525 [INFO] WebApp:780 - Register for checkConnection events
2024-03-11 19:28:01,525 [INFO] WebApp:414 - Apply proxy settings
2024-03-11 19:28:01,525 [INFO] WebApp:499 - Chromium requires no authentication
2024-03-11 19:28:01,537 [INFO] WebApp:442 - Direct internet connection detected
2024-03-11 19:28:01,869 [INFO] WebApp:192 - Starting web application
2024-03-11 19:28:01,869 [INFO] WebApp:544 - Web application path used C:\ST\STM32CubeIDE_1.14.1\STM32CubeIDE\plugins\com.st.stm32cube.common.mx_6.10.0.202311202037\db\plugins\mcufinder\reactClient1\index.html
2024-03-11 19:28:03,255 [WARN] MainUpdater:1194 - Updater busy. Cannot search thirdparties
2024-03-11 19:28:03,255 [INFO] ThirdPartyUpdaterWithRetryManager:96 - Updater plugin is busy. [4/15]
2024-03-11 19:28:06,257 [WARN] MainUpdater:1194 - Updater busy. Cannot search thirdparties
2024-03-11 19:28:06,257 [INFO] ThirdPartyUpdaterWithRetryManager:96 - Updater plugin is busy. [5/15]
2024-03-11 19:28:09,259 [WARN] MainUpdater:1194 - Updater busy. Cannot search thirdparties
2024-03-11 19:28:09,259 [INFO] ThirdPartyUpdaterWithRetryManager:96 - Updater plugin is busy. [6/15]
2024-03-11 19:28:12,259 [WARN] MainUpdater:1194 - Updater busy. Cannot search thirdparties
2024-03-11 19:28:12,259 [INFO] ThirdPartyUpdaterWithRetryManager:96 - Updater plugin is busy. [7/15]
2024-03-11 19:28:15,261 [WARN] MainUpdater:1194 - Updater busy. Cannot search thirdparties
2024-03-11 19:28:15,261 [INFO] ThirdPartyUpdaterWithRetryManager:96 - Updater plugin is busy. [8/15]
2024-03-11 19:28:18,262 [WARN] MainUpdater:1194 - Updater busy. Cannot search thirdparties
2024-03-11 19:28:18,262 [INFO] ThirdPartyUpdaterWithRetryManager:96 - Updater plugin is busy. [9/15]
2024-03-11 19:28:21,265 [WARN] MainUpdater:1194 - Updater busy. Cannot search thirdparties
2024-03-11 19:28:21,265 [INFO] ThirdPartyUpdaterWithRetryManager:96 - Updater plugin is busy. [10/15]
2024-03-11 19:28:23,345 [ERROR] LogOutputStream:75 - [STDERR_REDIRECT] SLF4J: Failed to load class "org.slf4j.impl.StaticLoggerBinder".
2024-03-11 19:28:23,348 [ERROR] LogOutputStream:75 - [STDERR_REDIRECT] SLF4J: Defaulting to no-operation (NOP) logger implementation
2024-03-11 19:28:23,351 [ERROR] LogOutputStream:75 - [STDERR_REDIRECT] SLF4J: See http://www.slf4j.org/codes.html#StaticLoggerBinder for further details.
2024-03-11 19:28:24,266 [WARN] MainUpdater:1194 - Updater busy. Cannot search thirdparties
2024-03-11 19:28:24,266 [INFO] ThirdPartyUpdaterWithRetryManager:96 - Updater plugin is busy. [11/15]
2024-03-11 19:28:27,267 [WARN] MainUpdater:1194 - Updater busy. Cannot search thirdparties
2024-03-11 19:28:27,267 [INFO] ThirdPartyUpdaterWithRetryManager:96 - Updater plugin is busy. [12/15]
2024-03-11 19:28:30,268 [WARN] MainUpdater:1194 - Updater busy. Cannot search thirdparties
2024-03-11 19:28:30,269 [INFO] ThirdPartyUpdaterWithRetryManager:96 - Updater plugin is busy. [13/15]
2024-03-11 19:28:33,270 [WARN] MainUpdater:1194 - Updater busy. Cannot search thirdparties
2024-03-11 19:28:33,270 [INFO] ThirdPartyUpdaterWithRetryManager:96 - Updater plugin is busy. [14/15]
2024-03-11 19:28:36,272 [WARN] MainUpdater:1194 - Updater busy. Cannot search thirdparties
2024-03-11 19:28:36,273 [INFO] ThirdPartyUpdaterWithRetryManager:96 - Updater plugin is busy. [15/15]
2024-03-11 19:28:36,274 [ERROR] IntegrityCheckThread:130 - Cannot retrieve database content from updater: error -1
2024-03-11 19:28:36,275 [INFO] ThirdParty:978 - Integrity check success = false
2024-03-11 19:28:36,275 [INFO] IntegrityCheckThread:100 - exiting critical section [integrity check]
2024-03-11 19:28:36,275 [INFO] IntegrityCheckThread:103 - End integrity checks thread
2024-03-11 19:28:39,104 [INFO] FileExtend:240 - Unzip File : cube-finder-db.zip
2024-03-11 19:28:39,105 [INFO] FileExtend:255 - Standard Zip Deflate
2024-03-11 19:28:40,017 [INFO] LoadUrlFilesThread:156 - End of LoadUrlFiles Thread
2024-03-11 19:28:44,062 [INFO] ServerAccessManage:473 - Download File crdb.zip
2024-03-11 19:28:44,906 [INFO] FileExtend:240 - Unzip File : crdb.zip
2024-03-11 19:28:44,907 [INFO] FileExtend:255 - Standard Zip Deflate
2024-03-11 19:28:45,069 [INFO] LoadUrlFilesThread:156 - End of LoadUrlFiles Thread
2024-03-11 19:28:45,759 [INFO] ServerAccessManage:473 - Download File tutoVideoDB.zip
2024-03-11 19:28:46,235 [INFO] FileExtend:240 - Unzip File : tutoVideoDB.zip
2024-03-11 19:28:46,235 [INFO] FileExtend:255 - Standard Zip Deflate
2024-03-11 19:28:46,365 [INFO] LoadUrlFilesThread:156 - End of LoadUrlFiles Thread
2024-03-11 19:28:46,368 [WARN] DbFile:41 - Overriding database path with different value: C:\Users\Maydoum\.stmcufinder\plugins\mcufinder/ => C:\Users\Maydoum\.stmcufinder\plugins\mcufinder
2024-03-11 19:28:46,611 [INFO] ServerAccessManage:473 - Download File api_config.json
2024-03-11 19:28:46,732 [INFO] LoadUrlFilesThread:156 - End of LoadUrlFiles Thread
2024-03-11 19:28:46,733 [INFO] DbMcusAds:53 - JSON generation date=Wed Nov 29 12:52:27 EET 2023 (1701255147349)
2024-03-11 19:28:46,772 [INFO] LoadUrlFilesThread:185 - End of LoadServerUrlFiles without Thread
2024-03-11 19:28:46,773 [INFO] TargetSelectorAdapter:259 - Refresh data is successful
2024-03-11 19:28:46,935 [INFO] ApiDb:581 - Connected to CubeFinder SQLite database (C:\Users\Maydoum\.stmcufinder\plugins\mcufinder\mcu\cube-finder-db.db)
2024-03-11 19:28:47,027 [INFO] ApiDb:668 - CubeFinder database Data Model version=2.1
2024-03-11 19:28:47,027 [INFO] ApiDb:669 - CubeFinder database Configuration version=3.0.39
2024-03-11 19:28:47,028 [INFO] ApiDb:670 - CubeFinder database generation date=2024-02-19 (1708350410)
2024-03-11 19:28:47,028 [INFO] ApiDb:671 - CubeFinder database FW Pack versions=[FP-ATR-ASTRA1_V2.0.0, FP-SNS-FLIGHT1_V5.0.1, FP-SNS-FLIGHT1_V5.0.2, FP-SNS-MOTENV1_V4.3.1, FP-SNS-MOTENV1_V4.3.2, FP-SNS-MOTENVWB1_V1.3.1, FP-SNS-SMARTAG2_V1.2.0, STM32Cube_FW_C0_V1.1.0, STM32Cube_FW_F4_V1.28.0, STM32Cube_FW_F7_V1.17.0, STM32Cube_FW_G0_V1.6.2, STM32Cube_FW_G4_V1.5.2, STM32Cube_FW_H5_V0.5.1, STM32Cube_FW_H5_V1.1.1, STM32Cube_FW_H5_V1.2.0RC2, STM32Cube_FW_H7_V1.11.0, STM32Cube_FW_L0_V1.12.2, STM32Cube_FW_L5_V1.5.0, STM32Cube_FW_U5_V1.3.0RC4, STM32Cube_FW_U5_V1.4.0, STM32Cube_FW_WBA_V1.0.0RC1, STM32Cube_FW_WBA_V1.1.0RC1, STM32Cube_FW_WBA_V1.2.0, STM32Cube_FW_WBA_V1.2.0RC2, STM32Cube_FW_WB_V1.15.0RC1, STM32Cube_FW_WB_V1.16.0, STM32Cube_FW_WB_V1.16.0RC2, STM32Cube_FW_WB_V1.18.0, STM32Cube_FW_WL_V1.3.0, X-CUBE-ALGOBUILD_V1.3.0, X-CUBE-ALS_V1.0.1, X-CUBE-AZRTOS-F4_V1.1.0, X-CUBE-AZRTOS-F7_V1.1.0, X-CUBE-AZRTOS-G0_V1.1.0, X-CUBE-AZRTOS-G4_V2.0.0, X-CUBE-AZRTOS-H7_V3.2.0, X-CUBE-AZRTOS-L4_V1.0.0, X-CUBE-AZRTOS-L4_V2.0.0, X-CUBE-AZRTOS-L5_V1.1.0, X-CUBE-AZRTOS-WB_V2.0.0, X-CUBE-AZRTOS-WL_V2.0.0, X-CUBE-BLE1_V7.0.0, X-CUBE-BLE2_V3.3.0, X-CUBE-BLEMGR_V3.0.0, X-CUBE-EEPRMA1_V4.1.0, X-CUBE-EEPRMA1_V5.1.0, X-CUBE-FREERTOS_V1.1.0, X-CUBE-GNSS1_V6.0.0, X-CUBE-MEMS1_V10.0.0, X-CUBE-MEMS1_V9.1.0, X-CUBE-MEMS1_V9.4.0, X-CUBE-MEMS1_V9.6.0, X-CUBE-NFC4_V3.0.0, X-CUBE-NFC7_V1.0.1, X-CUBE-SFXS2LP1_V4.0.0, X-CUBE-SUBG2_V5.0.0, X-CUBE-TOF1_V3.4.0]
2024-03-11 19:28:49,308 [INFO] ApiDb:240 - Found 371 in-development CPN: [B-G473E-ZEST1S, B-WB1M-WPAN1, B-WL5M-SUBG1, NUCLEO-C031C6, NUCLEO-H503RB, NUCLEO-H563ZI, NUCLEO-U545RE-Q, NUCLEO-U5A5ZJ-Q, NUCLEO-WBA52CG, NUCLEO-WBA55CG, STEVAL-MKBOXPRO, STEVAL-PROTEUS1, STEVAL-STWINBX1, STM320518-EVAL, STM32C0116-DK, STM32C011D6Y3TR, STM32C011D6Y6TR, STM32C011F4P3, STM32C011F4P6, STM32C011F4U3, STM32C011F4U6TR, STM32C011F6P3, STM32C011F6P6, STM32C011F6U3, STM32C011F6U6TR, STM32C011J4M3, STM32C011J4M6, STM32C011J6M3, STM32C011J6M6, STM32C0316-DK, STM32C031C4T3, STM32C031C4T6, STM32C031C4U3, STM32C031C4U6, STM32C031C6T3, STM32C031C6T6, STM32C031C6U3, STM32C031C6U6, STM32C031F4P3, STM32C031F4P6, STM32C031F6P3, STM32C031F6P6, STM32C031G4U3, STM32C031G4U6, STM32C031G6U3, STM32C031G6U6, STM32C031K4T3, STM32C031K4T6, STM32C031K4U3, STM32C031K4U6, STM32C031K6T3, STM32C031K6T6, STM32C031K6U3, STM32C031K6U6, STM32G071K8TXN, STM32G071K8UXN, STM32G081GBU6N, STM32G081KBT6N, STM32G081KBUXN, STM32G0B1CCT6N, STM32G0B1KCT6, STM32G0B1NEY6TR, STM32G0B1RCT6N, STM32G0C1CCT6, STM32G0C1CCT6N, STM32G0C1CCU6N, STM32G0C1CET6N, STM32G0C1CEU6N, STM32G0C1KCT6, STM32G0C1NEY6TR, STM32G0C1RCI6N, STM32G0C1RCT6N, STM32G0C1REI6N, STM32G0C1RET6N, STM32G0C1VCI6, STM32G0C1VEI6, STM32G471CCT6, STM32G471CCU6, STM32G471CET3, STM32G471CET6, STM32G471CEU3, STM32G471CEU6, STM32G471MCT6, STM32G471MET3, STM32G471MET6, STM32G471MEY6TR, STM32G471QCT6, STM32G471QET3, STM32G471RCT6, STM32G471RET3, STM32G471RET6, STM32G471VCH6, STM32G471VCI6, STM32G471VCT6, STM32G471VEH3, STM32G471VEH6, STM32G471VEI3, STM32G471VEI6, STM32G471VET3, STM32G471VET6, STM32G474CCT6, STM32H503CBT6, STM32H503CBU6, STM32H503EBY6TR, STM32H503KBU6, STM32H503RBT6, STM32H562AGI6, STM32H562AII6, STM32H562IGK6, STM32H562IGT6, STM32H562IIK6, STM32H562IIT6, STM32H562RGT6, STM32H562RGV6, STM32H562RIT6, STM32H562RIV6, STM32H562VGT6, STM32H562VIT6, STM32H562ZGT6, STM32H562ZIT6, STM32H563AGI6, STM32H563AII3Q, STM32H563AII6, STM32H563IGK6, STM32H563IGT6, STM32H563IIK3Q, STM32H563IIK6, STM32H563IIT3Q, STM32H563IIT6, STM32H563MIY3QTR, STM32H563RGT6, STM32H563RGV6, STM32H563RIT6, STM32H563RIV6, STM32H563VGT6, STM32H563VIT3Q, STM32H563VIT6, STM32H563ZGT6, STM32H563ZIT3Q, STM32H563ZIT6, STM32H573AII3Q, STM32H573AII6, STM32H573I-DK, STM32H573IIK3Q, STM32H573IIK6, STM32H573IIT3Q, STM32H573IIT6, STM32H573MIY3QTR, STM32H573RIT6, STM32H573RIV6, STM32H573VIT3Q, STM32H573VIT6, STM32H573ZIT3Q, STM32H573ZIT6, STM32L4R5QGI6STR, STM32MP131AAE3, STM32MP131AAF3, STM32MP131AAG3, STM32MP131CAE3, STM32MP131CAF3, STM32MP131CAG3, STM32MP131DAE7, STM32MP131DAF7, STM32MP131DAG7, STM32MP131FAE7, STM32MP131FAF7, STM32MP131FAG7, STM32MP133AAE3, STM32MP133AAF3, STM32MP133AAG3, STM32MP133CAE3, STM32MP133CAF3, STM32MP133CAG3, STM32MP133DAE7, STM32MP133DAF7, STM32MP133DAG7, STM32MP133FAE7, STM32MP133FAF7, STM32MP133FAG7, STM32MP135AAE3, STM32MP135AAF3, STM32MP135AAG3, STM32MP135CAE3, STM32MP135CAF3, STM32MP135CAG3, STM32MP135DAE7, STM32MP135DAF7, STM32MP135DAG7, STM32MP135F-DK, STM32MP135FAE7, STM32MP135FAF7, STM32MP135FAF7T, STM32MP135FAF7U, STM32MP135FAG7, STM32U535CBT6, STM32U535CBT6Q, STM32U535CBU6, STM32U535CBU6Q, STM32U535CCT6, STM32U535CCT6Q, STM32U535CCU6, STM32U535CCU6Q, STM32U535CET6, STM32U535CET6Q, STM32U535CEU6, STM32U535CEU6Q, STM32U535JEY6QTR, STM32U535NCY6QTR, STM32U535NEY6QTR, STM32U535RBI6, STM32U535RBI6Q, STM32U535RBT6, STM32U535RBT6Q, STM32U535RCI6, STM32U535RCI6Q, STM32U535RCT6, STM32U535RCT6Q, STM32U535REI6, STM32U535REI6Q, STM32U535RET6, STM32U535RET6Q, STM32U535VCI6, STM32U535VCI6Q, STM32U535VCT6, STM32U535VCT6Q, STM32U535VEI6, STM32U535VEI6Q, STM32U535VET6, STM32U535VET6Q, STM32U545CET6, STM32U545CET6Q, STM32U545CEU6, STM32U545CEU6Q, STM32U545JEY6QTR, STM32U545NEY6QTR, STM32U545REI6, STM32U545REI6Q, STM32U545RET6, STM32U545RET6Q, STM32U545VEI6, STM32U545VEI6Q, STM32U545VET6, STM32U545VET6Q, STM32U595AIH6, STM32U595AIH6Q, STM32U595AJH6, STM32U595AJH6Q, STM32U595QII6, STM32U595QII6Q, STM32U595QJI6, STM32U595QJI6Q, STM32U595RIT6, STM32U595RIT6Q, STM32U595RJT6, STM32U595RJT6Q, STM32U595VIT6, STM32U595VIT6Q, STM32U595VJT6, STM32U595VJT6Q, STM32U595ZIT6, STM32U595ZIT6Q, STM32U595ZIY6QTR, STM32U595ZJT6, STM32U595ZJT6Q, STM32U595ZJY6QTR, STM32U599BJY6QTR, STM32U599NIH6Q, STM32U599NJH6Q, STM32U599VIT6Q, STM32U599VJT6, STM32U599VJT6Q, STM32U599ZIT6Q, STM32U599ZIY6QTR, STM32U599ZJT6Q, STM32U599ZJY6QTR, STM32U5A5AJH6, STM32U5A5AJH6Q, STM32U5A5QJI6, STM32U5A5QJI6Q, STM32U5A5RJT6, STM32U5A5RJT6Q, STM32U5A5VJT6, STM32U5A5VJT6Q, STM32U5A5ZJT6, STM32U5A5ZJT6Q, STM32U5A5ZJY6QTR, STM32U5A9BJY6QTR, STM32U5A9J-DK, STM32U5A9NJH6Q, STM32U5A9VJT6Q, STM32U5A9ZJT6Q, STM32U5A9ZJY6QTR, STM32U5F7VIT6, STM32U5F7VIT6Q, STM32U5F7VJT6, STM32U5F7VJT6Q, STM32U5F9BJY6QTR, STM32U5F9NJH6Q, STM32U5F9VIT6Q, STM32U5F9VJT6Q, STM32U5F9ZIJ6QTR, STM32U5F9ZIT6Q, STM32U5F9ZJJ6QTR, STM32U5F9ZJT6Q, STM32U5G7VJT6, STM32U5G7VJT6Q, STM32U5G9BJY6QTR, STM32U5G9J-DK1, STM32U5G9J-DK2, STM32U5G9NJH6Q, STM32U5G9VJT6Q, STM32U5G9ZJJ6QTR, STM32U5G9ZJT6Q, STM32WB1MMCH6, STM32WBA50KEU6, STM32WBA50KEU6TR, STM32WBA50KGU6, STM32WBA50KGU6TR, STM32WBA52CEU6, STM32WBA52CEU6TR, STM32WBA52CEU7, STM32WBA52CEU7TR, STM32WBA52CGU6, STM32WBA52CGU6TR, STM32WBA52CGU6U, STM32WBA52CGU7, STM32WBA52CGU7TR, STM32WBA52KEU6, STM32WBA52KEU6TR, STM32WBA52KGU6, STM32WBA52KGU6TR, STM32WBA54CEU6, STM32WBA54CEU6TR, STM32WBA54CEU7, STM32WBA54CEU7TR, STM32WBA54CGU6, STM32WBA54CGU6TR, STM32WBA54CGU7, STM32WBA54CGU7TR, STM32WBA54KEU6, STM32WBA54KEU6TR, STM32WBA54KEU7, STM32WBA54KEU7TR, STM32WBA54KGU6, STM32WBA54KGU6TR, STM32WBA54KGU7, STM32WBA54KGU7TR, STM32WBA55CEU6, STM32WBA55CEU6TR, STM32WBA55CEU7, STM32WBA55CEU7TR, STM32WBA55CGU6, STM32WBA55CGU6TR, STM32WBA55CGU6U, STM32WBA55CGU7, STM32WBA55CGU7TR, STM32WBA55G-DK1, STM32WBA55HEF6, STM32WBA55HEF7, STM32WBA55HGF6, STM32WBA55HGF7, STM32WBA55UEI6, STM32WBA55UEI6TR, STM32WBA55UEI7, STM32WBA55UEI7TR, STM32WBA55UGI6, STM32WBA55UGI6TR, STM32WBA55UGI7, STM32WBA55UGI7TR, STM32WL5MOCH6, STM32WL5MOCH6TR]
2024-03-11 19:28:49,313 [INFO] DbMcus:218 - Found 3930 MCUs, 3930 are supported
2024-03-11 19:28:49,316 [INFO] ApiDb:423 - Load user favorites file C:\Users\Maydoum/.stm32cubeide/favorites.mcus.txt: 0 item(s)
2024-03-11 19:28:49,317 [INFO] ApiDb:427 - User favorites MCUs=[]
2024-03-11 19:28:49,317 [INFO] DbMcus:224 - Set 0 / 0 favorites MCUs
2024-03-11 19:28:49,611 [INFO] ApiDb:668 - CubeFinder database Data Model version=2.1
2024-03-11 19:28:49,611 [INFO] ApiDb:669 - CubeFinder database Configuration version=3.0.39
2024-03-11 19:28:49,611 [INFO] ApiDb:670 - CubeFinder database generation date=2024-02-19 (1708350410)
2024-03-11 19:28:49,611 [INFO] ApiDb:671 - CubeFinder database FW Pack versions=[FP-ATR-ASTRA1_V2.0.0, FP-SNS-FLIGHT1_V5.0.1, FP-SNS-FLIGHT1_V5.0.2, FP-SNS-MOTENV1_V4.3.1, FP-SNS-MOTENV1_V4.3.2, FP-SNS-MOTENVWB1_V1.3.1, FP-SNS-SMARTAG2_V1.2.0, STM32Cube_FW_C0_V1.1.0, STM32Cube_FW_F4_V1.28.0, STM32Cube_FW_F7_V1.17.0, STM32Cube_FW_G0_V1.6.2, STM32Cube_FW_G4_V1.5.2, STM32Cube_FW_H5_V0.5.1, STM32Cube_FW_H5_V1.1.1, STM32Cube_FW_H5_V1.2.0RC2, STM32Cube_FW_H7_V1.11.0, STM32Cube_FW_L0_V1.12.2, STM32Cube_FW_L5_V1.5.0, STM32Cube_FW_U5_V1.3.0RC4, STM32Cube_FW_U5_V1.4.0, STM32Cube_FW_WBA_V1.0.0RC1, STM32Cube_FW_WBA_V1.1.0RC1, STM32Cube_FW_WBA_V1.2.0, STM32Cube_FW_WBA_V1.2.0RC2, STM32Cube_FW_WB_V1.15.0RC1, STM32Cube_FW_WB_V1.16.0, STM32Cube_FW_WB_V1.16.0RC2, STM32Cube_FW_WB_V1.18.0, STM32Cube_FW_WL_V1.3.0, X-CUBE-ALGOBUILD_V1.3.0, X-CUBE-ALS_V1.0.1, X-CUBE-AZRTOS-F4_V1.1.0, X-CUBE-AZRTOS-F7_V1.1.0, X-CUBE-AZRTOS-G0_V1.1.0, X-CUBE-AZRTOS-G4_V2.0.0, X-CUBE-AZRTOS-H7_V3.2.0, X-CUBE-AZRTOS-L4_V1.0.0, X-CUBE-AZRTOS-L4_V2.0.0, X-CUBE-AZRTOS-L5_V1.1.0, X-CUBE-AZRTOS-WB_V2.0.0, X-CUBE-AZRTOS-WL_V2.0.0, X-CUBE-BLE1_V7.0.0, X-CUBE-BLE2_V3.3.0, X-CUBE-BLEMGR_V3.0.0, X-CUBE-EEPRMA1_V4.1.0, X-CUBE-EEPRMA1_V5.1.0, X-CUBE-FREERTOS_V1.1.0, X-CUBE-GNSS1_V6.0.0, X-CUBE-MEMS1_V10.0.0, X-CUBE-MEMS1_V9.1.0, X-CUBE-MEMS1_V9.4.0, X-CUBE-MEMS1_V9.6.0, X-CUBE-NFC4_V3.0.0, X-CUBE-NFC7_V1.0.1, X-CUBE-SFXS2LP1_V4.0.0, X-CUBE-SUBG2_V5.0.0, X-CUBE-TOF1_V3.4.0]
2024-03-11 19:28:49,700 [INFO] DbBoardsSqlite:226 - include board P-NUCLEO-WB55-NUCLEO as a kit item of type 'Nucleo-64'
2024-03-11 19:28:49,701 [INFO] DbBoardsSqlite:226 - include board P-NUCLEO-WB55-USBDONGLE as a kit item of type 'Nucleo USB Dongle'
2024-03-11 19:28:49,701 [INFO] DbBoardsSqlite:226 - include board STEVAL-IDP005V1 as a kit item of type 'Evaluation Board'
2024-03-11 19:28:49,701 [INFO] DbBoardsSqlite:226 - include board STEVAL-IDP005V2 as a kit item of type 'Evaluation Board'
2024-03-11 19:28:49,754 [INFO] ApiDb:240 - Found 371 in-development CPN: [B-G473E-ZEST1S, B-WB1M-WPAN1, B-WL5M-SUBG1, NUCLEO-C031C6, NUCLEO-H503RB, NUCLEO-H563ZI, NUCLEO-U545RE-Q, NUCLEO-U5A5ZJ-Q, NUCLEO-WBA52CG, NUCLEO-WBA55CG, STEVAL-MKBOXPRO, STEVAL-PROTEUS1, STEVAL-STWINBX1, STM320518-EVAL, STM32C0116-DK, STM32C011D6Y3TR, STM32C011D6Y6TR, STM32C011F4P3, STM32C011F4P6, STM32C011F4U3, STM32C011F4U6TR, STM32C011F6P3, STM32C011F6P6, STM32C011F6U3, STM32C011F6U6TR, STM32C011J4M3, STM32C011J4M6, STM32C011J6M3, STM32C011J6M6, STM32C0316-DK, STM32C031C4T3, STM32C031C4T6, STM32C031C4U3, STM32C031C4U6, STM32C031C6T3, STM32C031C6T6, STM32C031C6U3, STM32C031C6U6, STM32C031F4P3, STM32C031F4P6, STM32C031F6P3, STM32C031F6P6, STM32C031G4U3, STM32C031G4U6, STM32C031G6U3, STM32C031G6U6, STM32C031K4T3, STM32C031K4T6, STM32C031K4U3, STM32C031K4U6, STM32C031K6T3, STM32C031K6T6, STM32C031K6U3, STM32C031K6U6, STM32G071K8TXN, STM32G071K8UXN, STM32G081GBU6N, STM32G081KBT6N, STM32G081KBUXN, STM32G0B1CCT6N, STM32G0B1KCT6, STM32G0B1NEY6TR, STM32G0B1RCT6N, STM32G0C1CCT6, STM32G0C1CCT6N, STM32G0C1CCU6N, STM32G0C1CET6N, STM32G0C1CEU6N, STM32G0C1KCT6, STM32G0C1NEY6TR, STM32G0C1RCI6N, STM32G0C1RCT6N, STM32G0C1REI6N, STM32G0C1RET6N, STM32G0C1VCI6, STM32G0C1VEI6, STM32G471CCT6, STM32G471CCU6, STM32G471CET3, STM32G471CET6, STM32G471CEU3, STM32G471CEU6, STM32G471MCT6, STM32G471MET3, STM32G471MET6, STM32G471MEY6TR, STM32G471QCT6, STM32G471QET3, STM32G471RCT6, STM32G471RET3, STM32G471RET6, STM32G471VCH6, STM32G471VCI6, STM32G471VCT6, STM32G471VEH3, STM32G471VEH6, STM32G471VEI3, STM32G471VEI6, STM32G471VET3, STM32G471VET6, STM32G474CCT6, STM32H503CBT6, STM32H503CBU6, STM32H503EBY6TR, STM32H503KBU6, STM32H503RBT6, STM32H562AGI6, STM32H562AII6, STM32H562IGK6, STM32H562IGT6, STM32H562IIK6, STM32H562IIT6, STM32H562RGT6, STM32H562RGV6, STM32H562RIT6, STM32H562RIV6, STM32H562VGT6, STM32H562VIT6, STM32H562ZGT6, STM32H562ZIT6, STM32H563AGI6, STM32H563AII3Q, STM32H563AII6, STM32H563IGK6, STM32H563IGT6, STM32H563IIK3Q, STM32H563IIK6, STM32H563IIT3Q, STM32H563IIT6, STM32H563MIY3QTR, STM32H563RGT6, STM32H563RGV6, STM32H563RIT6, STM32H563RIV6, STM32H563VGT6, STM32H563VIT3Q, STM32H563VIT6, STM32H563ZGT6, STM32H563ZIT3Q, STM32H563ZIT6, STM32H573AII3Q, STM32H573AII6, STM32H573I-DK, STM32H573IIK3Q, STM32H573IIK6, STM32H573IIT3Q, STM32H573IIT6, STM32H573MIY3QTR, STM32H573RIT6, STM32H573RIV6, STM32H573VIT3Q, STM32H573VIT6, STM32H573ZIT3Q, STM32H573ZIT6, STM32L4R5QGI6STR, STM32MP131AAE3, STM32MP131AAF3, STM32MP131AAG3, STM32MP131CAE3, STM32MP131CAF3, STM32MP131CAG3, STM32MP131DAE7, STM32MP131DAF7, STM32MP131DAG7, STM32MP131FAE7, STM32MP131FAF7, STM32MP131FAG7, STM32MP133AAE3, STM32MP133AAF3, STM32MP133AAG3, STM32MP133CAE3, STM32MP133CAF3, STM32MP133CAG3, STM32MP133DAE7, STM32MP133DAF7, STM32MP133DAG7, STM32MP133FAE7, STM32MP133FAF7, STM32MP133FAG7, STM32MP135AAE3, STM32MP135AAF3, STM32MP135AAG3, STM32MP135CAE3, STM32MP135CAF3, STM32MP135CAG3, STM32MP135DAE7, STM32MP135DAF7, STM32MP135DAG7, STM32MP135F-DK, STM32MP135FAE7, STM32MP135FAF7, STM32MP135FAF7T, STM32MP135FAF7U, STM32MP135FAG7, STM32U535CBT6, STM32U535CBT6Q, STM32U535CBU6, STM32U535CBU6Q, STM32U535CCT6, STM32U535CCT6Q, STM32U535CCU6, STM32U535CCU6Q, STM32U535CET6, STM32U535CET6Q, STM32U535CEU6, STM32U535CEU6Q, STM32U535JEY6QTR, STM32U535NCY6QTR, STM32U535NEY6QTR, STM32U535RBI6, STM32U535RBI6Q, STM32U535RBT6, STM32U535RBT6Q, STM32U535RCI6, STM32U535RCI6Q, STM32U535RCT6, STM32U535RCT6Q, STM32U535REI6, STM32U535REI6Q, STM32U535RET6, STM32U535RET6Q, STM32U535VCI6, STM32U535VCI6Q, STM32U535VCT6, STM32U535VCT6Q, STM32U535VEI6, STM32U535VEI6Q, STM32U535VET6, STM32U535VET6Q, STM32U545CET6, STM32U545CET6Q, STM32U545CEU6, STM32U545CEU6Q, STM32U545JEY6QTR, STM32U545NEY6QTR, STM32U545REI6, STM32U545REI6Q, STM32U545RET6, STM32U545RET6Q, STM32U545VEI6, STM32U545VEI6Q, STM32U545VET6, STM32U545VET6Q, STM32U595AIH6, STM32U595AIH6Q, STM32U595AJH6, STM32U595AJH6Q, STM32U595QII6, STM32U595QII6Q, STM32U595QJI6, STM32U595QJI6Q, STM32U595RIT6, STM32U595RIT6Q, STM32U595RJT6, STM32U595RJT6Q, STM32U595VIT6, STM32U595VIT6Q, STM32U595VJT6, STM32U595VJT6Q, STM32U595ZIT6, STM32U595ZIT6Q, STM32U595ZIY6QTR, STM32U595ZJT6, STM32U595ZJT6Q, STM32U595ZJY6QTR, STM32U599BJY6QTR, STM32U599NIH6Q, STM32U599NJH6Q, STM32U599VIT6Q, STM32U599VJT6, STM32U599VJT6Q, STM32U599ZIT6Q, STM32U599ZIY6QTR, STM32U599ZJT6Q, STM32U599ZJY6QTR, STM32U5A5AJH6, STM32U5A5AJH6Q, STM32U5A5QJI6, STM32U5A5QJI6Q, STM32U5A5RJT6, STM32U5A5RJT6Q, STM32U5A5VJT6, STM32U5A5VJT6Q, STM32U5A5ZJT6, STM32U5A5ZJT6Q, STM32U5A5ZJY6QTR, STM32U5A9BJY6QTR, STM32U5A9J-DK, STM32U5A9NJH6Q, STM32U5A9VJT6Q, STM32U5A9ZJT6Q, STM32U5A9ZJY6QTR, STM32U5F7VIT6, STM32U5F7VIT6Q, STM32U5F7VJT6, STM32U5F7VJT6Q, STM32U5F9BJY6QTR, STM32U5F9NJH6Q, STM32U5F9VIT6Q, STM32U5F9VJT6Q, STM32U5F9ZIJ6QTR, STM32U5F9ZIT6Q, STM32U5F9ZJJ6QTR, STM32U5F9ZJT6Q, STM32U5G7VJT6, STM32U5G7VJT6Q, STM32U5G9BJY6QTR, STM32U5G9J-DK1, STM32U5G9J-DK2, STM32U5G9NJH6Q, STM32U5G9VJT6Q, STM32U5G9ZJJ6QTR, STM32U5G9ZJT6Q, STM32WB1MMCH6, STM32WBA50KEU6, STM32WBA50KEU6TR, STM32WBA50KGU6, STM32WBA50KGU6TR, STM32WBA52CEU6, STM32WBA52CEU6TR, STM32WBA52CEU7, STM32WBA52CEU7TR, STM32WBA52CGU6, STM32WBA52CGU6TR, STM32WBA52CGU6U, STM32WBA52CGU7, STM32WBA52CGU7TR, STM32WBA52KEU6, STM32WBA52KEU6TR, STM32WBA52KGU6, STM32WBA52KGU6TR, STM32WBA54CEU6, STM32WBA54CEU6TR, STM32WBA54CEU7, STM32WBA54CEU7TR, STM32WBA54CGU6, STM32WBA54CGU6TR, STM32WBA54CGU7, STM32WBA54CGU7TR, STM32WBA54KEU6, STM32WBA54KEU6TR, STM32WBA54KEU7, STM32WBA54KEU7TR, STM32WBA54KGU6, STM32WBA54KGU6TR, STM32WBA54KGU7, STM32WBA54KGU7TR, STM32WBA55CEU6, STM32WBA55CEU6TR, STM32WBA55CEU7, STM32WBA55CEU7TR, STM32WBA55CGU6, STM32WBA55CGU6TR, STM32WBA55CGU6U, STM32WBA55CGU7, STM32WBA55CGU7TR, STM32WBA55G-DK1, STM32WBA55HEF6, STM32WBA55HEF7, STM32WBA55HGF6, STM32WBA55HGF7, STM32WBA55UEI6, STM32WBA55UEI6TR, STM32WBA55UEI7, STM32WBA55UEI7TR, STM32WBA55UGI6, STM32WBA55UGI6TR, STM32WBA55UGI7, STM32WBA55UGI7TR, STM32WL5MOCH6, STM32WL5MOCH6TR]
2024-03-11 19:28:49,913 [INFO] BoardInfo:889 - No configuration file found for board P-NUCLEO-WB55
2024-03-11 19:28:49,913 [INFO] DbBoards:161 - Kit is not supported: P-NUCLEO-WB55
2024-03-11 19:28:49,921 [INFO] BoardInfo:889 - No configuration file found for board STEVAL-BFA001V1B
2024-03-11 19:28:49,921 [INFO] DbBoards:161 - Kit is not supported: STEVAL-BFA001V1B
2024-03-11 19:28:49,922 [INFO] BoardInfo:889 - No configuration file found for board STEVAL-BFA001V2B
2024-03-11 19:28:49,922 [INFO] DbBoards:161 - Kit is not supported: STEVAL-BFA001V2B
2024-03-11 19:28:50,086 [INFO] DbBoards:168 - Found 193 boards, 190 are supported
2024-03-11 19:28:50,087 [INFO] DbBoards:169 - Found 193 boards, 3 of them is supported for  Bsp
2024-03-11 19:28:50,089 [INFO] ApiDb:414 - User favorites file not found: C:\Users\Maydoum/.stm32cubeide/favorites.boards.txt
2024-03-11 19:28:50,089 [INFO] DbBoards:198 - Set 0 / 0 favorites Boards
2024-03-11 19:28:50,092 [INFO] ApiDb:668 - CubeFinder database Data Model version=2.1
2024-03-11 19:28:50,092 [INFO] ApiDb:669 - CubeFinder database Configuration version=3.0.39
2024-03-11 19:28:50,092 [INFO] ApiDb:670 - CubeFinder database generation date=2024-02-19 (1708350410)
2024-03-11 19:28:50,093 [INFO] ApiDb:671 - CubeFinder database FW Pack versions=[FP-ATR-ASTRA1_V2.0.0, FP-SNS-FLIGHT1_V5.0.1, FP-SNS-FLIGHT1_V5.0.2, FP-SNS-MOTENV1_V4.3.1, FP-SNS-MOTENV1_V4.3.2, FP-SNS-MOTENVWB1_V1.3.1, FP-SNS-SMARTAG2_V1.2.0, STM32Cube_FW_C0_V1.1.0, STM32Cube_FW_F4_V1.28.0, STM32Cube_FW_F7_V1.17.0, STM32Cube_FW_G0_V1.6.2, STM32Cube_FW_G4_V1.5.2, STM32Cube_FW_H5_V0.5.1, STM32Cube_FW_H5_V1.1.1, STM32Cube_FW_H5_V1.2.0RC2, STM32Cube_FW_H7_V1.11.0, STM32Cube_FW_L0_V1.12.2, STM32Cube_FW_L5_V1.5.0, STM32Cube_FW_U5_V1.3.0RC4, STM32Cube_FW_U5_V1.4.0, STM32Cube_FW_WBA_V1.0.0RC1, STM32Cube_FW_WBA_V1.1.0RC1, STM32Cube_FW_WBA_V1.2.0, STM32Cube_FW_WBA_V1.2.0RC2, STM32Cube_FW_WB_V1.15.0RC1, STM32Cube_FW_WB_V1.16.0, STM32Cube_FW_WB_V1.16.0RC2, STM32Cube_FW_WB_V1.18.0, STM32Cube_FW_WL_V1.3.0, X-CUBE-ALGOBUILD_V1.3.0, X-CUBE-ALS_V1.0.1, X-CUBE-AZRTOS-F4_V1.1.0, X-CUBE-AZRTOS-F7_V1.1.0, X-CUBE-AZRTOS-G0_V1.1.0, X-CUBE-AZRTOS-G4_V2.0.0, X-CUBE-AZRTOS-H7_V3.2.0, X-CUBE-AZRTOS-L4_V1.0.0, X-CUBE-AZRTOS-L4_V2.0.0, X-CUBE-AZRTOS-L5_V1.1.0, X-CUBE-AZRTOS-WB_V2.0.0, X-CUBE-AZRTOS-WL_V2.0.0, X-CUBE-BLE1_V7.0.0, X-CUBE-BLE2_V3.3.0, X-CUBE-BLEMGR_V3.0.0, X-CUBE-EEPRMA1_V4.1.0, X-CUBE-EEPRMA1_V5.1.0, X-CUBE-FREERTOS_V1.1.0, X-CUBE-GNSS1_V6.0.0, X-CUBE-MEMS1_V10.0.0, X-CUBE-MEMS1_V9.1.0, X-CUBE-MEMS1_V9.4.0, X-CUBE-MEMS1_V9.6.0, X-CUBE-NFC4_V3.0.0, X-CUBE-NFC7_V1.0.1, X-CUBE-SFXS2LP1_V4.0.0, X-CUBE-SUBG2_V5.0.0, X-CUBE-TOF1_V3.4.0]
2024-03-11 19:28:50,986 [ERROR] DbExamplesSqlite:437 - Missing JSON key: board_cpn
2024-03-11 19:28:50,986 [ERROR] DbExamplesSqlite:437 - Missing JSON key: board_cpn
2024-03-11 19:28:50,986 [ERROR] DbExamplesSqlite:437 - Missing JSON key: board_cpn
2024-03-11 19:28:50,987 [ERROR] DbExamplesSqlite:437 - Missing JSON key: board_cpn
2024-03-11 19:28:51,035 [INFO] DbExamplesSqlite:395 - Ignored 55 examples not supported by CubeIDE
2024-03-11 19:28:51,035 [INFO] DbExamplesSqlite:396 - Found 7564 examples active
2024-03-11 19:28:51,035 [INFO] DbExamplesSqlite:397 - Found 844 examples obsolete
2024-03-11 19:28:51,035 [INFO] DbExamplesSqlite:398 - Found 0 examples under development
2024-03-11 19:28:51,035 [INFO] DbExamplesSqlite:399 - Found 8 examples not building
2024-03-11 19:28:51,037 [INFO] DbExamples:125 - Found 7517 examples
2024-03-11 19:28:51,050 [INFO] DbExamples:222 - Found 95 boards with related examples
2024-03-11 19:28:51,052 [INFO] DbExamples:235 - Found 80 MCUs with related examples
2024-03-11 19:28:51,072 [INFO] ApiDb:414 - User favorites file not found: C:\Users\Maydoum/.stm32cubeide/favorites.examples.txt
2024-03-11 19:28:51,072 [INFO] DbExamples:250 - Set 0 / 0 favorites Examples
2024-03-11 19:28:51,501 [INFO] McuFinderGlobals:76 - Set McuFinderConnectedMode to true
2024-03-11 19:28:51,513 [INFO] MultiScanPanel:200 - Auto-refresh data requested => check proxy status ongoing
2024-03-11 19:28:51,519 [INFO] FinderPluginLoader:95 - Searching for filters in installed packs
2024-03-11 19:28:53,597 [INFO] LoadUrlFilesThread:185 - End of LoadServerUrlFiles without Thread
2024-03-11 19:28:53,620 [INFO] DetailPanel:341 - Set advertising image to C:/Users/Maydoum/STM32Cube/Repository/\en.prom-stm32wl3-mcu-finder.jpg
2024-03-11 19:29:40,827 [INFO] MainUpdater:2873 - connection check result : 10
2024-03-11 19:29:40,827 [INFO] MainUpdater:2873 - connection check result : 10
2024-03-11 19:29:40,894 [INFO] MicroXplorer:468 - Change Database Path : 
2024-03-11 19:29:40,894 [INFO] MicroXplorer:498 - Change Database Version : DB.6.0.100
2024-03-11 19:29:40,898 [WARN] ThirdParty:871 - waiting for thirdparty lock release [close project]
2024-03-11 19:29:40,899 [INFO] ThirdParty:873 - entering critical section [close project]
2024-03-11 19:29:40,899 [INFO] ThirdParty:883 - exiting critical section [close project]
2024-03-11 19:29:40,901 [INFO] PinOutPanel:1499 - setPackage(No Configuration,No Configuration)
2024-03-11 19:29:40,907 [INFO] UtilMem:75 - Begin LoadConfig() Used Memory: 441540440 Bytes (741343232)
2024-03-11 19:29:40,909 [INFO] MicroXplorer:468 - Change Database Path : 
2024-03-11 19:29:40,909 [INFO] MicroXplorer:498 - Change Database Version : DB.6.0.100
2024-03-11 19:29:40,910 [INFO] OpenFileManager:312 - Change cursor
2024-03-11 19:29:40,924 [WARN] IntegrityCheckThread:84 - waiting for thirdparty lock release [integrity check]
2024-03-11 19:29:40,925 [INFO] IntegrityCheckThread:86 - entering critical section [integrity check]
2024-03-11 19:29:41,202 [WARN] PackLoader:240 - Cannot read IP mode file for STMicroelectronics.X-CUBE-SMBUS.2.1.0
2024-03-11 19:29:41,226 [WARN] PackLoader:240 - Cannot read IP mode file for STMicroelectronics.X-CUBE-TOUCHGFX.4.23.0
2024-03-11 19:29:41,282 [WARN] PackLoader:240 - Cannot read IP mode file for STMicroelectronics.X-CUBE-AZRTOS-F7.1.1.0
2024-03-11 19:29:41,302 [WARN] PackLoader:240 - Cannot read IP mode file for STMicroelectronics.FP-SNS-MOTENV1.4.3.2
2024-03-11 19:29:41,324 [WARN] PackLoader:240 - Cannot read IP mode file for STMicroelectronics.FP-SNS-FLIGHT1.5.0.2
2024-03-11 19:29:41,346 [WARN] PackLoader:240 - Cannot read IP mode file for STMicroelectronics.X-CUBE-DISPLAY.3.0.0
2024-03-11 19:29:41,377 [WARN] PackLoader:240 - Cannot read IP mode file for STMicroelectronics.X-CUBE-BLE1.7.0.0
2024-03-11 19:29:41,398 [WARN] PackLoader:240 - Cannot read IP mode file for emotas.I-CUBE-CANOPEN.1.3.0
2024-03-11 19:29:41,425 [WARN] PackLoader:240 - Cannot read IP mode file for STMicroelectronics.X-CUBE-BLEMGR.3.1.0
2024-03-11 19:29:41,450 [WARN] PackLoader:240 - Cannot read IP mode file for STMicroelectronics.FP-SNS-SMARTAG2.1.2.0
2024-03-11 19:29:41,489 [INFO] LogOutputStream:77 - [STDOUT_REDIRECT] 1 : Invalid condition id : UX_CORESTACK_Condition cause : null
2024-03-11 19:29:41,492 [INFO] LogOutputStream:77 - [STDOUT_REDIRECT] 1 : Invalid condition id : UX_CORESTACK_Condition cause : null
2024-03-11 19:29:41,494 [INFO] LogOutputStream:77 - [STDOUT_REDIRECT] 1 : Invalid condition id : UX_CORESTACK_Condition cause : null
2024-03-11 19:29:41,496 [INFO] LogOutputStream:77 - [STDOUT_REDIRECT] 1 : Invalid condition id : UX_CORESTACK_Condition cause : null
2024-03-11 19:29:41,499 [INFO] LogOutputStream:77 - [STDOUT_REDIRECT] 1 : Invalid condition id : UX_CORESTACK_Condition cause : null
2024-03-11 19:29:41,505 [WARN] PackLoader:240 - Cannot read IP mode file for STMicroelectronics.X-CUBE-AZRTOS-WL.2.0.0
2024-03-11 19:29:41,534 [WARN] PackLoader:240 - Cannot read IP mode file for WES.I-CUBE-Cesium.1.3.0
2024-03-11 19:29:41,553 [WARN] PackLoader:240 - Cannot read IP mode file for STMicroelectronics.X-CUBE-BLE2.3.3.0
2024-03-11 19:29:41,574 [WARN] PackLoader:240 - Cannot read IP mode file for STMicroelectronics.X-CUBE-ALGOBUILD.1.3.0
2024-03-11 19:29:41,628 [WARN] PackLoader:240 - Cannot read IP mode file for STMicroelectronics.X-CUBE-AZRTOS-G0.1.1.0
2024-03-11 19:29:41,649 [WARN] PackLoader:240 - Cannot read IP mode file for STMicroelectronics.X-CUBE-NFC4.3.0.0
2024-03-11 19:29:41,672 [WARN] PackLoader:240 - Cannot read IP mode file for STMicroelectronics.X-CUBE-BLEMGR.3.0.0
2024-03-11 19:29:41,688 [WARN] PackLoader:240 - Cannot read IP mode file for STMicroelectronics.FP-ATR-SIGFOX1.3.2.0
2024-03-11 19:29:41,705 [WARN] PackLoader:240 - Cannot read IP mode file for STMicroelectronics.X-CUBE-EEPRMA1.5.1.0
2024-03-11 19:29:41,755 [WARN] PackLoader:240 - Cannot read IP mode file for SEGGER.I-CUBE-embOS.1.3.1
2024-03-11 19:29:41,809 [WARN] PackLoader:240 - Cannot read IP mode file for STMicroelectronics.X-CUBE-GNSS1.6.0.0
2024-03-11 19:29:41,849 [WARN] PackLoader:240 - Cannot read IP mode file for STMicroelectronics.X-CUBE-AZRTOS-F4.1.1.0
2024-03-11 19:29:41,866 [WARN] PackLoader:240 - Cannot read IP mode file for wolfSSL.I-CUBE-wolfSSL.5.6.6
2024-03-11 19:29:41,901 [WARN] PackLoader:240 - Cannot read IP mode file for STMicroelectronics.X-CUBE-AZRTOS-L5.2.0.0
2024-03-11 19:29:41,917 [WARN] PackLoader:240 - Cannot read IP mode file for ITTIA_DB.I-CUBE-ITTIADB.8.8.0
2024-03-11 19:29:41,931 [WARN] PackLoader:240 - Cannot read IP mode file for STMicroelectronics.X-CUBE-NFC7.1.0.1
2024-03-11 19:29:41,948 [WARN] PackLoader:240 - Cannot read IP mode file for STMicroelectronics.X-CUBE-NFC6.3.0.0
2024-03-11 19:29:41,963 [WARN] PackLoader:240 - Cannot read IP mode file for STMicroelectronics.X-CUBE-AI.8.1.0
2024-03-11 19:29:41,997 [WARN] ConditionMgr:438 - getConditionDescription Invalid condition id : LAN8742 Phy interface Condition cause : null
2024-03-11 19:29:41,998 [WARN] PackLoader:240 - Cannot read IP mode file for STMicroelectronics.X-CUBE-AZRTOS-L4.2.0.0
2024-03-11 19:29:41,999 [WARN] ConditionMgr:1039 - genDependencies : Invalid condition id : LAN8742 Phy interface Condition cause : null
2024-03-11 19:29:41,999 [WARN] ConditionMgr:1039 - genDependencies : Invalid condition id : LAN8742 Phy interface Condition cause : null
2024-03-11 19:29:41,999 [WARN] ConditionMgr:1039 - genDependencies : Invalid condition id : LAN8742 Phy interface Condition cause : null
2024-03-11 19:29:42,015 [WARN] PackLoader:240 - Cannot read IP mode file for STMicroelectronics.X-CUBE-SFXS2LP1.4.0.0
2024-03-11 19:29:42,044 [WARN] ConditionMgr:438 - getConditionDescription Invalid condition id : UX DEVICE CLASS RTOS Condition cause : null
2024-03-11 19:29:42,046 [WARN] ConditionMgr:438 - getConditionDescription Invalid condition id : UX DEVICE CLASS RTOS Condition cause : null
2024-03-11 19:29:42,048 [WARN] PackLoader:240 - Cannot read IP mode file for STMicroelectronics.X-CUBE-AZRTOS-WB.2.0.0
2024-03-11 19:29:42,048 [WARN] ConditionMgr:1039 - genDependencies : Invalid condition id : UX DEVICE CLASS RTOS Condition cause : null
2024-03-11 19:29:42,048 [WARN] ConditionMgr:1039 - genDependencies : Invalid condition id : UX DEVICE CLASS RTOS Condition cause : null
2024-03-11 19:29:42,049 [WARN] ConditionMgr:1039 - genDependencies : Invalid condition id : UX DEVICE CLASS RTOS Condition cause : null
2024-03-11 19:29:42,049 [WARN] ConditionMgr:1039 - genDependencies : Invalid condition id : UX DEVICE CLASS RTOS Condition cause : null
2024-03-11 19:29:42,049 [WARN] ConditionMgr:1039 - genDependencies : Invalid condition id : UX DEVICE CLASS RTOS Condition cause : null
2024-03-11 19:29:42,072 [WARN] PackLoader:240 - Cannot read IP mode file for STMicroelectronics.X-CUBE-SUBG2.5.0.0
2024-03-11 19:29:42,116 [WARN] PackLoader:240 - Cannot read IP mode file for STMicroelectronics.X-CUBE-AZRTOS-G4.2.0.0
2024-03-11 19:29:42,151 [WARN] PackLoader:240 - Cannot read IP mode file for Infineon.AIROC-Wi-Fi-Bluetooth-STM32.1.5.1
2024-03-11 19:29:42,171 [WARN] PackLoader:240 - Cannot read IP mode file for STMicroelectronics.FP-SNS-MOTENVWB1.1.3.1
2024-03-11 19:29:42,183 [WARN] PackLoader:240 - Cannot read IP mode file for STMicroelectronics.X-CUBE-ISPU.2.0.0
2024-03-11 19:29:42,250 [WARN] PackLoader:240 - Cannot read IP mode file for STMicroelectronics.X-CUBE-MEMS1.10.0.0
2024-03-11 19:29:42,454 [WARN] PackLoader:240 - Cannot read IP mode file for STMicroelectronics.X-CUBE-FREERTOS.1.1.0
2024-03-11 19:29:42,476 [WARN] PackLoader:240 - Cannot read IP mode file for portGmbH.I-Cube-SoM-uGOAL.1.1.0
2024-03-11 19:29:42,499 [WARN] PackLoader:240 - Cannot read IP mode file for STMicroelectronics.X-CUBE-ALS.1.0.1
2024-03-11 19:29:42,503 [WARN] PackLoader:240 - Cannot read IP mode file for STMicroelectronics.FP-ATR-ASTRA1.2.0.0
2024-03-11 19:29:42,565 [WARN] PackLoader:240 - Cannot read IP mode file for STMicroelectronics.X-CUBE-TOF1.3.4.0
2024-03-11 19:29:42,613 [WARN] PackLoader:240 - Cannot read IP mode file for STMicroelectronics.X-CUBE-TOF1.3.4.1
2024-03-11 19:29:42,675 [WARN] PackLoader:240 - Cannot read IP mode file for STMicroelectronics.X-CUBE-AZRTOS-H7.3.2.0
2024-03-11 19:29:42,675 [INFO] ThirdParty:978 - Integrity check success = true
2024-03-11 19:29:42,675 [INFO] IntegrityCheckThread:100 - exiting critical section [integrity check]
2024-03-11 19:29:42,675 [INFO] IntegrityCheckThread:103 - End integrity checks thread
2024-03-11 19:29:42,823 [INFO] Mcu:2016 - Initializing MCU STM32F103C8Tx STM32F103C8Tx STM32F103C8T6
2024-03-11 19:29:44,495 [INFO] Context:659 - Trying to add GPIOservice into a context  which must be forbidden
2024-03-11 19:29:44,971 [INFO] ImportTextPane:194 - (OptionalMessage_ERROR) Unable to find key (Mcu.ThirdPartyNb) in loaded IOC file
2024-03-11 19:29:44,971 [INFO] ImportTextPane:194 - (OptionalMessage_ERROR) Unable to find key (Mcu.PinsNb) in loaded IOC file
2024-03-11 19:29:44,971 [INFO] ImportTextPane:194 - (OptionalMessage_ERROR) Unable to find key (Mcu.IPNb) in loaded IOC file
2024-03-11 19:29:45,068 [INFO] RtosManager:555 - Registered RTOS mode: class=CMSIS, group=RTOS, mode=CMSIS_V1, owner=FREERTOS
2024-03-11 19:29:45,069 [INFO] RtosManager:555 - Registered RTOS mode: class=CMSIS, group=RTOS2, mode=CMSIS_V2, owner=FREERTOS
2024-03-11 19:29:45,070 [INFO] RtosManager:555 - Registered RTOS mode: class=RTOS, group=Core, mode=CMSIS_V1, owner=FREERTOS
2024-03-11 19:29:45,070 [INFO] RtosManager:555 - Registered RTOS mode: class=RTOS, group=Core, mode=CMSIS_V2, owner=FREERTOS
2024-03-11 19:29:45,071 [WARN] ModelIntegratedComponent:184 - Missing modes for component STMicroelectronics:FreeRTOS:0.0.1:STMicroelectronics:RTOS:FreeRTOS:Core:::10.2.0:
2024-03-11 19:29:45,099 [WARN] ModelIntegratedComponent:63 - No mode defined for component null
2024-03-11 19:29:45,100 [WARN] ModelIntegratedComponent:63 - No mode defined for component null
2024-03-11 19:29:45,100 [WARN] ModelIntegratedComponent:63 - No mode defined for component null
2024-03-11 19:29:45,100 [WARN] ModelIntegratedComponent:63 - No mode defined for component null
2024-03-11 19:29:45,100 [WARN] ModelIntegratedComponent:63 - No mode defined for component null
2024-03-11 19:29:45,100 [WARN] ModelIntegratedComponent:63 - No mode defined for component null
2024-03-11 19:29:45,100 [WARN] ModelIntegratedComponent:63 - No mode defined for component null
2024-03-11 19:29:45,100 [WARN] ModelIntegratedComponent:63 - No mode defined for component null
2024-03-11 19:29:45,100 [WARN] ModelIntegratedComponent:63 - No mode defined for component null
2024-03-11 19:29:45,100 [WARN] ModelIntegratedComponent:63 - No mode defined for component null
2024-03-11 19:29:45,100 [WARN] ModelIntegratedComponent:63 - No mode defined for component null
2024-03-11 19:29:45,100 [WARN] ModelIntegratedComponent:63 - No mode defined for component null
2024-03-11 19:29:45,101 [WARN] ModelIntegratedComponent:63 - No mode defined for component null
2024-03-11 19:29:45,101 [WARN] ModelIntegratedComponent:63 - No mode defined for component null
2024-03-11 19:29:45,101 [WARN] ModelIntegratedComponent:63 - No mode defined for component null
2024-03-11 19:29:45,101 [WARN] ModelIntegratedComponent:63 - No mode defined for component null
2024-03-11 19:29:45,101 [WARN] ModelIntegratedComponent:63 - No mode defined for component null
2024-03-11 19:29:45,101 [WARN] ModelIntegratedComponent:63 - No mode defined for component null
2024-03-11 19:29:45,101 [WARN] ModelIntegratedComponent:63 - No mode defined for component null
2024-03-11 19:29:45,101 [WARN] ModelIntegratedComponent:63 - No mode defined for component null
2024-03-11 19:29:45,101 [WARN] ModelIntegratedComponent:63 - No mode defined for component null
2024-03-11 19:29:45,101 [WARN] ModelIntegratedComponent:63 - No mode defined for component null
2024-03-11 19:29:45,101 [WARN] ModelIntegratedComponent:63 - No mode defined for component null
2024-03-11 19:29:45,102 [WARN] ModelIntegratedComponent:63 - No mode defined for component null
2024-03-11 19:29:45,102 [WARN] ModelIntegratedComponent:63 - No mode defined for component null
2024-03-11 19:29:45,102 [WARN] ModelIntegratedComponent:63 - No mode defined for component null
2024-03-11 19:29:45,102 [WARN] ModelIntegratedComponent:63 - No mode defined for component null
2024-03-11 19:29:45,102 [WARN] ModelIntegratedComponent:63 - No mode defined for component null
2024-03-11 19:29:45,102 [WARN] ModelIntegratedComponent:63 - No mode defined for component null
2024-03-11 19:29:45,102 [WARN] ModelIntegratedComponent:63 - No mode defined for component null
2024-03-11 19:29:45,102 [WARN] ModelIntegratedComponent:63 - No mode defined for component null
2024-03-11 19:29:45,102 [WARN] ModelIntegratedComponent:63 - No mode defined for component null
2024-03-11 19:29:45,102 [WARN] ModelIntegratedComponent:63 - No mode defined for component null
2024-03-11 19:29:45,295 [INFO] ThirdPartyModel:298 - Start build external matchings
2024-03-11 19:29:45,834 [INFO] ThirdPartyModel:316 - End build external matchings
2024-03-11 19:29:46,164 [INFO] UtilMem:75 - End LoadConfig() Used Memory: 651855880 Bytes (1040187392)
2024-03-11 19:29:46,263 [INFO] MicroXplorer:468 - Change Database Path : 
2024-03-11 19:29:46,263 [INFO] MicroXplorer:498 - Change Database Version : DB.6.0.100
2024-03-11 19:29:46,270 [WARN] ThirdParty:833 - waiting for thirdparty lock release [change project]
2024-03-11 19:29:46,270 [INFO] ThirdParty:835 - entering critical section [change project]
2024-03-11 19:29:46,270 [INFO] ThirdParty:1030 - CMSIS Pack Vendor :STMicroelectronics USBPD 4.1
2024-03-11 19:29:46,270 [INFO] ThirdParty:1030 - CMSIS Pack Vendor :STMicroelectronics X-CUBE-GNSS1 6.0.0
2024-03-11 19:29:46,270 [INFO] ThirdParty:1030 - CMSIS Pack Vendor :STMicroelectronics USB_HOST 2.0.0
2024-03-11 19:29:46,270 [INFO] ThirdParty:1030 - CMSIS Pack Vendor :STMicroelectronics X-CUBE-AZRTOS-F4 1.1.0
2024-03-11 19:29:46,270 [INFO] ThirdParty:1030 - CMSIS Pack Vendor :STMicroelectronics LIBJPEG 8.0.0
2024-03-11 19:29:46,270 [INFO] ThirdParty:1030 - CMSIS Pack Vendor :STMicroelectronics X-CUBE-SMBUS 2.1.0
2024-03-11 19:29:46,270 [INFO] ThirdParty:1030 - CMSIS Pack Vendor :STMicroelectronics USB_DEVICE 3.0.0
2024-03-11 19:29:46,270 [INFO] ThirdParty:1030 - CMSIS Pack Vendor :STMicroelectronics X-CUBE-AZRTOS-WB 2.0.0
2024-03-11 19:29:46,270 [INFO] ThirdParty:1030 - CMSIS Pack Vendor :wolfSSL I-CUBE-wolfSSL 5.6.6
2024-03-11 19:29:46,270 [INFO] ThirdParty:1030 - CMSIS Pack Vendor :STMicroelectronics X-CUBE-TOUCHGFX 4.23.0
2024-03-11 19:29:46,270 [INFO] ThirdParty:1030 - CMSIS Pack Vendor :STMicroelectronics X-CUBE-AZRTOS-F7 1.1.0
2024-03-11 19:29:46,270 [INFO] ThirdParty:1030 - CMSIS Pack Vendor :STMicroelectronics X-CUBE-AZRTOS-L5 2.0.0
2024-03-11 19:29:46,270 [INFO] ThirdParty:1030 - CMSIS Pack Vendor :STMicroelectronics USB_DEVICE 2.0.0
2024-03-11 19:29:46,270 [INFO] ThirdParty:1030 - CMSIS Pack Vendor :ITTIA_DB I-CUBE-ITTIADB 8.8.0
2024-03-11 19:29:46,270 [INFO] ThirdParty:1030 - CMSIS Pack Vendor :STMicroelectronics FP-SNS-MOTENV1 4.3.2
2024-03-11 19:29:46,270 [INFO] ThirdParty:1030 - CMSIS Pack Vendor :STMicroelectronics X-CUBE-ALGOBUILD 1.3.0
2024-03-11 19:29:46,270 [INFO] ThirdParty:1030 - CMSIS Pack Vendor :STMicroelectronics FreeRTOS 0.0.1
2024-03-11 19:29:46,270 [INFO] ThirdParty:1030 - CMSIS Pack Vendor :STMicroelectronics X-CUBE-AZRTOS-G0 1.1.0
2024-03-11 19:29:46,270 [INFO] ThirdParty:1030 - CMSIS Pack Vendor :STMicroelectronics X-CUBE-NFC4 3.0.0
2024-03-11 19:29:46,270 [INFO] ThirdParty:1030 - CMSIS Pack Vendor :STMicroelectronics X-CUBE-SUBG2 5.0.0
2024-03-11 19:29:46,270 [INFO] ThirdParty:1030 - CMSIS Pack Vendor :STMicroelectronics STM32_WPAN 1.0.0
2024-03-11 19:29:46,270 [INFO] ThirdParty:1030 - CMSIS Pack Vendor :STMicroelectronics lwIP 2.0.3
2024-03-11 19:29:46,270 [INFO] ThirdParty:1030 - CMSIS Pack Vendor :STMicroelectronics FP-SNS-FLIGHT1 5.0.2
2024-03-11 19:29:46,270 [INFO] ThirdParty:1030 - CMSIS Pack Vendor :STMicroelectronics USB_HOST 1.0.0
2024-03-11 19:29:46,270 [INFO] ThirdParty:1030 - CMSIS Pack Vendor :STMicroelectronics X-CUBE-AZRTOS-G4 2.0.0
2024-03-11 19:29:46,270 [INFO] ThirdParty:1030 - CMSIS Pack Vendor :STMicroelectronics PDM2PCM 3.1.0
2024-03-11 19:29:46,270 [INFO] ThirdParty:1030 - CMSIS Pack Vendor :Infineon AIROC-Wi-Fi-Bluetooth-STM32 1.5.1
2024-03-11 19:29:46,270 [INFO] ThirdParty:1030 - CMSIS Pack Vendor :STMicroelectronics X-CUBE-BLEMGR 3.0.0
2024-03-11 19:29:46,270 [INFO] ThirdParty:1030 - CMSIS Pack Vendor :STMicroelectronics PDM2PCM 3.3.0
2024-03-11 19:29:46,270 [INFO] ThirdParty:1030 - CMSIS Pack Vendor :STMicroelectronics X-CUBE-DISPLAY 3.0.0
2024-03-11 19:29:46,270 [INFO] ThirdParty:1030 - CMSIS Pack Vendor :STMicroelectronics FP-SNS-MOTENVWB1 1.3.1
2024-03-11 19:29:46,270 [INFO] ThirdParty:1030 - CMSIS Pack Vendor :STMicroelectronics X-CUBE-BLE1 7.0.0
2024-03-11 19:29:46,270 [INFO] ThirdParty:1030 - CMSIS Pack Vendor :STMicroelectronics FP-ATR-SIGFOX1 3.2.0
2024-03-11 19:29:46,270 [INFO] ThirdParty:1030 - CMSIS Pack Vendor :STMicroelectronics X-CUBE-ISPU 2.0.0
2024-03-11 19:29:46,270 [INFO] ThirdParty:1030 - CMSIS Pack Vendor :STMicroelectronics X-CUBE-EEPRMA1 5.1.0
2024-03-11 19:29:46,270 [INFO] ThirdParty:1030 - CMSIS Pack Vendor :STMicroelectronics HAL Drivers 0.0.0
2024-03-11 19:29:46,270 [INFO] ThirdParty:1030 - CMSIS Pack Vendor :STMicroelectronics MBEDTLS 2.16.2
2024-03-11 19:29:46,270 [INFO] ThirdParty:1030 - CMSIS Pack Vendor :emotas I-CUBE-CANOPEN 1.3.0
2024-03-11 19:29:46,270 [INFO] ThirdParty:1030 - CMSIS Pack Vendor :STMicroelectronics X-CUBE-MEMS1 10.0.0
2024-03-11 19:29:46,270 [INFO] ThirdParty:1030 - CMSIS Pack Vendor :STMicroelectronics X-CUBE-FREERTOS 1.1.0
2024-03-11 19:29:46,270 [INFO] ThirdParty:1030 - CMSIS Pack Vendor :STMicroelectronics X-CUBE-NFC7 1.0.1
2024-03-11 19:29:46,270 [INFO] ThirdParty:1030 - CMSIS Pack Vendor :STMicroelectronics MBEDTLS 2.14.1
2024-03-11 19:29:46,270 [INFO] ThirdParty:1030 - CMSIS Pack Vendor :STMicroelectronics X-CUBE-NFC6 3.0.0
2024-03-11 19:29:46,270 [INFO] ThirdParty:1030 - CMSIS Pack Vendor :portGmbH I-Cube-SoM-uGOAL 1.1.0
2024-03-11 19:29:46,270 [INFO] ThirdParty:1030 - CMSIS Pack Vendor :STMicroelectronics X-CUBE-ALS 1.0.1
2024-03-11 19:29:46,270 [INFO] ThirdParty:1030 - CMSIS Pack Vendor :STMicroelectronics X-CUBE-BLEMGR 3.1.0
2024-03-11 19:29:46,270 [INFO] ThirdParty:1030 - CMSIS Pack Vendor :STMicroelectronics ThreadX 1.0.0
2024-03-11 19:29:46,270 [INFO] ThirdParty:1030 - CMSIS Pack Vendor :STMicroelectronics FP-SNS-SMARTAG2 1.2.0
2024-03-11 19:29:46,270 [INFO] ThirdParty:1030 - CMSIS Pack Vendor :STMicroelectronics X-CUBE-AZRTOS-WL 2.0.0
2024-03-11 19:29:46,270 [INFO] ThirdParty:1030 - CMSIS Pack Vendor :SEGGER I-CUBE-embOS 1.3.1
2024-03-11 19:29:46,270 [INFO] ThirdParty:1030 - CMSIS Pack Vendor :STMicroelectronics USB_DEVICE 1.0.0
2024-03-11 19:29:46,270 [INFO] ThirdParty:1030 - CMSIS Pack Vendor :STMicroelectronics X-CUBE-AI 8.1.0
2024-03-11 19:29:46,270 [INFO] ThirdParty:1030 - CMSIS Pack Vendor :STMicroelectronics X-CUBE-AZRTOS-L4 2.0.0
2024-03-11 19:29:46,270 [INFO] ThirdParty:1030 - CMSIS Pack Vendor :STMicroelectronics ThreadX 0.0.2
2024-03-11 19:29:46,270 [INFO] ThirdParty:1030 - CMSIS Pack Vendor :WES I-CUBE-Cesium 1.3.0
2024-03-11 19:29:46,270 [INFO] ThirdParty:1030 - CMSIS Pack Vendor :STMicroelectronics FP-ATR-ASTRA1 2.0.0
2024-03-11 19:29:46,270 [INFO] ThirdParty:1030 - CMSIS Pack Vendor :STMicroelectronics lwIP 2.1.2
2024-03-11 19:29:46,270 [INFO] ThirdParty:1030 - CMSIS Pack Vendor :STMicroelectronics X-CUBE-SFXS2LP1 4.0.0
2024-03-11 19:29:46,270 [INFO] ThirdParty:1030 - CMSIS Pack Vendor :STMicroelectronics X-CUBE-BLE2 3.3.0
2024-03-11 19:29:46,270 [INFO] ThirdParty:1030 - CMSIS Pack Vendor :STMicroelectronics X-CUBE-TOF1 3.4.0
2024-03-11 19:29:46,270 [INFO] ThirdParty:1030 - CMSIS Pack Vendor :STMicroelectronics X-CUBE-TOF1 3.4.1
2024-03-11 19:29:46,270 [INFO] ThirdParty:1030 - CMSIS Pack Vendor :STMicroelectronics X-CUBE-AZRTOS-H7 3.2.0
2024-03-11 19:29:46,270 [INFO] ThirdParty:1030 - CMSIS Pack Vendor :STMicroelectronics PDM2PCM 3.2.0
2024-03-11 19:29:46,270 [INFO] ThirdParty:841 - exiting critical section [change project]
2024-03-11 19:29:46,786 [INFO] PinOutPanel:1499 - setPackage(No Configuration,No Configuration)
2024-03-11 19:29:46,788 [INFO] PinOutPanel:1499 - setPackage(STM32F103C8Tx,LQFP48)
2024-03-11 19:29:47,938 [INFO] UtilMem:75 - Before build in PCC Used Memory: 471455960 Bytes (1040187392)
2024-03-11 19:29:50,227 [INFO] UtilMem:75 - After build in PCC Used Memory: 540424704 Bytes (1040187392)
2024-03-11 19:29:50,276 [INFO] IPUIPlugin:80 - create IPUIPlugin
2024-03-11 19:29:50,276 [INFO] IPUIPlugin:80 - create IPUIPlugin
2024-03-11 19:29:50,276 [INFO] IPUIPlugin:80 - create IPUIPlugin
2024-03-11 19:29:50,276 [INFO] IPUIPlugin:80 - create IPUIPlugin
2024-03-11 19:29:50,276 [INFO] IPUIPlugin:80 - create IPUIPlugin
2024-03-11 19:29:50,277 [INFO] IPUIPlugin:80 - create IPUIPlugin
2024-03-11 19:29:50,277 [INFO] IPUIPlugin:80 - create IPUIPlugin
2024-03-11 19:29:50,277 [INFO] IPUIPlugin:80 - create IPUIPlugin
2024-03-11 19:29:50,277 [INFO] IPUIPlugin:80 - create IPUIPlugin
2024-03-11 19:29:50,277 [INFO] IPUIPlugin:80 - create IPUIPlugin
2024-03-11 19:29:50,278 [INFO] IPUIPlugin:80 - create IPUIPlugin
2024-03-11 19:29:50,278 [INFO] IPUIPlugin:80 - create IPUIPlugin
2024-03-11 19:29:50,278 [INFO] IPUIPlugin:80 - create IPUIPlugin
2024-03-11 19:29:50,278 [INFO] IPUIPlugin:80 - create IPUIPlugin
2024-03-11 19:29:50,279 [INFO] IPUIPlugin:80 - create IPUIPlugin
2024-03-11 19:29:50,279 [INFO] IPUIPlugin:80 - create IPUIPlugin
2024-03-11 19:29:50,279 [INFO] IPUIPlugin:80 - create IPUIPlugin
2024-03-11 19:29:50,280 [INFO] IPUIPlugin:80 - create IPUIPlugin
2024-03-11 19:29:50,280 [INFO] IPUIPlugin:80 - create IPUIPlugin
2024-03-11 19:29:50,280 [INFO] IPUIPlugin:80 - create IPUIPlugin
2024-03-11 19:29:50,280 [INFO] IPUIPlugin:80 - create IPUIPlugin
2024-03-11 19:29:50,281 [INFO] IPUIPlugin:80 - create IPUIPlugin
2024-03-11 19:29:50,281 [INFO] IPUIPlugin:80 - create IPUIPlugin
2024-03-11 19:29:50,281 [INFO] IPUIPlugin:80 - create IPUIPlugin
2024-03-11 19:29:50,282 [INFO] IPUIPlugin:80 - create IPUIPlugin
2024-03-11 19:29:50,282 [INFO] IPUIPlugin:80 - create IPUIPlugin
2024-03-11 19:29:50,283 [INFO] IPUIPlugin:80 - create IPUIPlugin
2024-03-11 19:29:50,819 [INFO] CADModel:165 - CPN selected for project levelSTM32F103C8T6
2024-03-11 19:29:50,819 [INFO] CADModel:114 - Register for checkConnection events
2024-03-11 19:29:50,908 [INFO] OpenFileManager:343 - Restore cursor
2024-03-11 19:29:53,147 [INFO] UtilMem:75 - End SaveConfig() Used Memory: 629751968 Bytes (1040187392)
2024-03-11 19:29:53,223 [INFO] UtilMem:75 - End SaveConfig() Used Memory: 641642232 Bytes (1040187392)
2024-03-11 19:29:53,777 [INFO] BlockDiagram:2759 - set Specific Code input for plugin: NVIC
2024-03-11 19:29:53,778 [INFO] BlockDiagram:2759 - set Specific Code input for plugin: RCC
2024-03-11 19:29:53,779 [INFO] CodeGenerator:807 - code generatio: config db path: C:\ST\STM32CubeIDE_1.14.1\STM32CubeIDE\plugins\com.st.stm32cube.common.mx_6.10.0.202311202037\\db\
2024-03-11 19:29:54,269 [INFO] CodeEngine:255 - oldGeneratedFile, C:\Users\Maydoum\STM32CubeIDE\workspace_1.14.1\Autosar_Classic_DIO\MXTmpFiles\license.tmp_save
2024-03-11 19:29:54,975 [INFO] CodeEngine:279 - Generated code: C:\Users\Maydoum\STM32CubeIDE\workspace_1.14.1\Autosar_Classic_DIO\MXTmpFiles\license.tmp
2024-03-11 19:29:55,016 [INFO] CodeEngine:255 - oldGeneratedFile, C:\Users\Maydoum\STM32CubeIDE\workspace_1.14.1\Autosar_Classic_DIO\Core\Src\stm32f1xx_it.c_save
2024-03-11 19:29:55,304 [INFO] CodeEngine:279 - Generated code: C:\Users\Maydoum\STM32CubeIDE\workspace_1.14.1\Autosar_Classic_DIO\Core\Src\stm32f1xx_it.c
2024-03-11 19:29:55,318 [INFO] CodeEngine:255 - oldGeneratedFile, C:\Users\Maydoum\STM32CubeIDE\workspace_1.14.1\Autosar_Classic_DIO\Core\Inc\stm32f1xx_it.h_save
2024-03-11 19:29:55,470 [INFO] CodeEngine:279 - Generated code: C:\Users\Maydoum\STM32CubeIDE\workspace_1.14.1\Autosar_Classic_DIO\Core\Inc\stm32f1xx_it.h
2024-03-11 19:29:55,726 [INFO] CodeEngine:255 - oldGeneratedFile, C:\Users\Maydoum\STM32CubeIDE\workspace_1.14.1\Autosar_Classic_DIO\Core\Src\stm32f1xx_hal_msp.c_save
2024-03-11 19:29:55,962 [INFO] CodeEngine:279 - Generated code: C:\Users\Maydoum\STM32CubeIDE\workspace_1.14.1\Autosar_Classic_DIO\Core\Src\stm32f1xx_hal_msp.c
2024-03-11 19:29:55,978 [INFO] CodeEngine:255 - oldGeneratedFile, C:\Users\Maydoum\STM32CubeIDE\workspace_1.14.1\Autosar_Classic_DIO\MXTmpFiles\system.tmp_save
2024-03-11 19:29:56,087 [INFO] CodeEngine:279 - Generated code: C:\Users\Maydoum\STM32CubeIDE\workspace_1.14.1\Autosar_Classic_DIO\MXTmpFiles\system.tmp
2024-03-11 19:29:56,111 [INFO] CodeEngine:311 - oldGeneratedFile, C:\Users\Maydoum\STM32CubeIDE\workspace_1.14.1\Autosar_Classic_DIO\Core\Inc\stm32f1xx_hal_conf.h_save
2024-03-11 19:29:56,260 [INFO] CodeEngine:335 - Generated code: C:\Users\Maydoum\STM32CubeIDE\workspace_1.14.1\Autosar_Classic_DIO\Core\Inc\stm32f1xx_hal_conf.h
2024-03-11 19:29:56,324 [INFO] CodeEngine:255 - oldGeneratedFile, C:\Users\Maydoum\STM32CubeIDE\workspace_1.14.1\Autosar_Classic_DIO\Core\Inc\main.h_save
2024-03-11 19:29:56,520 [INFO] CodeEngine:279 - Generated code: C:\Users\Maydoum\STM32CubeIDE\workspace_1.14.1\Autosar_Classic_DIO\Core\Inc\main.h
2024-03-11 19:29:56,542 [INFO] CodeEngine:255 - oldGeneratedFile, C:\Users\Maydoum\STM32CubeIDE\workspace_1.14.1\Autosar_Classic_DIO\Core\Src\main.c_save
2024-03-11 19:29:56,769 [INFO] CodeEngine:279 - Generated code: C:\Users\Maydoum\STM32CubeIDE\workspace_1.14.1\Autosar_Classic_DIO\Core\Src\main.c
2024-03-11 19:29:57,613 [INFO] ProjectBuilder:3076 - Time for Copy HAL[1] : 164mS.
2024-03-11 19:29:57,622 [INFO] ProjectBuilder:4485 - Project Generator version: 4.2.0-B44
2024-03-11 19:29:58,048 [INFO] ConfigFileManager:1495 - The Die is : DIE410
2024-03-11 19:29:58,071 [INFO] ApiDbMcu:508 - Load IP Config File for FATFS
2024-03-11 19:29:58,093 [INFO] ApiDbMcu:508 - Load IP Config File for FREERTOS
2024-03-11 19:29:58,116 [INFO] ApiDbMcu:508 - Load IP Config File for USB_DEVICE
2024-03-11 19:29:59,506 [INFO] LogOutputStream:77 - [STDOUT_REDIRECT] 
2024-03-11 19:30:02,913 [INFO] ProjectBuilder:4747 - Time for Generating toolchain IDE Files: 5291mS.
2024-03-11 19:30:02,914 [INFO] ProjectBuilder:2947 - Time for Copy CMSIS : 0mS.
2024-03-11 19:30:02,917 [INFO] ProjectBuilder:2947 - Time for Copy CMSIS : 0mS.
2024-03-11 19:30:05,068 [INFO] McuFinderGlobals:76 - Set McuFinderConnectedMode to true
2024-03-11 19:30:05,072 [INFO] ApiDb:448 - Save user favorites file C:\Users\Maydoum/.stm32cubeide/favorites.mcus.txt: 0 item(s)
2024-03-11 19:30:05,072 [INFO] ApiDb:452 - User favorites MCUs=[]
