2024-02-05 16:32:45,011 [INFO] Activator:176 - 


2024-02-05 16:32:45,020 [INFO] Activator:177 - !SESSION log4j initialized
2024-02-05 16:32:59,341 [INFO] LogOutputStream:77 - [STDOUT_REDIRECT] 
2024-02-05 16:33:12,417 [INFO] ApplicationProperties:184 - Using Application install path: C:\ST\STM32CubeIDE_1.14.1\STM32CubeIDE\plugins\com.st.stm32cube.common.mx_6.10.0.202311202037
2024-02-05 16:33:12,450 [INFO] DbMcusXml:78 - Set database path to: C:\ST\STM32CubeIDE_1.14.1\STM32CubeIDE\plugins\com.st.stm32cube.common.mx_6.10.0.202311202037\\db\/mcu/
2024-02-05 16:33:12,452 [INFO] ApiDb:274 - Set plugin database path to: C:\ST\STM32CubeIDE_1.14.1\STM32CubeIDE\plugins\com.st.stm32cube.common.mx_6.10.0.202311202037\\db\/plugins/boardmanager/
2024-02-05 16:33:12,452 [WARN] ApiDb:259 - Overriding images path with different value:  => C:\ST\STM32CubeIDE_1.14.1\STM32CubeIDE\plugins\com.st.stm32cube.common.mx_6.10.0.202311202037\\db\/plugins/mcufinder/images/
2024-02-05 16:33:12,467 [INFO] ApiDb:250 - Set database path to: C:\Users\Maydoum\.stmcufinder\plugins\mcufinder//mcu/
2024-02-05 16:33:12,469 [INFO] DbMcusAds:125 - Set database path to: C:\Users\Maydoum\.stmcufinder\plugins\mcufinder//mcu/
2024-02-05 16:33:12,486 [INFO] CrossReferenceDbSqlite:203 - Set database path to: C:\Users\Maydoum\.stmcufinder\plugins\mcufinder//mcu/cs/
2024-02-05 16:33:12,723 [INFO] RulesReader:64 - Compatibility file has been processed (297 Rules)
2024-02-05 16:33:12,861 [INFO] DbMcusXml:78 - Set database path to: C:\ST\STM32CubeIDE_1.14.1\STM32CubeIDE\plugins\com.st.stm32cube.common.mx_6.10.0.202311202037\\db\/mcu/
2024-02-05 16:33:12,863 [INFO] ApiDb:274 - Set plugin database path to: C:\ST\STM32CubeIDE_1.14.1\STM32CubeIDE\plugins\com.st.stm32cube.common.mx_6.10.0.202311202037\\db\/plugins/boardmanager/
2024-02-05 16:33:12,863 [INFO] ApiDb:261 - Set plugin images path to: C:\ST\STM32CubeIDE_1.14.1\STM32CubeIDE\plugins\com.st.stm32cube.common.mx_6.10.0.202311202037\\db\/plugins/mcufinder/images/
2024-02-05 16:33:12,863 [WARN] DbFile:41 - Overriding database path with different value: C:\Users\Maydoum\.stmcufinder\plugins\mcufinder/ => C:\Users\Maydoum\.stmcufinder\plugins\mcufinder
2024-02-05 16:33:12,863 [INFO] ApiDb:250 - Set database path to: C:\Users\Maydoum\.stmcufinder\plugins\mcufinder//mcu/
2024-02-05 16:33:12,864 [WARN] DbFile:41 - Overriding database path with different value: C:\Users\Maydoum\.stmcufinder\plugins\mcufinder/ => C:\Users\Maydoum\.stmcufinder\plugins\mcufinder
2024-02-05 16:33:12,864 [INFO] DbMcusAds:125 - Set database path to: C:\Users\Maydoum\.stmcufinder\plugins\mcufinder//mcu/
2024-02-05 16:33:12,864 [WARN] DbFile:41 - Overriding database path with different value: C:\Users\Maydoum\.stmcufinder\plugins\mcufinder/ => C:\Users\Maydoum\.stmcufinder\plugins\mcufinder
2024-02-05 16:33:12,864 [WARN] DbFile:41 - Overriding database path with different value: C:\Users\Maydoum\.stmcufinder\plugins\mcufinder/ => C:\Users\Maydoum\.stmcufinder\plugins\mcufinder
2024-02-05 16:33:12,864 [INFO] CrossReferenceDbSqlite:203 - Set database path to: C:\Users\Maydoum\.stmcufinder\plugins\mcufinder//mcu/cs/
2024-02-05 16:33:12,991 [INFO] MainPanel:264 - HeapMemory: 564133888
2024-02-05 16:33:13,180 [INFO] DbMcusXml:78 - Set database path to: C:\ST\STM32CubeIDE_1.14.1\STM32CubeIDE\plugins\com.st.stm32cube.common.mx_6.10.0.202311202037\\db\/mcu/
2024-02-05 16:33:13,180 [INFO] ApiDb:274 - Set plugin database path to: C:\ST\STM32CubeIDE_1.14.1\STM32CubeIDE\plugins\com.st.stm32cube.common.mx_6.10.0.202311202037\\db\/plugins/boardmanager/
2024-02-05 16:33:13,180 [INFO] ApiDb:261 - Set plugin images path to: C:\ST\STM32CubeIDE_1.14.1\STM32CubeIDE\plugins\com.st.stm32cube.common.mx_6.10.0.202311202037\\db\/plugins/mcufinder/images/
2024-02-05 16:33:13,181 [WARN] DbFile:41 - Overriding database path with different value: C:\Users\Maydoum\.stmcufinder\plugins\mcufinder/ => C:\Users\Maydoum\.stmcufinder\plugins\mcufinder
2024-02-05 16:33:13,181 [INFO] ApiDb:250 - Set database path to: C:\Users\Maydoum\.stmcufinder\plugins\mcufinder//mcu/
2024-02-05 16:33:13,181 [WARN] DbFile:41 - Overriding database path with different value: C:\Users\Maydoum\.stmcufinder\plugins\mcufinder/ => C:\Users\Maydoum\.stmcufinder\plugins\mcufinder
2024-02-05 16:33:13,181 [INFO] DbMcusAds:125 - Set database path to: C:\Users\Maydoum\.stmcufinder\plugins\mcufinder//mcu/
2024-02-05 16:33:13,181 [WARN] DbFile:41 - Overriding database path with different value: C:\Users\Maydoum\.stmcufinder\plugins\mcufinder/ => C:\Users\Maydoum\.stmcufinder\plugins\mcufinder
2024-02-05 16:33:13,181 [WARN] DbFile:41 - Overriding database path with different value: C:\Users\Maydoum\.stmcufinder\plugins\mcufinder/ => C:\Users\Maydoum\.stmcufinder\plugins\mcufinder
2024-02-05 16:33:13,182 [INFO] CrossReferenceDbSqlite:203 - Set database path to: C:\Users\Maydoum\.stmcufinder\plugins\mcufinder//mcu/cs/
2024-02-05 16:33:13,210 [INFO] ApplicationProperties:184 - Using Application install path: C:\ST\STM32CubeIDE_1.14.1\STM32CubeIDE\plugins\com.st.stm32cube.common.mx_6.10.0.202311202037
2024-02-05 16:33:13,212 [INFO] PluginManage:196 - Search for loadable plugins [exclusion list=, ]
2024-02-05 16:33:13,214 [INFO] PluginManage:310 - Check plugin analytics
2024-02-05 16:33:13,687 [INFO] AnalyticsPlugin:253 - Accepted Software Licenses: 
2024-02-05 16:33:13,687 [INFO] AnalyticsPlugin:255 - Accepted CMSIS Pack Licenses: 
2024-02-05 16:33:13,687 [INFO] AnalyticsPlugin:257 - Accepted Firmware Licenses: 
2024-02-05 16:33:13,694 [INFO] PluginManage:359 - Loaded plugin analytics (category:tool,tabindex:-1)
2024-02-05 16:33:13,694 [INFO] PluginManage:310 - Check plugin cadmodel
2024-02-05 16:33:13,720 [INFO] CADModel:105 - Init CAD model plugin
2024-02-05 16:33:13,720 [INFO] PluginManage:359 - Loaded plugin cadmodel (category:power,tabindex:5)
2024-02-05 16:33:13,721 [INFO] PluginManage:310 - Check plugin clock
2024-02-05 16:33:13,784 [INFO] PluginManage:359 - Loaded plugin clock (category:base,tabindex:2)
2024-02-05 16:33:13,784 [INFO] PluginManage:310 - Check plugin ddr
2024-02-05 16:33:13,789 [INFO] PluginManage:359 - Loaded plugin ddr (category:tool,tabindex:6)
2024-02-05 16:33:13,789 [INFO] PluginManage:310 - Check plugin filemanager
2024-02-05 16:33:14,047 [INFO] PluginManage:359 - Loaded plugin filemanager (category:base,tabindex:10)
2024-02-05 16:33:14,047 [INFO] PluginManage:310 - Check plugin ipmanager
2024-02-05 16:33:14,062 [INFO] PluginManage:359 - Loaded plugin ipmanager (category:base,tabindex:5)
2024-02-05 16:33:14,062 [INFO] PluginManage:310 - Check plugin lpbam
2024-02-05 16:33:14,097 [INFO] PluginManage:359 - Loaded plugin lpbam (category:base,tabindex:0)
2024-02-05 16:33:14,097 [INFO] PluginManage:310 - Check plugin memorymap
2024-02-05 16:33:14,130 [INFO] PluginManage:359 - Loaded plugin memorymap (category:base,tabindex:4)
2024-02-05 16:33:14,130 [INFO] PluginManage:310 - Check plugin pinoutandconfiguration
2024-02-05 16:33:14,154 [INFO] PluginManage:359 - Loaded plugin pinoutandconfiguration (category:base,tabindex:1)
2024-02-05 16:33:14,154 [INFO] PluginManage:310 - Check plugin pinoutconfig
2024-02-05 16:33:14,328 [WARN] SupportedApi:132 - Cannot load RTOS API schema: s4s-elt-must-match.1: The content of 'definitions' must match (annotation?, (simpleType | complexType)?, (unique | key | keyref)*)). A problem was found starting at: attribute.
2024-02-05 16:33:14,727 [INFO] PluginManage:359 - Loaded plugin pinoutconfig (category:base,tabindex:0)
2024-02-05 16:33:14,727 [INFO] PluginManage:310 - Check plugin power
2024-02-05 16:33:14,760 [INFO] PluginManage:359 - Loaded plugin power (category:power,tabindex:4)
2024-02-05 16:33:14,760 [INFO] PluginManage:310 - Check plugin projectmanager
2024-02-05 16:33:14,813 [INFO] PluginManage:359 - Loaded plugin projectmanager (category:projectmanager,tabindex:3)
2024-02-05 16:33:14,813 [INFO] PluginManage:310 - Check plugin thirdparty
2024-02-05 16:33:15,404 [INFO] PluginManage:359 - Loaded plugin thirdparty (category:base,tabindex:-1)
2024-02-05 16:33:15,404 [WARN] IntegrityCheckThread:84 - waiting for thirdparty lock release [integrity check]
2024-02-05 16:33:15,404 [INFO] PluginManage:310 - Check plugin tools
2024-02-05 16:33:15,404 [INFO] IntegrityCheckThread:86 - entering critical section [integrity check]
2024-02-05 16:33:15,404 [INFO] ThirdPartyUpdaterWithRetryManager:70 - Updater plugin not ready yet. [1/15]
2024-02-05 16:33:15,452 [INFO] PluginManage:359 - Loaded plugin tools (category:base,tabindex:7)
2024-02-05 16:33:15,452 [INFO] PluginManage:310 - Check plugin tutovideos
2024-02-05 16:33:15,844 [INFO] PluginManage:359 - Loaded plugin tutovideos (category:base,tabindex:-1)
2024-02-05 16:33:15,844 [INFO] PluginManage:310 - Check plugin updater
2024-02-05 16:33:15,881 [INFO] PluginManage:359 - Loaded plugin updater (category:base,tabindex:12)
2024-02-05 16:33:15,881 [INFO] PluginManage:310 - Check plugin userauth
2024-02-05 16:33:15,896 [INFO] UserAuth:114 - Init User Auth plugin
2024-02-05 16:33:15,896 [INFO] PluginManage:359 - Loaded plugin userauth (category:base,tabindex:14)
2024-02-05 16:33:15,897 [INFO] PluginManage:283 - PluginManage : Loaded plugins [17]
2024-02-05 16:33:16,291 [INFO] PinOutPanel:1499 - setPackage(No Configuration,No Configuration)
2024-02-05 16:33:16,411 [INFO] CADModel:165 - CPN selected for project level
2024-02-05 16:33:16,411 [INFO] CADModel:114 - Register for checkConnection events
2024-02-05 16:33:16,445 [INFO] IPUIPlugin:80 - create IPUIPlugin
2024-02-05 16:33:16,445 [INFO] PluginManager:220 - loadIPPluginJar : add adc
2024-02-05 16:33:16,488 [INFO] IPUIPlugin:80 - create IPUIPlugin
2024-02-05 16:33:16,488 [INFO] PluginManager:220 - loadIPPluginJar : add aes
2024-02-05 16:33:16,526 [INFO] IPUIPlugin:80 - create IPUIPlugin
2024-02-05 16:33:16,526 [INFO] PluginManager:220 - loadIPPluginJar : add can
2024-02-05 16:33:16,546 [INFO] IPUIPlugin:80 - create IPUIPlugin
2024-02-05 16:33:16,546 [INFO] PluginManager:220 - loadIPPluginJar : add comp
2024-02-05 16:33:16,580 [INFO] IPUIPlugin:80 - create IPUIPlugin
2024-02-05 16:33:16,580 [INFO] PluginManager:220 - loadIPPluginJar : add cryp
2024-02-05 16:33:16,613 [INFO] IPUIPlugin:80 - create IPUIPlugin
2024-02-05 16:33:16,613 [INFO] PluginManager:220 - loadIPPluginJar : add dfsdm
2024-02-05 16:33:16,632 [INFO] IPUIPlugin:80 - create IPUIPlugin
2024-02-05 16:33:16,633 [INFO] PluginManager:220 - loadIPPluginJar : add dma
2024-02-05 16:33:16,678 [INFO] IPUIPlugin:80 - create IPUIPlugin
2024-02-05 16:33:16,679 [INFO] PluginManager:220 - loadIPPluginJar : add dma3
2024-02-05 16:33:16,703 [INFO] IPUIPlugin:80 - create IPUIPlugin
2024-02-05 16:33:16,703 [INFO] PluginManager:220 - loadIPPluginJar : add fatfs
2024-02-05 16:33:16,757 [INFO] IPUIPlugin:80 - create IPUIPlugin
2024-02-05 16:33:16,757 [INFO] PluginManager:220 - loadIPPluginJar : add fmc
2024-02-05 16:33:16,776 [INFO] IPUIPlugin:80 - create IPUIPlugin
2024-02-05 16:33:16,777 [INFO] PluginManager:220 - loadIPPluginJar : add freertos
2024-02-05 16:33:16,816 [INFO] IPUIPlugin:80 - create IPUIPlugin
2024-02-05 16:33:16,816 [INFO] PluginManager:220 - loadIPPluginJar : add genericplugin
2024-02-05 16:33:16,973 [INFO] IPUIPlugin:80 - create IPUIPlugin
2024-02-05 16:33:16,974 [INFO] PluginManager:220 - loadIPPluginJar : add gfxmmu
2024-02-05 16:33:17,176 [INFO] IPUIPlugin:80 - create IPUIPlugin
2024-02-05 16:33:17,176 [INFO] PluginManager:220 - loadIPPluginJar : add gic
2024-02-05 16:33:17,193 [INFO] IPUIPlugin:80 - create IPUIPlugin
2024-02-05 16:33:17,193 [INFO] PluginManager:220 - loadIPPluginJar : add gpio
2024-02-05 16:33:17,324 [INFO] IPUIPlugin:80 - create IPUIPlugin
2024-02-05 16:33:17,324 [INFO] PluginManager:220 - loadIPPluginJar : add gtzc
2024-02-05 16:33:17,356 [INFO] IPUIPlugin:80 - create IPUIPlugin
2024-02-05 16:33:17,356 [INFO] PluginManager:220 - loadIPPluginJar : add hash
2024-02-05 16:33:17,404 [INFO] IPUIPlugin:80 - create IPUIPlugin
2024-02-05 16:33:17,404 [INFO] PluginManager:220 - loadIPPluginJar : add i2c
2024-02-05 16:33:17,452 [INFO] IPUIPlugin:80 - create IPUIPlugin
2024-02-05 16:33:17,452 [INFO] PluginManager:220 - loadIPPluginJar : add i2s
2024-02-05 16:33:17,506 [INFO] IPUIPlugin:80 - create IPUIPlugin
2024-02-05 16:33:17,506 [INFO] PluginManager:220 - loadIPPluginJar : add i3c
2024-02-05 16:33:17,608 [INFO] IPUIPlugin:80 - create IPUIPlugin
2024-02-05 16:33:17,608 [INFO] PluginManager:220 - loadIPPluginJar : add ipddr
2024-02-05 16:33:17,743 [INFO] IPUIPlugin:80 - create IPUIPlugin
2024-02-05 16:33:17,744 [INFO] PluginManager:220 - loadIPPluginJar : add linkedlist
2024-02-05 16:33:17,785 [INFO] IPUIPlugin:80 - create IPUIPlugin
2024-02-05 16:33:17,785 [INFO] PluginManager:220 - loadIPPluginJar : add lorawan
2024-02-05 16:33:17,819 [INFO] IPUIPlugin:80 - create IPUIPlugin
2024-02-05 16:33:17,819 [INFO] PluginManager:220 - loadIPPluginJar : add ltdc
2024-02-05 16:33:17,832 [INFO] IPUIPlugin:80 - create IPUIPlugin
2024-02-05 16:33:17,832 [INFO] PluginManager:220 - loadIPPluginJar : add mdma
2024-02-05 16:33:17,845 [INFO] IPUIPlugin:80 - create IPUIPlugin
2024-02-05 16:33:17,845 [INFO] PluginManager:220 - loadIPPluginJar : add nvic
2024-02-05 16:33:17,882 [INFO] IPUIPlugin:80 - create IPUIPlugin
2024-02-05 16:33:17,882 [INFO] PluginManager:220 - loadIPPluginJar : add opamp
2024-02-05 16:33:17,935 [INFO] IPUIPlugin:80 - create IPUIPlugin
2024-02-05 16:33:17,936 [INFO] PluginManager:220 - loadIPPluginJar : add openamp
2024-02-05 16:33:17,992 [INFO] IPUIPlugin:80 - create IPUIPlugin
2024-02-05 16:33:17,992 [INFO] PluginManager:220 - loadIPPluginJar : add pdm2pcm
2024-02-05 16:33:18,011 [INFO] IPUIPlugin:80 - create IPUIPlugin
2024-02-05 16:33:18,016 [INFO] PluginManager:220 - loadIPPluginJar : add plateformsettings
2024-02-05 16:33:18,045 [INFO] IPUIPlugin:80 - create IPUIPlugin
2024-02-05 16:33:18,045 [INFO] PluginManager:220 - loadIPPluginJar : add quadspi
2024-02-05 16:33:18,059 [INFO] IPUIPlugin:80 - create IPUIPlugin
2024-02-05 16:33:18,059 [INFO] PluginManager:220 - loadIPPluginJar : add resmgrutility
2024-02-05 16:33:18,138 [INFO] IPUIPlugin:80 - create IPUIPlugin
2024-02-05 16:33:18,138 [INFO] PluginManager:220 - loadIPPluginJar : add sai
2024-02-05 16:33:18,195 [INFO] IPUIPlugin:80 - create IPUIPlugin
2024-02-05 16:33:18,195 [INFO] PluginManager:220 - loadIPPluginJar : add spi
2024-02-05 16:33:18,296 [INFO] IPUIPlugin:80 - create IPUIPlugin
2024-02-05 16:33:18,296 [INFO] PluginManager:220 - loadIPPluginJar : add stm32_wpan
2024-02-05 16:33:18,337 [INFO] IPUIPlugin:80 - create IPUIPlugin
2024-02-05 16:33:18,337 [INFO] PluginManager:220 - loadIPPluginJar : add tim
2024-02-05 16:33:18,408 [INFO] ThirdPartyUpdaterWithRetryManager:70 - Updater plugin not ready yet. [2/15]
2024-02-05 16:33:18,436 [INFO] IPUIPlugin:80 - create IPUIPlugin
2024-02-05 16:33:18,437 [INFO] PluginManager:220 - loadIPPluginJar : add touchsensing
2024-02-05 16:33:18,480 [INFO] IPUIPlugin:80 - create IPUIPlugin
2024-02-05 16:33:18,480 [INFO] PluginManager:220 - loadIPPluginJar : add tracer_emb
2024-02-05 16:33:18,517 [INFO] IPUIPlugin:80 - create IPUIPlugin
2024-02-05 16:33:18,518 [INFO] PluginManager:220 - loadIPPluginJar : add ts
2024-02-05 16:33:18,550 [INFO] IPUIPlugin:80 - create IPUIPlugin
2024-02-05 16:33:18,550 [INFO] PluginManager:220 - loadIPPluginJar : add tsc
2024-02-05 16:33:18,589 [INFO] IPUIPlugin:80 - create IPUIPlugin
2024-02-05 16:33:18,589 [INFO] PluginManager:220 - loadIPPluginJar : add ucpd
2024-02-05 16:33:18,664 [INFO] IPUIPlugin:80 - create IPUIPlugin
2024-02-05 16:33:18,664 [INFO] PluginManager:220 - loadIPPluginJar : add usart
2024-02-05 16:33:18,739 [INFO] IPUIPlugin:80 - create IPUIPlugin
2024-02-05 16:33:18,739 [INFO] PluginManager:220 - loadIPPluginJar : add usbx
2024-02-05 16:33:18,941 [INFO] CADModel:165 - CPN selected for project level
2024-02-05 16:33:18,942 [INFO] CADModel:114 - Register for checkConnection events
2024-02-05 16:33:18,943 [FATAL] Updater:308 - Updater called before beeing initialized
2024-02-05 16:33:18,943 [ERROR] CADModel:125 - Updater not yet initialized, retry later 
2024-02-05 16:33:19,245 [INFO] CADModel:165 - CPN selected for project level
2024-02-05 16:33:19,245 [INFO] CADModel:114 - Register for checkConnection events
2024-02-05 16:33:19,245 [FATAL] Updater:308 - Updater called before beeing initialized
2024-02-05 16:33:19,245 [ERROR] CADModel:125 - Updater not yet initialized, retry later 
2024-02-05 16:33:19,249 [FATAL] Updater:308 - Updater called before beeing initialized
2024-02-05 16:33:19,406 [FATAL] Updater:308 - Updater called before beeing initialized
2024-02-05 16:33:19,417 [INFO] DbMcusAds:53 - JSON generation date=Wed Nov 29 12:52:27 EET 2023 (1701255147200)
2024-02-05 16:33:19,418 [FATAL] Updater:308 - Updater called before beeing initialized
2024-02-05 16:33:19,511 [WARN] DetailPanel:346 - Failed to get advertising image, set to default
2024-02-05 16:33:19,621 [FATAL] Updater:308 - Updater called before beeing initialized
2024-02-05 16:33:19,623 [FATAL] Updater:308 - Updater called before beeing initialized
2024-02-05 16:33:19,624 [FATAL] Updater:308 - Updater called before beeing initialized
2024-02-05 16:33:19,624 [WARN] DetailPanel:346 - Failed to get advertising image, set to default
2024-02-05 16:33:19,624 [FATAL] Updater:308 - Updater called before beeing initialized
2024-02-05 16:33:19,731 [ERROR] Updater:1120 - MainUpdater not yet initialized. External WinMGr cannot be set.
2024-02-05 16:33:19,742 [INFO] Updater:1056 - Updater Version found : 6.10.0
2024-02-05 16:33:19,765 [INFO] ApplicationProperties:184 - Using Application install path: C:\ST\STM32CubeIDE_1.14.1\STM32CubeIDE\plugins\com.st.stm32cube.common.mx_6.10.0.202311202037
2024-02-05 16:33:21,346 [ERROR] LogOutputStream:75 - [STDERR_REDIRECT] Feb 05, 2024 4:33:21 PM java.util.prefs.WindowsPreferences <init>
2024-02-05 16:33:21,347 [ERROR] LogOutputStream:75 - [STDERR_REDIRECT] WARNING: Could not open/create prefs root node Software\JavaSoft\Prefs at root 0xffffffff80000002. Windows RegCreateKeyEx(...) returned error code 5.
2024-02-05 16:33:21,349 [ERROR] LogOutputStream:75 - [STDERR_REDIRECT] 
2024-02-05 16:33:21,412 [INFO] ThirdPartyUpdaterWithRetryManager:70 - Updater plugin not ready yet. [3/15]
2024-02-05 16:33:22,045 [INFO] MainUpdater:2873 - connection check result : 10
2024-02-05 16:33:22,046 [INFO] MainUpdater:290 - Updater Check For Update Now.
2024-02-05 16:33:22,047 [INFO] MicroXplorer:498 - Change Database Version : DB.6.0.100
2024-02-05 16:33:22,086 [INFO] McuFinderGlobals:63 - Set McuFinder mode to 2 (CubeIDE integrated)
2024-02-05 16:33:22,300 [INFO] CheckServerUpdateThread:120 - End of CheckServer Thread
2024-02-05 16:33:22,546 [INFO] UserAuth:404 - Internet connection configuration mode: 1
2024-02-05 16:33:22,572 [INFO] JxBrowserEngine:152 - Initiate JxBrowser Engine with user profile folder
2024-02-05 16:33:24,666 [WARN] PackLoader:240 - Cannot read IP mode file for STMicroelectronics.X-CUBE-SMBUS.2.1.0
2024-02-05 16:33:24,689 [WARN] PackLoader:240 - Cannot read IP mode file for STMicroelectronics.X-CUBE-TOUCHGFX.4.23.0
2024-02-05 16:33:24,757 [WARN] PackLoader:240 - Cannot read IP mode file for STMicroelectronics.X-CUBE-AZRTOS-F7.1.1.0
2024-02-05 16:33:24,786 [WARN] PackLoader:240 - Cannot read IP mode file for STMicroelectronics.FP-SNS-MOTENV1.4.3.2
2024-02-05 16:33:24,809 [WARN] PackLoader:240 - Cannot read IP mode file for STMicroelectronics.FP-SNS-FLIGHT1.5.0.2
2024-02-05 16:33:24,837 [WARN] PackLoader:240 - Cannot read IP mode file for STMicroelectronics.X-CUBE-DISPLAY.3.0.0
2024-02-05 16:33:24,860 [WARN] PackLoader:240 - Cannot read IP mode file for STMicroelectronics.X-CUBE-BLE1.7.0.0
2024-02-05 16:33:24,883 [WARN] PackLoader:240 - Cannot read IP mode file for emotas.I-CUBE-CANOPEN.1.3.0
2024-02-05 16:33:24,901 [WARN] PackLoader:240 - Cannot read IP mode file for STMicroelectronics.FP-SNS-SMARTAG2.1.2.0
2024-02-05 16:33:24,934 [INFO] LogOutputStream:77 - [STDOUT_REDIRECT] 1 : Invalid condition id : UX_CORESTACK_Condition cause : null
2024-02-05 16:33:24,935 [INFO] LogOutputStream:77 - [STDOUT_REDIRECT] 1 : Invalid condition id : UX_CORESTACK_Condition cause : null
2024-02-05 16:33:24,938 [INFO] LogOutputStream:77 - [STDOUT_REDIRECT] 1 : Invalid condition id : UX_CORESTACK_Condition cause : null
2024-02-05 16:33:24,941 [INFO] LogOutputStream:77 - [STDOUT_REDIRECT] 1 : Invalid condition id : UX_CORESTACK_Condition cause : null
2024-02-05 16:33:24,943 [INFO] LogOutputStream:77 - [STDOUT_REDIRECT] 1 : Invalid condition id : UX_CORESTACK_Condition cause : null
2024-02-05 16:33:24,950 [WARN] PackLoader:240 - Cannot read IP mode file for STMicroelectronics.X-CUBE-AZRTOS-WL.2.0.0
2024-02-05 16:33:24,971 [WARN] PackLoader:240 - Cannot read IP mode file for WES.I-CUBE-Cesium.1.3.0
2024-02-05 16:33:24,988 [WARN] PackLoader:240 - Cannot read IP mode file for STMicroelectronics.X-CUBE-BLE2.3.3.0
2024-02-05 16:33:25,005 [WARN] PackLoader:240 - Cannot read IP mode file for STMicroelectronics.X-CUBE-ALGOBUILD.1.3.0
2024-02-05 16:33:25,049 [WARN] PackLoader:240 - Cannot read IP mode file for STMicroelectronics.X-CUBE-AZRTOS-G0.1.1.0
2024-02-05 16:33:25,070 [WARN] PackLoader:240 - Cannot read IP mode file for STMicroelectronics.X-CUBE-NFC4.3.0.0
2024-02-05 16:33:25,097 [WARN] PackLoader:240 - Cannot read IP mode file for STMicroelectronics.X-CUBE-BLEMGR.3.0.0
2024-02-05 16:33:25,115 [WARN] PackLoader:240 - Cannot read IP mode file for STMicroelectronics.FP-ATR-SIGFOX1.3.2.0
2024-02-05 16:33:25,136 [WARN] PackLoader:240 - Cannot read IP mode file for STMicroelectronics.X-CUBE-EEPRMA1.5.1.0
2024-02-05 16:33:25,199 [WARN] PackLoader:240 - Cannot read IP mode file for SEGGER.I-CUBE-embOS.1.3.1
2024-02-05 16:33:25,263 [WARN] PackLoader:240 - Cannot read IP mode file for STMicroelectronics.X-CUBE-GNSS1.6.0.0
2024-02-05 16:33:25,301 [WARN] PackLoader:240 - Cannot read IP mode file for STMicroelectronics.X-CUBE-AZRTOS-F4.1.1.0
2024-02-05 16:33:25,322 [WARN] PackLoader:240 - Cannot read IP mode file for wolfSSL.I-CUBE-wolfSSL.5.6.6
2024-02-05 16:33:25,360 [WARN] PackLoader:240 - Cannot read IP mode file for STMicroelectronics.X-CUBE-AZRTOS-L5.2.0.0
2024-02-05 16:33:25,378 [WARN] PackLoader:240 - Cannot read IP mode file for ITTIA_DB.I-CUBE-ITTIADB.8.8.0
2024-02-05 16:33:25,394 [WARN] PackLoader:240 - Cannot read IP mode file for STMicroelectronics.X-CUBE-NFC7.1.0.1
2024-02-05 16:33:25,414 [WARN] PackLoader:240 - Cannot read IP mode file for STMicroelectronics.X-CUBE-NFC6.3.0.0
2024-02-05 16:33:25,435 [WARN] PackLoader:240 - Cannot read IP mode file for STMicroelectronics.X-CUBE-AI.8.1.0
2024-02-05 16:33:25,472 [WARN] ConditionMgr:438 - getConditionDescription Invalid condition id : LAN8742 Phy interface Condition cause : null
2024-02-05 16:33:25,473 [WARN] PackLoader:240 - Cannot read IP mode file for STMicroelectronics.X-CUBE-AZRTOS-L4.2.0.0
2024-02-05 16:33:25,475 [WARN] ConditionMgr:1039 - genDependencies : Invalid condition id : LAN8742 Phy interface Condition cause : null
2024-02-05 16:33:25,475 [WARN] ConditionMgr:1039 - genDependencies : Invalid condition id : LAN8742 Phy interface Condition cause : null
2024-02-05 16:33:25,475 [WARN] ConditionMgr:1039 - genDependencies : Invalid condition id : LAN8742 Phy interface Condition cause : null
2024-02-05 16:33:25,494 [WARN] PackLoader:240 - Cannot read IP mode file for STMicroelectronics.X-CUBE-SFXS2LP1.4.0.0
2024-02-05 16:33:25,522 [WARN] ConditionMgr:438 - getConditionDescription Invalid condition id : UX DEVICE CLASS RTOS Condition cause : null
2024-02-05 16:33:25,522 [WARN] ConditionMgr:438 - getConditionDescription Invalid condition id : UX DEVICE CLASS RTOS Condition cause : null
2024-02-05 16:33:25,525 [WARN] PackLoader:240 - Cannot read IP mode file for STMicroelectronics.X-CUBE-AZRTOS-WB.2.0.0
2024-02-05 16:33:25,526 [WARN] ConditionMgr:1039 - genDependencies : Invalid condition id : UX DEVICE CLASS RTOS Condition cause : null
2024-02-05 16:33:25,526 [WARN] ConditionMgr:1039 - genDependencies : Invalid condition id : UX DEVICE CLASS RTOS Condition cause : null
2024-02-05 16:33:25,527 [WARN] ConditionMgr:1039 - genDependencies : Invalid condition id : UX DEVICE CLASS RTOS Condition cause : null
2024-02-05 16:33:25,527 [WARN] ConditionMgr:1039 - genDependencies : Invalid condition id : UX DEVICE CLASS RTOS Condition cause : null
2024-02-05 16:33:25,527 [WARN] ConditionMgr:1039 - genDependencies : Invalid condition id : UX DEVICE CLASS RTOS Condition cause : null
2024-02-05 16:33:25,556 [WARN] PackLoader:240 - Cannot read IP mode file for STMicroelectronics.X-CUBE-SUBG2.5.0.0
2024-02-05 16:33:25,596 [WARN] PackLoader:240 - Cannot read IP mode file for STMicroelectronics.X-CUBE-AZRTOS-G4.2.0.0
2024-02-05 16:33:25,624 [WARN] PackLoader:240 - Cannot read IP mode file for Infineon.AIROC-Wi-Fi-Bluetooth-STM32.1.5.1
2024-02-05 16:33:25,660 [WARN] PackLoader:240 - Cannot read IP mode file for STMicroelectronics.FP-SNS-MOTENVWB1.1.3.1
2024-02-05 16:33:25,674 [WARN] PackLoader:240 - Cannot read IP mode file for STMicroelectronics.X-CUBE-ISPU.2.0.0
2024-02-05 16:33:25,737 [WARN] PackLoader:240 - Cannot read IP mode file for STMicroelectronics.X-CUBE-MEMS1.10.0.0
2024-02-05 16:33:25,868 [WARN] PackLoader:240 - Cannot read IP mode file for STMicroelectronics.X-CUBE-FREERTOS.1.1.0
2024-02-05 16:33:25,887 [WARN] PackLoader:240 - Cannot read IP mode file for portGmbH.I-Cube-SoM-uGOAL.1.1.0
2024-02-05 16:33:25,903 [WARN] PackLoader:240 - Cannot read IP mode file for STMicroelectronics.X-CUBE-ALS.1.0.1
2024-02-05 16:33:25,920 [WARN] PackLoader:240 - Cannot read IP mode file for STMicroelectronics.FP-ATR-ASTRA1.2.0.0
2024-02-05 16:33:25,948 [WARN] PackLoader:240 - Cannot read IP mode file for STMicroelectronics.X-CUBE-TOF1.3.4.0
2024-02-05 16:33:26,003 [WARN] PackLoader:240 - Cannot read IP mode file for STMicroelectronics.X-CUBE-AZRTOS-H7.3.2.0
2024-02-05 16:33:26,007 [INFO] ThirdParty:978 - Integrity check success = true
2024-02-05 16:33:26,007 [INFO] IntegrityCheckThread:100 - exiting critical section [integrity check]
2024-02-05 16:33:26,007 [INFO] IntegrityCheckThread:103 - End integrity checks thread
2024-02-05 16:33:26,828 [INFO] WebApp:161 - Instantiating new browser for Auth
2024-02-05 16:33:27,584 [INFO] WebApp:780 - Register for checkConnection events
2024-02-05 16:33:27,584 [INFO] WebApp:414 - Apply proxy settings
2024-02-05 16:33:27,585 [INFO] WebApp:499 - Chromium requires no authentication
2024-02-05 16:33:27,597 [INFO] WebApp:442 - Direct internet connection detected
2024-02-05 16:33:27,854 [INFO] WebApp:192 - Starting web application
2024-02-05 16:33:27,855 [INFO] WebApp:544 - Web application path used C:\ST\STM32CubeIDE_1.14.1\STM32CubeIDE\plugins\com.st.stm32cube.common.mx_6.10.0.202311202037\db\plugins\mcufinder\reactClient1\index.html
2024-02-05 16:33:49,090 [ERROR] LogOutputStream:75 - [STDERR_REDIRECT] SLF4J: Failed to load class "org.slf4j.impl.StaticLoggerBinder".
2024-02-05 16:33:49,092 [ERROR] LogOutputStream:75 - [STDERR_REDIRECT] SLF4J: Defaulting to no-operation (NOP) logger implementation
2024-02-05 16:33:49,093 [ERROR] LogOutputStream:75 - [STDERR_REDIRECT] SLF4J: See http://www.slf4j.org/codes.html#StaticLoggerBinder for further details.
2024-02-05 22:00:19,031 [ERROR] LogOutputStream:75 - [STDERR_REDIRECT] 
2024-02-05 22:00:19,032 [ERROR] LogOutputStream:75 - [STDERR_REDIRECT] 
