2024-06-01 11:14:53,447 [INFO] Activator:176 - 


2024-06-01 11:14:53,453 [INFO] Activator:177 - !SESSION log4j initialized
2024-06-01 11:15:02,153 [INFO] LogOutputStream:77 - [STDOUT_REDIRECT] 
2024-06-01 11:15:22,176 [INFO] ApplicationProperties:184 - Using Application install path: C:\ST\STM32CubeIDE_1.14.1\STM32CubeIDE\plugins\com.st.stm32cube.common.mx_6.10.0.202311202037
2024-06-01 11:15:22,199 [INFO] DbMcusXml:78 - Set database path to: C:\ST\STM32CubeIDE_1.14.1\STM32CubeIDE\plugins\com.st.stm32cube.common.mx_6.10.0.202311202037\\db\/mcu/
2024-06-01 11:15:22,200 [INFO] ApiDb:274 - Set plugin database path to: C:\ST\STM32CubeIDE_1.14.1\STM32CubeIDE\plugins\com.st.stm32cube.common.mx_6.10.0.202311202037\\db\/plugins/boardmanager/
2024-06-01 11:15:22,200 [WARN] ApiDb:259 - Overriding images path with different value:  => C:\ST\STM32CubeIDE_1.14.1\STM32CubeIDE\plugins\com.st.stm32cube.common.mx_6.10.0.202311202037\\db\/plugins/mcufinder/images/
2024-06-01 11:15:22,215 [INFO] ApiDb:250 - Set database path to: C:\Users\Maydoum\.stmcufinder\plugins\mcufinder//mcu/
2024-06-01 11:15:22,218 [INFO] DbMcusAds:125 - Set database path to: C:\Users\Maydoum\.stmcufinder\plugins\mcufinder//mcu/
2024-06-01 11:15:22,238 [INFO] CrossReferenceDbSqlite:203 - Set database path to: C:\Users\Maydoum\.stmcufinder\plugins\mcufinder//mcu/cs/
2024-06-01 11:15:22,454 [INFO] RulesReader:64 - Compatibility file has been processed (297 Rules)
2024-06-01 11:15:22,591 [INFO] DbMcusXml:78 - Set database path to: C:\ST\STM32CubeIDE_1.14.1\STM32CubeIDE\plugins\com.st.stm32cube.common.mx_6.10.0.202311202037\\db\/mcu/
2024-06-01 11:15:22,591 [INFO] ApiDb:274 - Set plugin database path to: C:\ST\STM32CubeIDE_1.14.1\STM32CubeIDE\plugins\com.st.stm32cube.common.mx_6.10.0.202311202037\\db\/plugins/boardmanager/
2024-06-01 11:15:22,591 [INFO] ApiDb:261 - Set plugin images path to: C:\ST\STM32CubeIDE_1.14.1\STM32CubeIDE\plugins\com.st.stm32cube.common.mx_6.10.0.202311202037\\db\/plugins/mcufinder/images/
2024-06-01 11:15:22,591 [WARN] DbFile:41 - Overriding database path with different value: C:\Users\Maydoum\.stmcufinder\plugins\mcufinder/ => C:\Users\Maydoum\.stmcufinder\plugins\mcufinder
2024-06-01 11:15:22,591 [INFO] ApiDb:250 - Set database path to: C:\Users\Maydoum\.stmcufinder\plugins\mcufinder//mcu/
2024-06-01 11:15:22,591 [WARN] DbFile:41 - Overriding database path with different value: C:\Users\Maydoum\.stmcufinder\plugins\mcufinder/ => C:\Users\Maydoum\.stmcufinder\plugins\mcufinder
2024-06-01 11:15:22,593 [INFO] DbMcusAds:125 - Set database path to: C:\Users\Maydoum\.stmcufinder\plugins\mcufinder//mcu/
2024-06-01 11:15:22,593 [WARN] DbFile:41 - Overriding database path with different value: C:\Users\Maydoum\.stmcufinder\plugins\mcufinder/ => C:\Users\Maydoum\.stmcufinder\plugins\mcufinder
2024-06-01 11:15:22,593 [WARN] DbFile:41 - Overriding database path with different value: C:\Users\Maydoum\.stmcufinder\plugins\mcufinder/ => C:\Users\Maydoum\.stmcufinder\plugins\mcufinder
2024-06-01 11:15:22,593 [INFO] CrossReferenceDbSqlite:203 - Set database path to: C:\Users\Maydoum\.stmcufinder\plugins\mcufinder//mcu/cs/
2024-06-01 11:15:22,748 [INFO] MainPanel:264 - HeapMemory: 268435456
2024-06-01 11:15:22,883 [INFO] DbMcusXml:78 - Set database path to: C:\ST\STM32CubeIDE_1.14.1\STM32CubeIDE\plugins\com.st.stm32cube.common.mx_6.10.0.202311202037\\db\/mcu/
2024-06-01 11:15:22,883 [INFO] ApiDb:274 - Set plugin database path to: C:\ST\STM32CubeIDE_1.14.1\STM32CubeIDE\plugins\com.st.stm32cube.common.mx_6.10.0.202311202037\\db\/plugins/boardmanager/
2024-06-01 11:15:22,883 [INFO] ApiDb:261 - Set plugin images path to: C:\ST\STM32CubeIDE_1.14.1\STM32CubeIDE\plugins\com.st.stm32cube.common.mx_6.10.0.202311202037\\db\/plugins/mcufinder/images/
2024-06-01 11:15:22,883 [WARN] DbFile:41 - Overriding database path with different value: C:\Users\Maydoum\.stmcufinder\plugins\mcufinder/ => C:\Users\Maydoum\.stmcufinder\plugins\mcufinder
2024-06-01 11:15:22,884 [INFO] ApiDb:250 - Set database path to: C:\Users\Maydoum\.stmcufinder\plugins\mcufinder//mcu/
2024-06-01 11:15:22,884 [WARN] DbFile:41 - Overriding database path with different value: C:\Users\Maydoum\.stmcufinder\plugins\mcufinder/ => C:\Users\Maydoum\.stmcufinder\plugins\mcufinder
2024-06-01 11:15:22,884 [INFO] DbMcusAds:125 - Set database path to: C:\Users\Maydoum\.stmcufinder\plugins\mcufinder//mcu/
2024-06-01 11:15:22,884 [WARN] DbFile:41 - Overriding database path with different value: C:\Users\Maydoum\.stmcufinder\plugins\mcufinder/ => C:\Users\Maydoum\.stmcufinder\plugins\mcufinder
2024-06-01 11:15:22,884 [WARN] DbFile:41 - Overriding database path with different value: C:\Users\Maydoum\.stmcufinder\plugins\mcufinder/ => C:\Users\Maydoum\.stmcufinder\plugins\mcufinder
2024-06-01 11:15:22,884 [INFO] CrossReferenceDbSqlite:203 - Set database path to: C:\Users\Maydoum\.stmcufinder\plugins\mcufinder//mcu/cs/
2024-06-01 11:15:22,915 [INFO] ApplicationProperties:184 - Using Application install path: C:\ST\STM32CubeIDE_1.14.1\STM32CubeIDE\plugins\com.st.stm32cube.common.mx_6.10.0.202311202037
2024-06-01 11:15:22,918 [INFO] PluginManage:196 - Search for loadable plugins [exclusion list=, ]
2024-06-01 11:15:22,921 [INFO] PluginManage:310 - Check plugin analytics
2024-06-01 11:15:28,124 [INFO] AnalyticsPlugin:253 - Accepted Software Licenses: 
2024-06-01 11:15:28,124 [INFO] AnalyticsPlugin:255 - Accepted CMSIS Pack Licenses: 
2024-06-01 11:15:28,125 [INFO] AnalyticsPlugin:257 - Accepted Firmware Licenses: 
2024-06-01 11:15:28,133 [INFO] PluginManage:359 - Loaded plugin analytics (category:tool,tabindex:-1)
2024-06-01 11:15:28,134 [INFO] PluginManage:310 - Check plugin cadmodel
2024-06-01 11:15:28,143 [INFO] CADModel:105 - Init CAD model plugin
2024-06-01 11:15:28,144 [INFO] PluginManage:359 - Loaded plugin cadmodel (category:power,tabindex:5)
2024-06-01 11:15:28,144 [INFO] PluginManage:310 - Check plugin clock
2024-06-01 11:15:28,161 [INFO] PluginManage:359 - Loaded plugin clock (category:base,tabindex:2)
2024-06-01 11:15:28,162 [INFO] PluginManage:310 - Check plugin ddr
2024-06-01 11:15:28,165 [INFO] PluginManage:359 - Loaded plugin ddr (category:tool,tabindex:6)
2024-06-01 11:15:28,166 [INFO] PluginManage:310 - Check plugin filemanager
2024-06-01 11:15:28,357 [INFO] PluginManage:359 - Loaded plugin filemanager (category:base,tabindex:10)
2024-06-01 11:15:28,357 [INFO] PluginManage:310 - Check plugin ipmanager
2024-06-01 11:15:28,366 [INFO] PluginManage:359 - Loaded plugin ipmanager (category:base,tabindex:5)
2024-06-01 11:15:28,366 [INFO] PluginManage:310 - Check plugin lpbam
2024-06-01 11:15:28,374 [INFO] PluginManage:359 - Loaded plugin lpbam (category:base,tabindex:0)
2024-06-01 11:15:28,374 [INFO] PluginManage:310 - Check plugin memorymap
2024-06-01 11:15:28,397 [INFO] PluginManage:359 - Loaded plugin memorymap (category:base,tabindex:4)
2024-06-01 11:15:28,397 [INFO] PluginManage:310 - Check plugin pinoutandconfiguration
2024-06-01 11:15:28,410 [INFO] PluginManage:359 - Loaded plugin pinoutandconfiguration (category:base,tabindex:1)
2024-06-01 11:15:28,410 [INFO] PluginManage:310 - Check plugin pinoutconfig
2024-06-01 11:15:28,531 [WARN] SupportedApi:132 - Cannot load RTOS API schema: s4s-elt-must-match.1: The content of 'definitions' must match (annotation?, (simpleType | complexType)?, (unique | key | keyref)*)). A problem was found starting at: attribute.
2024-06-01 11:15:28,734 [INFO] PluginManage:359 - Loaded plugin pinoutconfig (category:base,tabindex:0)
2024-06-01 11:15:28,734 [INFO] PluginManage:310 - Check plugin power
2024-06-01 11:15:28,757 [INFO] PluginManage:359 - Loaded plugin power (category:power,tabindex:4)
2024-06-01 11:15:28,757 [INFO] PluginManage:310 - Check plugin projectmanager
2024-06-01 11:15:28,792 [INFO] PluginManage:359 - Loaded plugin projectmanager (category:projectmanager,tabindex:3)
2024-06-01 11:15:28,792 [INFO] PluginManage:310 - Check plugin thirdparty
2024-06-01 11:15:29,017 [WARN] IntegrityCheckThread:84 - waiting for thirdparty lock release [integrity check]
2024-06-01 11:15:29,017 [INFO] IntegrityCheckThread:86 - entering critical section [integrity check]
2024-06-01 11:15:29,018 [INFO] PluginManage:359 - Loaded plugin thirdparty (category:base,tabindex:-1)
2024-06-01 11:15:29,018 [INFO] ThirdPartyUpdaterWithRetryManager:70 - Updater plugin not ready yet. [1/15]
2024-06-01 11:15:29,019 [INFO] PluginManage:310 - Check plugin tools
2024-06-01 11:15:29,023 [INFO] PluginManage:359 - Loaded plugin tools (category:base,tabindex:7)
2024-06-01 11:15:29,024 [INFO] PluginManage:310 - Check plugin tutovideos
2024-06-01 11:15:29,224 [INFO] PluginManage:359 - Loaded plugin tutovideos (category:base,tabindex:-1)
2024-06-01 11:15:29,224 [INFO] PluginManage:310 - Check plugin updater
2024-06-01 11:15:29,242 [INFO] PluginManage:359 - Loaded plugin updater (category:base,tabindex:12)
2024-06-01 11:15:29,243 [INFO] PluginManage:310 - Check plugin userauth
2024-06-01 11:15:29,248 [INFO] UserAuth:114 - Init User Auth plugin
2024-06-01 11:15:29,248 [INFO] PluginManage:359 - Loaded plugin userauth (category:base,tabindex:14)
2024-06-01 11:15:29,249 [INFO] PluginManage:283 - PluginManage : Loaded plugins [17]
2024-06-01 11:15:29,544 [INFO] PinOutPanel:1499 - setPackage(No Configuration,No Configuration)
2024-06-01 11:15:29,620 [INFO] CADModel:165 - CPN selected for project level
2024-06-01 11:15:29,620 [INFO] CADModel:114 - Register for checkConnection events
2024-06-01 11:15:29,637 [INFO] IPUIPlugin:80 - create IPUIPlugin
2024-06-01 11:15:29,637 [INFO] PluginManager:220 - loadIPPluginJar : add adc
2024-06-01 11:15:29,639 [INFO] IPUIPlugin:80 - create IPUIPlugin
2024-06-01 11:15:29,640 [INFO] PluginManager:220 - loadIPPluginJar : add aes
2024-06-01 11:15:29,642 [INFO] IPUIPlugin:80 - create IPUIPlugin
2024-06-01 11:15:29,642 [INFO] PluginManager:220 - loadIPPluginJar : add can
2024-06-01 11:15:29,643 [INFO] IPUIPlugin:80 - create IPUIPlugin
2024-06-01 11:15:29,644 [INFO] PluginManager:220 - loadIPPluginJar : add comp
2024-06-01 11:15:29,647 [INFO] IPUIPlugin:80 - create IPUIPlugin
2024-06-01 11:15:29,647 [INFO] PluginManager:220 - loadIPPluginJar : add cryp
2024-06-01 11:15:29,649 [INFO] IPUIPlugin:80 - create IPUIPlugin
2024-06-01 11:15:29,649 [INFO] PluginManager:220 - loadIPPluginJar : add dfsdm
2024-06-01 11:15:29,654 [INFO] IPUIPlugin:80 - create IPUIPlugin
2024-06-01 11:15:29,655 [INFO] PluginManager:220 - loadIPPluginJar : add dma
2024-06-01 11:15:29,657 [INFO] IPUIPlugin:80 - create IPUIPlugin
2024-06-01 11:15:29,657 [INFO] PluginManager:220 - loadIPPluginJar : add dma3
2024-06-01 11:15:29,659 [INFO] IPUIPlugin:80 - create IPUIPlugin
2024-06-01 11:15:29,659 [INFO] PluginManager:220 - loadIPPluginJar : add fatfs
2024-06-01 11:15:29,662 [INFO] IPUIPlugin:80 - create IPUIPlugin
2024-06-01 11:15:29,663 [INFO] PluginManager:220 - loadIPPluginJar : add fmc
2024-06-01 11:15:29,669 [INFO] IPUIPlugin:80 - create IPUIPlugin
2024-06-01 11:15:29,670 [INFO] PluginManager:220 - loadIPPluginJar : add freertos
2024-06-01 11:15:29,671 [INFO] IPUIPlugin:80 - create IPUIPlugin
2024-06-01 11:15:29,671 [INFO] PluginManager:220 - loadIPPluginJar : add genericplugin
2024-06-01 11:15:29,674 [INFO] IPUIPlugin:80 - create IPUIPlugin
2024-06-01 11:15:29,674 [INFO] PluginManager:220 - loadIPPluginJar : add gfxmmu
2024-06-01 11:15:29,678 [INFO] IPUIPlugin:80 - create IPUIPlugin
2024-06-01 11:15:29,679 [INFO] PluginManager:220 - loadIPPluginJar : add gic
2024-06-01 11:15:29,684 [INFO] IPUIPlugin:80 - create IPUIPlugin
2024-06-01 11:15:29,684 [INFO] PluginManager:220 - loadIPPluginJar : add gpio
2024-06-01 11:15:29,687 [INFO] IPUIPlugin:80 - create IPUIPlugin
2024-06-01 11:15:29,687 [INFO] PluginManager:220 - loadIPPluginJar : add gtzc
2024-06-01 11:15:29,689 [INFO] IPUIPlugin:80 - create IPUIPlugin
2024-06-01 11:15:29,690 [INFO] PluginManager:220 - loadIPPluginJar : add hash
2024-06-01 11:15:29,694 [INFO] IPUIPlugin:80 - create IPUIPlugin
2024-06-01 11:15:29,694 [INFO] PluginManager:220 - loadIPPluginJar : add i2c
2024-06-01 11:15:29,698 [INFO] IPUIPlugin:80 - create IPUIPlugin
2024-06-01 11:15:29,698 [INFO] PluginManager:220 - loadIPPluginJar : add i2s
2024-06-01 11:15:29,700 [INFO] IPUIPlugin:80 - create IPUIPlugin
2024-06-01 11:15:29,701 [INFO] PluginManager:220 - loadIPPluginJar : add i3c
2024-06-01 11:15:29,704 [INFO] IPUIPlugin:80 - create IPUIPlugin
2024-06-01 11:15:29,704 [INFO] PluginManager:220 - loadIPPluginJar : add ipddr
2024-06-01 11:15:29,711 [INFO] IPUIPlugin:80 - create IPUIPlugin
2024-06-01 11:15:29,711 [INFO] PluginManager:220 - loadIPPluginJar : add linkedlist
2024-06-01 11:15:29,715 [INFO] IPUIPlugin:80 - create IPUIPlugin
2024-06-01 11:15:29,715 [INFO] PluginManager:220 - loadIPPluginJar : add lorawan
2024-06-01 11:15:29,717 [INFO] IPUIPlugin:80 - create IPUIPlugin
2024-06-01 11:15:29,717 [INFO] PluginManager:220 - loadIPPluginJar : add ltdc
2024-06-01 11:15:29,725 [INFO] IPUIPlugin:80 - create IPUIPlugin
2024-06-01 11:15:29,725 [INFO] PluginManager:220 - loadIPPluginJar : add mdma
2024-06-01 11:15:29,730 [INFO] IPUIPlugin:80 - create IPUIPlugin
2024-06-01 11:15:29,730 [INFO] PluginManager:220 - loadIPPluginJar : add nvic
2024-06-01 11:15:29,733 [INFO] IPUIPlugin:80 - create IPUIPlugin
2024-06-01 11:15:29,733 [INFO] PluginManager:220 - loadIPPluginJar : add opamp
2024-06-01 11:15:29,736 [INFO] IPUIPlugin:80 - create IPUIPlugin
2024-06-01 11:15:29,736 [INFO] PluginManager:220 - loadIPPluginJar : add openamp
2024-06-01 11:15:29,739 [INFO] IPUIPlugin:80 - create IPUIPlugin
2024-06-01 11:15:29,739 [INFO] PluginManager:220 - loadIPPluginJar : add pdm2pcm
2024-06-01 11:15:29,745 [INFO] IPUIPlugin:80 - create IPUIPlugin
2024-06-01 11:15:29,747 [INFO] PluginManager:220 - loadIPPluginJar : add plateformsettings
2024-06-01 11:15:29,748 [INFO] IPUIPlugin:80 - create IPUIPlugin
2024-06-01 11:15:29,748 [INFO] PluginManager:220 - loadIPPluginJar : add quadspi
2024-06-01 11:15:29,752 [INFO] IPUIPlugin:80 - create IPUIPlugin
2024-06-01 11:15:29,752 [INFO] PluginManager:220 - loadIPPluginJar : add resmgrutility
2024-06-01 11:15:29,754 [INFO] IPUIPlugin:80 - create IPUIPlugin
2024-06-01 11:15:29,755 [INFO] PluginManager:220 - loadIPPluginJar : add sai
2024-06-01 11:15:29,758 [INFO] IPUIPlugin:80 - create IPUIPlugin
2024-06-01 11:15:29,758 [INFO] PluginManager:220 - loadIPPluginJar : add spi
2024-06-01 11:15:29,763 [INFO] IPUIPlugin:80 - create IPUIPlugin
2024-06-01 11:15:29,763 [INFO] PluginManager:220 - loadIPPluginJar : add stm32_wpan
2024-06-01 11:15:29,766 [INFO] IPUIPlugin:80 - create IPUIPlugin
2024-06-01 11:15:29,766 [INFO] PluginManager:220 - loadIPPluginJar : add tim
2024-06-01 11:15:29,769 [INFO] IPUIPlugin:80 - create IPUIPlugin
2024-06-01 11:15:29,769 [INFO] PluginManager:220 - loadIPPluginJar : add touchsensing
2024-06-01 11:15:29,771 [INFO] IPUIPlugin:80 - create IPUIPlugin
2024-06-01 11:15:29,771 [INFO] PluginManager:220 - loadIPPluginJar : add tracer_emb
2024-06-01 11:15:29,774 [INFO] IPUIPlugin:80 - create IPUIPlugin
2024-06-01 11:15:29,774 [INFO] PluginManager:220 - loadIPPluginJar : add ts
2024-06-01 11:15:29,775 [INFO] IPUIPlugin:80 - create IPUIPlugin
2024-06-01 11:15:29,775 [INFO] PluginManager:220 - loadIPPluginJar : add tsc
2024-06-01 11:15:29,777 [INFO] IPUIPlugin:80 - create IPUIPlugin
2024-06-01 11:15:29,777 [INFO] PluginManager:220 - loadIPPluginJar : add ucpd
2024-06-01 11:15:29,781 [INFO] IPUIPlugin:80 - create IPUIPlugin
2024-06-01 11:15:29,781 [INFO] PluginManager:220 - loadIPPluginJar : add usart
2024-06-01 11:15:29,784 [INFO] IPUIPlugin:80 - create IPUIPlugin
2024-06-01 11:15:29,784 [INFO] PluginManager:220 - loadIPPluginJar : add usbx
2024-06-01 11:15:29,919 [INFO] CADModel:165 - CPN selected for project level
2024-06-01 11:15:29,919 [INFO] CADModel:114 - Register for checkConnection events
2024-06-01 11:15:29,919 [FATAL] Updater:308 - Updater called before beeing initialized
2024-06-01 11:15:29,921 [ERROR] CADModel:125 - Updater not yet initialized, retry later 
2024-06-01 11:15:30,109 [INFO] CADModel:165 - CPN selected for project level
2024-06-01 11:15:30,109 [INFO] CADModel:114 - Register for checkConnection events
2024-06-01 11:15:30,109 [FATAL] Updater:308 - Updater called before beeing initialized
2024-06-01 11:15:30,109 [ERROR] CADModel:125 - Updater not yet initialized, retry later 
2024-06-01 11:15:30,112 [FATAL] Updater:308 - Updater called before beeing initialized
2024-06-01 11:15:30,256 [FATAL] Updater:308 - Updater called before beeing initialized
2024-06-01 11:15:30,272 [INFO] DbMcusAds:53 - JSON generation date=Thu May 16 12:22:00 EEST 2024 (1715851320852)
2024-06-01 11:15:30,272 [FATAL] Updater:308 - Updater called before beeing initialized
2024-06-01 11:15:30,322 [WARN] DetailPanel:346 - Failed to get advertising image, set to default
2024-06-01 11:15:30,410 [FATAL] Updater:308 - Updater called before beeing initialized
2024-06-01 11:15:30,411 [FATAL] Updater:308 - Updater called before beeing initialized
2024-06-01 11:15:30,412 [FATAL] Updater:308 - Updater called before beeing initialized
2024-06-01 11:15:30,412 [WARN] DetailPanel:346 - Failed to get advertising image, set to default
2024-06-01 11:15:30,412 [FATAL] Updater:308 - Updater called before beeing initialized
2024-06-01 11:15:30,476 [ERROR] Updater:1120 - MainUpdater not yet initialized. External WinMGr cannot be set.
2024-06-01 11:15:30,478 [INFO] Updater:1056 - Updater Version found : 6.10.0
2024-06-01 11:15:30,505 [INFO] ApplicationProperties:184 - Using Application install path: C:\ST\STM32CubeIDE_1.14.1\STM32CubeIDE\plugins\com.st.stm32cube.common.mx_6.10.0.202311202037
2024-06-01 11:15:32,019 [INFO] ThirdPartyUpdaterWithRetryManager:70 - Updater plugin not ready yet. [2/15]
2024-06-01 11:15:32,080 [ERROR] LogOutputStream:75 - [STDERR_REDIRECT] Jun 01, 2024 11:15:32 AM java.util.prefs.WindowsPreferences <init>
2024-06-01 11:15:32,082 [ERROR] LogOutputStream:75 - [STDERR_REDIRECT] WARNING: Could not open/create prefs root node Software\JavaSoft\Prefs at root 0xffffffff80000002. Windows RegCreateKeyEx(...) returned error code 5.
2024-06-01 11:15:32,082 [ERROR] LogOutputStream:75 - [STDERR_REDIRECT] 
2024-06-01 11:15:32,659 [INFO] MainUpdater:2873 - connection check result : 10
2024-06-01 11:15:32,660 [INFO] MainUpdater:290 - Updater Check For Update Now.
2024-06-01 11:15:32,660 [INFO] MicroXplorer:498 - Change Database Version : DB.6.0.100
2024-06-01 11:15:32,690 [INFO] McuFinderGlobals:63 - Set McuFinder mode to 2 (CubeIDE integrated)
2024-06-01 11:15:32,883 [INFO] CheckServerUpdateThread:120 - End of CheckServer Thread
2024-06-01 11:15:33,118 [INFO] UserAuth:404 - Internet connection configuration mode: 1
2024-06-01 11:15:33,159 [INFO] JxBrowserEngine:152 - Initiate JxBrowser Engine with user profile folder
2024-06-01 11:15:35,058 [INFO] WebApp:161 - Instantiating new browser for Auth
2024-06-01 11:15:35,350 [WARN] PackLoader:240 - Cannot read IP mode file for STMicroelectronics.FP-SNS-MOTENVWB1.1.4.0
2024-06-01 11:15:35,367 [WARN] PackLoader:240 - Cannot read IP mode file for STMicroelectronics.X-CUBE-SMBUS.2.1.0
2024-06-01 11:15:35,374 [WARN] PackLoader:240 - Cannot read IP mode file for STMicroelectronics.X-CUBE-TOUCHGFX.4.23.1
2024-06-01 11:15:35,378 [WARN] PackLoader:240 - Cannot read IP mode file for STMicroelectronics.X-CUBE-TOUCHGFX.4.23.0
2024-06-01 11:15:35,382 [WARN] PackLoader:240 - Cannot read IP mode file for STMicroelectronics.X-CUBE-TOUCHGFX.4.23.2
2024-06-01 11:15:35,430 [WARN] PackLoader:240 - Cannot read IP mode file for STMicroelectronics.X-CUBE-AZRTOS-F7.1.1.0
2024-06-01 11:15:35,445 [WARN] PackLoader:240 - Cannot read IP mode file for STMicroelectronics.FP-SNS-MOTENV1.4.3.2
2024-06-01 11:15:35,454 [WARN] PackLoader:240 - Cannot read IP mode file for STMicroelectronics.FP-SNS-FLIGHT1.5.0.2
2024-06-01 11:15:35,468 [WARN] PackLoader:240 - Cannot read IP mode file for STMicroelectronics.X-CUBE-DISPLAY.3.0.0
2024-06-01 11:15:35,490 [WARN] PackLoader:240 - Cannot read IP mode file for STMicroelectronics.X-CUBE-BLE1.7.0.0
2024-06-01 11:15:35,498 [WARN] PackLoader:240 - Cannot read IP mode file for emotas.I-CUBE-CANOPEN.1.3.0
2024-06-01 11:15:35,516 [WARN] PackLoader:240 - Cannot read IP mode file for STMicroelectronics.X-CUBE-BLEMGR.3.1.0
2024-06-01 11:15:35,527 [WARN] PackLoader:240 - Cannot read IP mode file for STMicroelectronics.FP-SNS-SMARTAG2.1.2.0
2024-06-01 11:15:35,546 [INFO] LogOutputStream:77 - [STDOUT_REDIRECT] 1 : Invalid condition id : UX_CORESTACK_Condition cause : null
2024-06-01 11:15:35,547 [INFO] LogOutputStream:77 - [STDOUT_REDIRECT] 1 : Invalid condition id : UX_CORESTACK_Condition cause : null
2024-06-01 11:15:35,550 [INFO] LogOutputStream:77 - [STDOUT_REDIRECT] 1 : Invalid condition id : UX_CORESTACK_Condition cause : null
2024-06-01 11:15:35,553 [INFO] LogOutputStream:77 - [STDOUT_REDIRECT] 1 : Invalid condition id : UX_CORESTACK_Condition cause : null
2024-06-01 11:15:35,555 [INFO] LogOutputStream:77 - [STDOUT_REDIRECT] 1 : Invalid condition id : UX_CORESTACK_Condition cause : null
2024-06-01 11:15:35,562 [WARN] PackLoader:240 - Cannot read IP mode file for STMicroelectronics.X-CUBE-AZRTOS-WL.2.0.0
2024-06-01 11:15:35,571 [WARN] PackLoader:240 - Cannot read IP mode file for STMicroelectronics.FP-SNS-MOTENV1.5.0.0
2024-06-01 11:15:35,585 [WARN] PackLoader:240 - Cannot read IP mode file for WES.I-CUBE-Cesium.1.3.0
2024-06-01 11:15:35,592 [WARN] PackLoader:240 - Cannot read IP mode file for STMicroelectronics.X-CUBE-BLE2.3.3.0
2024-06-01 11:15:35,601 [WARN] PackLoader:240 - Cannot read IP mode file for STMicroelectronics.X-CUBE-TCPP.4.1.0
2024-06-01 11:15:35,614 [WARN] PackLoader:240 - Cannot read IP mode file for STMicroelectronics.X-CUBE-ALGOBUILD.1.3.0
2024-06-01 11:15:35,636 [WARN] PackLoader:240 - Cannot read IP mode file for STMicroelectronics.X-CUBE-AZRTOS-G0.1.1.0
2024-06-01 11:15:35,644 [WARN] PackLoader:240 - Cannot read IP mode file for STMicroelectronics.X-CUBE-SAFEA1.1.2.2
2024-06-01 11:15:35,652 [WARN] PackLoader:240 - Cannot read IP mode file for STMicroelectronics.X-CUBE-NFC4.3.0.0
2024-06-01 11:15:35,660 [WARN] PackLoader:240 - Cannot read IP mode file for STMicroelectronics.X-CUBE-BLEMGR.3.0.0
2024-06-01 11:15:35,667 [WARN] PackLoader:240 - Cannot read IP mode file for STMicroelectronics.FP-ATR-SIGFOX1.3.2.0
2024-06-01 11:15:35,675 [WARN] PackLoader:240 - Cannot read IP mode file for STMicroelectronics.X-CUBE-EEPRMA1.5.1.0
2024-06-01 11:15:35,713 [WARN] PackLoader:240 - Cannot read IP mode file for SEGGER.I-CUBE-embOS.1.3.1
2024-06-01 11:15:35,782 [WARN] PackLoader:240 - Cannot read IP mode file for STMicroelectronics.X-CUBE-ALGOBUILD.1.4.0
2024-06-01 11:15:35,790 [WARN] PackLoader:240 - Cannot read IP mode file for STMicroelectronics.X-CUBE-GNSS1.6.0.0
2024-06-01 11:15:35,809 [WARN] PackLoader:240 - Cannot read IP mode file for STMicroelectronics.X-CUBE-AZRTOS-F4.1.1.0
2024-06-01 11:15:35,817 [WARN] PackLoader:240 - Cannot read IP mode file for STMicroelectronics.X-CUBE-FREERTOS.1.2.0
2024-06-01 11:15:35,824 [WARN] PackLoader:240 - Cannot read IP mode file for wolfSSL.I-CUBE-wolfSSL.5.6.6
2024-06-01 11:15:35,845 [WARN] PackLoader:240 - Cannot read IP mode file for STMicroelectronics.X-CUBE-AZRTOS-L5.2.0.0
2024-06-01 11:15:35,860 [WARN] PackLoader:240 - Cannot read IP mode file for STMicroelectronics.X-CUBE-NFC6.3.1.0
2024-06-01 11:15:35,870 [WARN] PackLoader:240 - Cannot read IP mode file for ITTIA_DB.I-CUBE-ITTIADB.8.8.0
2024-06-01 11:15:35,875 [WARN] PackLoader:240 - Cannot read IP mode file for STMicroelectronics.X-CUBE-AI.9.0.0
2024-06-01 11:15:35,882 [WARN] PackLoader:240 - Cannot read IP mode file for STMicroelectronics.X-CUBE-NFC7.1.0.1
2024-06-01 11:15:35,892 [WARN] PackLoader:240 - Cannot read IP mode file for STMicroelectronics.X-CUBE-NFC6.3.0.0
2024-06-01 11:15:35,897 [WARN] PackLoader:240 - Cannot read IP mode file for STMicroelectronics.X-CUBE-AI.8.1.0
2024-06-01 11:15:35,917 [WARN] ConditionMgr:438 - getConditionDescription Invalid condition id : LAN8742 Phy interface Condition cause : null
2024-06-01 11:15:35,918 [WARN] PackLoader:240 - Cannot read IP mode file for STMicroelectronics.X-CUBE-AZRTOS-L4.2.0.0
2024-06-01 11:15:35,920 [WARN] ConditionMgr:1039 - genDependencies : Invalid condition id : LAN8742 Phy interface Condition cause : null
2024-06-01 11:15:35,920 [WARN] ConditionMgr:1039 - genDependencies : Invalid condition id : LAN8742 Phy interface Condition cause : null
2024-06-01 11:15:35,921 [WARN] ConditionMgr:1039 - genDependencies : Invalid condition id : LAN8742 Phy interface Condition cause : null
2024-06-01 11:15:35,930 [WARN] PackLoader:240 - Cannot read IP mode file for STMicroelectronics.X-CUBE-SFXS2LP1.4.0.0
2024-06-01 11:15:35,944 [WARN] ConditionMgr:438 - getConditionDescription Invalid condition id : UX DEVICE CLASS RTOS Condition cause : null
2024-06-01 11:15:35,944 [WARN] ConditionMgr:438 - getConditionDescription Invalid condition id : UX DEVICE CLASS RTOS Condition cause : null
2024-06-01 11:15:35,947 [WARN] PackLoader:240 - Cannot read IP mode file for STMicroelectronics.X-CUBE-AZRTOS-WB.2.0.0
2024-06-01 11:15:35,947 [WARN] ConditionMgr:1039 - genDependencies : Invalid condition id : UX DEVICE CLASS RTOS Condition cause : null
2024-06-01 11:15:35,948 [WARN] ConditionMgr:1039 - genDependencies : Invalid condition id : UX DEVICE CLASS RTOS Condition cause : null
2024-06-01 11:15:35,948 [WARN] ConditionMgr:1039 - genDependencies : Invalid condition id : UX DEVICE CLASS RTOS Condition cause : null
2024-06-01 11:15:35,949 [WARN] ConditionMgr:1039 - genDependencies : Invalid condition id : UX DEVICE CLASS RTOS Condition cause : null
2024-06-01 11:15:35,949 [WARN] ConditionMgr:1039 - genDependencies : Invalid condition id : UX DEVICE CLASS RTOS Condition cause : null
2024-06-01 11:15:35,962 [WARN] PackLoader:240 - Cannot read IP mode file for STMicroelectronics.X-CUBE-SUBG2.5.0.0
2024-06-01 11:15:35,974 [WARN] PackLoader:240 - Cannot read IP mode file for Cesanta.I-CUBE-Mongoose.7.13.0
2024-06-01 11:15:35,993 [WARN] PackLoader:240 - Cannot read IP mode file for STMicroelectronics.X-CUBE-AZRTOS-G4.2.0.0
2024-06-01 11:15:36,017 [WARN] PackLoader:240 - Cannot read IP mode file for Infineon.AIROC-Wi-Fi-Bluetooth-STM32.1.5.1
2024-06-01 11:15:36,029 [WARN] PackLoader:240 - Cannot read IP mode file for STMicroelectronics.FP-SNS-MOTENVWB1.1.3.1
2024-06-01 11:15:36,035 [WARN] PackLoader:240 - Cannot read IP mode file for STMicroelectronics.X-CUBE-ISPU.2.0.0
2024-06-01 11:15:36,040 [WARN] PackLoader:240 - Cannot read IP mode file for STMicroelectronics.X-CUBE-ALS.1.0.2
2024-06-01 11:15:36,120 [WARN] PackLoader:240 - Cannot read IP mode file for STMicroelectronics.X-CUBE-MEMS1.10.0.0
2024-06-01 11:15:36,163 [INFO] WebApp:780 - Register for checkConnection events
2024-06-01 11:15:36,163 [INFO] WebApp:414 - Apply proxy settings
2024-06-01 11:15:36,164 [INFO] WebApp:499 - Chromium requires no authentication
2024-06-01 11:15:36,176 [INFO] WebApp:442 - Direct internet connection detected
2024-06-01 11:15:36,342 [WARN] PackLoader:240 - Cannot read IP mode file for STMicroelectronics.X-CUBE-FREERTOS.1.1.0
2024-06-01 11:15:36,348 [WARN] PackLoader:240 - Cannot read IP mode file for portGmbH.I-Cube-SoM-uGOAL.1.1.0
2024-06-01 11:15:36,354 [WARN] PackLoader:240 - Cannot read IP mode file for STMicroelectronics.X-CUBE-ALS.1.0.1
2024-06-01 11:15:36,382 [WARN] PackLoader:240 - Cannot read IP mode file for STMicroelectronics.X-CUBE-AZRTOS-H7RS.1.0.0
2024-06-01 11:15:36,390 [WARN] PackLoader:240 - Cannot read IP mode file for STMicroelectronics.FP-ATR-ASTRA1.2.0.0
2024-06-01 11:15:36,404 [WARN] PackLoader:240 - Cannot read IP mode file for STMicroelectronics.X-CUBE-TOF1.3.4.0
2024-06-01 11:15:36,438 [WARN] PackLoader:240 - Cannot read IP mode file for STMicroelectronics.X-CUBE-TOF1.3.4.1
2024-06-01 11:15:36,484 [WARN] PackLoader:240 - Cannot read IP mode file for STMicroelectronics.X-CUBE-AZRTOS-H7.3.2.0
2024-06-01 11:15:36,490 [INFO] ThirdParty:978 - Integrity check success = true
2024-06-01 11:15:36,490 [INFO] IntegrityCheckThread:100 - exiting critical section [integrity check]
2024-06-01 11:15:36,490 [INFO] IntegrityCheckThread:103 - End integrity checks thread
2024-06-01 11:15:36,514 [INFO] WebApp:192 - Starting web application
2024-06-01 11:15:36,514 [INFO] WebApp:544 - Web application path used C:\ST\STM32CubeIDE_1.14.1\STM32CubeIDE\plugins\com.st.stm32cube.common.mx_6.10.0.202311202037\db\plugins\mcufinder\reactClient1\index.html
2024-06-01 11:15:57,567 [ERROR] LogOutputStream:75 - [STDERR_REDIRECT] SLF4J: Failed to load class "org.slf4j.impl.StaticLoggerBinder".
2024-06-01 11:15:57,569 [ERROR] LogOutputStream:75 - [STDERR_REDIRECT] SLF4J: Defaulting to no-operation (NOP) logger implementation
2024-06-01 11:15:57,570 [ERROR] LogOutputStream:75 - [STDERR_REDIRECT] SLF4J: See http://www.slf4j.org/codes.html#StaticLoggerBinder for further details.
2024-06-01 11:23:12,683 [ERROR] LogOutputStream:75 - [STDERR_REDIRECT] 
2024-06-01 11:23:32,108 [INFO] Activator:176 - 


2024-06-01 11:23:32,114 [INFO] Activator:177 - !SESSION log4j initialized
2024-06-01 11:23:41,098 [INFO] LogOutputStream:77 - [STDOUT_REDIRECT] 
2024-06-01 11:23:58,946 [INFO] ApplicationProperties:184 - Using Application install path: C:\ST\STM32CubeIDE_1.14.1\STM32CubeIDE\plugins\com.st.stm32cube.common.mx_6.10.0.202311202037
2024-06-01 11:23:58,972 [INFO] DbMcusXml:78 - Set database path to: C:\ST\STM32CubeIDE_1.14.1\STM32CubeIDE\plugins\com.st.stm32cube.common.mx_6.10.0.202311202037\\db\/mcu/
2024-06-01 11:23:58,973 [INFO] ApiDb:274 - Set plugin database path to: C:\ST\STM32CubeIDE_1.14.1\STM32CubeIDE\plugins\com.st.stm32cube.common.mx_6.10.0.202311202037\\db\/plugins/boardmanager/
2024-06-01 11:23:58,973 [WARN] ApiDb:259 - Overriding images path with different value:  => C:\ST\STM32CubeIDE_1.14.1\STM32CubeIDE\plugins\com.st.stm32cube.common.mx_6.10.0.202311202037\\db\/plugins/mcufinder/images/
2024-06-01 11:23:58,983 [INFO] ApiDb:250 - Set database path to: C:\Users\Maydoum\.stmcufinder\plugins\mcufinder//mcu/
2024-06-01 11:23:58,985 [INFO] DbMcusAds:125 - Set database path to: C:\Users\Maydoum\.stmcufinder\plugins\mcufinder//mcu/
2024-06-01 11:23:59,007 [INFO] CrossReferenceDbSqlite:203 - Set database path to: C:\Users\Maydoum\.stmcufinder\plugins\mcufinder//mcu/cs/
2024-06-01 11:23:59,231 [INFO] RulesReader:64 - Compatibility file has been processed (297 Rules)
2024-06-01 11:23:59,499 [INFO] DbMcusXml:78 - Set database path to: C:\ST\STM32CubeIDE_1.14.1\STM32CubeIDE\plugins\com.st.stm32cube.common.mx_6.10.0.202311202037\\db\/mcu/
2024-06-01 11:23:59,499 [INFO] ApiDb:274 - Set plugin database path to: C:\ST\STM32CubeIDE_1.14.1\STM32CubeIDE\plugins\com.st.stm32cube.common.mx_6.10.0.202311202037\\db\/plugins/boardmanager/
2024-06-01 11:23:59,499 [INFO] ApiDb:261 - Set plugin images path to: C:\ST\STM32CubeIDE_1.14.1\STM32CubeIDE\plugins\com.st.stm32cube.common.mx_6.10.0.202311202037\\db\/plugins/mcufinder/images/
2024-06-01 11:23:59,499 [WARN] DbFile:41 - Overriding database path with different value: C:\Users\Maydoum\.stmcufinder\plugins\mcufinder/ => C:\Users\Maydoum\.stmcufinder\plugins\mcufinder
2024-06-01 11:23:59,500 [INFO] ApiDb:250 - Set database path to: C:\Users\Maydoum\.stmcufinder\plugins\mcufinder//mcu/
2024-06-01 11:23:59,500 [WARN] DbFile:41 - Overriding database path with different value: C:\Users\Maydoum\.stmcufinder\plugins\mcufinder/ => C:\Users\Maydoum\.stmcufinder\plugins\mcufinder
2024-06-01 11:23:59,500 [INFO] DbMcusAds:125 - Set database path to: C:\Users\Maydoum\.stmcufinder\plugins\mcufinder//mcu/
2024-06-01 11:23:59,500 [WARN] DbFile:41 - Overriding database path with different value: C:\Users\Maydoum\.stmcufinder\plugins\mcufinder/ => C:\Users\Maydoum\.stmcufinder\plugins\mcufinder
2024-06-01 11:23:59,500 [WARN] DbFile:41 - Overriding database path with different value: C:\Users\Maydoum\.stmcufinder\plugins\mcufinder/ => C:\Users\Maydoum\.stmcufinder\plugins\mcufinder
2024-06-01 11:23:59,500 [INFO] CrossReferenceDbSqlite:203 - Set database path to: C:\Users\Maydoum\.stmcufinder\plugins\mcufinder//mcu/cs/
2024-06-01 11:23:59,744 [INFO] MainPanel:264 - HeapMemory: 268435456
2024-06-01 11:23:59,976 [INFO] DbMcusXml:78 - Set database path to: C:\ST\STM32CubeIDE_1.14.1\STM32CubeIDE\plugins\com.st.stm32cube.common.mx_6.10.0.202311202037\\db\/mcu/
2024-06-01 11:23:59,976 [INFO] ApiDb:274 - Set plugin database path to: C:\ST\STM32CubeIDE_1.14.1\STM32CubeIDE\plugins\com.st.stm32cube.common.mx_6.10.0.202311202037\\db\/plugins/boardmanager/
2024-06-01 11:23:59,976 [INFO] ApiDb:261 - Set plugin images path to: C:\ST\STM32CubeIDE_1.14.1\STM32CubeIDE\plugins\com.st.stm32cube.common.mx_6.10.0.202311202037\\db\/plugins/mcufinder/images/
2024-06-01 11:23:59,978 [WARN] DbFile:41 - Overriding database path with different value: C:\Users\Maydoum\.stmcufinder\plugins\mcufinder/ => C:\Users\Maydoum\.stmcufinder\plugins\mcufinder
2024-06-01 11:23:59,978 [INFO] ApiDb:250 - Set database path to: C:\Users\Maydoum\.stmcufinder\plugins\mcufinder//mcu/
2024-06-01 11:23:59,979 [WARN] DbFile:41 - Overriding database path with different value: C:\Users\Maydoum\.stmcufinder\plugins\mcufinder/ => C:\Users\Maydoum\.stmcufinder\plugins\mcufinder
2024-06-01 11:23:59,979 [INFO] DbMcusAds:125 - Set database path to: C:\Users\Maydoum\.stmcufinder\plugins\mcufinder//mcu/
2024-06-01 11:23:59,979 [WARN] DbFile:41 - Overriding database path with different value: C:\Users\Maydoum\.stmcufinder\plugins\mcufinder/ => C:\Users\Maydoum\.stmcufinder\plugins\mcufinder
2024-06-01 11:23:59,979 [WARN] DbFile:41 - Overriding database path with different value: C:\Users\Maydoum\.stmcufinder\plugins\mcufinder/ => C:\Users\Maydoum\.stmcufinder\plugins\mcufinder
2024-06-01 11:23:59,979 [INFO] CrossReferenceDbSqlite:203 - Set database path to: C:\Users\Maydoum\.stmcufinder\plugins\mcufinder//mcu/cs/
2024-06-01 11:24:00,012 [INFO] ApplicationProperties:184 - Using Application install path: C:\ST\STM32CubeIDE_1.14.1\STM32CubeIDE\plugins\com.st.stm32cube.common.mx_6.10.0.202311202037
2024-06-01 11:24:00,015 [INFO] PluginManage:196 - Search for loadable plugins [exclusion list=, ]
2024-06-01 11:24:00,018 [INFO] PluginManage:310 - Check plugin analytics
2024-06-01 11:24:16,276 [INFO] AnalyticsPlugin:253 - Accepted Software Licenses: 
2024-06-01 11:24:16,278 [INFO] AnalyticsPlugin:255 - Accepted CMSIS Pack Licenses: 
2024-06-01 11:24:16,278 [INFO] AnalyticsPlugin:257 - Accepted Firmware Licenses: 
2024-06-01 11:24:16,283 [INFO] PluginManage:359 - Loaded plugin analytics (category:tool,tabindex:-1)
2024-06-01 11:24:16,284 [INFO] PluginManage:310 - Check plugin cadmodel
2024-06-01 11:24:16,288 [INFO] CADModel:105 - Init CAD model plugin
2024-06-01 11:24:16,288 [INFO] PluginManage:359 - Loaded plugin cadmodel (category:power,tabindex:5)
2024-06-01 11:24:16,289 [INFO] PluginManage:310 - Check plugin clock
2024-06-01 11:24:16,303 [INFO] PluginManage:359 - Loaded plugin clock (category:base,tabindex:2)
2024-06-01 11:24:16,303 [INFO] PluginManage:310 - Check plugin ddr
2024-06-01 11:24:16,305 [INFO] PluginManage:359 - Loaded plugin ddr (category:tool,tabindex:6)
2024-06-01 11:24:16,305 [INFO] PluginManage:310 - Check plugin filemanager
2024-06-01 11:24:16,467 [INFO] PluginManage:359 - Loaded plugin filemanager (category:base,tabindex:10)
2024-06-01 11:24:16,467 [INFO] PluginManage:310 - Check plugin ipmanager
2024-06-01 11:24:16,477 [INFO] PluginManage:359 - Loaded plugin ipmanager (category:base,tabindex:5)
2024-06-01 11:24:16,477 [INFO] PluginManage:310 - Check plugin lpbam
2024-06-01 11:24:16,484 [INFO] PluginManage:359 - Loaded plugin lpbam (category:base,tabindex:0)
2024-06-01 11:24:16,485 [INFO] PluginManage:310 - Check plugin memorymap
2024-06-01 11:24:16,495 [INFO] PluginManage:359 - Loaded plugin memorymap (category:base,tabindex:4)
2024-06-01 11:24:16,495 [INFO] PluginManage:310 - Check plugin pinoutandconfiguration
2024-06-01 11:24:16,502 [INFO] PluginManage:359 - Loaded plugin pinoutandconfiguration (category:base,tabindex:1)
2024-06-01 11:24:16,502 [INFO] PluginManage:310 - Check plugin pinoutconfig
2024-06-01 11:24:16,626 [WARN] SupportedApi:132 - Cannot load RTOS API schema: s4s-elt-must-match.1: The content of 'definitions' must match (annotation?, (simpleType | complexType)?, (unique | key | keyref)*)). A problem was found starting at: attribute.
2024-06-01 11:24:16,774 [INFO] PluginManage:359 - Loaded plugin pinoutconfig (category:base,tabindex:0)
2024-06-01 11:24:16,775 [INFO] PluginManage:310 - Check plugin power
2024-06-01 11:24:16,786 [INFO] PluginManage:359 - Loaded plugin power (category:power,tabindex:4)
2024-06-01 11:24:16,786 [INFO] PluginManage:310 - Check plugin projectmanager
2024-06-01 11:24:16,805 [INFO] PluginManage:359 - Loaded plugin projectmanager (category:projectmanager,tabindex:3)
2024-06-01 11:24:16,805 [INFO] PluginManage:310 - Check plugin thirdparty
2024-06-01 11:24:16,971 [WARN] IntegrityCheckThread:84 - waiting for thirdparty lock release [integrity check]
2024-06-01 11:24:16,971 [INFO] IntegrityCheckThread:86 - entering critical section [integrity check]
2024-06-01 11:24:16,971 [INFO] PluginManage:359 - Loaded plugin thirdparty (category:base,tabindex:-1)
2024-06-01 11:24:16,972 [INFO] PluginManage:310 - Check plugin tools
2024-06-01 11:24:16,972 [INFO] ThirdPartyUpdaterWithRetryManager:70 - Updater plugin not ready yet. [1/15]
2024-06-01 11:24:16,975 [INFO] PluginManage:359 - Loaded plugin tools (category:base,tabindex:7)
2024-06-01 11:24:16,975 [INFO] PluginManage:310 - Check plugin tutovideos
2024-06-01 11:24:17,185 [INFO] PluginManage:359 - Loaded plugin tutovideos (category:base,tabindex:-1)
2024-06-01 11:24:17,185 [INFO] PluginManage:310 - Check plugin updater
2024-06-01 11:24:17,207 [INFO] PluginManage:359 - Loaded plugin updater (category:base,tabindex:12)
2024-06-01 11:24:17,208 [INFO] PluginManage:310 - Check plugin userauth
2024-06-01 11:24:17,214 [INFO] UserAuth:114 - Init User Auth plugin
2024-06-01 11:24:17,214 [INFO] PluginManage:359 - Loaded plugin userauth (category:base,tabindex:14)
2024-06-01 11:24:17,215 [INFO] PluginManage:283 - PluginManage : Loaded plugins [17]
2024-06-01 11:24:17,475 [INFO] PinOutPanel:1499 - setPackage(No Configuration,No Configuration)
2024-06-01 11:24:17,558 [INFO] CADModel:165 - CPN selected for project level
2024-06-01 11:24:17,558 [INFO] CADModel:114 - Register for checkConnection events
2024-06-01 11:24:17,577 [INFO] IPUIPlugin:80 - create IPUIPlugin
2024-06-01 11:24:17,577 [INFO] PluginManager:220 - loadIPPluginJar : add adc
2024-06-01 11:24:17,582 [INFO] IPUIPlugin:80 - create IPUIPlugin
2024-06-01 11:24:17,582 [INFO] PluginManager:220 - loadIPPluginJar : add aes
2024-06-01 11:24:17,585 [INFO] IPUIPlugin:80 - create IPUIPlugin
2024-06-01 11:24:17,585 [INFO] PluginManager:220 - loadIPPluginJar : add can
2024-06-01 11:24:17,587 [INFO] IPUIPlugin:80 - create IPUIPlugin
2024-06-01 11:24:17,587 [INFO] PluginManager:220 - loadIPPluginJar : add comp
2024-06-01 11:24:17,589 [INFO] IPUIPlugin:80 - create IPUIPlugin
2024-06-01 11:24:17,589 [INFO] PluginManager:220 - loadIPPluginJar : add cryp
2024-06-01 11:24:17,591 [INFO] IPUIPlugin:80 - create IPUIPlugin
2024-06-01 11:24:17,591 [INFO] PluginManager:220 - loadIPPluginJar : add dfsdm
2024-06-01 11:24:17,598 [INFO] IPUIPlugin:80 - create IPUIPlugin
2024-06-01 11:24:17,600 [INFO] PluginManager:220 - loadIPPluginJar : add dma
2024-06-01 11:24:17,601 [INFO] IPUIPlugin:80 - create IPUIPlugin
2024-06-01 11:24:17,601 [INFO] PluginManager:220 - loadIPPluginJar : add dma3
2024-06-01 11:24:17,603 [INFO] IPUIPlugin:80 - create IPUIPlugin
2024-06-01 11:24:17,603 [INFO] PluginManager:220 - loadIPPluginJar : add fatfs
2024-06-01 11:24:17,608 [INFO] IPUIPlugin:80 - create IPUIPlugin
2024-06-01 11:24:17,608 [INFO] PluginManager:220 - loadIPPluginJar : add fmc
2024-06-01 11:24:17,614 [INFO] IPUIPlugin:80 - create IPUIPlugin
2024-06-01 11:24:17,615 [INFO] PluginManager:220 - loadIPPluginJar : add freertos
2024-06-01 11:24:17,616 [INFO] IPUIPlugin:80 - create IPUIPlugin
2024-06-01 11:24:17,616 [INFO] PluginManager:220 - loadIPPluginJar : add genericplugin
2024-06-01 11:24:17,618 [INFO] IPUIPlugin:80 - create IPUIPlugin
2024-06-01 11:24:17,618 [INFO] PluginManager:220 - loadIPPluginJar : add gfxmmu
2024-06-01 11:24:17,622 [INFO] IPUIPlugin:80 - create IPUIPlugin
2024-06-01 11:24:17,622 [INFO] PluginManager:220 - loadIPPluginJar : add gic
2024-06-01 11:24:17,626 [INFO] IPUIPlugin:80 - create IPUIPlugin
2024-06-01 11:24:17,626 [INFO] PluginManager:220 - loadIPPluginJar : add gpio
2024-06-01 11:24:17,629 [INFO] IPUIPlugin:80 - create IPUIPlugin
2024-06-01 11:24:17,630 [INFO] PluginManager:220 - loadIPPluginJar : add gtzc
2024-06-01 11:24:17,632 [INFO] IPUIPlugin:80 - create IPUIPlugin
2024-06-01 11:24:17,632 [INFO] PluginManager:220 - loadIPPluginJar : add hash
2024-06-01 11:24:17,634 [INFO] IPUIPlugin:80 - create IPUIPlugin
2024-06-01 11:24:17,634 [INFO] PluginManager:220 - loadIPPluginJar : add i2c
2024-06-01 11:24:17,636 [INFO] IPUIPlugin:80 - create IPUIPlugin
2024-06-01 11:24:17,636 [INFO] PluginManager:220 - loadIPPluginJar : add i2s
2024-06-01 11:24:17,639 [INFO] IPUIPlugin:80 - create IPUIPlugin
2024-06-01 11:24:17,639 [INFO] PluginManager:220 - loadIPPluginJar : add i3c
2024-06-01 11:24:17,642 [INFO] IPUIPlugin:80 - create IPUIPlugin
2024-06-01 11:24:17,643 [INFO] PluginManager:220 - loadIPPluginJar : add ipddr
2024-06-01 11:24:17,650 [INFO] IPUIPlugin:80 - create IPUIPlugin
2024-06-01 11:24:17,650 [INFO] PluginManager:220 - loadIPPluginJar : add linkedlist
2024-06-01 11:24:17,652 [INFO] IPUIPlugin:80 - create IPUIPlugin
2024-06-01 11:24:17,652 [INFO] PluginManager:220 - loadIPPluginJar : add lorawan
2024-06-01 11:24:17,653 [INFO] IPUIPlugin:80 - create IPUIPlugin
2024-06-01 11:24:17,653 [INFO] PluginManager:220 - loadIPPluginJar : add ltdc
2024-06-01 11:24:17,659 [INFO] IPUIPlugin:80 - create IPUIPlugin
2024-06-01 11:24:17,659 [INFO] PluginManager:220 - loadIPPluginJar : add mdma
2024-06-01 11:24:17,664 [INFO] IPUIPlugin:80 - create IPUIPlugin
2024-06-01 11:24:17,664 [INFO] PluginManager:220 - loadIPPluginJar : add nvic
2024-06-01 11:24:17,667 [INFO] IPUIPlugin:80 - create IPUIPlugin
2024-06-01 11:24:17,667 [INFO] PluginManager:220 - loadIPPluginJar : add opamp
2024-06-01 11:24:17,672 [INFO] IPUIPlugin:80 - create IPUIPlugin
2024-06-01 11:24:17,672 [INFO] PluginManager:220 - loadIPPluginJar : add openamp
2024-06-01 11:24:17,681 [INFO] IPUIPlugin:80 - create IPUIPlugin
2024-06-01 11:24:17,681 [INFO] PluginManager:220 - loadIPPluginJar : add pdm2pcm
2024-06-01 11:24:17,694 [INFO] IPUIPlugin:80 - create IPUIPlugin
2024-06-01 11:24:17,699 [INFO] PluginManager:220 - loadIPPluginJar : add plateformsettings
2024-06-01 11:24:17,701 [INFO] IPUIPlugin:80 - create IPUIPlugin
2024-06-01 11:24:17,701 [INFO] PluginManager:220 - loadIPPluginJar : add quadspi
2024-06-01 11:24:17,706 [INFO] IPUIPlugin:80 - create IPUIPlugin
2024-06-01 11:24:17,706 [INFO] PluginManager:220 - loadIPPluginJar : add resmgrutility
2024-06-01 11:24:17,709 [INFO] IPUIPlugin:80 - create IPUIPlugin
2024-06-01 11:24:17,709 [INFO] PluginManager:220 - loadIPPluginJar : add sai
2024-06-01 11:24:17,711 [INFO] IPUIPlugin:80 - create IPUIPlugin
2024-06-01 11:24:17,711 [INFO] PluginManager:220 - loadIPPluginJar : add spi
2024-06-01 11:24:17,717 [INFO] IPUIPlugin:80 - create IPUIPlugin
2024-06-01 11:24:17,717 [INFO] PluginManager:220 - loadIPPluginJar : add stm32_wpan
2024-06-01 11:24:17,719 [INFO] IPUIPlugin:80 - create IPUIPlugin
2024-06-01 11:24:17,719 [INFO] PluginManager:220 - loadIPPluginJar : add tim
2024-06-01 11:24:17,723 [INFO] IPUIPlugin:80 - create IPUIPlugin
2024-06-01 11:24:17,723 [INFO] PluginManager:220 - loadIPPluginJar : add touchsensing
2024-06-01 11:24:17,735 [INFO] IPUIPlugin:80 - create IPUIPlugin
2024-06-01 11:24:17,735 [INFO] PluginManager:220 - loadIPPluginJar : add tracer_emb
2024-06-01 11:24:17,738 [INFO] IPUIPlugin:80 - create IPUIPlugin
2024-06-01 11:24:17,740 [INFO] PluginManager:220 - loadIPPluginJar : add ts
2024-06-01 11:24:17,743 [INFO] IPUIPlugin:80 - create IPUIPlugin
2024-06-01 11:24:17,743 [INFO] PluginManager:220 - loadIPPluginJar : add tsc
2024-06-01 11:24:17,746 [INFO] IPUIPlugin:80 - create IPUIPlugin
2024-06-01 11:24:17,746 [INFO] PluginManager:220 - loadIPPluginJar : add ucpd
2024-06-01 11:24:17,749 [INFO] IPUIPlugin:80 - create IPUIPlugin
2024-06-01 11:24:17,749 [INFO] PluginManager:220 - loadIPPluginJar : add usart
2024-06-01 11:24:17,753 [INFO] IPUIPlugin:80 - create IPUIPlugin
2024-06-01 11:24:17,753 [INFO] PluginManager:220 - loadIPPluginJar : add usbx
2024-06-01 11:24:17,909 [INFO] CADModel:165 - CPN selected for project level
2024-06-01 11:24:17,909 [INFO] CADModel:114 - Register for checkConnection events
2024-06-01 11:24:17,910 [FATAL] Updater:308 - Updater called before beeing initialized
2024-06-01 11:24:17,910 [ERROR] CADModel:125 - Updater not yet initialized, retry later 
2024-06-01 11:24:18,128 [INFO] CADModel:165 - CPN selected for project level
2024-06-01 11:24:18,128 [INFO] CADModel:114 - Register for checkConnection events
2024-06-01 11:24:18,128 [FATAL] Updater:308 - Updater called before beeing initialized
2024-06-01 11:24:18,128 [ERROR] CADModel:125 - Updater not yet initialized, retry later 
2024-06-01 11:24:18,132 [FATAL] Updater:308 - Updater called before beeing initialized
2024-06-01 11:24:18,320 [FATAL] Updater:308 - Updater called before beeing initialized
2024-06-01 11:24:18,326 [INFO] DbMcusAds:53 - JSON generation date=Thu May 16 12:22:00 EEST 2024 (1715851320852)
2024-06-01 11:24:18,326 [FATAL] Updater:308 - Updater called before beeing initialized
2024-06-01 11:24:18,368 [WARN] DetailPanel:346 - Failed to get advertising image, set to default
2024-06-01 11:24:18,533 [FATAL] Updater:308 - Updater called before beeing initialized
2024-06-01 11:24:18,540 [FATAL] Updater:308 - Updater called before beeing initialized
2024-06-01 11:24:18,540 [FATAL] Updater:308 - Updater called before beeing initialized
2024-06-01 11:24:18,540 [WARN] DetailPanel:346 - Failed to get advertising image, set to default
2024-06-01 11:24:18,541 [FATAL] Updater:308 - Updater called before beeing initialized
2024-06-01 11:24:18,597 [ERROR] Updater:1120 - MainUpdater not yet initialized. External WinMGr cannot be set.
2024-06-01 11:24:18,599 [INFO] Updater:1056 - Updater Version found : 6.10.0
2024-06-01 11:24:18,618 [INFO] ApplicationProperties:184 - Using Application install path: C:\ST\STM32CubeIDE_1.14.1\STM32CubeIDE\plugins\com.st.stm32cube.common.mx_6.10.0.202311202037
2024-06-01 11:24:19,973 [INFO] ThirdPartyUpdaterWithRetryManager:70 - Updater plugin not ready yet. [2/15]
2024-06-01 11:24:20,191 [ERROR] LogOutputStream:75 - [STDERR_REDIRECT] Jun 01, 2024 11:24:20 AM java.util.prefs.WindowsPreferences <init>
2024-06-01 11:24:20,193 [ERROR] LogOutputStream:75 - [STDERR_REDIRECT] WARNING: Could not open/create prefs root node Software\JavaSoft\Prefs at root 0xffffffff80000002. Windows RegCreateKeyEx(...) returned error code 5.
2024-06-01 11:24:20,193 [ERROR] LogOutputStream:75 - [STDERR_REDIRECT] 
2024-06-01 11:24:20,695 [INFO] MainUpdater:2873 - connection check result : 10
2024-06-01 11:24:20,696 [INFO] MainUpdater:290 - Updater Check For Update Now.
2024-06-01 11:24:20,696 [INFO] MicroXplorer:498 - Change Database Version : DB.6.0.100
2024-06-01 11:24:20,706 [INFO] McuFinderGlobals:63 - Set McuFinder mode to 2 (CubeIDE integrated)
2024-06-01 11:24:20,911 [INFO] CheckServerUpdateThread:120 - End of CheckServer Thread
2024-06-01 11:24:21,012 [INFO] UserAuth:404 - Internet connection configuration mode: 1
2024-06-01 11:24:21,044 [INFO] JxBrowserEngine:152 - Initiate JxBrowser Engine with user profile folder
2024-06-01 11:24:21,643 [INFO] WebApp:161 - Instantiating new browser for Auth
2024-06-01 11:24:22,230 [INFO] WebApp:780 - Register for checkConnection events
2024-06-01 11:24:22,230 [INFO] WebApp:414 - Apply proxy settings
2024-06-01 11:24:22,230 [INFO] WebApp:499 - Chromium requires no authentication
2024-06-01 11:24:22,236 [INFO] WebApp:442 - Direct internet connection detected
2024-06-01 11:24:22,409 [INFO] WebApp:192 - Starting web application
2024-06-01 11:24:22,409 [INFO] WebApp:544 - Web application path used C:\ST\STM32CubeIDE_1.14.1\STM32CubeIDE\plugins\com.st.stm32cube.common.mx_6.10.0.202311202037\db\plugins\mcufinder\reactClient1\index.html
2024-06-01 11:24:23,184 [WARN] PackLoader:240 - Cannot read IP mode file for STMicroelectronics.FP-SNS-MOTENVWB1.1.4.0
2024-06-01 11:24:23,197 [WARN] PackLoader:240 - Cannot read IP mode file for STMicroelectronics.X-CUBE-SMBUS.2.1.0
2024-06-01 11:24:23,205 [WARN] PackLoader:240 - Cannot read IP mode file for STMicroelectronics.X-CUBE-TOUCHGFX.4.23.1
2024-06-01 11:24:23,209 [WARN] PackLoader:240 - Cannot read IP mode file for STMicroelectronics.X-CUBE-TOUCHGFX.4.23.0
2024-06-01 11:24:23,212 [WARN] PackLoader:240 - Cannot read IP mode file for STMicroelectronics.X-CUBE-TOUCHGFX.4.23.2
2024-06-01 11:24:23,256 [WARN] PackLoader:240 - Cannot read IP mode file for STMicroelectronics.X-CUBE-AZRTOS-F7.1.1.0
2024-06-01 11:24:23,267 [WARN] PackLoader:240 - Cannot read IP mode file for STMicroelectronics.FP-SNS-MOTENV1.4.3.2
2024-06-01 11:24:23,273 [WARN] PackLoader:240 - Cannot read IP mode file for STMicroelectronics.FP-SNS-FLIGHT1.5.0.2
2024-06-01 11:24:23,283 [WARN] PackLoader:240 - Cannot read IP mode file for STMicroelectronics.X-CUBE-DISPLAY.3.0.0
2024-06-01 11:24:23,300 [WARN] PackLoader:240 - Cannot read IP mode file for STMicroelectronics.X-CUBE-BLE1.7.0.0
2024-06-01 11:24:23,307 [WARN] PackLoader:240 - Cannot read IP mode file for emotas.I-CUBE-CANOPEN.1.3.0
2024-06-01 11:24:23,322 [WARN] PackLoader:240 - Cannot read IP mode file for STMicroelectronics.X-CUBE-BLEMGR.3.1.0
2024-06-01 11:24:23,331 [WARN] PackLoader:240 - Cannot read IP mode file for STMicroelectronics.FP-SNS-SMARTAG2.1.2.0
2024-06-01 11:24:23,344 [INFO] LogOutputStream:77 - [STDOUT_REDIRECT] 1 : Invalid condition id : UX_CORESTACK_Condition cause : null
2024-06-01 11:24:23,345 [INFO] LogOutputStream:77 - [STDOUT_REDIRECT] 1 : Invalid condition id : UX_CORESTACK_Condition cause : null
2024-06-01 11:24:23,346 [INFO] LogOutputStream:77 - [STDOUT_REDIRECT] 1 : Invalid condition id : UX_CORESTACK_Condition cause : null
2024-06-01 11:24:23,349 [INFO] LogOutputStream:77 - [STDOUT_REDIRECT] 1 : Invalid condition id : UX_CORESTACK_Condition cause : null
2024-06-01 11:24:23,350 [INFO] LogOutputStream:77 - [STDOUT_REDIRECT] 1 : Invalid condition id : UX_CORESTACK_Condition cause : null
2024-06-01 11:24:23,356 [WARN] PackLoader:240 - Cannot read IP mode file for STMicroelectronics.X-CUBE-AZRTOS-WL.2.0.0
2024-06-01 11:24:23,362 [WARN] PackLoader:240 - Cannot read IP mode file for STMicroelectronics.FP-SNS-MOTENV1.5.0.0
2024-06-01 11:24:23,375 [WARN] PackLoader:240 - Cannot read IP mode file for WES.I-CUBE-Cesium.1.3.0
2024-06-01 11:24:23,381 [WARN] PackLoader:240 - Cannot read IP mode file for STMicroelectronics.X-CUBE-BLE2.3.3.0
2024-06-01 11:24:23,389 [WARN] PackLoader:240 - Cannot read IP mode file for STMicroelectronics.X-CUBE-TCPP.4.1.0
2024-06-01 11:24:23,400 [WARN] PackLoader:240 - Cannot read IP mode file for STMicroelectronics.X-CUBE-ALGOBUILD.1.3.0
2024-06-01 11:24:23,426 [WARN] PackLoader:240 - Cannot read IP mode file for STMicroelectronics.X-CUBE-AZRTOS-G0.1.1.0
2024-06-01 11:24:23,436 [WARN] PackLoader:240 - Cannot read IP mode file for STMicroelectronics.X-CUBE-SAFEA1.1.2.2
2024-06-01 11:24:23,444 [WARN] PackLoader:240 - Cannot read IP mode file for STMicroelectronics.X-CUBE-NFC4.3.0.0
2024-06-01 11:24:23,458 [WARN] PackLoader:240 - Cannot read IP mode file for STMicroelectronics.X-CUBE-BLEMGR.3.0.0
2024-06-01 11:24:23,467 [WARN] PackLoader:240 - Cannot read IP mode file for STMicroelectronics.FP-ATR-SIGFOX1.3.2.0
2024-06-01 11:24:23,481 [WARN] PackLoader:240 - Cannot read IP mode file for STMicroelectronics.X-CUBE-EEPRMA1.5.1.0
2024-06-01 11:24:23,536 [WARN] PackLoader:240 - Cannot read IP mode file for SEGGER.I-CUBE-embOS.1.3.1
2024-06-01 11:24:23,631 [WARN] PackLoader:240 - Cannot read IP mode file for STMicroelectronics.X-CUBE-ALGOBUILD.1.4.0
2024-06-01 11:24:23,639 [WARN] PackLoader:240 - Cannot read IP mode file for STMicroelectronics.X-CUBE-GNSS1.6.0.0
2024-06-01 11:24:23,665 [WARN] PackLoader:240 - Cannot read IP mode file for STMicroelectronics.X-CUBE-AZRTOS-F4.1.1.0
2024-06-01 11:24:23,672 [WARN] PackLoader:240 - Cannot read IP mode file for STMicroelectronics.X-CUBE-FREERTOS.1.2.0
2024-06-01 11:24:23,678 [WARN] PackLoader:240 - Cannot read IP mode file for wolfSSL.I-CUBE-wolfSSL.5.6.6
2024-06-01 11:24:23,696 [WARN] PackLoader:240 - Cannot read IP mode file for STMicroelectronics.X-CUBE-AZRTOS-L5.2.0.0
2024-06-01 11:24:23,710 [WARN] PackLoader:240 - Cannot read IP mode file for STMicroelectronics.X-CUBE-NFC6.3.1.0
2024-06-01 11:24:23,720 [WARN] PackLoader:240 - Cannot read IP mode file for ITTIA_DB.I-CUBE-ITTIADB.8.8.0
2024-06-01 11:24:23,725 [WARN] PackLoader:240 - Cannot read IP mode file for STMicroelectronics.X-CUBE-AI.9.0.0
2024-06-01 11:24:23,731 [WARN] PackLoader:240 - Cannot read IP mode file for STMicroelectronics.X-CUBE-NFC7.1.0.1
2024-06-01 11:24:23,738 [WARN] PackLoader:240 - Cannot read IP mode file for STMicroelectronics.X-CUBE-NFC6.3.0.0
2024-06-01 11:24:23,744 [WARN] PackLoader:240 - Cannot read IP mode file for STMicroelectronics.X-CUBE-AI.8.1.0
2024-06-01 11:24:23,768 [WARN] ConditionMgr:438 - getConditionDescription Invalid condition id : LAN8742 Phy interface Condition cause : null
2024-06-01 11:24:23,769 [WARN] PackLoader:240 - Cannot read IP mode file for STMicroelectronics.X-CUBE-AZRTOS-L4.2.0.0
2024-06-01 11:24:23,771 [WARN] ConditionMgr:1039 - genDependencies : Invalid condition id : LAN8742 Phy interface Condition cause : null
2024-06-01 11:24:23,772 [WARN] ConditionMgr:1039 - genDependencies : Invalid condition id : LAN8742 Phy interface Condition cause : null
2024-06-01 11:24:23,772 [WARN] ConditionMgr:1039 - genDependencies : Invalid condition id : LAN8742 Phy interface Condition cause : null
2024-06-01 11:24:23,782 [WARN] PackLoader:240 - Cannot read IP mode file for STMicroelectronics.X-CUBE-SFXS2LP1.4.0.0
2024-06-01 11:24:23,807 [WARN] ConditionMgr:438 - getConditionDescription Invalid condition id : UX DEVICE CLASS RTOS Condition cause : null
2024-06-01 11:24:23,807 [WARN] ConditionMgr:438 - getConditionDescription Invalid condition id : UX DEVICE CLASS RTOS Condition cause : null
2024-06-01 11:24:23,809 [WARN] PackLoader:240 - Cannot read IP mode file for STMicroelectronics.X-CUBE-AZRTOS-WB.2.0.0
2024-06-01 11:24:23,810 [WARN] ConditionMgr:1039 - genDependencies : Invalid condition id : UX DEVICE CLASS RTOS Condition cause : null
2024-06-01 11:24:23,810 [WARN] ConditionMgr:1039 - genDependencies : Invalid condition id : UX DEVICE CLASS RTOS Condition cause : null
2024-06-01 11:24:23,810 [WARN] ConditionMgr:1039 - genDependencies : Invalid condition id : UX DEVICE CLASS RTOS Condition cause : null
2024-06-01 11:24:23,811 [WARN] ConditionMgr:1039 - genDependencies : Invalid condition id : UX DEVICE CLASS RTOS Condition cause : null
2024-06-01 11:24:23,811 [WARN] ConditionMgr:1039 - genDependencies : Invalid condition id : UX DEVICE CLASS RTOS Condition cause : null
2024-06-01 11:24:23,820 [WARN] PackLoader:240 - Cannot read IP mode file for STMicroelectronics.X-CUBE-SUBG2.5.0.0
2024-06-01 11:24:23,828 [WARN] PackLoader:240 - Cannot read IP mode file for Cesanta.I-CUBE-Mongoose.7.13.0
2024-06-01 11:24:23,844 [WARN] PackLoader:240 - Cannot read IP mode file for STMicroelectronics.X-CUBE-AZRTOS-G4.2.0.0
2024-06-01 11:24:23,859 [WARN] PackLoader:240 - Cannot read IP mode file for Infineon.AIROC-Wi-Fi-Bluetooth-STM32.1.5.1
2024-06-01 11:24:23,866 [WARN] PackLoader:240 - Cannot read IP mode file for STMicroelectronics.FP-SNS-MOTENVWB1.1.3.1
2024-06-01 11:24:23,870 [WARN] PackLoader:240 - Cannot read IP mode file for STMicroelectronics.X-CUBE-ISPU.2.0.0
2024-06-01 11:24:23,874 [WARN] PackLoader:240 - Cannot read IP mode file for STMicroelectronics.X-CUBE-ALS.1.0.2
2024-06-01 11:24:23,918 [WARN] PackLoader:240 - Cannot read IP mode file for STMicroelectronics.X-CUBE-MEMS1.10.0.0
2024-06-01 11:24:24,127 [WARN] PackLoader:240 - Cannot read IP mode file for STMicroelectronics.X-CUBE-FREERTOS.1.1.0
2024-06-01 11:24:24,134 [WARN] PackLoader:240 - Cannot read IP mode file for portGmbH.I-Cube-SoM-uGOAL.1.1.0
2024-06-01 11:24:24,139 [WARN] PackLoader:240 - Cannot read IP mode file for STMicroelectronics.X-CUBE-ALS.1.0.1
2024-06-01 11:24:24,166 [WARN] PackLoader:240 - Cannot read IP mode file for STMicroelectronics.X-CUBE-AZRTOS-H7RS.1.0.0
2024-06-01 11:24:24,174 [WARN] PackLoader:240 - Cannot read IP mode file for STMicroelectronics.FP-ATR-ASTRA1.2.0.0
2024-06-01 11:24:24,189 [WARN] PackLoader:240 - Cannot read IP mode file for STMicroelectronics.X-CUBE-TOF1.3.4.0
2024-06-01 11:24:24,230 [WARN] PackLoader:240 - Cannot read IP mode file for STMicroelectronics.X-CUBE-TOF1.3.4.1
2024-06-01 11:24:24,280 [WARN] PackLoader:240 - Cannot read IP mode file for STMicroelectronics.X-CUBE-AZRTOS-H7.3.2.0
2024-06-01 11:24:24,286 [INFO] ThirdParty:978 - Integrity check success = true
2024-06-01 11:24:24,286 [INFO] IntegrityCheckThread:100 - exiting critical section [integrity check]
2024-06-01 11:24:24,286 [INFO] IntegrityCheckThread:103 - End integrity checks thread
2024-06-01 11:24:43,321 [ERROR] LogOutputStream:75 - [STDERR_REDIRECT] SLF4J: Failed to load class "org.slf4j.impl.StaticLoggerBinder".
2024-06-01 11:24:43,323 [ERROR] LogOutputStream:75 - [STDERR_REDIRECT] SLF4J: Defaulting to no-operation (NOP) logger implementation
2024-06-01 11:24:43,325 [ERROR] LogOutputStream:75 - [STDERR_REDIRECT] SLF4J: See http://www.slf4j.org/codes.html#StaticLoggerBinder for further details.
2024-06-01 14:59:36,240 [ERROR] LogOutputStream:75 - [STDERR_REDIRECT] 
2024-06-01 14:59:45,775 [INFO] Activator:176 - 


2024-06-01 14:59:45,777 [INFO] Activator:177 - !SESSION log4j initialized
2024-06-01 14:59:51,639 [INFO] LogOutputStream:77 - [STDOUT_REDIRECT] 
2024-06-01 14:59:52,720 [INFO] ApplicationProperties:184 - Using Application install path: C:\ST\STM32CubeIDE_1.14.1\STM32CubeIDE\plugins\com.st.stm32cube.common.mx_6.10.0.202311202037
2024-06-01 14:59:52,741 [INFO] DbMcusXml:78 - Set database path to: C:\ST\STM32CubeIDE_1.14.1\STM32CubeIDE\plugins\com.st.stm32cube.common.mx_6.10.0.202311202037\\db\/mcu/
2024-06-01 14:59:52,741 [INFO] ApiDb:274 - Set plugin database path to: C:\ST\STM32CubeIDE_1.14.1\STM32CubeIDE\plugins\com.st.stm32cube.common.mx_6.10.0.202311202037\\db\/plugins/boardmanager/
2024-06-01 14:59:52,741 [WARN] ApiDb:259 - Overriding images path with different value:  => C:\ST\STM32CubeIDE_1.14.1\STM32CubeIDE\plugins\com.st.stm32cube.common.mx_6.10.0.202311202037\\db\/plugins/mcufinder/images/
2024-06-01 14:59:52,746 [INFO] ApiDb:250 - Set database path to: C:\Users\Maydoum\.stmcufinder\plugins\mcufinder//mcu/
2024-06-01 14:59:52,747 [INFO] DbMcusAds:125 - Set database path to: C:\Users\Maydoum\.stmcufinder\plugins\mcufinder//mcu/
2024-06-01 14:59:52,749 [INFO] CrossReferenceDbSqlite:203 - Set database path to: C:\Users\Maydoum\.stmcufinder\plugins\mcufinder//mcu/cs/
2024-06-01 14:59:52,862 [INFO] RulesReader:64 - Compatibility file has been processed (297 Rules)
2024-06-01 14:59:52,930 [INFO] DbMcusXml:78 - Set database path to: C:\ST\STM32CubeIDE_1.14.1\STM32CubeIDE\plugins\com.st.stm32cube.common.mx_6.10.0.202311202037\\db\/mcu/
2024-06-01 14:59:52,930 [INFO] ApiDb:274 - Set plugin database path to: C:\ST\STM32CubeIDE_1.14.1\STM32CubeIDE\plugins\com.st.stm32cube.common.mx_6.10.0.202311202037\\db\/plugins/boardmanager/
2024-06-01 14:59:52,930 [INFO] ApiDb:261 - Set plugin images path to: C:\ST\STM32CubeIDE_1.14.1\STM32CubeIDE\plugins\com.st.stm32cube.common.mx_6.10.0.202311202037\\db\/plugins/mcufinder/images/
2024-06-01 14:59:52,932 [WARN] DbFile:41 - Overriding database path with different value: C:\Users\Maydoum\.stmcufinder\plugins\mcufinder/ => C:\Users\Maydoum\.stmcufinder\plugins\mcufinder
2024-06-01 14:59:52,932 [INFO] ApiDb:250 - Set database path to: C:\Users\Maydoum\.stmcufinder\plugins\mcufinder//mcu/
2024-06-01 14:59:52,932 [WARN] DbFile:41 - Overriding database path with different value: C:\Users\Maydoum\.stmcufinder\plugins\mcufinder/ => C:\Users\Maydoum\.stmcufinder\plugins\mcufinder
2024-06-01 14:59:52,932 [INFO] DbMcusAds:125 - Set database path to: C:\Users\Maydoum\.stmcufinder\plugins\mcufinder//mcu/
2024-06-01 14:59:52,932 [WARN] DbFile:41 - Overriding database path with different value: C:\Users\Maydoum\.stmcufinder\plugins\mcufinder/ => C:\Users\Maydoum\.stmcufinder\plugins\mcufinder
2024-06-01 14:59:52,932 [WARN] DbFile:41 - Overriding database path with different value: C:\Users\Maydoum\.stmcufinder\plugins\mcufinder/ => C:\Users\Maydoum\.stmcufinder\plugins\mcufinder
2024-06-01 14:59:52,932 [INFO] CrossReferenceDbSqlite:203 - Set database path to: C:\Users\Maydoum\.stmcufinder\plugins\mcufinder//mcu/cs/
2024-06-01 14:59:52,994 [INFO] MainPanel:264 - HeapMemory: 268435456
2024-06-01 14:59:53,061 [INFO] DbMcusXml:78 - Set database path to: C:\ST\STM32CubeIDE_1.14.1\STM32CubeIDE\plugins\com.st.stm32cube.common.mx_6.10.0.202311202037\\db\/mcu/
2024-06-01 14:59:53,061 [INFO] ApiDb:274 - Set plugin database path to: C:\ST\STM32CubeIDE_1.14.1\STM32CubeIDE\plugins\com.st.stm32cube.common.mx_6.10.0.202311202037\\db\/plugins/boardmanager/
2024-06-01 14:59:53,061 [INFO] ApiDb:261 - Set plugin images path to: C:\ST\STM32CubeIDE_1.14.1\STM32CubeIDE\plugins\com.st.stm32cube.common.mx_6.10.0.202311202037\\db\/plugins/mcufinder/images/
2024-06-01 14:59:53,061 [WARN] DbFile:41 - Overriding database path with different value: C:\Users\Maydoum\.stmcufinder\plugins\mcufinder/ => C:\Users\Maydoum\.stmcufinder\plugins\mcufinder
2024-06-01 14:59:53,061 [INFO] ApiDb:250 - Set database path to: C:\Users\Maydoum\.stmcufinder\plugins\mcufinder//mcu/
2024-06-01 14:59:53,061 [WARN] DbFile:41 - Overriding database path with different value: C:\Users\Maydoum\.stmcufinder\plugins\mcufinder/ => C:\Users\Maydoum\.stmcufinder\plugins\mcufinder
2024-06-01 14:59:53,061 [INFO] DbMcusAds:125 - Set database path to: C:\Users\Maydoum\.stmcufinder\plugins\mcufinder//mcu/
2024-06-01 14:59:53,061 [WARN] DbFile:41 - Overriding database path with different value: C:\Users\Maydoum\.stmcufinder\plugins\mcufinder/ => C:\Users\Maydoum\.stmcufinder\plugins\mcufinder
2024-06-01 14:59:53,061 [WARN] DbFile:41 - Overriding database path with different value: C:\Users\Maydoum\.stmcufinder\plugins\mcufinder/ => C:\Users\Maydoum\.stmcufinder\plugins\mcufinder
2024-06-01 14:59:53,061 [INFO] CrossReferenceDbSqlite:203 - Set database path to: C:\Users\Maydoum\.stmcufinder\plugins\mcufinder//mcu/cs/
2024-06-01 14:59:53,076 [INFO] ApplicationProperties:184 - Using Application install path: C:\ST\STM32CubeIDE_1.14.1\STM32CubeIDE\plugins\com.st.stm32cube.common.mx_6.10.0.202311202037
2024-06-01 14:59:53,077 [INFO] PluginManage:196 - Search for loadable plugins [exclusion list=, ]
2024-06-01 14:59:53,078 [INFO] PluginManage:310 - Check plugin analytics
2024-06-01 14:59:53,229 [INFO] AnalyticsPlugin:253 - Accepted Software Licenses: 
2024-06-01 14:59:53,229 [INFO] AnalyticsPlugin:255 - Accepted CMSIS Pack Licenses: 
2024-06-01 14:59:53,229 [INFO] AnalyticsPlugin:257 - Accepted Firmware Licenses: 
2024-06-01 14:59:53,233 [INFO] PluginManage:359 - Loaded plugin analytics (category:tool,tabindex:-1)
2024-06-01 14:59:53,234 [INFO] PluginManage:310 - Check plugin cadmodel
2024-06-01 14:59:53,238 [INFO] CADModel:105 - Init CAD model plugin
2024-06-01 14:59:53,238 [INFO] PluginManage:359 - Loaded plugin cadmodel (category:power,tabindex:5)
2024-06-01 14:59:53,239 [INFO] PluginManage:310 - Check plugin clock
2024-06-01 14:59:53,246 [INFO] PluginManage:359 - Loaded plugin clock (category:base,tabindex:2)
2024-06-01 14:59:53,246 [INFO] PluginManage:310 - Check plugin ddr
2024-06-01 14:59:53,249 [INFO] PluginManage:359 - Loaded plugin ddr (category:tool,tabindex:6)
2024-06-01 14:59:53,249 [INFO] PluginManage:310 - Check plugin filemanager
2024-06-01 14:59:53,393 [INFO] PluginManage:359 - Loaded plugin filemanager (category:base,tabindex:10)
2024-06-01 14:59:53,393 [INFO] PluginManage:310 - Check plugin ipmanager
2024-06-01 14:59:53,399 [INFO] PluginManage:359 - Loaded plugin ipmanager (category:base,tabindex:5)
2024-06-01 14:59:53,399 [INFO] PluginManage:310 - Check plugin lpbam
2024-06-01 14:59:53,405 [INFO] PluginManage:359 - Loaded plugin lpbam (category:base,tabindex:0)
2024-06-01 14:59:53,405 [INFO] PluginManage:310 - Check plugin memorymap
2024-06-01 14:59:53,418 [INFO] PluginManage:359 - Loaded plugin memorymap (category:base,tabindex:4)
2024-06-01 14:59:53,418 [INFO] PluginManage:310 - Check plugin pinoutandconfiguration
2024-06-01 14:59:53,422 [INFO] PluginManage:359 - Loaded plugin pinoutandconfiguration (category:base,tabindex:1)
2024-06-01 14:59:53,423 [INFO] PluginManage:310 - Check plugin pinoutconfig
2024-06-01 14:59:53,529 [WARN] SupportedApi:132 - Cannot load RTOS API schema: s4s-elt-must-match.1: The content of 'definitions' must match (annotation?, (simpleType | complexType)?, (unique | key | keyref)*)). A problem was found starting at: attribute.
2024-06-01 14:59:53,661 [INFO] PluginManage:359 - Loaded plugin pinoutconfig (category:base,tabindex:0)
2024-06-01 14:59:53,661 [INFO] PluginManage:310 - Check plugin power
2024-06-01 14:59:53,673 [INFO] PluginManage:359 - Loaded plugin power (category:power,tabindex:4)
2024-06-01 14:59:53,673 [INFO] PluginManage:310 - Check plugin projectmanager
2024-06-01 14:59:53,688 [INFO] PluginManage:359 - Loaded plugin projectmanager (category:projectmanager,tabindex:3)
2024-06-01 14:59:53,688 [INFO] PluginManage:310 - Check plugin thirdparty
2024-06-01 14:59:53,823 [WARN] IntegrityCheckThread:84 - waiting for thirdparty lock release [integrity check]
2024-06-01 14:59:53,823 [INFO] IntegrityCheckThread:86 - entering critical section [integrity check]
2024-06-01 14:59:53,824 [INFO] PluginManage:359 - Loaded plugin thirdparty (category:base,tabindex:-1)
2024-06-01 14:59:53,824 [INFO] PluginManage:310 - Check plugin tools
2024-06-01 14:59:53,824 [INFO] ThirdPartyUpdaterWithRetryManager:70 - Updater plugin not ready yet. [1/15]
2024-06-01 14:59:53,826 [INFO] PluginManage:359 - Loaded plugin tools (category:base,tabindex:7)
2024-06-01 14:59:53,826 [INFO] PluginManage:310 - Check plugin tutovideos
2024-06-01 14:59:53,993 [INFO] PluginManage:359 - Loaded plugin tutovideos (category:base,tabindex:-1)
2024-06-01 14:59:53,993 [INFO] PluginManage:310 - Check plugin updater
2024-06-01 14:59:54,004 [INFO] PluginManage:359 - Loaded plugin updater (category:base,tabindex:12)
2024-06-01 14:59:54,005 [INFO] PluginManage:310 - Check plugin userauth
2024-06-01 14:59:54,008 [INFO] UserAuth:114 - Init User Auth plugin
2024-06-01 14:59:54,008 [INFO] PluginManage:359 - Loaded plugin userauth (category:base,tabindex:14)
2024-06-01 14:59:54,009 [INFO] PluginManage:283 - PluginManage : Loaded plugins [17]
2024-06-01 14:59:54,179 [INFO] PinOutPanel:1499 - setPackage(No Configuration,No Configuration)
2024-06-01 14:59:54,244 [INFO] CADModel:165 - CPN selected for project level
2024-06-01 14:59:54,244 [INFO] CADModel:114 - Register for checkConnection events
2024-06-01 14:59:54,257 [INFO] IPUIPlugin:80 - create IPUIPlugin
2024-06-01 14:59:54,257 [INFO] PluginManager:220 - loadIPPluginJar : add adc
2024-06-01 14:59:54,259 [INFO] IPUIPlugin:80 - create IPUIPlugin
2024-06-01 14:59:54,259 [INFO] PluginManager:220 - loadIPPluginJar : add aes
2024-06-01 14:59:54,261 [INFO] IPUIPlugin:80 - create IPUIPlugin
2024-06-01 14:59:54,261 [INFO] PluginManager:220 - loadIPPluginJar : add can
2024-06-01 14:59:54,261 [INFO] IPUIPlugin:80 - create IPUIPlugin
2024-06-01 14:59:54,261 [INFO] PluginManager:220 - loadIPPluginJar : add comp
2024-06-01 14:59:54,263 [INFO] IPUIPlugin:80 - create IPUIPlugin
2024-06-01 14:59:54,263 [INFO] PluginManager:220 - loadIPPluginJar : add cryp
2024-06-01 14:59:54,265 [INFO] IPUIPlugin:80 - create IPUIPlugin
2024-06-01 14:59:54,265 [INFO] PluginManager:220 - loadIPPluginJar : add dfsdm
2024-06-01 14:59:54,269 [INFO] IPUIPlugin:80 - create IPUIPlugin
2024-06-01 14:59:54,269 [INFO] PluginManager:220 - loadIPPluginJar : add dma
2024-06-01 14:59:54,272 [INFO] IPUIPlugin:80 - create IPUIPlugin
2024-06-01 14:59:54,272 [INFO] PluginManager:220 - loadIPPluginJar : add dma3
2024-06-01 14:59:54,273 [INFO] IPUIPlugin:80 - create IPUIPlugin
2024-06-01 14:59:54,273 [INFO] PluginManager:220 - loadIPPluginJar : add fatfs
2024-06-01 14:59:54,276 [INFO] IPUIPlugin:80 - create IPUIPlugin
2024-06-01 14:59:54,276 [INFO] PluginManager:220 - loadIPPluginJar : add fmc
2024-06-01 14:59:54,279 [INFO] IPUIPlugin:80 - create IPUIPlugin
2024-06-01 14:59:54,279 [INFO] PluginManager:220 - loadIPPluginJar : add freertos
2024-06-01 14:59:54,281 [INFO] IPUIPlugin:80 - create IPUIPlugin
2024-06-01 14:59:54,281 [INFO] PluginManager:220 - loadIPPluginJar : add genericplugin
2024-06-01 14:59:54,282 [INFO] IPUIPlugin:80 - create IPUIPlugin
2024-06-01 14:59:54,282 [INFO] PluginManager:220 - loadIPPluginJar : add gfxmmu
2024-06-01 14:59:54,286 [INFO] IPUIPlugin:80 - create IPUIPlugin
2024-06-01 14:59:54,286 [INFO] PluginManager:220 - loadIPPluginJar : add gic
2024-06-01 14:59:54,288 [INFO] IPUIPlugin:80 - create IPUIPlugin
2024-06-01 14:59:54,289 [INFO] PluginManager:220 - loadIPPluginJar : add gpio
2024-06-01 14:59:54,291 [INFO] IPUIPlugin:80 - create IPUIPlugin
2024-06-01 14:59:54,291 [INFO] PluginManager:220 - loadIPPluginJar : add gtzc
2024-06-01 14:59:54,293 [INFO] IPUIPlugin:80 - create IPUIPlugin
2024-06-01 14:59:54,293 [INFO] PluginManager:220 - loadIPPluginJar : add hash
2024-06-01 14:59:54,295 [INFO] IPUIPlugin:80 - create IPUIPlugin
2024-06-01 14:59:54,295 [INFO] PluginManager:220 - loadIPPluginJar : add i2c
2024-06-01 14:59:54,296 [INFO] IPUIPlugin:80 - create IPUIPlugin
2024-06-01 14:59:54,297 [INFO] PluginManager:220 - loadIPPluginJar : add i2s
2024-06-01 14:59:54,298 [INFO] IPUIPlugin:80 - create IPUIPlugin
2024-06-01 14:59:54,299 [INFO] PluginManager:220 - loadIPPluginJar : add i3c
2024-06-01 14:59:54,301 [INFO] IPUIPlugin:80 - create IPUIPlugin
2024-06-01 14:59:54,301 [INFO] PluginManager:220 - loadIPPluginJar : add ipddr
2024-06-01 14:59:54,307 [INFO] IPUIPlugin:80 - create IPUIPlugin
2024-06-01 14:59:54,307 [INFO] PluginManager:220 - loadIPPluginJar : add linkedlist
2024-06-01 14:59:54,312 [INFO] IPUIPlugin:80 - create IPUIPlugin
2024-06-01 14:59:54,312 [INFO] PluginManager:220 - loadIPPluginJar : add lorawan
2024-06-01 14:59:54,313 [INFO] IPUIPlugin:80 - create IPUIPlugin
2024-06-01 14:59:54,314 [INFO] PluginManager:220 - loadIPPluginJar : add ltdc
2024-06-01 14:59:54,318 [INFO] IPUIPlugin:80 - create IPUIPlugin
2024-06-01 14:59:54,318 [INFO] PluginManager:220 - loadIPPluginJar : add mdma
2024-06-01 14:59:54,321 [INFO] IPUIPlugin:80 - create IPUIPlugin
2024-06-01 14:59:54,321 [INFO] PluginManager:220 - loadIPPluginJar : add nvic
2024-06-01 14:59:54,322 [INFO] IPUIPlugin:80 - create IPUIPlugin
2024-06-01 14:59:54,322 [INFO] PluginManager:220 - loadIPPluginJar : add opamp
2024-06-01 14:59:54,325 [INFO] IPUIPlugin:80 - create IPUIPlugin
2024-06-01 14:59:54,325 [INFO] PluginManager:220 - loadIPPluginJar : add openamp
2024-06-01 14:59:54,327 [INFO] IPUIPlugin:80 - create IPUIPlugin
2024-06-01 14:59:54,327 [INFO] PluginManager:220 - loadIPPluginJar : add pdm2pcm
2024-06-01 14:59:54,332 [INFO] IPUIPlugin:80 - create IPUIPlugin
2024-06-01 14:59:54,334 [INFO] PluginManager:220 - loadIPPluginJar : add plateformsettings
2024-06-01 14:59:54,335 [INFO] IPUIPlugin:80 - create IPUIPlugin
2024-06-01 14:59:54,335 [INFO] PluginManager:220 - loadIPPluginJar : add quadspi
2024-06-01 14:59:54,337 [INFO] IPUIPlugin:80 - create IPUIPlugin
2024-06-01 14:59:54,337 [INFO] PluginManager:220 - loadIPPluginJar : add resmgrutility
2024-06-01 14:59:54,339 [INFO] IPUIPlugin:80 - create IPUIPlugin
2024-06-01 14:59:54,339 [INFO] PluginManager:220 - loadIPPluginJar : add sai
2024-06-01 14:59:54,341 [INFO] IPUIPlugin:80 - create IPUIPlugin
2024-06-01 14:59:54,341 [INFO] PluginManager:220 - loadIPPluginJar : add spi
2024-06-01 14:59:54,344 [INFO] IPUIPlugin:80 - create IPUIPlugin
2024-06-01 14:59:54,344 [INFO] PluginManager:220 - loadIPPluginJar : add stm32_wpan
2024-06-01 14:59:54,345 [INFO] IPUIPlugin:80 - create IPUIPlugin
2024-06-01 14:59:54,345 [INFO] PluginManager:220 - loadIPPluginJar : add tim
2024-06-01 14:59:54,348 [INFO] IPUIPlugin:80 - create IPUIPlugin
2024-06-01 14:59:54,348 [INFO] PluginManager:220 - loadIPPluginJar : add touchsensing
2024-06-01 14:59:54,349 [INFO] IPUIPlugin:80 - create IPUIPlugin
2024-06-01 14:59:54,349 [INFO] PluginManager:220 - loadIPPluginJar : add tracer_emb
2024-06-01 14:59:54,351 [INFO] IPUIPlugin:80 - create IPUIPlugin
2024-06-01 14:59:54,351 [INFO] PluginManager:220 - loadIPPluginJar : add ts
2024-06-01 14:59:54,352 [INFO] IPUIPlugin:80 - create IPUIPlugin
2024-06-01 14:59:54,352 [INFO] PluginManager:220 - loadIPPluginJar : add tsc
2024-06-01 14:59:54,353 [INFO] IPUIPlugin:80 - create IPUIPlugin
2024-06-01 14:59:54,353 [INFO] PluginManager:220 - loadIPPluginJar : add ucpd
2024-06-01 14:59:54,355 [INFO] IPUIPlugin:80 - create IPUIPlugin
2024-06-01 14:59:54,355 [INFO] PluginManager:220 - loadIPPluginJar : add usart
2024-06-01 14:59:54,357 [INFO] IPUIPlugin:80 - create IPUIPlugin
2024-06-01 14:59:54,357 [INFO] PluginManager:220 - loadIPPluginJar : add usbx
2024-06-01 14:59:54,474 [INFO] CADModel:165 - CPN selected for project level
2024-06-01 14:59:54,475 [INFO] CADModel:114 - Register for checkConnection events
2024-06-01 14:59:54,475 [FATAL] Updater:308 - Updater called before beeing initialized
2024-06-01 14:59:54,475 [ERROR] CADModel:125 - Updater not yet initialized, retry later 
2024-06-01 14:59:54,604 [INFO] CADModel:165 - CPN selected for project level
2024-06-01 14:59:54,604 [INFO] CADModel:114 - Register for checkConnection events
2024-06-01 14:59:54,604 [FATAL] Updater:308 - Updater called before beeing initialized
2024-06-01 14:59:54,604 [ERROR] CADModel:125 - Updater not yet initialized, retry later 
2024-06-01 14:59:54,606 [FATAL] Updater:308 - Updater called before beeing initialized
2024-06-01 14:59:54,726 [FATAL] Updater:308 - Updater called before beeing initialized
2024-06-01 14:59:54,733 [INFO] DbMcusAds:53 - JSON generation date=Thu May 16 12:22:00 EEST 2024 (1715851320852)
2024-06-01 14:59:54,733 [FATAL] Updater:308 - Updater called before beeing initialized
2024-06-01 14:59:54,765 [WARN] DetailPanel:346 - Failed to get advertising image, set to default
2024-06-01 14:59:54,847 [FATAL] Updater:308 - Updater called before beeing initialized
2024-06-01 14:59:54,849 [FATAL] Updater:308 - Updater called before beeing initialized
2024-06-01 14:59:54,849 [FATAL] Updater:308 - Updater called before beeing initialized
2024-06-01 14:59:54,849 [WARN] DetailPanel:346 - Failed to get advertising image, set to default
2024-06-01 14:59:54,850 [FATAL] Updater:308 - Updater called before beeing initialized
2024-06-01 14:59:54,894 [ERROR] Updater:1120 - MainUpdater not yet initialized. External WinMGr cannot be set.
2024-06-01 14:59:54,896 [INFO] Updater:1056 - Updater Version found : 6.10.0
2024-06-01 14:59:54,915 [INFO] ApplicationProperties:184 - Using Application install path: C:\ST\STM32CubeIDE_1.14.1\STM32CubeIDE\plugins\com.st.stm32cube.common.mx_6.10.0.202311202037
2024-06-01 14:59:56,495 [ERROR] LogOutputStream:75 - [STDERR_REDIRECT] Jun 01, 2024 2:59:56 PM java.util.prefs.WindowsPreferences <init>
2024-06-01 14:59:56,500 [ERROR] LogOutputStream:75 - [STDERR_REDIRECT] WARNING: Could not open/create prefs root node Software\JavaSoft\Prefs at root 0xffffffff80000002. Windows RegCreateKeyEx(...) returned error code 5.
2024-06-01 14:59:56,500 [ERROR] LogOutputStream:75 - [STDERR_REDIRECT] 
2024-06-01 14:59:56,825 [INFO] ThirdPartyUpdaterWithRetryManager:70 - Updater plugin not ready yet. [2/15]
2024-06-01 14:59:56,906 [INFO] MainUpdater:2873 - connection check result : 10
2024-06-01 14:59:56,907 [INFO] MainUpdater:290 - Updater Check For Update Now.
2024-06-01 14:59:56,908 [INFO] MicroXplorer:498 - Change Database Version : DB.6.0.100
2024-06-01 14:59:56,920 [INFO] McuFinderGlobals:63 - Set McuFinder mode to 2 (CubeIDE integrated)
2024-06-01 14:59:57,087 [INFO] CheckServerUpdateThread:120 - End of CheckServer Thread
2024-06-01 14:59:57,321 [INFO] UserAuth:404 - Internet connection configuration mode: 1
2024-06-01 14:59:57,337 [INFO] JxBrowserEngine:152 - Initiate JxBrowser Engine with user profile folder
2024-06-01 14:59:57,963 [INFO] WebApp:161 - Instantiating new browser for Auth
2024-06-01 14:59:58,670 [INFO] WebApp:780 - Register for checkConnection events
2024-06-01 14:59:58,670 [INFO] WebApp:414 - Apply proxy settings
2024-06-01 14:59:58,670 [INFO] WebApp:499 - Chromium requires no authentication
2024-06-01 14:59:58,679 [INFO] WebApp:442 - Direct internet connection detected
2024-06-01 14:59:58,867 [INFO] WebApp:192 - Starting web application
2024-06-01 14:59:58,867 [INFO] WebApp:544 - Web application path used C:\ST\STM32CubeIDE_1.14.1\STM32CubeIDE\plugins\com.st.stm32cube.common.mx_6.10.0.202311202037\db\plugins\mcufinder\reactClient1\index.html
2024-06-01 15:00:00,048 [WARN] PackLoader:240 - Cannot read IP mode file for STMicroelectronics.FP-SNS-MOTENVWB1.1.4.0
2024-06-01 15:00:00,061 [WARN] PackLoader:240 - Cannot read IP mode file for STMicroelectronics.X-CUBE-SMBUS.2.1.0
2024-06-01 15:00:00,068 [WARN] PackLoader:240 - Cannot read IP mode file for STMicroelectronics.X-CUBE-TOUCHGFX.4.23.1
2024-06-01 15:00:00,072 [WARN] PackLoader:240 - Cannot read IP mode file for STMicroelectronics.X-CUBE-TOUCHGFX.4.23.0
2024-06-01 15:00:00,076 [WARN] PackLoader:240 - Cannot read IP mode file for STMicroelectronics.X-CUBE-TOUCHGFX.4.23.2
2024-06-01 15:00:00,114 [WARN] PackLoader:240 - Cannot read IP mode file for STMicroelectronics.X-CUBE-AZRTOS-F7.1.1.0
2024-06-01 15:00:00,127 [WARN] PackLoader:240 - Cannot read IP mode file for STMicroelectronics.FP-SNS-MOTENV1.4.3.2
2024-06-01 15:00:00,137 [WARN] PackLoader:240 - Cannot read IP mode file for STMicroelectronics.FP-SNS-FLIGHT1.5.0.2
2024-06-01 15:00:00,148 [WARN] PackLoader:240 - Cannot read IP mode file for STMicroelectronics.X-CUBE-DISPLAY.3.0.0
2024-06-01 15:00:00,163 [WARN] PackLoader:240 - Cannot read IP mode file for STMicroelectronics.X-CUBE-BLE1.7.0.0
2024-06-01 15:00:00,170 [WARN] PackLoader:240 - Cannot read IP mode file for emotas.I-CUBE-CANOPEN.1.3.0
2024-06-01 15:00:00,183 [WARN] PackLoader:240 - Cannot read IP mode file for STMicroelectronics.X-CUBE-BLEMGR.3.1.0
2024-06-01 15:00:00,190 [WARN] PackLoader:240 - Cannot read IP mode file for STMicroelectronics.FP-SNS-SMARTAG2.1.2.0
2024-06-01 15:00:00,203 [INFO] LogOutputStream:77 - [STDOUT_REDIRECT] 1 : Invalid condition id : UX_CORESTACK_Condition cause : null
2024-06-01 15:00:00,203 [INFO] LogOutputStream:77 - [STDOUT_REDIRECT] 1 : Invalid condition id : UX_CORESTACK_Condition cause : null
2024-06-01 15:00:00,205 [INFO] LogOutputStream:77 - [STDOUT_REDIRECT] 1 : Invalid condition id : UX_CORESTACK_Condition cause : null
2024-06-01 15:00:00,206 [INFO] LogOutputStream:77 - [STDOUT_REDIRECT] 1 : Invalid condition id : UX_CORESTACK_Condition cause : null
2024-06-01 15:00:00,208 [INFO] LogOutputStream:77 - [STDOUT_REDIRECT] 1 : Invalid condition id : UX_CORESTACK_Condition cause : null
2024-06-01 15:00:00,213 [WARN] PackLoader:240 - Cannot read IP mode file for STMicroelectronics.X-CUBE-AZRTOS-WL.2.0.0
2024-06-01 15:00:00,219 [WARN] PackLoader:240 - Cannot read IP mode file for STMicroelectronics.FP-SNS-MOTENV1.5.0.0
2024-06-01 15:00:00,231 [WARN] PackLoader:240 - Cannot read IP mode file for WES.I-CUBE-Cesium.1.3.0
2024-06-01 15:00:00,237 [WARN] PackLoader:240 - Cannot read IP mode file for STMicroelectronics.X-CUBE-BLE2.3.3.0
2024-06-01 15:00:00,245 [WARN] PackLoader:240 - Cannot read IP mode file for STMicroelectronics.X-CUBE-TCPP.4.1.0
2024-06-01 15:00:00,255 [WARN] PackLoader:240 - Cannot read IP mode file for STMicroelectronics.X-CUBE-ALGOBUILD.1.3.0
2024-06-01 15:00:00,275 [WARN] PackLoader:240 - Cannot read IP mode file for STMicroelectronics.X-CUBE-AZRTOS-G0.1.1.0
2024-06-01 15:00:00,284 [WARN] PackLoader:240 - Cannot read IP mode file for STMicroelectronics.X-CUBE-SAFEA1.1.2.2
2024-06-01 15:00:00,291 [WARN] PackLoader:240 - Cannot read IP mode file for STMicroelectronics.X-CUBE-NFC4.3.0.0
2024-06-01 15:00:00,303 [WARN] PackLoader:240 - Cannot read IP mode file for STMicroelectronics.X-CUBE-BLEMGR.3.0.0
2024-06-01 15:00:00,314 [WARN] PackLoader:240 - Cannot read IP mode file for STMicroelectronics.FP-ATR-SIGFOX1.3.2.0
2024-06-01 15:00:00,322 [WARN] PackLoader:240 - Cannot read IP mode file for STMicroelectronics.X-CUBE-EEPRMA1.5.1.0
2024-06-01 15:00:00,366 [WARN] PackLoader:240 - Cannot read IP mode file for SEGGER.I-CUBE-embOS.1.3.1
2024-06-01 15:00:00,482 [WARN] PackLoader:240 - Cannot read IP mode file for STMicroelectronics.X-CUBE-ALGOBUILD.1.4.0
2024-06-01 15:00:00,493 [WARN] PackLoader:240 - Cannot read IP mode file for STMicroelectronics.X-CUBE-GNSS1.6.0.0
2024-06-01 15:00:00,531 [WARN] PackLoader:240 - Cannot read IP mode file for STMicroelectronics.X-CUBE-AZRTOS-F4.1.1.0
2024-06-01 15:00:00,539 [WARN] PackLoader:240 - Cannot read IP mode file for STMicroelectronics.X-CUBE-FREERTOS.1.2.0
2024-06-01 15:00:00,545 [WARN] PackLoader:240 - Cannot read IP mode file for wolfSSL.I-CUBE-wolfSSL.5.6.6
2024-06-01 15:00:00,566 [WARN] PackLoader:240 - Cannot read IP mode file for STMicroelectronics.X-CUBE-AZRTOS-L5.2.0.0
2024-06-01 15:00:00,575 [WARN] PackLoader:240 - Cannot read IP mode file for STMicroelectronics.X-CUBE-NFC6.3.1.0
2024-06-01 15:00:00,584 [WARN] PackLoader:240 - Cannot read IP mode file for ITTIA_DB.I-CUBE-ITTIADB.8.8.0
2024-06-01 15:00:00,587 [WARN] PackLoader:240 - Cannot read IP mode file for STMicroelectronics.X-CUBE-AI.9.0.0
2024-06-01 15:00:00,592 [WARN] PackLoader:240 - Cannot read IP mode file for STMicroelectronics.X-CUBE-NFC7.1.0.1
2024-06-01 15:00:00,604 [WARN] PackLoader:240 - Cannot read IP mode file for STMicroelectronics.X-CUBE-NFC6.3.0.0
2024-06-01 15:00:00,613 [WARN] PackLoader:240 - Cannot read IP mode file for STMicroelectronics.X-CUBE-AI.8.1.0
2024-06-01 15:00:00,635 [WARN] ConditionMgr:438 - getConditionDescription Invalid condition id : LAN8742 Phy interface Condition cause : null
2024-06-01 15:00:00,637 [WARN] PackLoader:240 - Cannot read IP mode file for STMicroelectronics.X-CUBE-AZRTOS-L4.2.0.0
2024-06-01 15:00:00,639 [WARN] ConditionMgr:1039 - genDependencies : Invalid condition id : LAN8742 Phy interface Condition cause : null
2024-06-01 15:00:00,639 [WARN] ConditionMgr:1039 - genDependencies : Invalid condition id : LAN8742 Phy interface Condition cause : null
2024-06-01 15:00:00,639 [WARN] ConditionMgr:1039 - genDependencies : Invalid condition id : LAN8742 Phy interface Condition cause : null
2024-06-01 15:00:00,648 [WARN] PackLoader:240 - Cannot read IP mode file for STMicroelectronics.X-CUBE-SFXS2LP1.4.0.0
2024-06-01 15:00:00,665 [WARN] ConditionMgr:438 - getConditionDescription Invalid condition id : UX DEVICE CLASS RTOS Condition cause : null
2024-06-01 15:00:00,665 [WARN] ConditionMgr:438 - getConditionDescription Invalid condition id : UX DEVICE CLASS RTOS Condition cause : null
2024-06-01 15:00:00,668 [WARN] PackLoader:240 - Cannot read IP mode file for STMicroelectronics.X-CUBE-AZRTOS-WB.2.0.0
2024-06-01 15:00:00,669 [WARN] ConditionMgr:1039 - genDependencies : Invalid condition id : UX DEVICE CLASS RTOS Condition cause : null
2024-06-01 15:00:00,669 [WARN] ConditionMgr:1039 - genDependencies : Invalid condition id : UX DEVICE CLASS RTOS Condition cause : null
2024-06-01 15:00:00,670 [WARN] ConditionMgr:1039 - genDependencies : Invalid condition id : UX DEVICE CLASS RTOS Condition cause : null
2024-06-01 15:00:00,671 [WARN] ConditionMgr:1039 - genDependencies : Invalid condition id : UX DEVICE CLASS RTOS Condition cause : null
2024-06-01 15:00:00,671 [WARN] ConditionMgr:1039 - genDependencies : Invalid condition id : UX DEVICE CLASS RTOS Condition cause : null
2024-06-01 15:00:00,689 [WARN] PackLoader:240 - Cannot read IP mode file for STMicroelectronics.X-CUBE-SUBG2.5.0.0
2024-06-01 15:00:00,705 [WARN] PackLoader:240 - Cannot read IP mode file for Cesanta.I-CUBE-Mongoose.7.13.0
2024-06-01 15:00:00,722 [WARN] PackLoader:240 - Cannot read IP mode file for STMicroelectronics.X-CUBE-AZRTOS-G4.2.0.0
2024-06-01 15:00:00,743 [WARN] PackLoader:240 - Cannot read IP mode file for Infineon.AIROC-Wi-Fi-Bluetooth-STM32.1.5.1
2024-06-01 15:00:00,752 [WARN] PackLoader:240 - Cannot read IP mode file for STMicroelectronics.FP-SNS-MOTENVWB1.1.3.1
2024-06-01 15:00:00,757 [WARN] PackLoader:240 - Cannot read IP mode file for STMicroelectronics.X-CUBE-ISPU.2.0.0
2024-06-01 15:00:00,765 [WARN] PackLoader:240 - Cannot read IP mode file for STMicroelectronics.X-CUBE-ALS.1.0.2
2024-06-01 15:00:00,816 [WARN] PackLoader:240 - Cannot read IP mode file for STMicroelectronics.X-CUBE-MEMS1.10.0.0
2024-06-01 15:00:01,000 [WARN] PackLoader:240 - Cannot read IP mode file for STMicroelectronics.X-CUBE-FREERTOS.1.1.0
2024-06-01 15:00:01,005 [WARN] PackLoader:240 - Cannot read IP mode file for portGmbH.I-Cube-SoM-uGOAL.1.1.0
2024-06-01 15:00:01,007 [WARN] PackLoader:240 - Cannot read IP mode file for STMicroelectronics.X-CUBE-ALS.1.0.1
2024-06-01 15:00:01,027 [WARN] PackLoader:240 - Cannot read IP mode file for STMicroelectronics.X-CUBE-AZRTOS-H7RS.1.0.0
2024-06-01 15:00:01,034 [WARN] PackLoader:240 - Cannot read IP mode file for STMicroelectronics.FP-ATR-ASTRA1.2.0.0
2024-06-01 15:00:01,049 [WARN] PackLoader:240 - Cannot read IP mode file for STMicroelectronics.X-CUBE-TOF1.3.4.0
2024-06-01 15:00:01,079 [WARN] PackLoader:240 - Cannot read IP mode file for STMicroelectronics.X-CUBE-TOF1.3.4.1
2024-06-01 15:00:01,121 [WARN] PackLoader:240 - Cannot read IP mode file for STMicroelectronics.X-CUBE-AZRTOS-H7.3.2.0
2024-06-01 15:00:01,133 [INFO] ThirdParty:978 - Integrity check success = true
2024-06-01 15:00:01,133 [INFO] IntegrityCheckThread:100 - exiting critical section [integrity check]
2024-06-01 15:00:01,133 [INFO] IntegrityCheckThread:103 - End integrity checks thread
2024-06-01 15:00:19,409 [ERROR] LogOutputStream:75 - [STDERR_REDIRECT] SLF4J: Failed to load class "org.slf4j.impl.StaticLoggerBinder".
2024-06-01 15:00:19,409 [ERROR] LogOutputStream:75 - [STDERR_REDIRECT] SLF4J: Defaulting to no-operation (NOP) logger implementation
2024-06-01 15:00:19,410 [ERROR] LogOutputStream:75 - [STDERR_REDIRECT] SLF4J: See http://www.slf4j.org/codes.html#StaticLoggerBinder for further details.
2024-06-01 15:16:08,511 [ERROR] LogOutputStream:75 - [STDERR_REDIRECT] 
2024-06-01 15:16:08,512 [ERROR] LogOutputStream:75 - [STDERR_REDIRECT] 
