2024-03-14 13:36:08,858 [INFO] Activator:176 - 


2024-03-14 13:36:08,866 [INFO] Activator:177 - !SESSION log4j initialized
2024-03-14 13:36:22,905 [INFO] LogOutputStream:77 - [STDOUT_REDIRECT] 
2024-03-14 13:36:30,785 [ERROR] ConfigurationRetriever:142 - IOException on connection: Read timed out
2024-03-14 13:36:31,442 [INFO] ApplicationProperties:184 - Using Application install path: C:\ST\STM32CubeIDE_1.14.1\STM32CubeIDE\plugins\com.st.stm32cube.common.mx_6.10.0.202311202037
2024-03-14 13:36:31,493 [INFO] DbMcusXml:78 - Set database path to: C:\ST\STM32CubeIDE_1.14.1\STM32CubeIDE\plugins\com.st.stm32cube.common.mx_6.10.0.202311202037\\db\/mcu/
2024-03-14 13:36:31,493 [INFO] ApiDb:274 - Set plugin database path to: C:\ST\STM32CubeIDE_1.14.1\STM32CubeIDE\plugins\com.st.stm32cube.common.mx_6.10.0.202311202037\\db\/plugins/boardmanager/
2024-03-14 13:36:31,493 [WARN] ApiDb:259 - Overriding images path with different value:  => C:\ST\STM32CubeIDE_1.14.1\STM32CubeIDE\plugins\com.st.stm32cube.common.mx_6.10.0.202311202037\\db\/plugins/mcufinder/images/
2024-03-14 13:36:31,512 [INFO] ApiDb:250 - Set database path to: C:\Users\Maydoum\.stmcufinder\plugins\mcufinder//mcu/
2024-03-14 13:36:31,517 [INFO] DbMcusAds:125 - Set database path to: C:\Users\Maydoum\.stmcufinder\plugins\mcufinder//mcu/
2024-03-14 13:36:31,523 [INFO] CrossReferenceDbSqlite:203 - Set database path to: C:\Users\Maydoum\.stmcufinder\plugins\mcufinder//mcu/cs/
2024-03-14 13:36:31,877 [INFO] RulesReader:64 - Compatibility file has been processed (297 Rules)
2024-03-14 13:36:32,128 [INFO] DbMcusXml:78 - Set database path to: C:\ST\STM32CubeIDE_1.14.1\STM32CubeIDE\plugins\com.st.stm32cube.common.mx_6.10.0.202311202037\\db\/mcu/
2024-03-14 13:36:32,128 [INFO] ApiDb:274 - Set plugin database path to: C:\ST\STM32CubeIDE_1.14.1\STM32CubeIDE\plugins\com.st.stm32cube.common.mx_6.10.0.202311202037\\db\/plugins/boardmanager/
2024-03-14 13:36:32,128 [INFO] ApiDb:261 - Set plugin images path to: C:\ST\STM32CubeIDE_1.14.1\STM32CubeIDE\plugins\com.st.stm32cube.common.mx_6.10.0.202311202037\\db\/plugins/mcufinder/images/
2024-03-14 13:36:32,128 [WARN] DbFile:41 - Overriding database path with different value: C:\Users\Maydoum\.stmcufinder\plugins\mcufinder/ => C:\Users\Maydoum\.stmcufinder\plugins\mcufinder
2024-03-14 13:36:32,128 [INFO] ApiDb:250 - Set database path to: C:\Users\Maydoum\.stmcufinder\plugins\mcufinder//mcu/
2024-03-14 13:36:32,128 [WARN] DbFile:41 - Overriding database path with different value: C:\Users\Maydoum\.stmcufinder\plugins\mcufinder/ => C:\Users\Maydoum\.stmcufinder\plugins\mcufinder
2024-03-14 13:36:32,128 [INFO] DbMcusAds:125 - Set database path to: C:\Users\Maydoum\.stmcufinder\plugins\mcufinder//mcu/
2024-03-14 13:36:32,128 [WARN] DbFile:41 - Overriding database path with different value: C:\Users\Maydoum\.stmcufinder\plugins\mcufinder/ => C:\Users\Maydoum\.stmcufinder\plugins\mcufinder
2024-03-14 13:36:32,128 [WARN] DbFile:41 - Overriding database path with different value: C:\Users\Maydoum\.stmcufinder\plugins\mcufinder/ => C:\Users\Maydoum\.stmcufinder\plugins\mcufinder
2024-03-14 13:36:32,128 [INFO] CrossReferenceDbSqlite:203 - Set database path to: C:\Users\Maydoum\.stmcufinder\plugins\mcufinder//mcu/cs/
2024-03-14 13:36:32,319 [INFO] MainPanel:264 - HeapMemory: 268435456
2024-03-14 13:36:32,558 [INFO] DbMcusXml:78 - Set database path to: C:\ST\STM32CubeIDE_1.14.1\STM32CubeIDE\plugins\com.st.stm32cube.common.mx_6.10.0.202311202037\\db\/mcu/
2024-03-14 13:36:32,558 [INFO] ApiDb:274 - Set plugin database path to: C:\ST\STM32CubeIDE_1.14.1\STM32CubeIDE\plugins\com.st.stm32cube.common.mx_6.10.0.202311202037\\db\/plugins/boardmanager/
2024-03-14 13:36:32,558 [INFO] ApiDb:261 - Set plugin images path to: C:\ST\STM32CubeIDE_1.14.1\STM32CubeIDE\plugins\com.st.stm32cube.common.mx_6.10.0.202311202037\\db\/plugins/mcufinder/images/
2024-03-14 13:36:32,560 [WARN] DbFile:41 - Overriding database path with different value: C:\Users\Maydoum\.stmcufinder\plugins\mcufinder/ => C:\Users\Maydoum\.stmcufinder\plugins\mcufinder
2024-03-14 13:36:32,560 [INFO] ApiDb:250 - Set database path to: C:\Users\Maydoum\.stmcufinder\plugins\mcufinder//mcu/
2024-03-14 13:36:32,560 [WARN] DbFile:41 - Overriding database path with different value: C:\Users\Maydoum\.stmcufinder\plugins\mcufinder/ => C:\Users\Maydoum\.stmcufinder\plugins\mcufinder
2024-03-14 13:36:32,560 [INFO] DbMcusAds:125 - Set database path to: C:\Users\Maydoum\.stmcufinder\plugins\mcufinder//mcu/
2024-03-14 13:36:32,560 [WARN] DbFile:41 - Overriding database path with different value: C:\Users\Maydoum\.stmcufinder\plugins\mcufinder/ => C:\Users\Maydoum\.stmcufinder\plugins\mcufinder
2024-03-14 13:36:32,560 [WARN] DbFile:41 - Overriding database path with different value: C:\Users\Maydoum\.stmcufinder\plugins\mcufinder/ => C:\Users\Maydoum\.stmcufinder\plugins\mcufinder
2024-03-14 13:36:32,560 [INFO] CrossReferenceDbSqlite:203 - Set database path to: C:\Users\Maydoum\.stmcufinder\plugins\mcufinder//mcu/cs/
2024-03-14 13:36:32,601 [INFO] ApplicationProperties:184 - Using Application install path: C:\ST\STM32CubeIDE_1.14.1\STM32CubeIDE\plugins\com.st.stm32cube.common.mx_6.10.0.202311202037
2024-03-14 13:36:32,608 [INFO] PluginManage:196 - Search for loadable plugins [exclusion list=, ]
2024-03-14 13:36:32,611 [INFO] PluginManage:310 - Check plugin analytics
2024-03-14 13:36:32,902 [ERROR] ConfigurationRetriever:142 - IOException on connection: Read timed out
2024-03-14 13:36:35,024 [ERROR] ConfigurationRetriever:142 - IOException on connection: Read timed out
2024-03-14 13:36:38,038 [INFO] AnalyticsPlugin:253 - Accepted Software Licenses: 
2024-03-14 13:36:38,038 [INFO] AnalyticsPlugin:255 - Accepted CMSIS Pack Licenses: 
2024-03-14 13:36:38,038 [INFO] AnalyticsPlugin:257 - Accepted Firmware Licenses: 
2024-03-14 13:36:38,042 [INFO] PluginManage:359 - Loaded plugin analytics (category:tool,tabindex:-1)
2024-03-14 13:36:38,042 [INFO] PluginManage:310 - Check plugin cadmodel
2024-03-14 13:36:38,067 [INFO] CADModel:105 - Init CAD model plugin
2024-03-14 13:36:38,067 [INFO] PluginManage:359 - Loaded plugin cadmodel (category:power,tabindex:5)
2024-03-14 13:36:38,067 [INFO] PluginManage:310 - Check plugin clock
2024-03-14 13:36:38,104 [INFO] PluginManage:359 - Loaded plugin clock (category:base,tabindex:2)
2024-03-14 13:36:38,104 [INFO] PluginManage:310 - Check plugin ddr
2024-03-14 13:36:38,108 [INFO] PluginManage:359 - Loaded plugin ddr (category:tool,tabindex:6)
2024-03-14 13:36:38,112 [INFO] PluginManage:310 - Check plugin filemanager
2024-03-14 13:36:38,428 [INFO] PluginManage:359 - Loaded plugin filemanager (category:base,tabindex:10)
2024-03-14 13:36:38,428 [INFO] PluginManage:310 - Check plugin ipmanager
2024-03-14 13:36:38,443 [INFO] PluginManage:359 - Loaded plugin ipmanager (category:base,tabindex:5)
2024-03-14 13:36:38,443 [INFO] PluginManage:310 - Check plugin lpbam
2024-03-14 13:36:38,472 [INFO] PluginManage:359 - Loaded plugin lpbam (category:base,tabindex:0)
2024-03-14 13:36:38,477 [INFO] PluginManage:310 - Check plugin memorymap
2024-03-14 13:36:38,533 [INFO] PluginManage:359 - Loaded plugin memorymap (category:base,tabindex:4)
2024-03-14 13:36:38,533 [INFO] PluginManage:310 - Check plugin pinoutandconfiguration
2024-03-14 13:36:38,572 [INFO] PluginManage:359 - Loaded plugin pinoutandconfiguration (category:base,tabindex:1)
2024-03-14 13:36:38,572 [INFO] PluginManage:310 - Check plugin pinoutconfig
2024-03-14 13:36:38,796 [WARN] SupportedApi:132 - Cannot load RTOS API schema: s4s-elt-must-match.1: The content of 'definitions' must match (annotation?, (simpleType | complexType)?, (unique | key | keyref)*)). A problem was found starting at: attribute.
2024-03-14 13:36:39,122 [INFO] PluginManage:359 - Loaded plugin pinoutconfig (category:base,tabindex:0)
2024-03-14 13:36:39,122 [INFO] PluginManage:310 - Check plugin power
2024-03-14 13:36:39,167 [INFO] PluginManage:359 - Loaded plugin power (category:power,tabindex:4)
2024-03-14 13:36:39,167 [INFO] PluginManage:310 - Check plugin projectmanager
2024-03-14 13:36:39,212 [INFO] PluginManage:359 - Loaded plugin projectmanager (category:projectmanager,tabindex:3)
2024-03-14 13:36:39,212 [INFO] PluginManage:310 - Check plugin thirdparty
2024-03-14 13:36:39,683 [INFO] PluginManage:359 - Loaded plugin thirdparty (category:base,tabindex:-1)
2024-03-14 13:36:39,683 [WARN] IntegrityCheckThread:84 - waiting for thirdparty lock release [integrity check]
2024-03-14 13:36:39,683 [INFO] PluginManage:310 - Check plugin tools
2024-03-14 13:36:39,687 [INFO] IntegrityCheckThread:86 - entering critical section [integrity check]
2024-03-14 13:36:39,688 [INFO] ThirdPartyUpdaterWithRetryManager:70 - Updater plugin not ready yet. [1/15]
2024-03-14 13:36:39,732 [INFO] PluginManage:359 - Loaded plugin tools (category:base,tabindex:7)
2024-03-14 13:36:39,732 [INFO] PluginManage:310 - Check plugin tutovideos
2024-03-14 13:36:40,101 [INFO] PluginManage:359 - Loaded plugin tutovideos (category:base,tabindex:-1)
2024-03-14 13:36:40,101 [INFO] PluginManage:310 - Check plugin updater
2024-03-14 13:36:40,119 [INFO] PluginManage:359 - Loaded plugin updater (category:base,tabindex:12)
2024-03-14 13:36:40,120 [INFO] PluginManage:310 - Check plugin userauth
2024-03-14 13:36:40,128 [INFO] UserAuth:114 - Init User Auth plugin
2024-03-14 13:36:40,128 [INFO] PluginManage:359 - Loaded plugin userauth (category:base,tabindex:14)
2024-03-14 13:36:40,128 [INFO] PluginManage:283 - PluginManage : Loaded plugins [17]
2024-03-14 13:36:40,483 [INFO] PinOutPanel:1499 - setPackage(No Configuration,No Configuration)
2024-03-14 13:36:40,598 [INFO] CADModel:165 - CPN selected for project level
2024-03-14 13:36:40,598 [INFO] CADModel:114 - Register for checkConnection events
2024-03-14 13:36:40,632 [INFO] IPUIPlugin:80 - create IPUIPlugin
2024-03-14 13:36:40,632 [INFO] PluginManager:220 - loadIPPluginJar : add adc
2024-03-14 13:36:40,678 [INFO] IPUIPlugin:80 - create IPUIPlugin
2024-03-14 13:36:40,678 [INFO] PluginManager:220 - loadIPPluginJar : add aes
2024-03-14 13:36:40,734 [INFO] IPUIPlugin:80 - create IPUIPlugin
2024-03-14 13:36:40,734 [INFO] PluginManager:220 - loadIPPluginJar : add can
2024-03-14 13:36:40,761 [INFO] IPUIPlugin:80 - create IPUIPlugin
2024-03-14 13:36:40,763 [INFO] PluginManager:220 - loadIPPluginJar : add comp
2024-03-14 13:36:40,802 [INFO] IPUIPlugin:80 - create IPUIPlugin
2024-03-14 13:36:40,802 [INFO] PluginManager:220 - loadIPPluginJar : add cryp
2024-03-14 13:36:40,848 [INFO] IPUIPlugin:80 - create IPUIPlugin
2024-03-14 13:36:40,848 [INFO] PluginManager:220 - loadIPPluginJar : add dfsdm
2024-03-14 13:36:40,870 [INFO] IPUIPlugin:80 - create IPUIPlugin
2024-03-14 13:36:40,873 [INFO] PluginManager:220 - loadIPPluginJar : add dma
2024-03-14 13:36:40,938 [INFO] IPUIPlugin:80 - create IPUIPlugin
2024-03-14 13:36:40,938 [INFO] PluginManager:220 - loadIPPluginJar : add dma3
2024-03-14 13:36:40,970 [INFO] IPUIPlugin:80 - create IPUIPlugin
2024-03-14 13:36:40,973 [INFO] PluginManager:220 - loadIPPluginJar : add fatfs
2024-03-14 13:36:41,070 [INFO] IPUIPlugin:80 - create IPUIPlugin
2024-03-14 13:36:41,070 [INFO] PluginManager:220 - loadIPPluginJar : add fmc
2024-03-14 13:36:41,094 [INFO] IPUIPlugin:80 - create IPUIPlugin
2024-03-14 13:36:41,097 [INFO] PluginManager:220 - loadIPPluginJar : add freertos
2024-03-14 13:36:41,129 [INFO] IPUIPlugin:80 - create IPUIPlugin
2024-03-14 13:36:41,129 [INFO] PluginManager:220 - loadIPPluginJar : add genericplugin
2024-03-14 13:36:41,303 [INFO] IPUIPlugin:80 - create IPUIPlugin
2024-03-14 13:36:41,303 [INFO] PluginManager:220 - loadIPPluginJar : add gfxmmu
2024-03-14 13:36:41,667 [INFO] IPUIPlugin:80 - create IPUIPlugin
2024-03-14 13:36:41,667 [INFO] PluginManager:220 - loadIPPluginJar : add gic
2024-03-14 13:36:41,703 [INFO] IPUIPlugin:80 - create IPUIPlugin
2024-03-14 13:36:41,703 [INFO] PluginManager:220 - loadIPPluginJar : add gpio
2024-03-14 13:36:41,882 [INFO] IPUIPlugin:80 - create IPUIPlugin
2024-03-14 13:36:41,882 [INFO] PluginManager:220 - loadIPPluginJar : add gtzc
2024-03-14 13:36:41,917 [INFO] IPUIPlugin:80 - create IPUIPlugin
2024-03-14 13:36:41,917 [INFO] PluginManager:220 - loadIPPluginJar : add hash
2024-03-14 13:36:41,991 [INFO] IPUIPlugin:80 - create IPUIPlugin
2024-03-14 13:36:41,991 [INFO] PluginManager:220 - loadIPPluginJar : add i2c
2024-03-14 13:36:42,062 [INFO] IPUIPlugin:80 - create IPUIPlugin
2024-03-14 13:36:42,062 [INFO] PluginManager:220 - loadIPPluginJar : add i2s
2024-03-14 13:36:42,123 [INFO] IPUIPlugin:80 - create IPUIPlugin
2024-03-14 13:36:42,123 [INFO] PluginManager:220 - loadIPPluginJar : add i3c
2024-03-14 13:36:42,332 [INFO] IPUIPlugin:80 - create IPUIPlugin
2024-03-14 13:36:42,332 [INFO] PluginManager:220 - loadIPPluginJar : add ipddr
2024-03-14 13:36:42,457 [INFO] IPUIPlugin:80 - create IPUIPlugin
2024-03-14 13:36:42,457 [INFO] PluginManager:220 - loadIPPluginJar : add linkedlist
2024-03-14 13:36:42,509 [INFO] IPUIPlugin:80 - create IPUIPlugin
2024-03-14 13:36:42,511 [INFO] PluginManager:220 - loadIPPluginJar : add lorawan
2024-03-14 13:36:42,567 [INFO] IPUIPlugin:80 - create IPUIPlugin
2024-03-14 13:36:42,567 [INFO] PluginManager:220 - loadIPPluginJar : add ltdc
2024-03-14 13:36:42,593 [INFO] IPUIPlugin:80 - create IPUIPlugin
2024-03-14 13:36:42,593 [INFO] PluginManager:220 - loadIPPluginJar : add mdma
2024-03-14 13:36:42,613 [INFO] IPUIPlugin:80 - create IPUIPlugin
2024-03-14 13:36:42,613 [INFO] PluginManager:220 - loadIPPluginJar : add nvic
2024-03-14 13:36:42,662 [INFO] IPUIPlugin:80 - create IPUIPlugin
2024-03-14 13:36:42,662 [INFO] PluginManager:220 - loadIPPluginJar : add opamp
2024-03-14 13:36:42,703 [INFO] ThirdPartyUpdaterWithRetryManager:70 - Updater plugin not ready yet. [2/15]
2024-03-14 13:36:42,742 [INFO] IPUIPlugin:80 - create IPUIPlugin
2024-03-14 13:36:42,742 [INFO] PluginManager:220 - loadIPPluginJar : add openamp
2024-03-14 13:36:42,803 [INFO] IPUIPlugin:80 - create IPUIPlugin
2024-03-14 13:36:42,803 [INFO] PluginManager:220 - loadIPPluginJar : add pdm2pcm
2024-03-14 13:36:42,826 [INFO] IPUIPlugin:80 - create IPUIPlugin
2024-03-14 13:36:42,828 [INFO] PluginManager:220 - loadIPPluginJar : add plateformsettings
2024-03-14 13:36:42,859 [INFO] IPUIPlugin:80 - create IPUIPlugin
2024-03-14 13:36:42,859 [INFO] PluginManager:220 - loadIPPluginJar : add quadspi
2024-03-14 13:36:42,872 [INFO] IPUIPlugin:80 - create IPUIPlugin
2024-03-14 13:36:42,872 [INFO] PluginManager:220 - loadIPPluginJar : add resmgrutility
2024-03-14 13:36:42,933 [INFO] IPUIPlugin:80 - create IPUIPlugin
2024-03-14 13:36:42,933 [INFO] PluginManager:220 - loadIPPluginJar : add sai
2024-03-14 13:36:42,988 [INFO] IPUIPlugin:80 - create IPUIPlugin
2024-03-14 13:36:42,988 [INFO] PluginManager:220 - loadIPPluginJar : add spi
2024-03-14 13:36:43,113 [INFO] IPUIPlugin:80 - create IPUIPlugin
2024-03-14 13:36:43,113 [INFO] PluginManager:220 - loadIPPluginJar : add stm32_wpan
2024-03-14 13:36:43,142 [INFO] IPUIPlugin:80 - create IPUIPlugin
2024-03-14 13:36:43,142 [INFO] PluginManager:220 - loadIPPluginJar : add tim
2024-03-14 13:36:43,218 [INFO] IPUIPlugin:80 - create IPUIPlugin
2024-03-14 13:36:43,218 [INFO] PluginManager:220 - loadIPPluginJar : add touchsensing
2024-03-14 13:36:43,250 [INFO] IPUIPlugin:80 - create IPUIPlugin
2024-03-14 13:36:43,250 [INFO] PluginManager:220 - loadIPPluginJar : add tracer_emb
2024-03-14 13:36:43,279 [INFO] IPUIPlugin:80 - create IPUIPlugin
2024-03-14 13:36:43,279 [INFO] PluginManager:220 - loadIPPluginJar : add ts
2024-03-14 13:36:43,319 [INFO] IPUIPlugin:80 - create IPUIPlugin
2024-03-14 13:36:43,319 [INFO] PluginManager:220 - loadIPPluginJar : add tsc
2024-03-14 13:36:43,347 [INFO] IPUIPlugin:80 - create IPUIPlugin
2024-03-14 13:36:43,347 [INFO] PluginManager:220 - loadIPPluginJar : add ucpd
2024-03-14 13:36:43,411 [INFO] IPUIPlugin:80 - create IPUIPlugin
2024-03-14 13:36:43,411 [INFO] PluginManager:220 - loadIPPluginJar : add usart
2024-03-14 13:36:43,490 [INFO] IPUIPlugin:80 - create IPUIPlugin
2024-03-14 13:36:43,490 [INFO] PluginManager:220 - loadIPPluginJar : add usbx
2024-03-14 13:36:43,693 [INFO] CADModel:165 - CPN selected for project level
2024-03-14 13:36:43,693 [INFO] CADModel:114 - Register for checkConnection events
2024-03-14 13:36:43,693 [FATAL] Updater:308 - Updater called before beeing initialized
2024-03-14 13:36:43,693 [ERROR] CADModel:125 - Updater not yet initialized, retry later 
2024-03-14 13:36:44,082 [INFO] CADModel:165 - CPN selected for project level
2024-03-14 13:36:44,082 [INFO] CADModel:114 - Register for checkConnection events
2024-03-14 13:36:44,082 [FATAL] Updater:308 - Updater called before beeing initialized
2024-03-14 13:36:44,082 [ERROR] CADModel:125 - Updater not yet initialized, retry later 
2024-03-14 13:36:44,091 [FATAL] Updater:308 - Updater called before beeing initialized
2024-03-14 13:36:44,371 [FATAL] Updater:308 - Updater called before beeing initialized
2024-03-14 13:36:44,394 [INFO] DbMcusAds:53 - JSON generation date=Wed Nov 29 12:52:27 EET 2023 (1701255147349)
2024-03-14 13:36:44,395 [FATAL] Updater:308 - Updater called before beeing initialized
2024-03-14 13:36:44,582 [WARN] DetailPanel:346 - Failed to get advertising image, set to default
2024-03-14 13:36:44,831 [FATAL] Updater:308 - Updater called before beeing initialized
2024-03-14 13:36:44,831 [FATAL] Updater:308 - Updater called before beeing initialized
2024-03-14 13:36:44,831 [FATAL] Updater:308 - Updater called before beeing initialized
2024-03-14 13:36:44,831 [WARN] DetailPanel:346 - Failed to get advertising image, set to default
2024-03-14 13:36:44,836 [FATAL] Updater:308 - Updater called before beeing initialized
2024-03-14 13:36:44,955 [ERROR] Updater:1120 - MainUpdater not yet initialized. External WinMGr cannot be set.
2024-03-14 13:36:44,971 [INFO] Updater:1056 - Updater Version found : 6.10.0
2024-03-14 13:36:45,002 [INFO] ApplicationProperties:184 - Using Application install path: C:\ST\STM32CubeIDE_1.14.1\STM32CubeIDE\plugins\com.st.stm32cube.common.mx_6.10.0.202311202037
2024-03-14 13:36:45,706 [INFO] ThirdPartyUpdaterWithRetryManager:70 - Updater plugin not ready yet. [3/15]
2024-03-14 13:36:46,648 [ERROR] LogOutputStream:75 - [STDERR_REDIRECT] Mar 14, 2024 1:36:46 PM java.util.prefs.WindowsPreferences <init>
2024-03-14 13:36:46,652 [ERROR] LogOutputStream:75 - [STDERR_REDIRECT] WARNING: Could not open/create prefs root node Software\JavaSoft\Prefs at root 0xffffffff80000002. Windows RegCreateKeyEx(...) returned error code 5.
2024-03-14 13:36:46,652 [ERROR] LogOutputStream:75 - [STDERR_REDIRECT] 
2024-03-14 13:36:47,398 [INFO] MainUpdater:2873 - connection check result : 10
2024-03-14 13:36:47,398 [INFO] MainUpdater:290 - Updater Check For Update Now.
2024-03-14 13:36:47,398 [INFO] MicroXplorer:498 - Change Database Version : DB.6.0.100
2024-03-14 13:36:47,419 [INFO] McuFinderGlobals:63 - Set McuFinder mode to 2 (CubeIDE integrated)
2024-03-14 13:36:47,501 [INFO] UserAuth:404 - Internet connection configuration mode: 1
2024-03-14 13:36:47,563 [INFO] JxBrowserEngine:152 - Initiate JxBrowser Engine with user profile folder
2024-03-14 13:36:47,687 [INFO] CheckServerUpdateThread:120 - End of CheckServer Thread
2024-03-14 13:36:49,122 [WARN] PackLoader:240 - Cannot read IP mode file for STMicroelectronics.X-CUBE-SMBUS.2.1.0
2024-03-14 13:36:49,142 [WARN] PackLoader:240 - Cannot read IP mode file for STMicroelectronics.X-CUBE-TOUCHGFX.4.23.0
2024-03-14 13:36:49,217 [WARN] PackLoader:240 - Cannot read IP mode file for STMicroelectronics.X-CUBE-AZRTOS-F7.1.1.0
2024-03-14 13:36:49,242 [WARN] PackLoader:240 - Cannot read IP mode file for STMicroelectronics.FP-SNS-MOTENV1.4.3.2
2024-03-14 13:36:49,262 [WARN] PackLoader:240 - Cannot read IP mode file for STMicroelectronics.FP-SNS-FLIGHT1.5.0.2
2024-03-14 13:36:49,290 [WARN] PackLoader:240 - Cannot read IP mode file for STMicroelectronics.X-CUBE-DISPLAY.3.0.0
2024-03-14 13:36:49,327 [WARN] PackLoader:240 - Cannot read IP mode file for STMicroelectronics.X-CUBE-BLE1.7.0.0
2024-03-14 13:36:49,348 [WARN] PackLoader:240 - Cannot read IP mode file for emotas.I-CUBE-CANOPEN.1.3.0
2024-03-14 13:36:49,382 [WARN] PackLoader:240 - Cannot read IP mode file for STMicroelectronics.X-CUBE-BLEMGR.3.1.0
2024-03-14 13:36:49,407 [WARN] PackLoader:240 - Cannot read IP mode file for STMicroelectronics.FP-SNS-SMARTAG2.1.2.0
2024-03-14 13:36:49,443 [INFO] LogOutputStream:77 - [STDOUT_REDIRECT] 1 : Invalid condition id : UX_CORESTACK_Condition cause : null
2024-03-14 13:36:49,447 [INFO] LogOutputStream:77 - [STDOUT_REDIRECT] 1 : Invalid condition id : UX_CORESTACK_Condition cause : null
2024-03-14 13:36:49,447 [INFO] LogOutputStream:77 - [STDOUT_REDIRECT] 1 : Invalid condition id : UX_CORESTACK_Condition cause : null
2024-03-14 13:36:49,452 [INFO] LogOutputStream:77 - [STDOUT_REDIRECT] 1 : Invalid condition id : UX_CORESTACK_Condition cause : null
2024-03-14 13:36:49,452 [INFO] LogOutputStream:77 - [STDOUT_REDIRECT] 1 : Invalid condition id : UX_CORESTACK_Condition cause : null
2024-03-14 13:36:49,468 [WARN] PackLoader:240 - Cannot read IP mode file for STMicroelectronics.X-CUBE-AZRTOS-WL.2.0.0
2024-03-14 13:36:49,508 [WARN] PackLoader:240 - Cannot read IP mode file for WES.I-CUBE-Cesium.1.3.0
2024-03-14 13:36:49,532 [WARN] PackLoader:240 - Cannot read IP mode file for STMicroelectronics.X-CUBE-BLE2.3.3.0
2024-03-14 13:36:49,567 [WARN] PackLoader:240 - Cannot read IP mode file for STMicroelectronics.X-CUBE-ALGOBUILD.1.3.0
2024-03-14 13:36:49,621 [WARN] PackLoader:240 - Cannot read IP mode file for STMicroelectronics.X-CUBE-AZRTOS-G0.1.1.0
2024-03-14 13:36:49,648 [WARN] PackLoader:240 - Cannot read IP mode file for STMicroelectronics.X-CUBE-NFC4.3.0.0
2024-03-14 13:36:49,677 [WARN] PackLoader:240 - Cannot read IP mode file for STMicroelectronics.X-CUBE-BLEMGR.3.0.0
2024-03-14 13:36:49,700 [WARN] PackLoader:240 - Cannot read IP mode file for STMicroelectronics.FP-ATR-SIGFOX1.3.2.0
2024-03-14 13:36:49,725 [WARN] PackLoader:240 - Cannot read IP mode file for STMicroelectronics.X-CUBE-EEPRMA1.5.1.0
2024-03-14 13:36:49,843 [WARN] PackLoader:240 - Cannot read IP mode file for SEGGER.I-CUBE-embOS.1.3.1
2024-03-14 13:36:49,964 [WARN] PackLoader:240 - Cannot read IP mode file for STMicroelectronics.X-CUBE-GNSS1.6.0.0
2024-03-14 13:36:50,028 [WARN] PackLoader:240 - Cannot read IP mode file for STMicroelectronics.X-CUBE-AZRTOS-F4.1.1.0
2024-03-14 13:36:50,053 [WARN] PackLoader:240 - Cannot read IP mode file for wolfSSL.I-CUBE-wolfSSL.5.6.6
2024-03-14 13:36:50,123 [WARN] PackLoader:240 - Cannot read IP mode file for STMicroelectronics.X-CUBE-AZRTOS-L5.2.0.0
2024-03-14 13:36:50,157 [WARN] PackLoader:240 - Cannot read IP mode file for ITTIA_DB.I-CUBE-ITTIADB.8.8.0
2024-03-14 13:36:50,182 [WARN] PackLoader:240 - Cannot read IP mode file for STMicroelectronics.X-CUBE-NFC7.1.0.1
2024-03-14 13:36:50,217 [WARN] PackLoader:240 - Cannot read IP mode file for STMicroelectronics.X-CUBE-NFC6.3.0.0
2024-03-14 13:36:50,247 [WARN] PackLoader:240 - Cannot read IP mode file for STMicroelectronics.X-CUBE-AI.8.1.0
2024-03-14 13:36:50,329 [WARN] ConditionMgr:438 - getConditionDescription Invalid condition id : LAN8742 Phy interface Condition cause : null
2024-03-14 13:36:50,330 [WARN] PackLoader:240 - Cannot read IP mode file for STMicroelectronics.X-CUBE-AZRTOS-L4.2.0.0
2024-03-14 13:36:50,333 [WARN] ConditionMgr:1039 - genDependencies : Invalid condition id : LAN8742 Phy interface Condition cause : null
2024-03-14 13:36:50,333 [WARN] ConditionMgr:1039 - genDependencies : Invalid condition id : LAN8742 Phy interface Condition cause : null
2024-03-14 13:36:50,334 [WARN] ConditionMgr:1039 - genDependencies : Invalid condition id : LAN8742 Phy interface Condition cause : null
2024-03-14 13:36:50,365 [WARN] PackLoader:240 - Cannot read IP mode file for STMicroelectronics.X-CUBE-SFXS2LP1.4.0.0
2024-03-14 13:36:50,421 [WARN] ConditionMgr:438 - getConditionDescription Invalid condition id : UX DEVICE CLASS RTOS Condition cause : null
2024-03-14 13:36:50,422 [WARN] ConditionMgr:438 - getConditionDescription Invalid condition id : UX DEVICE CLASS RTOS Condition cause : null
2024-03-14 13:36:50,427 [WARN] PackLoader:240 - Cannot read IP mode file for STMicroelectronics.X-CUBE-AZRTOS-WB.2.0.0
2024-03-14 13:36:50,427 [WARN] ConditionMgr:1039 - genDependencies : Invalid condition id : UX DEVICE CLASS RTOS Condition cause : null
2024-03-14 13:36:50,429 [WARN] ConditionMgr:1039 - genDependencies : Invalid condition id : UX DEVICE CLASS RTOS Condition cause : null
2024-03-14 13:36:50,429 [WARN] ConditionMgr:1039 - genDependencies : Invalid condition id : UX DEVICE CLASS RTOS Condition cause : null
2024-03-14 13:36:50,429 [WARN] ConditionMgr:1039 - genDependencies : Invalid condition id : UX DEVICE CLASS RTOS Condition cause : null
2024-03-14 13:36:50,429 [WARN] ConditionMgr:1039 - genDependencies : Invalid condition id : UX DEVICE CLASS RTOS Condition cause : null
2024-03-14 13:36:50,457 [WARN] PackLoader:240 - Cannot read IP mode file for STMicroelectronics.X-CUBE-SUBG2.5.0.0
2024-03-14 13:36:50,506 [WARN] PackLoader:240 - Cannot read IP mode file for STMicroelectronics.X-CUBE-AZRTOS-G4.2.0.0
2024-03-14 13:36:50,544 [WARN] PackLoader:240 - Cannot read IP mode file for Infineon.AIROC-Wi-Fi-Bluetooth-STM32.1.5.1
2024-03-14 13:36:50,575 [WARN] PackLoader:240 - Cannot read IP mode file for STMicroelectronics.FP-SNS-MOTENVWB1.1.3.1
2024-03-14 13:36:50,602 [WARN] PackLoader:240 - Cannot read IP mode file for STMicroelectronics.X-CUBE-ISPU.2.0.0
2024-03-14 13:36:50,738 [WARN] PackLoader:240 - Cannot read IP mode file for STMicroelectronics.X-CUBE-MEMS1.10.0.0
2024-03-14 13:36:51,188 [WARN] PackLoader:240 - Cannot read IP mode file for STMicroelectronics.X-CUBE-FREERTOS.1.1.0
2024-03-14 13:36:51,219 [WARN] PackLoader:240 - Cannot read IP mode file for portGmbH.I-Cube-SoM-uGOAL.1.1.0
2024-03-14 13:36:51,237 [WARN] PackLoader:240 - Cannot read IP mode file for STMicroelectronics.X-CUBE-ALS.1.0.1
2024-03-14 13:36:51,263 [WARN] PackLoader:240 - Cannot read IP mode file for STMicroelectronics.FP-ATR-ASTRA1.2.0.0
2024-03-14 13:36:51,297 [WARN] PackLoader:240 - Cannot read IP mode file for STMicroelectronics.X-CUBE-TOF1.3.4.0
2024-03-14 13:36:51,367 [WARN] PackLoader:240 - Cannot read IP mode file for STMicroelectronics.X-CUBE-TOF1.3.4.1
2024-03-14 13:36:51,482 [WARN] PackLoader:240 - Cannot read IP mode file for STMicroelectronics.X-CUBE-AZRTOS-H7.3.2.0
2024-03-14 13:36:51,494 [INFO] ThirdParty:978 - Integrity check success = true
2024-03-14 13:36:51,494 [INFO] IntegrityCheckThread:100 - exiting critical section [integrity check]
2024-03-14 13:36:51,498 [INFO] IntegrityCheckThread:103 - End integrity checks thread
2024-03-14 13:36:53,882 [INFO] WebApp:161 - Instantiating new browser for Auth
2024-03-14 13:36:54,858 [INFO] WebApp:780 - Register for checkConnection events
2024-03-14 13:36:54,858 [INFO] WebApp:414 - Apply proxy settings
2024-03-14 13:36:54,858 [INFO] WebApp:499 - Chromium requires no authentication
2024-03-14 13:36:54,866 [INFO] WebApp:442 - Direct internet connection detected
2024-03-14 13:36:55,263 [INFO] WebApp:192 - Starting web application
2024-03-14 13:36:55,263 [INFO] WebApp:544 - Web application path used C:\ST\STM32CubeIDE_1.14.1\STM32CubeIDE\plugins\com.st.stm32cube.common.mx_6.10.0.202311202037\db\plugins\mcufinder\reactClient1\index.html
2024-03-14 13:37:16,575 [ERROR] LogOutputStream:75 - [STDERR_REDIRECT] SLF4J: Failed to load class "org.slf4j.impl.StaticLoggerBinder".
2024-03-14 13:37:16,577 [ERROR] LogOutputStream:75 - [STDERR_REDIRECT] SLF4J: Defaulting to no-operation (NOP) logger implementation
2024-03-14 13:37:16,578 [ERROR] LogOutputStream:75 - [STDERR_REDIRECT] SLF4J: See http://www.slf4j.org/codes.html#StaticLoggerBinder for further details.
2024-03-14 15:05:12,004 [ERROR] LogOutputStream:75 - [STDERR_REDIRECT] 
