2024-05-31 11:10:31,508 [INFO] Activator:176 - 


2024-05-31 11:10:31,513 [INFO] Activator:177 - !SESSION log4j initialized
2024-05-31 11:10:38,398 [INFO] LogOutputStream:77 - [STDOUT_REDIRECT] 
2024-05-31 11:10:47,008 [INFO] ApplicationProperties:184 - Using Application install path: C:\ST\STM32CubeIDE_1.14.1\STM32CubeIDE\plugins\com.st.stm32cube.common.mx_6.10.0.202311202037
2024-05-31 11:10:47,030 [INFO] DbMcusXml:78 - Set database path to: C:\ST\STM32CubeIDE_1.14.1\STM32CubeIDE\plugins\com.st.stm32cube.common.mx_6.10.0.202311202037\\db\/mcu/
2024-05-31 11:10:47,031 [INFO] ApiDb:274 - Set plugin database path to: C:\ST\STM32CubeIDE_1.14.1\STM32CubeIDE\plugins\com.st.stm32cube.common.mx_6.10.0.202311202037\\db\/plugins/boardmanager/
2024-05-31 11:10:47,031 [WARN] ApiDb:259 - Overriding images path with different value:  => C:\ST\STM32CubeIDE_1.14.1\STM32CubeIDE\plugins\com.st.stm32cube.common.mx_6.10.0.202311202037\\db\/plugins/mcufinder/images/
2024-05-31 11:10:47,040 [INFO] ApiDb:250 - Set database path to: C:\Users\Maydoum\.stmcufinder\plugins\mcufinder//mcu/
2024-05-31 11:10:47,041 [INFO] DbMcusAds:125 - Set database path to: C:\Users\Maydoum\.stmcufinder\plugins\mcufinder//mcu/
2024-05-31 11:10:47,650 [INFO] CrossReferenceDbSqlite:203 - Set database path to: C:\Users\Maydoum\.stmcufinder\plugins\mcufinder//mcu/cs/
2024-05-31 11:10:47,759 [INFO] RulesReader:64 - Compatibility file has been processed (297 Rules)
2024-05-31 11:10:47,829 [INFO] DbMcusXml:78 - Set database path to: C:\ST\STM32CubeIDE_1.14.1\STM32CubeIDE\plugins\com.st.stm32cube.common.mx_6.10.0.202311202037\\db\/mcu/
2024-05-31 11:10:47,829 [INFO] ApiDb:274 - Set plugin database path to: C:\ST\STM32CubeIDE_1.14.1\STM32CubeIDE\plugins\com.st.stm32cube.common.mx_6.10.0.202311202037\\db\/plugins/boardmanager/
2024-05-31 11:10:47,830 [INFO] ApiDb:261 - Set plugin images path to: C:\ST\STM32CubeIDE_1.14.1\STM32CubeIDE\plugins\com.st.stm32cube.common.mx_6.10.0.202311202037\\db\/plugins/mcufinder/images/
2024-05-31 11:10:47,830 [WARN] DbFile:41 - Overriding database path with different value: C:\Users\Maydoum\.stmcufinder\plugins\mcufinder/ => C:\Users\Maydoum\.stmcufinder\plugins\mcufinder
2024-05-31 11:10:47,830 [INFO] ApiDb:250 - Set database path to: C:\Users\Maydoum\.stmcufinder\plugins\mcufinder//mcu/
2024-05-31 11:10:47,830 [WARN] DbFile:41 - Overriding database path with different value: C:\Users\Maydoum\.stmcufinder\plugins\mcufinder/ => C:\Users\Maydoum\.stmcufinder\plugins\mcufinder
2024-05-31 11:10:47,830 [INFO] DbMcusAds:125 - Set database path to: C:\Users\Maydoum\.stmcufinder\plugins\mcufinder//mcu/
2024-05-31 11:10:47,830 [WARN] DbFile:41 - Overriding database path with different value: C:\Users\Maydoum\.stmcufinder\plugins\mcufinder/ => C:\Users\Maydoum\.stmcufinder\plugins\mcufinder
2024-05-31 11:10:47,830 [WARN] DbFile:41 - Overriding database path with different value: C:\Users\Maydoum\.stmcufinder\plugins\mcufinder/ => C:\Users\Maydoum\.stmcufinder\plugins\mcufinder
2024-05-31 11:10:48,651 [INFO] CrossReferenceDbSqlite:203 - Set database path to: C:\Users\Maydoum\.stmcufinder\plugins\mcufinder//mcu/cs/
2024-05-31 11:10:48,732 [INFO] MainPanel:264 - HeapMemory: 268435456
2024-05-31 11:10:48,824 [INFO] DbMcusXml:78 - Set database path to: C:\ST\STM32CubeIDE_1.14.1\STM32CubeIDE\plugins\com.st.stm32cube.common.mx_6.10.0.202311202037\\db\/mcu/
2024-05-31 11:10:48,824 [INFO] ApiDb:274 - Set plugin database path to: C:\ST\STM32CubeIDE_1.14.1\STM32CubeIDE\plugins\com.st.stm32cube.common.mx_6.10.0.202311202037\\db\/plugins/boardmanager/
2024-05-31 11:10:48,824 [INFO] ApiDb:261 - Set plugin images path to: C:\ST\STM32CubeIDE_1.14.1\STM32CubeIDE\plugins\com.st.stm32cube.common.mx_6.10.0.202311202037\\db\/plugins/mcufinder/images/
2024-05-31 11:10:48,824 [WARN] DbFile:41 - Overriding database path with different value: C:\Users\Maydoum\.stmcufinder\plugins\mcufinder/ => C:\Users\Maydoum\.stmcufinder\plugins\mcufinder
2024-05-31 11:10:48,824 [INFO] ApiDb:250 - Set database path to: C:\Users\Maydoum\.stmcufinder\plugins\mcufinder//mcu/
2024-05-31 11:10:48,824 [WARN] DbFile:41 - Overriding database path with different value: C:\Users\Maydoum\.stmcufinder\plugins\mcufinder/ => C:\Users\Maydoum\.stmcufinder\plugins\mcufinder
2024-05-31 11:10:48,824 [INFO] DbMcusAds:125 - Set database path to: C:\Users\Maydoum\.stmcufinder\plugins\mcufinder//mcu/
2024-05-31 11:10:48,824 [WARN] DbFile:41 - Overriding database path with different value: C:\Users\Maydoum\.stmcufinder\plugins\mcufinder/ => C:\Users\Maydoum\.stmcufinder\plugins\mcufinder
2024-05-31 11:10:48,824 [WARN] DbFile:41 - Overriding database path with different value: C:\Users\Maydoum\.stmcufinder\plugins\mcufinder/ => C:\Users\Maydoum\.stmcufinder\plugins\mcufinder
2024-05-31 11:10:49,652 [INFO] CrossReferenceDbSqlite:203 - Set database path to: C:\Users\Maydoum\.stmcufinder\plugins\mcufinder//mcu/cs/
2024-05-31 11:10:49,683 [INFO] ApplicationProperties:184 - Using Application install path: C:\ST\STM32CubeIDE_1.14.1\STM32CubeIDE\plugins\com.st.stm32cube.common.mx_6.10.0.202311202037
2024-05-31 11:10:49,685 [INFO] PluginManage:196 - Search for loadable plugins [exclusion list=, ]
2024-05-31 11:10:49,687 [INFO] PluginManage:310 - Check plugin analytics
2024-05-31 11:10:59,109 [INFO] AnalyticsPlugin:253 - Accepted Software Licenses: 
2024-05-31 11:10:59,109 [INFO] AnalyticsPlugin:255 - Accepted CMSIS Pack Licenses: 
2024-05-31 11:10:59,110 [INFO] AnalyticsPlugin:257 - Accepted Firmware Licenses: 
2024-05-31 11:10:59,113 [INFO] PluginManage:359 - Loaded plugin analytics (category:tool,tabindex:-1)
2024-05-31 11:10:59,115 [INFO] PluginManage:310 - Check plugin cadmodel
2024-05-31 11:10:59,119 [INFO] CADModel:105 - Init CAD model plugin
2024-05-31 11:10:59,119 [INFO] PluginManage:359 - Loaded plugin cadmodel (category:power,tabindex:5)
2024-05-31 11:10:59,119 [INFO] PluginManage:310 - Check plugin clock
2024-05-31 11:10:59,130 [INFO] PluginManage:359 - Loaded plugin clock (category:base,tabindex:2)
2024-05-31 11:10:59,130 [INFO] PluginManage:310 - Check plugin ddr
2024-05-31 11:10:59,132 [INFO] PluginManage:359 - Loaded plugin ddr (category:tool,tabindex:6)
2024-05-31 11:10:59,132 [INFO] PluginManage:310 - Check plugin filemanager
2024-05-31 11:10:59,253 [INFO] PluginManage:359 - Loaded plugin filemanager (category:base,tabindex:10)
2024-05-31 11:10:59,253 [INFO] PluginManage:310 - Check plugin ipmanager
2024-05-31 11:10:59,260 [INFO] PluginManage:359 - Loaded plugin ipmanager (category:base,tabindex:5)
2024-05-31 11:10:59,260 [INFO] PluginManage:310 - Check plugin lpbam
2024-05-31 11:10:59,266 [INFO] PluginManage:359 - Loaded plugin lpbam (category:base,tabindex:0)
2024-05-31 11:10:59,267 [INFO] PluginManage:310 - Check plugin memorymap
2024-05-31 11:10:59,281 [INFO] PluginManage:359 - Loaded plugin memorymap (category:base,tabindex:4)
2024-05-31 11:10:59,281 [INFO] PluginManage:310 - Check plugin pinoutandconfiguration
2024-05-31 11:10:59,288 [INFO] PluginManage:359 - Loaded plugin pinoutandconfiguration (category:base,tabindex:1)
2024-05-31 11:10:59,288 [INFO] PluginManage:310 - Check plugin pinoutconfig
2024-05-31 11:10:59,377 [WARN] SupportedApi:132 - Cannot load RTOS API schema: s4s-elt-must-match.1: The content of 'definitions' must match (annotation?, (simpleType | complexType)?, (unique | key | keyref)*)). A problem was found starting at: attribute.
2024-05-31 11:10:59,496 [INFO] PluginManage:359 - Loaded plugin pinoutconfig (category:base,tabindex:0)
2024-05-31 11:10:59,496 [INFO] PluginManage:310 - Check plugin power
2024-05-31 11:10:59,509 [INFO] PluginManage:359 - Loaded plugin power (category:power,tabindex:4)
2024-05-31 11:10:59,509 [INFO] PluginManage:310 - Check plugin projectmanager
2024-05-31 11:10:59,523 [INFO] PluginManage:359 - Loaded plugin projectmanager (category:projectmanager,tabindex:3)
2024-05-31 11:10:59,523 [INFO] PluginManage:310 - Check plugin thirdparty
2024-05-31 11:10:59,639 [INFO] PluginManage:359 - Loaded plugin thirdparty (category:base,tabindex:-1)
2024-05-31 11:10:59,639 [WARN] IntegrityCheckThread:84 - waiting for thirdparty lock release [integrity check]
2024-05-31 11:10:59,639 [INFO] PluginManage:310 - Check plugin tools
2024-05-31 11:10:59,639 [INFO] IntegrityCheckThread:86 - entering critical section [integrity check]
2024-05-31 11:10:59,640 [INFO] ThirdPartyUpdaterWithRetryManager:70 - Updater plugin not ready yet. [1/15]
2024-05-31 11:10:59,642 [INFO] PluginManage:359 - Loaded plugin tools (category:base,tabindex:7)
2024-05-31 11:10:59,642 [INFO] PluginManage:310 - Check plugin tutovideos
2024-05-31 11:10:59,798 [INFO] PluginManage:359 - Loaded plugin tutovideos (category:base,tabindex:-1)
2024-05-31 11:10:59,798 [INFO] PluginManage:310 - Check plugin updater
2024-05-31 11:10:59,812 [INFO] PluginManage:359 - Loaded plugin updater (category:base,tabindex:12)
2024-05-31 11:10:59,812 [INFO] PluginManage:310 - Check plugin userauth
2024-05-31 11:10:59,817 [INFO] UserAuth:114 - Init User Auth plugin
2024-05-31 11:10:59,817 [INFO] PluginManage:359 - Loaded plugin userauth (category:base,tabindex:14)
2024-05-31 11:10:59,817 [INFO] PluginManage:283 - PluginManage : Loaded plugins [17]
2024-05-31 11:11:00,016 [INFO] PinOutPanel:1499 - setPackage(No Configuration,No Configuration)
2024-05-31 11:11:00,080 [INFO] CADModel:165 - CPN selected for project level
2024-05-31 11:11:00,081 [INFO] CADModel:114 - Register for checkConnection events
2024-05-31 11:11:00,095 [INFO] IPUIPlugin:80 - create IPUIPlugin
2024-05-31 11:11:00,095 [INFO] PluginManager:220 - loadIPPluginJar : add adc
2024-05-31 11:11:00,098 [INFO] IPUIPlugin:80 - create IPUIPlugin
2024-05-31 11:11:00,098 [INFO] PluginManager:220 - loadIPPluginJar : add aes
2024-05-31 11:11:00,099 [INFO] IPUIPlugin:80 - create IPUIPlugin
2024-05-31 11:11:00,099 [INFO] PluginManager:220 - loadIPPluginJar : add can
2024-05-31 11:11:00,100 [INFO] IPUIPlugin:80 - create IPUIPlugin
2024-05-31 11:11:00,102 [INFO] PluginManager:220 - loadIPPluginJar : add comp
2024-05-31 11:11:00,104 [INFO] IPUIPlugin:80 - create IPUIPlugin
2024-05-31 11:11:00,104 [INFO] PluginManager:220 - loadIPPluginJar : add cryp
2024-05-31 11:11:00,105 [INFO] IPUIPlugin:80 - create IPUIPlugin
2024-05-31 11:11:00,105 [INFO] PluginManager:220 - loadIPPluginJar : add dfsdm
2024-05-31 11:11:00,109 [INFO] IPUIPlugin:80 - create IPUIPlugin
2024-05-31 11:11:00,110 [INFO] PluginManager:220 - loadIPPluginJar : add dma
2024-05-31 11:11:00,112 [INFO] IPUIPlugin:80 - create IPUIPlugin
2024-05-31 11:11:00,112 [INFO] PluginManager:220 - loadIPPluginJar : add dma3
2024-05-31 11:11:00,113 [INFO] IPUIPlugin:80 - create IPUIPlugin
2024-05-31 11:11:00,113 [INFO] PluginManager:220 - loadIPPluginJar : add fatfs
2024-05-31 11:11:00,118 [INFO] IPUIPlugin:80 - create IPUIPlugin
2024-05-31 11:11:00,118 [INFO] PluginManager:220 - loadIPPluginJar : add fmc
2024-05-31 11:11:00,122 [INFO] IPUIPlugin:80 - create IPUIPlugin
2024-05-31 11:11:00,122 [INFO] PluginManager:220 - loadIPPluginJar : add freertos
2024-05-31 11:11:00,124 [INFO] IPUIPlugin:80 - create IPUIPlugin
2024-05-31 11:11:00,124 [INFO] PluginManager:220 - loadIPPluginJar : add genericplugin
2024-05-31 11:11:00,125 [INFO] IPUIPlugin:80 - create IPUIPlugin
2024-05-31 11:11:00,125 [INFO] PluginManager:220 - loadIPPluginJar : add gfxmmu
2024-05-31 11:11:00,129 [INFO] IPUIPlugin:80 - create IPUIPlugin
2024-05-31 11:11:00,129 [INFO] PluginManager:220 - loadIPPluginJar : add gic
2024-05-31 11:11:00,133 [INFO] IPUIPlugin:80 - create IPUIPlugin
2024-05-31 11:11:00,133 [INFO] PluginManager:220 - loadIPPluginJar : add gpio
2024-05-31 11:11:00,135 [INFO] IPUIPlugin:80 - create IPUIPlugin
2024-05-31 11:11:00,135 [INFO] PluginManager:220 - loadIPPluginJar : add gtzc
2024-05-31 11:11:00,138 [INFO] IPUIPlugin:80 - create IPUIPlugin
2024-05-31 11:11:00,138 [INFO] PluginManager:220 - loadIPPluginJar : add hash
2024-05-31 11:11:00,140 [INFO] IPUIPlugin:80 - create IPUIPlugin
2024-05-31 11:11:00,140 [INFO] PluginManager:220 - loadIPPluginJar : add i2c
2024-05-31 11:11:00,151 [INFO] IPUIPlugin:80 - create IPUIPlugin
2024-05-31 11:11:00,151 [INFO] PluginManager:220 - loadIPPluginJar : add i2s
2024-05-31 11:11:00,153 [INFO] IPUIPlugin:80 - create IPUIPlugin
2024-05-31 11:11:00,153 [INFO] PluginManager:220 - loadIPPluginJar : add i3c
2024-05-31 11:11:00,157 [INFO] IPUIPlugin:80 - create IPUIPlugin
2024-05-31 11:11:00,157 [INFO] PluginManager:220 - loadIPPluginJar : add ipddr
2024-05-31 11:11:00,163 [INFO] IPUIPlugin:80 - create IPUIPlugin
2024-05-31 11:11:00,163 [INFO] PluginManager:220 - loadIPPluginJar : add linkedlist
2024-05-31 11:11:00,165 [INFO] IPUIPlugin:80 - create IPUIPlugin
2024-05-31 11:11:00,165 [INFO] PluginManager:220 - loadIPPluginJar : add lorawan
2024-05-31 11:11:00,166 [INFO] IPUIPlugin:80 - create IPUIPlugin
2024-05-31 11:11:00,167 [INFO] PluginManager:220 - loadIPPluginJar : add ltdc
2024-05-31 11:11:00,176 [INFO] IPUIPlugin:80 - create IPUIPlugin
2024-05-31 11:11:00,176 [INFO] PluginManager:220 - loadIPPluginJar : add mdma
2024-05-31 11:11:00,180 [INFO] IPUIPlugin:80 - create IPUIPlugin
2024-05-31 11:11:00,180 [INFO] PluginManager:220 - loadIPPluginJar : add nvic
2024-05-31 11:11:00,182 [INFO] IPUIPlugin:80 - create IPUIPlugin
2024-05-31 11:11:00,182 [INFO] PluginManager:220 - loadIPPluginJar : add opamp
2024-05-31 11:11:00,184 [INFO] IPUIPlugin:80 - create IPUIPlugin
2024-05-31 11:11:00,185 [INFO] PluginManager:220 - loadIPPluginJar : add openamp
2024-05-31 11:11:00,187 [INFO] IPUIPlugin:80 - create IPUIPlugin
2024-05-31 11:11:00,187 [INFO] PluginManager:220 - loadIPPluginJar : add pdm2pcm
2024-05-31 11:11:00,193 [INFO] IPUIPlugin:80 - create IPUIPlugin
2024-05-31 11:11:00,196 [INFO] PluginManager:220 - loadIPPluginJar : add plateformsettings
2024-05-31 11:11:00,198 [INFO] IPUIPlugin:80 - create IPUIPlugin
2024-05-31 11:11:00,198 [INFO] PluginManager:220 - loadIPPluginJar : add quadspi
2024-05-31 11:11:00,201 [INFO] IPUIPlugin:80 - create IPUIPlugin
2024-05-31 11:11:00,201 [INFO] PluginManager:220 - loadIPPluginJar : add resmgrutility
2024-05-31 11:11:00,203 [INFO] IPUIPlugin:80 - create IPUIPlugin
2024-05-31 11:11:00,203 [INFO] PluginManager:220 - loadIPPluginJar : add sai
2024-05-31 11:11:00,205 [INFO] IPUIPlugin:80 - create IPUIPlugin
2024-05-31 11:11:00,205 [INFO] PluginManager:220 - loadIPPluginJar : add spi
2024-05-31 11:11:00,210 [INFO] IPUIPlugin:80 - create IPUIPlugin
2024-05-31 11:11:00,210 [INFO] PluginManager:220 - loadIPPluginJar : add stm32_wpan
2024-05-31 11:11:00,211 [INFO] IPUIPlugin:80 - create IPUIPlugin
2024-05-31 11:11:00,212 [INFO] PluginManager:220 - loadIPPluginJar : add tim
2024-05-31 11:11:00,213 [INFO] IPUIPlugin:80 - create IPUIPlugin
2024-05-31 11:11:00,213 [INFO] PluginManager:220 - loadIPPluginJar : add touchsensing
2024-05-31 11:11:00,215 [INFO] IPUIPlugin:80 - create IPUIPlugin
2024-05-31 11:11:00,215 [INFO] PluginManager:220 - loadIPPluginJar : add tracer_emb
2024-05-31 11:11:00,217 [INFO] IPUIPlugin:80 - create IPUIPlugin
2024-05-31 11:11:00,217 [INFO] PluginManager:220 - loadIPPluginJar : add ts
2024-05-31 11:11:00,218 [INFO] IPUIPlugin:80 - create IPUIPlugin
2024-05-31 11:11:00,218 [INFO] PluginManager:220 - loadIPPluginJar : add tsc
2024-05-31 11:11:00,220 [INFO] IPUIPlugin:80 - create IPUIPlugin
2024-05-31 11:11:00,220 [INFO] PluginManager:220 - loadIPPluginJar : add ucpd
2024-05-31 11:11:00,222 [INFO] IPUIPlugin:80 - create IPUIPlugin
2024-05-31 11:11:00,222 [INFO] PluginManager:220 - loadIPPluginJar : add usart
2024-05-31 11:11:00,225 [INFO] IPUIPlugin:80 - create IPUIPlugin
2024-05-31 11:11:00,225 [INFO] PluginManager:220 - loadIPPluginJar : add usbx
2024-05-31 11:11:00,351 [INFO] CADModel:165 - CPN selected for project level
2024-05-31 11:11:00,353 [INFO] CADModel:114 - Register for checkConnection events
2024-05-31 11:11:00,353 [FATAL] Updater:308 - Updater called before beeing initialized
2024-05-31 11:11:00,354 [ERROR] CADModel:125 - Updater not yet initialized, retry later 
2024-05-31 11:11:00,515 [INFO] CADModel:165 - CPN selected for project level
2024-05-31 11:11:00,516 [INFO] CADModel:114 - Register for checkConnection events
2024-05-31 11:11:00,516 [FATAL] Updater:308 - Updater called before beeing initialized
2024-05-31 11:11:00,516 [ERROR] CADModel:125 - Updater not yet initialized, retry later 
2024-05-31 11:11:00,519 [FATAL] Updater:308 - Updater called before beeing initialized
2024-05-31 11:11:00,614 [FATAL] Updater:308 - Updater called before beeing initialized
2024-05-31 11:11:00,618 [INFO] DbMcusAds:53 - JSON generation date=Thu May 16 12:22:00 EEST 2024 (1715851320852)
2024-05-31 11:11:00,618 [FATAL] Updater:308 - Updater called before beeing initialized
2024-05-31 11:11:00,653 [WARN] DetailPanel:346 - Failed to get advertising image, set to default
2024-05-31 11:11:00,728 [FATAL] Updater:308 - Updater called before beeing initialized
2024-05-31 11:11:00,730 [FATAL] Updater:308 - Updater called before beeing initialized
2024-05-31 11:11:00,730 [FATAL] Updater:308 - Updater called before beeing initialized
2024-05-31 11:11:00,730 [WARN] DetailPanel:346 - Failed to get advertising image, set to default
2024-05-31 11:11:00,731 [FATAL] Updater:308 - Updater called before beeing initialized
2024-05-31 11:11:00,786 [ERROR] Updater:1120 - MainUpdater not yet initialized. External WinMGr cannot be set.
2024-05-31 11:11:00,792 [INFO] Updater:1056 - Updater Version found : 6.10.0
2024-05-31 11:11:00,824 [INFO] ApplicationProperties:184 - Using Application install path: C:\ST\STM32CubeIDE_1.14.1\STM32CubeIDE\plugins\com.st.stm32cube.common.mx_6.10.0.202311202037
2024-05-31 11:11:02,415 [ERROR] LogOutputStream:75 - [STDERR_REDIRECT] May 31, 2024 11:11:02 AM java.util.prefs.WindowsPreferences <init>
2024-05-31 11:11:02,416 [ERROR] LogOutputStream:75 - [STDERR_REDIRECT] WARNING: Could not open/create prefs root node Software\JavaSoft\Prefs at root 0xffffffff80000002. Windows RegCreateKeyEx(...) returned error code 5.
2024-05-31 11:11:02,417 [ERROR] LogOutputStream:75 - [STDERR_REDIRECT] 
2024-05-31 11:11:02,641 [INFO] ThirdPartyUpdaterWithRetryManager:70 - Updater plugin not ready yet. [2/15]
2024-05-31 11:11:03,337 [INFO] MainUpdater:2873 - connection check result : 10
2024-05-31 11:11:03,337 [INFO] MainUpdater:290 - Updater Check For Update Now.
2024-05-31 11:11:03,338 [INFO] MicroXplorer:498 - Change Database Version : DB.6.0.100
2024-05-31 11:11:03,344 [INFO] McuFinderGlobals:63 - Set McuFinder mode to 2 (CubeIDE integrated)
2024-05-31 11:11:03,535 [INFO] CheckServerUpdateThread:120 - End of CheckServer Thread
2024-05-31 11:11:05,791 [WARN] PackLoader:240 - Cannot read IP mode file for STMicroelectronics.FP-SNS-MOTENVWB1.1.4.0
2024-05-31 11:11:05,799 [WARN] PackLoader:240 - Cannot read IP mode file for STMicroelectronics.X-CUBE-SMBUS.2.1.0
2024-05-31 11:11:05,804 [WARN] PackLoader:240 - Cannot read IP mode file for STMicroelectronics.X-CUBE-TOUCHGFX.4.23.1
2024-05-31 11:11:05,806 [WARN] PackLoader:240 - Cannot read IP mode file for STMicroelectronics.X-CUBE-TOUCHGFX.4.23.0
2024-05-31 11:11:05,809 [WARN] PackLoader:240 - Cannot read IP mode file for STMicroelectronics.X-CUBE-TOUCHGFX.4.23.2
2024-05-31 11:11:05,841 [WARN] PackLoader:240 - Cannot read IP mode file for STMicroelectronics.X-CUBE-AZRTOS-F7.1.1.0
2024-05-31 11:11:05,848 [WARN] PackLoader:240 - Cannot read IP mode file for STMicroelectronics.FP-SNS-MOTENV1.4.3.2
2024-05-31 11:11:05,855 [WARN] PackLoader:240 - Cannot read IP mode file for STMicroelectronics.FP-SNS-FLIGHT1.5.0.2
2024-05-31 11:11:05,860 [INFO] UserAuth:404 - Internet connection configuration mode: 1
2024-05-31 11:11:05,863 [WARN] PackLoader:240 - Cannot read IP mode file for STMicroelectronics.X-CUBE-DISPLAY.3.0.0
2024-05-31 11:11:05,874 [WARN] PackLoader:240 - Cannot read IP mode file for STMicroelectronics.X-CUBE-BLE1.7.0.0
2024-05-31 11:11:05,879 [WARN] PackLoader:240 - Cannot read IP mode file for emotas.I-CUBE-CANOPEN.1.3.0
2024-05-31 11:11:05,879 [INFO] JxBrowserEngine:152 - Initiate JxBrowser Engine with user profile folder
2024-05-31 11:11:05,888 [WARN] PackLoader:240 - Cannot read IP mode file for STMicroelectronics.X-CUBE-BLEMGR.3.1.0
2024-05-31 11:11:05,894 [WARN] PackLoader:240 - Cannot read IP mode file for STMicroelectronics.FP-SNS-SMARTAG2.1.2.0
2024-05-31 11:11:05,904 [INFO] LogOutputStream:77 - [STDOUT_REDIRECT] 1 : Invalid condition id : UX_CORESTACK_Condition cause : null
2024-05-31 11:11:05,905 [INFO] LogOutputStream:77 - [STDOUT_REDIRECT] 1 : Invalid condition id : UX_CORESTACK_Condition cause : null
2024-05-31 11:11:05,906 [INFO] LogOutputStream:77 - [STDOUT_REDIRECT] 1 : Invalid condition id : UX_CORESTACK_Condition cause : null
2024-05-31 11:11:05,907 [INFO] LogOutputStream:77 - [STDOUT_REDIRECT] 1 : Invalid condition id : UX_CORESTACK_Condition cause : null
2024-05-31 11:11:05,909 [INFO] LogOutputStream:77 - [STDOUT_REDIRECT] 1 : Invalid condition id : UX_CORESTACK_Condition cause : null
2024-05-31 11:11:05,913 [WARN] PackLoader:240 - Cannot read IP mode file for STMicroelectronics.X-CUBE-AZRTOS-WL.2.0.0
2024-05-31 11:11:05,917 [WARN] PackLoader:240 - Cannot read IP mode file for STMicroelectronics.FP-SNS-MOTENV1.5.0.0
2024-05-31 11:11:05,926 [WARN] PackLoader:240 - Cannot read IP mode file for WES.I-CUBE-Cesium.1.3.0
2024-05-31 11:11:05,930 [WARN] PackLoader:240 - Cannot read IP mode file for STMicroelectronics.X-CUBE-BLE2.3.3.0
2024-05-31 11:11:05,936 [WARN] PackLoader:240 - Cannot read IP mode file for STMicroelectronics.X-CUBE-TCPP.4.1.0
2024-05-31 11:11:05,943 [WARN] PackLoader:240 - Cannot read IP mode file for STMicroelectronics.X-CUBE-ALGOBUILD.1.3.0
2024-05-31 11:11:05,958 [WARN] PackLoader:240 - Cannot read IP mode file for STMicroelectronics.X-CUBE-AZRTOS-G0.1.1.0
2024-05-31 11:11:05,966 [WARN] PackLoader:240 - Cannot read IP mode file for STMicroelectronics.X-CUBE-SAFEA1.1.2.2
2024-05-31 11:11:05,977 [WARN] PackLoader:240 - Cannot read IP mode file for STMicroelectronics.X-CUBE-NFC4.3.0.0
2024-05-31 11:11:05,986 [WARN] PackLoader:240 - Cannot read IP mode file for STMicroelectronics.X-CUBE-BLEMGR.3.0.0
2024-05-31 11:11:05,994 [WARN] PackLoader:240 - Cannot read IP mode file for STMicroelectronics.FP-ATR-SIGFOX1.3.2.0
2024-05-31 11:11:06,000 [WARN] PackLoader:240 - Cannot read IP mode file for STMicroelectronics.X-CUBE-EEPRMA1.5.1.0
2024-05-31 11:11:06,052 [WARN] PackLoader:240 - Cannot read IP mode file for SEGGER.I-CUBE-embOS.1.3.1
2024-05-31 11:11:06,103 [WARN] PackLoader:240 - Cannot read IP mode file for STMicroelectronics.X-CUBE-ALGOBUILD.1.4.0
2024-05-31 11:11:06,109 [WARN] PackLoader:240 - Cannot read IP mode file for STMicroelectronics.X-CUBE-GNSS1.6.0.0
2024-05-31 11:11:06,122 [WARN] PackLoader:240 - Cannot read IP mode file for STMicroelectronics.X-CUBE-AZRTOS-F4.1.1.0
2024-05-31 11:11:06,129 [WARN] PackLoader:240 - Cannot read IP mode file for STMicroelectronics.X-CUBE-FREERTOS.1.2.0
2024-05-31 11:11:06,134 [WARN] PackLoader:240 - Cannot read IP mode file for wolfSSL.I-CUBE-wolfSSL.5.6.6
2024-05-31 11:11:06,148 [WARN] PackLoader:240 - Cannot read IP mode file for STMicroelectronics.X-CUBE-AZRTOS-L5.2.0.0
2024-05-31 11:11:06,157 [WARN] PackLoader:240 - Cannot read IP mode file for STMicroelectronics.X-CUBE-NFC6.3.1.0
2024-05-31 11:11:06,164 [WARN] PackLoader:240 - Cannot read IP mode file for ITTIA_DB.I-CUBE-ITTIADB.8.8.0
2024-05-31 11:11:06,167 [WARN] PackLoader:240 - Cannot read IP mode file for STMicroelectronics.X-CUBE-AI.9.0.0
2024-05-31 11:11:06,171 [WARN] PackLoader:240 - Cannot read IP mode file for STMicroelectronics.X-CUBE-NFC7.1.0.1
2024-05-31 11:11:06,176 [WARN] PackLoader:240 - Cannot read IP mode file for STMicroelectronics.X-CUBE-NFC6.3.0.0
2024-05-31 11:11:06,180 [WARN] PackLoader:240 - Cannot read IP mode file for STMicroelectronics.X-CUBE-AI.8.1.0
2024-05-31 11:11:06,192 [WARN] ConditionMgr:438 - getConditionDescription Invalid condition id : LAN8742 Phy interface Condition cause : null
2024-05-31 11:11:06,196 [WARN] PackLoader:240 - Cannot read IP mode file for STMicroelectronics.X-CUBE-AZRTOS-L4.2.0.0
2024-05-31 11:11:06,197 [WARN] ConditionMgr:1039 - genDependencies : Invalid condition id : LAN8742 Phy interface Condition cause : null
2024-05-31 11:11:06,198 [WARN] ConditionMgr:1039 - genDependencies : Invalid condition id : LAN8742 Phy interface Condition cause : null
2024-05-31 11:11:06,198 [WARN] ConditionMgr:1039 - genDependencies : Invalid condition id : LAN8742 Phy interface Condition cause : null
2024-05-31 11:11:06,210 [WARN] PackLoader:240 - Cannot read IP mode file for STMicroelectronics.X-CUBE-SFXS2LP1.4.0.0
2024-05-31 11:11:06,220 [WARN] ConditionMgr:438 - getConditionDescription Invalid condition id : UX DEVICE CLASS RTOS Condition cause : null
2024-05-31 11:11:06,220 [WARN] ConditionMgr:438 - getConditionDescription Invalid condition id : UX DEVICE CLASS RTOS Condition cause : null
2024-05-31 11:11:06,222 [WARN] PackLoader:240 - Cannot read IP mode file for STMicroelectronics.X-CUBE-AZRTOS-WB.2.0.0
2024-05-31 11:11:06,222 [WARN] ConditionMgr:1039 - genDependencies : Invalid condition id : UX DEVICE CLASS RTOS Condition cause : null
2024-05-31 11:11:06,222 [WARN] ConditionMgr:1039 - genDependencies : Invalid condition id : UX DEVICE CLASS RTOS Condition cause : null
2024-05-31 11:11:06,223 [WARN] ConditionMgr:1039 - genDependencies : Invalid condition id : UX DEVICE CLASS RTOS Condition cause : null
2024-05-31 11:11:06,223 [WARN] ConditionMgr:1039 - genDependencies : Invalid condition id : UX DEVICE CLASS RTOS Condition cause : null
2024-05-31 11:11:06,223 [WARN] ConditionMgr:1039 - genDependencies : Invalid condition id : UX DEVICE CLASS RTOS Condition cause : null
2024-05-31 11:11:06,231 [WARN] PackLoader:240 - Cannot read IP mode file for STMicroelectronics.X-CUBE-SUBG2.5.0.0
2024-05-31 11:11:06,238 [WARN] PackLoader:240 - Cannot read IP mode file for Cesanta.I-CUBE-Mongoose.7.13.0
2024-05-31 11:11:06,248 [WARN] PackLoader:240 - Cannot read IP mode file for STMicroelectronics.X-CUBE-AZRTOS-G4.2.0.0
2024-05-31 11:11:06,258 [WARN] PackLoader:240 - Cannot read IP mode file for Infineon.AIROC-Wi-Fi-Bluetooth-STM32.1.5.1
2024-05-31 11:11:06,264 [WARN] PackLoader:240 - Cannot read IP mode file for STMicroelectronics.FP-SNS-MOTENVWB1.1.3.1
2024-05-31 11:11:06,267 [WARN] PackLoader:240 - Cannot read IP mode file for STMicroelectronics.X-CUBE-ISPU.2.0.0
2024-05-31 11:11:06,271 [WARN] PackLoader:240 - Cannot read IP mode file for STMicroelectronics.X-CUBE-ALS.1.0.2
2024-05-31 11:11:06,296 [WARN] PackLoader:240 - Cannot read IP mode file for STMicroelectronics.X-CUBE-MEMS1.10.0.0
2024-05-31 11:11:06,412 [WARN] PackLoader:240 - Cannot read IP mode file for STMicroelectronics.X-CUBE-FREERTOS.1.1.0
2024-05-31 11:11:06,418 [WARN] PackLoader:240 - Cannot read IP mode file for portGmbH.I-Cube-SoM-uGOAL.1.1.0
2024-05-31 11:11:06,423 [WARN] PackLoader:240 - Cannot read IP mode file for STMicroelectronics.X-CUBE-ALS.1.0.1
2024-05-31 11:11:06,437 [WARN] PackLoader:240 - Cannot read IP mode file for STMicroelectronics.X-CUBE-AZRTOS-H7RS.1.0.0
2024-05-31 11:11:06,443 [WARN] PackLoader:240 - Cannot read IP mode file for STMicroelectronics.FP-ATR-ASTRA1.2.0.0
2024-05-31 11:11:06,452 [WARN] PackLoader:240 - Cannot read IP mode file for STMicroelectronics.X-CUBE-TOF1.3.4.0
2024-05-31 11:11:06,486 [WARN] PackLoader:240 - Cannot read IP mode file for STMicroelectronics.X-CUBE-TOF1.3.4.1
2024-05-31 11:11:06,521 [WARN] PackLoader:240 - Cannot read IP mode file for STMicroelectronics.X-CUBE-AZRTOS-H7.3.2.0
2024-05-31 11:11:06,524 [INFO] ThirdParty:978 - Integrity check success = true
2024-05-31 11:11:06,524 [INFO] IntegrityCheckThread:100 - exiting critical section [integrity check]
2024-05-31 11:11:06,524 [INFO] IntegrityCheckThread:103 - End integrity checks thread
2024-05-31 11:11:07,475 [INFO] WebApp:161 - Instantiating new browser for Auth
2024-05-31 11:11:08,006 [INFO] WebApp:780 - Register for checkConnection events
2024-05-31 11:11:08,006 [INFO] WebApp:414 - Apply proxy settings
2024-05-31 11:11:08,006 [INFO] WebApp:499 - Chromium requires no authentication
2024-05-31 11:11:08,014 [INFO] WebApp:442 - Direct internet connection detected
2024-05-31 11:11:08,173 [INFO] WebApp:192 - Starting web application
2024-05-31 11:11:08,174 [INFO] WebApp:544 - Web application path used C:\ST\STM32CubeIDE_1.14.1\STM32CubeIDE\plugins\com.st.stm32cube.common.mx_6.10.0.202311202037\db\plugins\mcufinder\reactClient1\index.html
2024-05-31 11:11:28,766 [ERROR] LogOutputStream:75 - [STDERR_REDIRECT] SLF4J: Failed to load class "org.slf4j.impl.StaticLoggerBinder".
2024-05-31 11:11:28,767 [ERROR] LogOutputStream:75 - [STDERR_REDIRECT] SLF4J: Defaulting to no-operation (NOP) logger implementation
2024-05-31 11:11:28,768 [ERROR] LogOutputStream:75 - [STDERR_REDIRECT] SLF4J: See http://www.slf4j.org/codes.html#StaticLoggerBinder for further details.
2024-05-31 11:28:16,629 [ERROR] ConfigurationRetriever:142 - IOException on connection: Connect timed out
2024-05-31 11:28:20,837 [ERROR] AdobePublisher:162 - Exception while opening the connection: java.net.SocketTimeoutException: Connect timed out
2024-05-31 11:30:04,408 [ERROR] ConfigurationRetriever:142 - IOException on connection: Read timed out
2024-05-31 11:34:04,193 [ERROR] AdobePublisher:162 - Exception while opening the connection: java.net.SocketTimeoutException: Read timed out
2024-05-31 11:35:34,001 [ERROR] ConfigurationRetriever:142 - IOException on connection: Read timed out
2024-05-31 12:03:05,260 [ERROR] ConfigurationRetriever:142 - IOException on connection: Connect timed out
2024-05-31 12:03:10,771 [ERROR] LogOutputStream:75 - [STDERR_REDIRECT] 
2024-05-31 12:03:10,772 [ERROR] LogOutputStream:75 - [STDERR_REDIRECT] 
