2024-05-30 12:56:46,583 [INFO] Activator:176 - 


2024-05-30 12:56:46,590 [INFO] Activator:177 - !SESSION log4j initialized
2024-05-30 12:56:52,444 [INFO] LogOutputStream:77 - [STDOUT_REDIRECT] 
2024-05-30 12:57:02,173 [INFO] ApplicationProperties:184 - Using Application install path: C:\ST\STM32CubeIDE_1.14.1\STM32CubeIDE\plugins\com.st.stm32cube.common.mx_6.10.0.202311202037
2024-05-30 12:57:02,192 [INFO] DbMcusXml:78 - Set database path to: C:\ST\STM32CubeIDE_1.14.1\STM32CubeIDE\plugins\com.st.stm32cube.common.mx_6.10.0.202311202037\\db\/mcu/
2024-05-30 12:57:02,192 [INFO] ApiDb:274 - Set plugin database path to: C:\ST\STM32CubeIDE_1.14.1\STM32CubeIDE\plugins\com.st.stm32cube.common.mx_6.10.0.202311202037\\db\/plugins/boardmanager/
2024-05-30 12:57:02,192 [WARN] ApiDb:259 - Overriding images path with different value:  => C:\ST\STM32CubeIDE_1.14.1\STM32CubeIDE\plugins\com.st.stm32cube.common.mx_6.10.0.202311202037\\db\/plugins/mcufinder/images/
2024-05-30 12:57:02,200 [INFO] ApiDb:250 - Set database path to: C:\Users\Maydoum\.stmcufinder\plugins\mcufinder//mcu/
2024-05-30 12:57:02,201 [INFO] DbMcusAds:125 - Set database path to: C:\Users\Maydoum\.stmcufinder\plugins\mcufinder//mcu/
2024-05-30 12:57:02,924 [INFO] CrossReferenceDbSqlite:203 - Set database path to: C:\Users\Maydoum\.stmcufinder\plugins\mcufinder//mcu/cs/
2024-05-30 12:57:03,043 [INFO] RulesReader:64 - Compatibility file has been processed (297 Rules)
2024-05-30 12:57:03,119 [INFO] DbMcusXml:78 - Set database path to: C:\ST\STM32CubeIDE_1.14.1\STM32CubeIDE\plugins\com.st.stm32cube.common.mx_6.10.0.202311202037\\db\/mcu/
2024-05-30 12:57:03,119 [INFO] ApiDb:274 - Set plugin database path to: C:\ST\STM32CubeIDE_1.14.1\STM32CubeIDE\plugins\com.st.stm32cube.common.mx_6.10.0.202311202037\\db\/plugins/boardmanager/
2024-05-30 12:57:03,119 [INFO] ApiDb:261 - Set plugin images path to: C:\ST\STM32CubeIDE_1.14.1\STM32CubeIDE\plugins\com.st.stm32cube.common.mx_6.10.0.202311202037\\db\/plugins/mcufinder/images/
2024-05-30 12:57:03,119 [WARN] DbFile:41 - Overriding database path with different value: C:\Users\Maydoum\.stmcufinder\plugins\mcufinder/ => C:\Users\Maydoum\.stmcufinder\plugins\mcufinder
2024-05-30 12:57:03,119 [INFO] ApiDb:250 - Set database path to: C:\Users\Maydoum\.stmcufinder\plugins\mcufinder//mcu/
2024-05-30 12:57:03,119 [WARN] DbFile:41 - Overriding database path with different value: C:\Users\Maydoum\.stmcufinder\plugins\mcufinder/ => C:\Users\Maydoum\.stmcufinder\plugins\mcufinder
2024-05-30 12:57:03,120 [INFO] DbMcusAds:125 - Set database path to: C:\Users\Maydoum\.stmcufinder\plugins\mcufinder//mcu/
2024-05-30 12:57:03,120 [WARN] DbFile:41 - Overriding database path with different value: C:\Users\Maydoum\.stmcufinder\plugins\mcufinder/ => C:\Users\Maydoum\.stmcufinder\plugins\mcufinder
2024-05-30 12:57:03,120 [WARN] DbFile:41 - Overriding database path with different value: C:\Users\Maydoum\.stmcufinder\plugins\mcufinder/ => C:\Users\Maydoum\.stmcufinder\plugins\mcufinder
2024-05-30 12:57:03,915 [INFO] CrossReferenceDbSqlite:203 - Set database path to: C:\Users\Maydoum\.stmcufinder\plugins\mcufinder//mcu/cs/
2024-05-30 12:57:03,995 [INFO] MainPanel:264 - HeapMemory: 268435456
2024-05-30 12:57:04,096 [INFO] DbMcusXml:78 - Set database path to: C:\ST\STM32CubeIDE_1.14.1\STM32CubeIDE\plugins\com.st.stm32cube.common.mx_6.10.0.202311202037\\db\/mcu/
2024-05-30 12:57:04,096 [INFO] ApiDb:274 - Set plugin database path to: C:\ST\STM32CubeIDE_1.14.1\STM32CubeIDE\plugins\com.st.stm32cube.common.mx_6.10.0.202311202037\\db\/plugins/boardmanager/
2024-05-30 12:57:04,096 [INFO] ApiDb:261 - Set plugin images path to: C:\ST\STM32CubeIDE_1.14.1\STM32CubeIDE\plugins\com.st.stm32cube.common.mx_6.10.0.202311202037\\db\/plugins/mcufinder/images/
2024-05-30 12:57:04,097 [WARN] DbFile:41 - Overriding database path with different value: C:\Users\Maydoum\.stmcufinder\plugins\mcufinder/ => C:\Users\Maydoum\.stmcufinder\plugins\mcufinder
2024-05-30 12:57:04,097 [INFO] ApiDb:250 - Set database path to: C:\Users\Maydoum\.stmcufinder\plugins\mcufinder//mcu/
2024-05-30 12:57:04,097 [WARN] DbFile:41 - Overriding database path with different value: C:\Users\Maydoum\.stmcufinder\plugins\mcufinder/ => C:\Users\Maydoum\.stmcufinder\plugins\mcufinder
2024-05-30 12:57:04,097 [INFO] DbMcusAds:125 - Set database path to: C:\Users\Maydoum\.stmcufinder\plugins\mcufinder//mcu/
2024-05-30 12:57:04,097 [WARN] DbFile:41 - Overriding database path with different value: C:\Users\Maydoum\.stmcufinder\plugins\mcufinder/ => C:\Users\Maydoum\.stmcufinder\plugins\mcufinder
2024-05-30 12:57:04,097 [WARN] DbFile:41 - Overriding database path with different value: C:\Users\Maydoum\.stmcufinder\plugins\mcufinder/ => C:\Users\Maydoum\.stmcufinder\plugins\mcufinder
2024-05-30 12:57:04,912 [INFO] CrossReferenceDbSqlite:203 - Set database path to: C:\Users\Maydoum\.stmcufinder\plugins\mcufinder//mcu/cs/
2024-05-30 12:57:04,937 [INFO] ApplicationProperties:184 - Using Application install path: C:\ST\STM32CubeIDE_1.14.1\STM32CubeIDE\plugins\com.st.stm32cube.common.mx_6.10.0.202311202037
2024-05-30 12:57:04,939 [INFO] PluginManage:196 - Search for loadable plugins [exclusion list=, ]
2024-05-30 12:57:04,940 [INFO] PluginManage:310 - Check plugin analytics
2024-05-30 12:57:11,143 [INFO] AnalyticsPlugin:253 - Accepted Software Licenses: 
2024-05-30 12:57:11,143 [INFO] AnalyticsPlugin:255 - Accepted CMSIS Pack Licenses: 
2024-05-30 12:57:11,144 [INFO] AnalyticsPlugin:257 - Accepted Firmware Licenses: 
2024-05-30 12:57:11,147 [INFO] PluginManage:359 - Loaded plugin analytics (category:tool,tabindex:-1)
2024-05-30 12:57:11,147 [INFO] PluginManage:310 - Check plugin cadmodel
2024-05-30 12:57:11,151 [INFO] CADModel:105 - Init CAD model plugin
2024-05-30 12:57:11,151 [INFO] PluginManage:359 - Loaded plugin cadmodel (category:power,tabindex:5)
2024-05-30 12:57:11,152 [INFO] PluginManage:310 - Check plugin clock
2024-05-30 12:57:11,164 [INFO] PluginManage:359 - Loaded plugin clock (category:base,tabindex:2)
2024-05-30 12:57:11,164 [INFO] PluginManage:310 - Check plugin ddr
2024-05-30 12:57:11,166 [INFO] PluginManage:359 - Loaded plugin ddr (category:tool,tabindex:6)
2024-05-30 12:57:11,166 [INFO] PluginManage:310 - Check plugin filemanager
2024-05-30 12:57:11,300 [INFO] PluginManage:359 - Loaded plugin filemanager (category:base,tabindex:10)
2024-05-30 12:57:11,300 [INFO] PluginManage:310 - Check plugin ipmanager
2024-05-30 12:57:11,306 [INFO] PluginManage:359 - Loaded plugin ipmanager (category:base,tabindex:5)
2024-05-30 12:57:11,306 [INFO] PluginManage:310 - Check plugin lpbam
2024-05-30 12:57:11,314 [INFO] PluginManage:359 - Loaded plugin lpbam (category:base,tabindex:0)
2024-05-30 12:57:11,314 [INFO] PluginManage:310 - Check plugin memorymap
2024-05-30 12:57:11,327 [INFO] PluginManage:359 - Loaded plugin memorymap (category:base,tabindex:4)
2024-05-30 12:57:11,327 [INFO] PluginManage:310 - Check plugin pinoutandconfiguration
2024-05-30 12:57:11,333 [INFO] PluginManage:359 - Loaded plugin pinoutandconfiguration (category:base,tabindex:1)
2024-05-30 12:57:11,333 [INFO] PluginManage:310 - Check plugin pinoutconfig
2024-05-30 12:57:11,413 [WARN] SupportedApi:132 - Cannot load RTOS API schema: s4s-elt-must-match.1: The content of 'definitions' must match (annotation?, (simpleType | complexType)?, (unique | key | keyref)*)). A problem was found starting at: attribute.
2024-05-30 12:57:11,553 [INFO] PluginManage:359 - Loaded plugin pinoutconfig (category:base,tabindex:0)
2024-05-30 12:57:11,554 [INFO] PluginManage:310 - Check plugin power
2024-05-30 12:57:11,565 [INFO] PluginManage:359 - Loaded plugin power (category:power,tabindex:4)
2024-05-30 12:57:11,565 [INFO] PluginManage:310 - Check plugin projectmanager
2024-05-30 12:57:11,583 [INFO] PluginManage:359 - Loaded plugin projectmanager (category:projectmanager,tabindex:3)
2024-05-30 12:57:11,583 [INFO] PluginManage:310 - Check plugin thirdparty
2024-05-30 12:57:11,717 [WARN] IntegrityCheckThread:84 - waiting for thirdparty lock release [integrity check]
2024-05-30 12:57:11,717 [INFO] IntegrityCheckThread:86 - entering critical section [integrity check]
2024-05-30 12:57:11,717 [INFO] PluginManage:359 - Loaded plugin thirdparty (category:base,tabindex:-1)
2024-05-30 12:57:11,718 [INFO] PluginManage:310 - Check plugin tools
2024-05-30 12:57:11,718 [INFO] ThirdPartyUpdaterWithRetryManager:70 - Updater plugin not ready yet. [1/15]
2024-05-30 12:57:11,721 [INFO] PluginManage:359 - Loaded plugin tools (category:base,tabindex:7)
2024-05-30 12:57:11,721 [INFO] PluginManage:310 - Check plugin tutovideos
2024-05-30 12:57:11,898 [INFO] PluginManage:359 - Loaded plugin tutovideos (category:base,tabindex:-1)
2024-05-30 12:57:11,898 [INFO] PluginManage:310 - Check plugin updater
2024-05-30 12:57:11,908 [INFO] PluginManage:359 - Loaded plugin updater (category:base,tabindex:12)
2024-05-30 12:57:11,908 [INFO] PluginManage:310 - Check plugin userauth
2024-05-30 12:57:11,914 [INFO] UserAuth:114 - Init User Auth plugin
2024-05-30 12:57:11,914 [INFO] PluginManage:359 - Loaded plugin userauth (category:base,tabindex:14)
2024-05-30 12:57:11,914 [INFO] PluginManage:283 - PluginManage : Loaded plugins [17]
2024-05-30 12:57:12,102 [INFO] PinOutPanel:1499 - setPackage(No Configuration,No Configuration)
2024-05-30 12:57:12,170 [INFO] CADModel:165 - CPN selected for project level
2024-05-30 12:57:12,170 [INFO] CADModel:114 - Register for checkConnection events
2024-05-30 12:57:12,185 [INFO] IPUIPlugin:80 - create IPUIPlugin
2024-05-30 12:57:12,185 [INFO] PluginManager:220 - loadIPPluginJar : add adc
2024-05-30 12:57:12,188 [INFO] IPUIPlugin:80 - create IPUIPlugin
2024-05-30 12:57:12,188 [INFO] PluginManager:220 - loadIPPluginJar : add aes
2024-05-30 12:57:12,190 [INFO] IPUIPlugin:80 - create IPUIPlugin
2024-05-30 12:57:12,190 [INFO] PluginManager:220 - loadIPPluginJar : add can
2024-05-30 12:57:12,191 [INFO] IPUIPlugin:80 - create IPUIPlugin
2024-05-30 12:57:12,191 [INFO] PluginManager:220 - loadIPPluginJar : add comp
2024-05-30 12:57:12,193 [INFO] IPUIPlugin:80 - create IPUIPlugin
2024-05-30 12:57:12,194 [INFO] PluginManager:220 - loadIPPluginJar : add cryp
2024-05-30 12:57:12,197 [INFO] IPUIPlugin:80 - create IPUIPlugin
2024-05-30 12:57:12,197 [INFO] PluginManager:220 - loadIPPluginJar : add dfsdm
2024-05-30 12:57:12,204 [INFO] IPUIPlugin:80 - create IPUIPlugin
2024-05-30 12:57:12,204 [INFO] PluginManager:220 - loadIPPluginJar : add dma
2024-05-30 12:57:12,206 [INFO] IPUIPlugin:80 - create IPUIPlugin
2024-05-30 12:57:12,206 [INFO] PluginManager:220 - loadIPPluginJar : add dma3
2024-05-30 12:57:12,207 [INFO] IPUIPlugin:80 - create IPUIPlugin
2024-05-30 12:57:12,207 [INFO] PluginManager:220 - loadIPPluginJar : add fatfs
2024-05-30 12:57:12,211 [INFO] IPUIPlugin:80 - create IPUIPlugin
2024-05-30 12:57:12,211 [INFO] PluginManager:220 - loadIPPluginJar : add fmc
2024-05-30 12:57:12,218 [INFO] IPUIPlugin:80 - create IPUIPlugin
2024-05-30 12:57:12,218 [INFO] PluginManager:220 - loadIPPluginJar : add freertos
2024-05-30 12:57:12,220 [INFO] IPUIPlugin:80 - create IPUIPlugin
2024-05-30 12:57:12,220 [INFO] PluginManager:220 - loadIPPluginJar : add genericplugin
2024-05-30 12:57:12,222 [INFO] IPUIPlugin:80 - create IPUIPlugin
2024-05-30 12:57:12,222 [INFO] PluginManager:220 - loadIPPluginJar : add gfxmmu
2024-05-30 12:57:12,226 [INFO] IPUIPlugin:80 - create IPUIPlugin
2024-05-30 12:57:12,226 [INFO] PluginManager:220 - loadIPPluginJar : add gic
2024-05-30 12:57:12,230 [INFO] IPUIPlugin:80 - create IPUIPlugin
2024-05-30 12:57:12,230 [INFO] PluginManager:220 - loadIPPluginJar : add gpio
2024-05-30 12:57:12,233 [INFO] IPUIPlugin:80 - create IPUIPlugin
2024-05-30 12:57:12,233 [INFO] PluginManager:220 - loadIPPluginJar : add gtzc
2024-05-30 12:57:12,235 [INFO] IPUIPlugin:80 - create IPUIPlugin
2024-05-30 12:57:12,235 [INFO] PluginManager:220 - loadIPPluginJar : add hash
2024-05-30 12:57:12,238 [INFO] IPUIPlugin:80 - create IPUIPlugin
2024-05-30 12:57:12,238 [INFO] PluginManager:220 - loadIPPluginJar : add i2c
2024-05-30 12:57:12,241 [INFO] IPUIPlugin:80 - create IPUIPlugin
2024-05-30 12:57:12,241 [INFO] PluginManager:220 - loadIPPluginJar : add i2s
2024-05-30 12:57:12,243 [INFO] IPUIPlugin:80 - create IPUIPlugin
2024-05-30 12:57:12,243 [INFO] PluginManager:220 - loadIPPluginJar : add i3c
2024-05-30 12:57:12,247 [INFO] IPUIPlugin:80 - create IPUIPlugin
2024-05-30 12:57:12,247 [INFO] PluginManager:220 - loadIPPluginJar : add ipddr
2024-05-30 12:57:12,256 [INFO] IPUIPlugin:80 - create IPUIPlugin
2024-05-30 12:57:12,256 [INFO] PluginManager:220 - loadIPPluginJar : add linkedlist
2024-05-30 12:57:12,259 [INFO] IPUIPlugin:80 - create IPUIPlugin
2024-05-30 12:57:12,259 [INFO] PluginManager:220 - loadIPPluginJar : add lorawan
2024-05-30 12:57:12,260 [INFO] IPUIPlugin:80 - create IPUIPlugin
2024-05-30 12:57:12,260 [INFO] PluginManager:220 - loadIPPluginJar : add ltdc
2024-05-30 12:57:12,266 [INFO] IPUIPlugin:80 - create IPUIPlugin
2024-05-30 12:57:12,266 [INFO] PluginManager:220 - loadIPPluginJar : add mdma
2024-05-30 12:57:12,270 [INFO] IPUIPlugin:80 - create IPUIPlugin
2024-05-30 12:57:12,270 [INFO] PluginManager:220 - loadIPPluginJar : add nvic
2024-05-30 12:57:12,273 [INFO] IPUIPlugin:80 - create IPUIPlugin
2024-05-30 12:57:12,273 [INFO] PluginManager:220 - loadIPPluginJar : add opamp
2024-05-30 12:57:12,276 [INFO] IPUIPlugin:80 - create IPUIPlugin
2024-05-30 12:57:12,277 [INFO] PluginManager:220 - loadIPPluginJar : add openamp
2024-05-30 12:57:12,281 [INFO] IPUIPlugin:80 - create IPUIPlugin
2024-05-30 12:57:12,281 [INFO] PluginManager:220 - loadIPPluginJar : add pdm2pcm
2024-05-30 12:57:12,286 [INFO] IPUIPlugin:80 - create IPUIPlugin
2024-05-30 12:57:12,288 [INFO] PluginManager:220 - loadIPPluginJar : add plateformsettings
2024-05-30 12:57:12,289 [INFO] IPUIPlugin:80 - create IPUIPlugin
2024-05-30 12:57:12,289 [INFO] PluginManager:220 - loadIPPluginJar : add quadspi
2024-05-30 12:57:12,293 [INFO] IPUIPlugin:80 - create IPUIPlugin
2024-05-30 12:57:12,293 [INFO] PluginManager:220 - loadIPPluginJar : add resmgrutility
2024-05-30 12:57:12,297 [INFO] IPUIPlugin:80 - create IPUIPlugin
2024-05-30 12:57:12,297 [INFO] PluginManager:220 - loadIPPluginJar : add sai
2024-05-30 12:57:12,299 [INFO] IPUIPlugin:80 - create IPUIPlugin
2024-05-30 12:57:12,299 [INFO] PluginManager:220 - loadIPPluginJar : add spi
2024-05-30 12:57:12,304 [INFO] IPUIPlugin:80 - create IPUIPlugin
2024-05-30 12:57:12,304 [INFO] PluginManager:220 - loadIPPluginJar : add stm32_wpan
2024-05-30 12:57:12,306 [INFO] IPUIPlugin:80 - create IPUIPlugin
2024-05-30 12:57:12,306 [INFO] PluginManager:220 - loadIPPluginJar : add tim
2024-05-30 12:57:12,309 [INFO] IPUIPlugin:80 - create IPUIPlugin
2024-05-30 12:57:12,309 [INFO] PluginManager:220 - loadIPPluginJar : add touchsensing
2024-05-30 12:57:12,311 [INFO] IPUIPlugin:80 - create IPUIPlugin
2024-05-30 12:57:12,311 [INFO] PluginManager:220 - loadIPPluginJar : add tracer_emb
2024-05-30 12:57:12,312 [INFO] IPUIPlugin:80 - create IPUIPlugin
2024-05-30 12:57:12,313 [INFO] PluginManager:220 - loadIPPluginJar : add ts
2024-05-30 12:57:12,314 [INFO] IPUIPlugin:80 - create IPUIPlugin
2024-05-30 12:57:12,314 [INFO] PluginManager:220 - loadIPPluginJar : add tsc
2024-05-30 12:57:12,315 [INFO] IPUIPlugin:80 - create IPUIPlugin
2024-05-30 12:57:12,315 [INFO] PluginManager:220 - loadIPPluginJar : add ucpd
2024-05-30 12:57:12,318 [INFO] IPUIPlugin:80 - create IPUIPlugin
2024-05-30 12:57:12,318 [INFO] PluginManager:220 - loadIPPluginJar : add usart
2024-05-30 12:57:12,321 [INFO] IPUIPlugin:80 - create IPUIPlugin
2024-05-30 12:57:12,321 [INFO] PluginManager:220 - loadIPPluginJar : add usbx
2024-05-30 12:57:12,450 [INFO] CADModel:165 - CPN selected for project level
2024-05-30 12:57:12,450 [INFO] CADModel:114 - Register for checkConnection events
2024-05-30 12:57:12,451 [FATAL] Updater:308 - Updater called before beeing initialized
2024-05-30 12:57:12,451 [ERROR] CADModel:125 - Updater not yet initialized, retry later 
2024-05-30 12:57:12,615 [INFO] CADModel:165 - CPN selected for project level
2024-05-30 12:57:12,615 [INFO] CADModel:114 - Register for checkConnection events
2024-05-30 12:57:12,615 [FATAL] Updater:308 - Updater called before beeing initialized
2024-05-30 12:57:12,615 [ERROR] CADModel:125 - Updater not yet initialized, retry later 
2024-05-30 12:57:12,618 [FATAL] Updater:308 - Updater called before beeing initialized
2024-05-30 12:57:12,733 [FATAL] Updater:308 - Updater called before beeing initialized
2024-05-30 12:57:12,736 [INFO] DbMcusAds:53 - JSON generation date=Wed Nov 29 12:52:27 EET 2023 (1701255147349)
2024-05-30 12:57:12,736 [FATAL] Updater:308 - Updater called before beeing initialized
2024-05-30 12:57:12,771 [WARN] DetailPanel:346 - Failed to get advertising image, set to default
2024-05-30 12:57:12,845 [FATAL] Updater:308 - Updater called before beeing initialized
2024-05-30 12:57:12,846 [FATAL] Updater:308 - Updater called before beeing initialized
2024-05-30 12:57:12,846 [FATAL] Updater:308 - Updater called before beeing initialized
2024-05-30 12:57:12,846 [WARN] DetailPanel:346 - Failed to get advertising image, set to default
2024-05-30 12:57:12,847 [FATAL] Updater:308 - Updater called before beeing initialized
2024-05-30 12:57:12,887 [ERROR] Updater:1120 - MainUpdater not yet initialized. External WinMGr cannot be set.
2024-05-30 12:57:12,889 [INFO] Updater:1056 - Updater Version found : 6.10.0
2024-05-30 12:57:12,909 [INFO] ApplicationProperties:184 - Using Application install path: C:\ST\STM32CubeIDE_1.14.1\STM32CubeIDE\plugins\com.st.stm32cube.common.mx_6.10.0.202311202037
2024-05-30 12:57:14,491 [ERROR] LogOutputStream:75 - [STDERR_REDIRECT] May 30, 2024 12:57:14 PM java.util.prefs.WindowsPreferences <init>
2024-05-30 12:57:14,492 [ERROR] LogOutputStream:75 - [STDERR_REDIRECT] WARNING: Could not open/create prefs root node Software\JavaSoft\Prefs at root 0xffffffff80000002. Windows RegCreateKeyEx(...) returned error code 5.
2024-05-30 12:57:14,492 [ERROR] LogOutputStream:75 - [STDERR_REDIRECT] 
2024-05-30 12:57:14,720 [INFO] ThirdPartyUpdaterWithRetryManager:70 - Updater plugin not ready yet. [2/15]
2024-05-30 12:57:16,726 [INFO] MainUpdater:2873 - connection check result : 10
2024-05-30 12:57:16,726 [INFO] MainUpdater:3567 - Updater definition file requires update
2024-05-30 12:57:16,727 [INFO] MainUpdater:290 - Updater Check For Update Now.
2024-05-30 12:57:16,727 [INFO] MicroXplorer:498 - Change Database Version : DB.6.0.100
2024-05-30 12:57:16,736 [INFO] McuFinderGlobals:63 - Set McuFinder mode to 2 (CubeIDE integrated)
2024-05-30 12:57:17,091 [INFO] ServerAccessManage:473 - Download File updaters.zip
2024-05-30 12:57:17,682 [INFO] UserAuth:404 - Internet connection configuration mode: 1
2024-05-30 12:57:17,702 [INFO] JxBrowserEngine:152 - Initiate JxBrowser Engine with user profile folder
2024-05-30 12:57:17,721 [WARN] MainUpdater:1194 - Updater busy. Cannot search thirdparties
2024-05-30 12:57:17,721 [INFO] ThirdPartyUpdaterWithRetryManager:96 - Updater plugin is busy. [1/15]
2024-05-30 12:57:18,412 [INFO] WebApp:161 - Instantiating new browser for Auth
2024-05-30 12:57:18,542 [INFO] FileExtend:240 - Unzip File : updaters.zip
2024-05-30 12:57:18,542 [INFO] FileExtend:255 - Standard Zip Deflate
2024-05-30 12:57:19,105 [INFO] WebApp:780 - Register for checkConnection events
2024-05-30 12:57:19,105 [INFO] WebApp:414 - Apply proxy settings
2024-05-30 12:57:19,105 [INFO] WebApp:499 - Chromium requires no authentication
2024-05-30 12:57:19,113 [INFO] WebApp:442 - Direct internet connection detected
2024-05-30 12:57:19,255 [INFO] WebApp:192 - Starting web application
2024-05-30 12:57:19,255 [INFO] WebApp:544 - Web application path used C:\ST\STM32CubeIDE_1.14.1\STM32CubeIDE\plugins\com.st.stm32cube.common.mx_6.10.0.202311202037\db\plugins\mcufinder\reactClient1\index.html
2024-05-30 12:57:19,661 [INFO] ServerAccessManage:473 - Download File PacksControlFlags.xml
2024-05-30 12:57:19,937 [INFO] ServerAccessManage:473 - Download File cubemx.pidx
2024-05-30 12:57:20,722 [WARN] MainUpdater:1194 - Updater busy. Cannot search thirdparties
2024-05-30 12:57:20,722 [INFO] ThirdPartyUpdaterWithRetryManager:96 - Updater plugin is busy. [2/15]
2024-05-30 12:57:20,753 [INFO] ServerAccessManage:473 - Download File STMicroelectronics.X-CUBE-ALS.pdsc
2024-05-30 12:57:22,446 [WARN] PackLoader:240 - Cannot read IP mode file for STMicroelectronics.X-CUBE-ALS.1.0.2
2024-05-30 12:57:22,448 [INFO] PopulateThirdPartyThread:66 - Ending populate Thread
2024-05-30 12:57:22,449 [INFO] ThirdParty:1030 - CMSIS Pack Vendor :STMicroelectronics X-CUBE-ALS 1.0.2
2024-05-30 12:57:22,449 [INFO] LoadServerUpdatesThread:375 - End of LoadServerUpdate Thread
2024-05-30 12:57:22,553 [INFO] CheckServerUpdateThread:120 - End of CheckServer Thread
2024-05-30 12:57:23,847 [WARN] PackLoader:240 - Cannot read IP mode file for STMicroelectronics.FP-SNS-MOTENVWB1.1.4.0
2024-05-30 12:57:23,855 [WARN] PackLoader:240 - Cannot read IP mode file for STMicroelectronics.X-CUBE-SMBUS.2.1.0
2024-05-30 12:57:23,860 [WARN] PackLoader:240 - Cannot read IP mode file for STMicroelectronics.X-CUBE-TOUCHGFX.4.23.1
2024-05-30 12:57:23,863 [WARN] PackLoader:240 - Cannot read IP mode file for STMicroelectronics.X-CUBE-TOUCHGFX.4.23.0
2024-05-30 12:57:23,865 [WARN] PackLoader:240 - Cannot read IP mode file for STMicroelectronics.X-CUBE-TOUCHGFX.4.23.2
2024-05-30 12:57:23,888 [WARN] PackLoader:240 - Cannot read IP mode file for STMicroelectronics.X-CUBE-AZRTOS-F7.1.1.0
2024-05-30 12:57:23,896 [WARN] PackLoader:240 - Cannot read IP mode file for STMicroelectronics.FP-SNS-MOTENV1.4.3.2
2024-05-30 12:57:23,901 [WARN] PackLoader:240 - Cannot read IP mode file for STMicroelectronics.FP-SNS-FLIGHT1.5.0.2
2024-05-30 12:57:23,908 [WARN] PackLoader:240 - Cannot read IP mode file for STMicroelectronics.X-CUBE-DISPLAY.3.0.0
2024-05-30 12:57:23,919 [WARN] PackLoader:240 - Cannot read IP mode file for STMicroelectronics.X-CUBE-BLE1.7.0.0
2024-05-30 12:57:23,923 [WARN] PackLoader:240 - Cannot read IP mode file for emotas.I-CUBE-CANOPEN.1.3.0
2024-05-30 12:57:23,931 [WARN] PackLoader:240 - Cannot read IP mode file for STMicroelectronics.X-CUBE-BLEMGR.3.1.0
2024-05-30 12:57:23,937 [WARN] PackLoader:240 - Cannot read IP mode file for STMicroelectronics.FP-SNS-SMARTAG2.1.2.0
2024-05-30 12:57:23,945 [INFO] LogOutputStream:77 - [STDOUT_REDIRECT] 1 : Invalid condition id : UX_CORESTACK_Condition cause : null
2024-05-30 12:57:23,945 [INFO] LogOutputStream:77 - [STDOUT_REDIRECT] 1 : Invalid condition id : UX_CORESTACK_Condition cause : null
2024-05-30 12:57:23,946 [INFO] LogOutputStream:77 - [STDOUT_REDIRECT] 1 : Invalid condition id : UX_CORESTACK_Condition cause : null
2024-05-30 12:57:23,947 [INFO] LogOutputStream:77 - [STDOUT_REDIRECT] 1 : Invalid condition id : UX_CORESTACK_Condition cause : null
2024-05-30 12:57:23,948 [INFO] LogOutputStream:77 - [STDOUT_REDIRECT] 1 : Invalid condition id : UX_CORESTACK_Condition cause : null
2024-05-30 12:57:23,951 [WARN] PackLoader:240 - Cannot read IP mode file for STMicroelectronics.X-CUBE-AZRTOS-WL.2.0.0
2024-05-30 12:57:23,955 [WARN] PackLoader:240 - Cannot read IP mode file for STMicroelectronics.FP-SNS-MOTENV1.5.0.0
2024-05-30 12:57:23,962 [WARN] PackLoader:240 - Cannot read IP mode file for WES.I-CUBE-Cesium.1.3.0
2024-05-30 12:57:23,966 [WARN] PackLoader:240 - Cannot read IP mode file for STMicroelectronics.X-CUBE-BLE2.3.3.0
2024-05-30 12:57:23,970 [WARN] PackLoader:240 - Cannot read IP mode file for STMicroelectronics.X-CUBE-TCPP.4.1.0
2024-05-30 12:57:23,977 [WARN] PackLoader:240 - Cannot read IP mode file for STMicroelectronics.X-CUBE-ALGOBUILD.1.3.0
2024-05-30 12:57:23,990 [WARN] PackLoader:240 - Cannot read IP mode file for STMicroelectronics.X-CUBE-AZRTOS-G0.1.1.0
2024-05-30 12:57:23,996 [WARN] PackLoader:240 - Cannot read IP mode file for STMicroelectronics.X-CUBE-SAFEA1.1.2.2
2024-05-30 12:57:24,001 [WARN] PackLoader:240 - Cannot read IP mode file for STMicroelectronics.X-CUBE-NFC4.3.0.0
2024-05-30 12:57:24,008 [WARN] PackLoader:240 - Cannot read IP mode file for STMicroelectronics.X-CUBE-BLEMGR.3.0.0
2024-05-30 12:57:24,012 [WARN] PackLoader:240 - Cannot read IP mode file for STMicroelectronics.FP-ATR-SIGFOX1.3.2.0
2024-05-30 12:57:24,017 [WARN] PackLoader:240 - Cannot read IP mode file for STMicroelectronics.X-CUBE-EEPRMA1.5.1.0
2024-05-30 12:57:24,042 [WARN] PackLoader:240 - Cannot read IP mode file for SEGGER.I-CUBE-embOS.1.3.1
2024-05-30 12:57:24,076 [WARN] PackLoader:240 - Cannot read IP mode file for STMicroelectronics.X-CUBE-ALGOBUILD.1.4.0
2024-05-30 12:57:24,082 [WARN] PackLoader:240 - Cannot read IP mode file for STMicroelectronics.X-CUBE-GNSS1.6.0.0
2024-05-30 12:57:24,093 [WARN] PackLoader:240 - Cannot read IP mode file for STMicroelectronics.X-CUBE-AZRTOS-F4.1.1.0
2024-05-30 12:57:24,099 [WARN] PackLoader:240 - Cannot read IP mode file for STMicroelectronics.X-CUBE-FREERTOS.1.2.0
2024-05-30 12:57:24,102 [WARN] PackLoader:240 - Cannot read IP mode file for wolfSSL.I-CUBE-wolfSSL.5.6.6
2024-05-30 12:57:24,119 [WARN] PackLoader:240 - Cannot read IP mode file for STMicroelectronics.X-CUBE-AZRTOS-L5.2.0.0
2024-05-30 12:57:24,126 [WARN] PackLoader:240 - Cannot read IP mode file for STMicroelectronics.X-CUBE-NFC6.3.1.0
2024-05-30 12:57:24,132 [WARN] PackLoader:240 - Cannot read IP mode file for ITTIA_DB.I-CUBE-ITTIADB.8.8.0
2024-05-30 12:57:24,135 [WARN] PackLoader:240 - Cannot read IP mode file for STMicroelectronics.X-CUBE-AI.9.0.0
2024-05-30 12:57:24,139 [WARN] PackLoader:240 - Cannot read IP mode file for STMicroelectronics.X-CUBE-NFC7.1.0.1
2024-05-30 12:57:24,144 [WARN] PackLoader:240 - Cannot read IP mode file for STMicroelectronics.X-CUBE-NFC6.3.0.0
2024-05-30 12:57:24,149 [WARN] PackLoader:240 - Cannot read IP mode file for STMicroelectronics.X-CUBE-AI.8.1.0
2024-05-30 12:57:24,161 [WARN] ConditionMgr:438 - getConditionDescription Invalid condition id : LAN8742 Phy interface Condition cause : null
2024-05-30 12:57:24,161 [WARN] PackLoader:240 - Cannot read IP mode file for STMicroelectronics.X-CUBE-AZRTOS-L4.2.0.0
2024-05-30 12:57:24,162 [WARN] ConditionMgr:1039 - genDependencies : Invalid condition id : LAN8742 Phy interface Condition cause : null
2024-05-30 12:57:24,162 [WARN] ConditionMgr:1039 - genDependencies : Invalid condition id : LAN8742 Phy interface Condition cause : null
2024-05-30 12:57:24,163 [WARN] ConditionMgr:1039 - genDependencies : Invalid condition id : LAN8742 Phy interface Condition cause : null
2024-05-30 12:57:24,167 [WARN] PackLoader:240 - Cannot read IP mode file for STMicroelectronics.X-CUBE-SFXS2LP1.4.0.0
2024-05-30 12:57:24,182 [WARN] ConditionMgr:438 - getConditionDescription Invalid condition id : UX DEVICE CLASS RTOS Condition cause : null
2024-05-30 12:57:24,182 [WARN] ConditionMgr:438 - getConditionDescription Invalid condition id : UX DEVICE CLASS RTOS Condition cause : null
2024-05-30 12:57:24,184 [WARN] PackLoader:240 - Cannot read IP mode file for STMicroelectronics.X-CUBE-AZRTOS-WB.2.0.0
2024-05-30 12:57:24,184 [WARN] ConditionMgr:1039 - genDependencies : Invalid condition id : UX DEVICE CLASS RTOS Condition cause : null
2024-05-30 12:57:24,184 [WARN] ConditionMgr:1039 - genDependencies : Invalid condition id : UX DEVICE CLASS RTOS Condition cause : null
2024-05-30 12:57:24,185 [WARN] ConditionMgr:1039 - genDependencies : Invalid condition id : UX DEVICE CLASS RTOS Condition cause : null
2024-05-30 12:57:24,185 [WARN] ConditionMgr:1039 - genDependencies : Invalid condition id : UX DEVICE CLASS RTOS Condition cause : null
2024-05-30 12:57:24,185 [WARN] ConditionMgr:1039 - genDependencies : Invalid condition id : UX DEVICE CLASS RTOS Condition cause : null
2024-05-30 12:57:24,196 [WARN] PackLoader:240 - Cannot read IP mode file for STMicroelectronics.X-CUBE-SUBG2.5.0.0
2024-05-30 12:57:24,204 [WARN] PackLoader:240 - Cannot read IP mode file for Cesanta.I-CUBE-Mongoose.7.13.0
2024-05-30 12:57:24,214 [WARN] PackLoader:240 - Cannot read IP mode file for STMicroelectronics.X-CUBE-AZRTOS-G4.2.0.0
2024-05-30 12:57:24,224 [WARN] PackLoader:240 - Cannot read IP mode file for Infineon.AIROC-Wi-Fi-Bluetooth-STM32.1.5.1
2024-05-30 12:57:24,229 [WARN] PackLoader:240 - Cannot read IP mode file for STMicroelectronics.FP-SNS-MOTENVWB1.1.3.1
2024-05-30 12:57:24,233 [WARN] PackLoader:240 - Cannot read IP mode file for STMicroelectronics.X-CUBE-ISPU.2.0.0
2024-05-30 12:57:24,238 [WARN] PackLoader:240 - Cannot read IP mode file for STMicroelectronics.X-CUBE-ALS.1.0.2
2024-05-30 12:57:24,264 [WARN] PackLoader:240 - Cannot read IP mode file for STMicroelectronics.X-CUBE-MEMS1.10.0.0
2024-05-30 12:57:24,363 [WARN] PackLoader:240 - Cannot read IP mode file for STMicroelectronics.X-CUBE-FREERTOS.1.1.0
2024-05-30 12:57:24,368 [WARN] PackLoader:240 - Cannot read IP mode file for portGmbH.I-Cube-SoM-uGOAL.1.1.0
2024-05-30 12:57:24,370 [WARN] PackLoader:240 - Cannot read IP mode file for STMicroelectronics.X-CUBE-ALS.1.0.1
2024-05-30 12:57:24,385 [WARN] PackLoader:240 - Cannot read IP mode file for STMicroelectronics.X-CUBE-AZRTOS-H7RS.1.0.0
2024-05-30 12:57:24,390 [WARN] PackLoader:240 - Cannot read IP mode file for STMicroelectronics.FP-ATR-ASTRA1.2.0.0
2024-05-30 12:57:24,400 [WARN] PackLoader:240 - Cannot read IP mode file for STMicroelectronics.X-CUBE-TOF1.3.4.0
2024-05-30 12:57:24,414 [WARN] PackLoader:240 - Cannot read IP mode file for STMicroelectronics.X-CUBE-TOF1.3.4.1
2024-05-30 12:57:24,432 [WARN] PackLoader:240 - Cannot read IP mode file for STMicroelectronics.X-CUBE-AZRTOS-H7.3.2.0
2024-05-30 12:57:24,435 [INFO] ThirdParty:978 - Integrity check success = true
2024-05-30 12:57:24,435 [INFO] IntegrityCheckThread:100 - exiting critical section [integrity check]
2024-05-30 12:57:24,435 [INFO] IntegrityCheckThread:103 - End integrity checks thread
2024-05-30 12:57:35,630 [INFO] McuFinderGlobals:63 - Set McuFinder mode to 2 (CubeIDE integrated)
2024-05-30 12:57:35,633 [INFO] MainUpdater:2873 - connection check result : 10
2024-05-30 12:57:35,635 [INFO] McuFinderGlobals:76 - Set McuFinderConnectedMode to true
2024-05-30 12:57:37,611 [INFO] ServerAccessManage:473 - Download File mcusAds.json._tmp_
2024-05-30 12:57:37,730 [INFO] LoadUrlFilesThread:156 - End of LoadUrlFiles Thread
2024-05-30 12:57:39,303 [INFO] ServerAccessManage:473 - Download File cube-finder-db.zip
2024-05-30 12:57:39,805 [ERROR] LogOutputStream:75 - [STDERR_REDIRECT] SLF4J: Failed to load class "org.slf4j.impl.StaticLoggerBinder".
2024-05-30 12:57:39,806 [ERROR] LogOutputStream:75 - [STDERR_REDIRECT] SLF4J: Defaulting to no-operation (NOP) logger implementation
2024-05-30 12:57:39,807 [ERROR] LogOutputStream:75 - [STDERR_REDIRECT] SLF4J: See http://www.slf4j.org/codes.html#StaticLoggerBinder for further details.
2024-05-30 13:01:05,485 [INFO] FileExtend:240 - Unzip File : cube-finder-db.zip
2024-05-30 13:01:05,486 [INFO] FileExtend:255 - Standard Zip Deflate
2024-05-30 13:01:06,273 [INFO] LoadUrlFilesThread:156 - End of LoadUrlFiles Thread
2024-05-30 13:01:14,702 [INFO] ServerAccessManage:473 - Download File crdb.zip
2024-05-30 13:01:32,666 [INFO] FileExtend:240 - Unzip File : crdb.zip
2024-05-30 13:01:32,667 [INFO] FileExtend:255 - Standard Zip Deflate
2024-05-30 13:01:32,811 [INFO] LoadUrlFilesThread:156 - End of LoadUrlFiles Thread
2024-05-30 13:01:33,602 [INFO] ServerAccessManage:473 - Download File tutoVideoDB.zip
2024-05-30 13:01:34,056 [INFO] FileExtend:240 - Unzip File : tutoVideoDB.zip
2024-05-30 13:01:34,056 [INFO] FileExtend:255 - Standard Zip Deflate
2024-05-30 13:01:34,172 [INFO] LoadUrlFilesThread:156 - End of LoadUrlFiles Thread
2024-05-30 13:01:34,175 [WARN] DbFile:41 - Overriding database path with different value: C:\Users\Maydoum\.stmcufinder\plugins\mcufinder/ => C:\Users\Maydoum\.stmcufinder\plugins\mcufinder
2024-05-30 13:01:34,496 [INFO] ServerAccessManage:473 - Download File api_config.json
2024-05-30 13:01:34,636 [INFO] LoadUrlFilesThread:156 - End of LoadUrlFiles Thread
2024-05-30 13:01:34,637 [INFO] DbMcusAds:53 - JSON generation date=Thu May 16 12:22:00 EEST 2024 (1715851320852)
2024-05-30 13:01:35,749 [INFO] ServerAccessManage:473 - Download File 
2024-05-30 13:01:36,058 [INFO] LoadUrlFilesThread:185 - End of LoadServerUrlFiles without Thread
2024-05-30 13:01:36,059 [INFO] TargetSelectorAdapter:259 - Refresh data is successful
2024-05-30 13:01:36,160 [INFO] ApiDb:581 - Connected to CubeFinder SQLite database (C:\Users\Maydoum\.stmcufinder\plugins\mcufinder\mcu\cube-finder-db.db)
2024-05-30 13:01:36,222 [INFO] ApiDb:668 - CubeFinder database Data Model version=2.1
2024-05-30 13:01:36,222 [INFO] ApiDb:669 - CubeFinder database Configuration version=3.0.39
2024-05-30 13:01:36,222 [INFO] ApiDb:670 - CubeFinder database generation date=2024-05-16 (1715872938)
2024-05-30 13:01:36,222 [INFO] ApiDb:671 - CubeFinder database FW Pack versions=[FP-ATR-ASTRA1_V2.0.0, FP-SNS-FLIGHT1_V5.0.1, FP-SNS-FLIGHT1_V5.0.2, FP-SNS-MOTENV1_V4.3.1, FP-SNS-MOTENV1_V4.3.2, FP-SNS-MOTENV1_V5.0.0, FP-SNS-MOTENVWB1_V1.4.0, FP-SNS-SMARTAG2_V1.2.0, STM32Cube_FW_C0_V1.1.0, STM32Cube_FW_F4_V1.28.0, STM32Cube_FW_F7_V1.17.0, STM32Cube_FW_G0_V1.6.2, STM32Cube_FW_G4_V1.5.2, STM32Cube_FW_H5_V0.5.1, STM32Cube_FW_H5_V1.1.1, STM32Cube_FW_H5_V1.2.0, STM32Cube_FW_H5_V1.2.0RC4, STM32Cube_FW_H7RS_V1.0.0, STM32Cube_FW_H7RS_V1.0.0RC4, STM32Cube_FW_H7_V1.11.0, STM32Cube_FW_L0_V1.12.2, STM32Cube_FW_L5_V1.5.1, STM32Cube_FW_U0_V1.0.0, STM32Cube_FW_U0_V1.0.0RC1, STM32Cube_FW_U5_V1.3.0RC4, STM32Cube_FW_U5_V1.5.0, STM32Cube_FW_U5_V1.5.0RC1, STM32Cube_FW_WBA_V1.0.0RC1, STM32Cube_FW_WBA_V1.2.0, STM32Cube_FW_WBA_V1.2.0RC2, STM32Cube_FW_WBA_V1.3.0, STM32Cube_FW_WBA_V1.3.0RC1, STM32Cube_FW_WB_V1.15.0RC1, STM32Cube_FW_WB_V1.16.0, STM32Cube_FW_WB_V1.16.0RC2, STM32Cube_FW_WB_V1.18.0, STM32Cube_FW_WB_V1.19.0, STM32Cube_FW_WL_V1.3.0, X-CUBE-ALGOBUILD_V1.4.0, X-CUBE-ALS_V1.0.1, X-CUBE-AZRTOS-F4_V1.1.0, X-CUBE-AZRTOS-F7_V1.1.0, X-CUBE-AZRTOS-G0_V1.1.0, X-CUBE-AZRTOS-G4_V2.0.0, X-CUBE-AZRTOS-H7_V3.2.0, X-CUBE-AZRTOS-L4_V1.0.0, X-CUBE-AZRTOS-L4_V2.0.0, X-CUBE-AZRTOS-L5_V1.1.0, X-CUBE-AZRTOS-WB_V2.0.0, X-CUBE-AZRTOS-WL_V2.0.0, X-CUBE-BLE1_V7.0.0, X-CUBE-BLE2_V3.3.0, X-CUBE-BLEMGR_V3.1.0, X-CUBE-EEPRMA1_V4.1.0, X-CUBE-EEPRMA1_V5.1.0, X-CUBE-FREERTOS_V1.1.0, X-CUBE-GNSS1_V6.0.0, X-CUBE-MEMS1_V10.0.0, X-CUBE-MEMS1_V9.1.0, X-CUBE-MEMS1_V9.4.0, X-CUBE-MEMS1_V9.6.0, X-CUBE-NFC4_V3.0.0, X-CUBE-NFC7_V1.0.1, X-CUBE-SFXS2LP1_V4.0.0, X-CUBE-SUBG2_V5.0.0, X-CUBE-TOF1_V3.4.0]
2024-05-30 13:01:38,110 [INFO] ApiDb:240 - Found 371 in-development CPN: [B-G473E-ZEST1S, B-WB1M-WPAN1, B-WL5M-SUBG1, NUCLEO-C031C6, NUCLEO-H503RB, NUCLEO-H563ZI, NUCLEO-U545RE-Q, NUCLEO-U5A5ZJ-Q, NUCLEO-WBA52CG, NUCLEO-WBA55CG, STEVAL-MKBOXPRO, STEVAL-PROTEUS1, STEVAL-STWINBX1, STM320518-EVAL, STM32C0116-DK, STM32C011D6Y3TR, STM32C011D6Y6TR, STM32C011F4P3, STM32C011F4P6, STM32C011F4U3, STM32C011F4U6TR, STM32C011F6P3, STM32C011F6P6, STM32C011F6U3, STM32C011F6U6TR, STM32C011J4M3, STM32C011J4M6, STM32C011J6M3, STM32C011J6M6, STM32C0316-DK, STM32C031C4T3, STM32C031C4T6, STM32C031C4U3, STM32C031C4U6, STM32C031C6T3, STM32C031C6T6, STM32C031C6U3, STM32C031C6U6, STM32C031F4P3, STM32C031F4P6, STM32C031F6P3, STM32C031F6P6, STM32C031G4U3, STM32C031G4U6, STM32C031G6U3, STM32C031G6U6, STM32C031K4T3, STM32C031K4T6, STM32C031K4U3, STM32C031K4U6, STM32C031K6T3, STM32C031K6T6, STM32C031K6U3, STM32C031K6U6, STM32G071K8TXN, STM32G071K8UXN, STM32G081GBU6N, STM32G081KBT6N, STM32G081KBUXN, STM32G0B1CCT6N, STM32G0B1KCT6, STM32G0B1NEY6TR, STM32G0B1RCT6N, STM32G0C1CCT6, STM32G0C1CCT6N, STM32G0C1CCU6N, STM32G0C1CET6N, STM32G0C1CEU6N, STM32G0C1KCT6, STM32G0C1NEY6TR, STM32G0C1RCI6N, STM32G0C1RCT6N, STM32G0C1REI6N, STM32G0C1RET6N, STM32G0C1VCI6, STM32G0C1VEI6, STM32G471CCT6, STM32G471CCU6, STM32G471CET3, STM32G471CET6, STM32G471CEU3, STM32G471CEU6, STM32G471MCT6, STM32G471MET3, STM32G471MET6, STM32G471MEY6TR, STM32G471QCT6, STM32G471QET3, STM32G471RCT6, STM32G471RET3, STM32G471RET6, STM32G471VCH6, STM32G471VCI6, STM32G471VCT6, STM32G471VEH3, STM32G471VEH6, STM32G471VEI3, STM32G471VEI6, STM32G471VET3, STM32G471VET6, STM32G474CCT6, STM32H503CBT6, STM32H503CBU6, STM32H503EBY6TR, STM32H503KBU6, STM32H503RBT6, STM32H562AGI6, STM32H562AII6, STM32H562IGK6, STM32H562IGT6, STM32H562IIK6, STM32H562IIT6, STM32H562RGT6, STM32H562RGV6, STM32H562RIT6, STM32H562RIV6, STM32H562VGT6, STM32H562VIT6, STM32H562ZGT6, STM32H562ZIT6, STM32H563AGI6, STM32H563AII3Q, STM32H563AII6, STM32H563IGK6, STM32H563IGT6, STM32H563IIK3Q, STM32H563IIK6, STM32H563IIT3Q, STM32H563IIT6, STM32H563MIY3QTR, STM32H563RGT6, STM32H563RGV6, STM32H563RIT6, STM32H563RIV6, STM32H563VGT6, STM32H563VIT3Q, STM32H563VIT6, STM32H563ZGT6, STM32H563ZIT3Q, STM32H563ZIT6, STM32H573AII3Q, STM32H573AII6, STM32H573I-DK, STM32H573IIK3Q, STM32H573IIK6, STM32H573IIT3Q, STM32H573IIT6, STM32H573MIY3QTR, STM32H573RIT6, STM32H573RIV6, STM32H573VIT3Q, STM32H573VIT6, STM32H573ZIT3Q, STM32H573ZIT6, STM32L4R5QGI6STR, STM32MP131AAE3, STM32MP131AAF3, STM32MP131AAG3, STM32MP131CAE3, STM32MP131CAF3, STM32MP131CAG3, STM32MP131DAE7, STM32MP131DAF7, STM32MP131DAG7, STM32MP131FAE7, STM32MP131FAF7, STM32MP131FAG7, STM32MP133AAE3, STM32MP133AAF3, STM32MP133AAG3, STM32MP133CAE3, STM32MP133CAF3, STM32MP133CAG3, STM32MP133DAE7, STM32MP133DAF7, STM32MP133DAG7, STM32MP133FAE7, STM32MP133FAF7, STM32MP133FAG7, STM32MP135AAE3, STM32MP135AAF3, STM32MP135AAG3, STM32MP135CAE3, STM32MP135CAF3, STM32MP135CAG3, STM32MP135DAE7, STM32MP135DAF7, STM32MP135DAG7, STM32MP135F-DK, STM32MP135FAE7, STM32MP135FAF7, STM32MP135FAF7T, STM32MP135FAF7U, STM32MP135FAG7, STM32U535CBT6, STM32U535CBT6Q, STM32U535CBU6, STM32U535CBU6Q, STM32U535CCT6, STM32U535CCT6Q, STM32U535CCU6, STM32U535CCU6Q, STM32U535CET6, STM32U535CET6Q, STM32U535CEU6, STM32U535CEU6Q, STM32U535JEY6QTR, STM32U535NCY6QTR, STM32U535NEY6QTR, STM32U535RBI6, STM32U535RBI6Q, STM32U535RBT6, STM32U535RBT6Q, STM32U535RCI6, STM32U535RCI6Q, STM32U535RCT6, STM32U535RCT6Q, STM32U535REI6, STM32U535REI6Q, STM32U535RET6, STM32U535RET6Q, STM32U535VCI6, STM32U535VCI6Q, STM32U535VCT6, STM32U535VCT6Q, STM32U535VEI6, STM32U535VEI6Q, STM32U535VET6, STM32U535VET6Q, STM32U545CET6, STM32U545CET6Q, STM32U545CEU6, STM32U545CEU6Q, STM32U545JEY6QTR, STM32U545NEY6QTR, STM32U545REI6, STM32U545REI6Q, STM32U545RET6, STM32U545RET6Q, STM32U545VEI6, STM32U545VEI6Q, STM32U545VET6, STM32U545VET6Q, STM32U595AIH6, STM32U595AIH6Q, STM32U595AJH6, STM32U595AJH6Q, STM32U595QII6, STM32U595QII6Q, STM32U595QJI6, STM32U595QJI6Q, STM32U595RIT6, STM32U595RIT6Q, STM32U595RJT6, STM32U595RJT6Q, STM32U595VIT6, STM32U595VIT6Q, STM32U595VJT6, STM32U595VJT6Q, STM32U595ZIT6, STM32U595ZIT6Q, STM32U595ZIY6QTR, STM32U595ZJT6, STM32U595ZJT6Q, STM32U595ZJY6QTR, STM32U599BJY6QTR, STM32U599NIH6Q, STM32U599NJH6Q, STM32U599VIT6Q, STM32U599VJT6, STM32U599VJT6Q, STM32U599ZIT6Q, STM32U599ZIY6QTR, STM32U599ZJT6Q, STM32U599ZJY6QTR, STM32U5A5AJH6, STM32U5A5AJH6Q, STM32U5A5QJI6, STM32U5A5QJI6Q, STM32U5A5RJT6, STM32U5A5RJT6Q, STM32U5A5VJT6, STM32U5A5VJT6Q, STM32U5A5ZJT6, STM32U5A5ZJT6Q, STM32U5A5ZJY6QTR, STM32U5A9BJY6QTR, STM32U5A9J-DK, STM32U5A9NJH6Q, STM32U5A9VJT6Q, STM32U5A9ZJT6Q, STM32U5A9ZJY6QTR, STM32U5F7VIT6, STM32U5F7VIT6Q, STM32U5F7VJT6, STM32U5F7VJT6Q, STM32U5F9BJY6QTR, STM32U5F9NJH6Q, STM32U5F9VIT6Q, STM32U5F9VJT6Q, STM32U5F9ZIJ6QTR, STM32U5F9ZIT6Q, STM32U5F9ZJJ6QTR, STM32U5F9ZJT6Q, STM32U5G7VJT6, STM32U5G7VJT6Q, STM32U5G9BJY6QTR, STM32U5G9J-DK1, STM32U5G9J-DK2, STM32U5G9NJH6Q, STM32U5G9VJT6Q, STM32U5G9ZJJ6QTR, STM32U5G9ZJT6Q, STM32WB1MMCH6, STM32WBA50KEU6, STM32WBA50KEU6TR, STM32WBA50KGU6, STM32WBA50KGU6TR, STM32WBA52CEU6, STM32WBA52CEU6TR, STM32WBA52CEU7, STM32WBA52CEU7TR, STM32WBA52CGU6, STM32WBA52CGU6TR, STM32WBA52CGU6U, STM32WBA52CGU7, STM32WBA52CGU7TR, STM32WBA52KEU6, STM32WBA52KEU6TR, STM32WBA52KGU6, STM32WBA52KGU6TR, STM32WBA54CEU6, STM32WBA54CEU6TR, STM32WBA54CEU7, STM32WBA54CEU7TR, STM32WBA54CGU6, STM32WBA54CGU6TR, STM32WBA54CGU7, STM32WBA54CGU7TR, STM32WBA54KEU6, STM32WBA54KEU6TR, STM32WBA54KEU7, STM32WBA54KEU7TR, STM32WBA54KGU6, STM32WBA54KGU6TR, STM32WBA54KGU7, STM32WBA54KGU7TR, STM32WBA55CEU6, STM32WBA55CEU6TR, STM32WBA55CEU7, STM32WBA55CEU7TR, STM32WBA55CGU6, STM32WBA55CGU6TR, STM32WBA55CGU6U, STM32WBA55CGU7, STM32WBA55CGU7TR, STM32WBA55G-DK1, STM32WBA55HEF6, STM32WBA55HEF7, STM32WBA55HGF6, STM32WBA55HGF7, STM32WBA55UEI6, STM32WBA55UEI6TR, STM32WBA55UEI7, STM32WBA55UEI7TR, STM32WBA55UGI6, STM32WBA55UGI6TR, STM32WBA55UGI7, STM32WBA55UGI7TR, STM32WL5MOCH6, STM32WL5MOCH6TR]
2024-05-30 13:01:38,117 [INFO] DbMcus:218 - Found 4092 MCUs, 4092 are supported
2024-05-30 13:01:38,117 [INFO] ApiDb:423 - Load user favorites file C:\Users\Maydoum/.stm32cubeide/favorites.mcus.txt: 0 item(s)
2024-05-30 13:01:38,117 [INFO] ApiDb:427 - User favorites MCUs=[]
2024-05-30 13:01:38,118 [INFO] DbMcus:224 - Set 0 / 0 favorites MCUs
2024-05-30 13:01:38,406 [INFO] ApiDb:668 - CubeFinder database Data Model version=2.1
2024-05-30 13:01:38,407 [INFO] ApiDb:669 - CubeFinder database Configuration version=3.0.39
2024-05-30 13:01:38,407 [INFO] ApiDb:670 - CubeFinder database generation date=2024-05-16 (1715872938)
2024-05-30 13:01:38,407 [INFO] ApiDb:671 - CubeFinder database FW Pack versions=[FP-ATR-ASTRA1_V2.0.0, FP-SNS-FLIGHT1_V5.0.1, FP-SNS-FLIGHT1_V5.0.2, FP-SNS-MOTENV1_V4.3.1, FP-SNS-MOTENV1_V4.3.2, FP-SNS-MOTENV1_V5.0.0, FP-SNS-MOTENVWB1_V1.4.0, FP-SNS-SMARTAG2_V1.2.0, STM32Cube_FW_C0_V1.1.0, STM32Cube_FW_F4_V1.28.0, STM32Cube_FW_F7_V1.17.0, STM32Cube_FW_G0_V1.6.2, STM32Cube_FW_G4_V1.5.2, STM32Cube_FW_H5_V0.5.1, STM32Cube_FW_H5_V1.1.1, STM32Cube_FW_H5_V1.2.0, STM32Cube_FW_H5_V1.2.0RC4, STM32Cube_FW_H7RS_V1.0.0, STM32Cube_FW_H7RS_V1.0.0RC4, STM32Cube_FW_H7_V1.11.0, STM32Cube_FW_L0_V1.12.2, STM32Cube_FW_L5_V1.5.1, STM32Cube_FW_U0_V1.0.0, STM32Cube_FW_U0_V1.0.0RC1, STM32Cube_FW_U5_V1.3.0RC4, STM32Cube_FW_U5_V1.5.0, STM32Cube_FW_U5_V1.5.0RC1, STM32Cube_FW_WBA_V1.0.0RC1, STM32Cube_FW_WBA_V1.2.0, STM32Cube_FW_WBA_V1.2.0RC2, STM32Cube_FW_WBA_V1.3.0, STM32Cube_FW_WBA_V1.3.0RC1, STM32Cube_FW_WB_V1.15.0RC1, STM32Cube_FW_WB_V1.16.0, STM32Cube_FW_WB_V1.16.0RC2, STM32Cube_FW_WB_V1.18.0, STM32Cube_FW_WB_V1.19.0, STM32Cube_FW_WL_V1.3.0, X-CUBE-ALGOBUILD_V1.4.0, X-CUBE-ALS_V1.0.1, X-CUBE-AZRTOS-F4_V1.1.0, X-CUBE-AZRTOS-F7_V1.1.0, X-CUBE-AZRTOS-G0_V1.1.0, X-CUBE-AZRTOS-G4_V2.0.0, X-CUBE-AZRTOS-H7_V3.2.0, X-CUBE-AZRTOS-L4_V1.0.0, X-CUBE-AZRTOS-L4_V2.0.0, X-CUBE-AZRTOS-L5_V1.1.0, X-CUBE-AZRTOS-WB_V2.0.0, X-CUBE-AZRTOS-WL_V2.0.0, X-CUBE-BLE1_V7.0.0, X-CUBE-BLE2_V3.3.0, X-CUBE-BLEMGR_V3.1.0, X-CUBE-EEPRMA1_V4.1.0, X-CUBE-EEPRMA1_V5.1.0, X-CUBE-FREERTOS_V1.1.0, X-CUBE-GNSS1_V6.0.0, X-CUBE-MEMS1_V10.0.0, X-CUBE-MEMS1_V9.1.0, X-CUBE-MEMS1_V9.4.0, X-CUBE-MEMS1_V9.6.0, X-CUBE-NFC4_V3.0.0, X-CUBE-NFC7_V1.0.1, X-CUBE-SFXS2LP1_V4.0.0, X-CUBE-SUBG2_V5.0.0, X-CUBE-TOF1_V3.4.0]
2024-05-30 13:01:38,452 [INFO] DbBoardsSqlite:226 - include board P-NUCLEO-WB55-NUCLEO as a kit item of type 'Nucleo-64'
2024-05-30 13:01:38,452 [INFO] DbBoardsSqlite:226 - include board P-NUCLEO-WB55-USBDONGLE as a kit item of type 'Nucleo USB Dongle'
2024-05-30 13:01:38,452 [INFO] DbBoardsSqlite:226 - include board STEVAL-IDP005V1 as a kit item of type 'Evaluation Board'
2024-05-30 13:01:38,452 [INFO] DbBoardsSqlite:226 - include board STEVAL-IDP005V2 as a kit item of type 'Evaluation Board'
2024-05-30 13:01:38,497 [INFO] ApiDb:240 - Found 371 in-development CPN: [B-G473E-ZEST1S, B-WB1M-WPAN1, B-WL5M-SUBG1, NUCLEO-C031C6, NUCLEO-H503RB, NUCLEO-H563ZI, NUCLEO-U545RE-Q, NUCLEO-U5A5ZJ-Q, NUCLEO-WBA52CG, NUCLEO-WBA55CG, STEVAL-MKBOXPRO, STEVAL-PROTEUS1, STEVAL-STWINBX1, STM320518-EVAL, STM32C0116-DK, STM32C011D6Y3TR, STM32C011D6Y6TR, STM32C011F4P3, STM32C011F4P6, STM32C011F4U3, STM32C011F4U6TR, STM32C011F6P3, STM32C011F6P6, STM32C011F6U3, STM32C011F6U6TR, STM32C011J4M3, STM32C011J4M6, STM32C011J6M3, STM32C011J6M6, STM32C0316-DK, STM32C031C4T3, STM32C031C4T6, STM32C031C4U3, STM32C031C4U6, STM32C031C6T3, STM32C031C6T6, STM32C031C6U3, STM32C031C6U6, STM32C031F4P3, STM32C031F4P6, STM32C031F6P3, STM32C031F6P6, STM32C031G4U3, STM32C031G4U6, STM32C031G6U3, STM32C031G6U6, STM32C031K4T3, STM32C031K4T6, STM32C031K4U3, STM32C031K4U6, STM32C031K6T3, STM32C031K6T6, STM32C031K6U3, STM32C031K6U6, STM32G071K8TXN, STM32G071K8UXN, STM32G081GBU6N, STM32G081KBT6N, STM32G081KBUXN, STM32G0B1CCT6N, STM32G0B1KCT6, STM32G0B1NEY6TR, STM32G0B1RCT6N, STM32G0C1CCT6, STM32G0C1CCT6N, STM32G0C1CCU6N, STM32G0C1CET6N, STM32G0C1CEU6N, STM32G0C1KCT6, STM32G0C1NEY6TR, STM32G0C1RCI6N, STM32G0C1RCT6N, STM32G0C1REI6N, STM32G0C1RET6N, STM32G0C1VCI6, STM32G0C1VEI6, STM32G471CCT6, STM32G471CCU6, STM32G471CET3, STM32G471CET6, STM32G471CEU3, STM32G471CEU6, STM32G471MCT6, STM32G471MET3, STM32G471MET6, STM32G471MEY6TR, STM32G471QCT6, STM32G471QET3, STM32G471RCT6, STM32G471RET3, STM32G471RET6, STM32G471VCH6, STM32G471VCI6, STM32G471VCT6, STM32G471VEH3, STM32G471VEH6, STM32G471VEI3, STM32G471VEI6, STM32G471VET3, STM32G471VET6, STM32G474CCT6, STM32H503CBT6, STM32H503CBU6, STM32H503EBY6TR, STM32H503KBU6, STM32H503RBT6, STM32H562AGI6, STM32H562AII6, STM32H562IGK6, STM32H562IGT6, STM32H562IIK6, STM32H562IIT6, STM32H562RGT6, STM32H562RGV6, STM32H562RIT6, STM32H562RIV6, STM32H562VGT6, STM32H562VIT6, STM32H562ZGT6, STM32H562ZIT6, STM32H563AGI6, STM32H563AII3Q, STM32H563AII6, STM32H563IGK6, STM32H563IGT6, STM32H563IIK3Q, STM32H563IIK6, STM32H563IIT3Q, STM32H563IIT6, STM32H563MIY3QTR, STM32H563RGT6, STM32H563RGV6, STM32H563RIT6, STM32H563RIV6, STM32H563VGT6, STM32H563VIT3Q, STM32H563VIT6, STM32H563ZGT6, STM32H563ZIT3Q, STM32H563ZIT6, STM32H573AII3Q, STM32H573AII6, STM32H573I-DK, STM32H573IIK3Q, STM32H573IIK6, STM32H573IIT3Q, STM32H573IIT6, STM32H573MIY3QTR, STM32H573RIT6, STM32H573RIV6, STM32H573VIT3Q, STM32H573VIT6, STM32H573ZIT3Q, STM32H573ZIT6, STM32L4R5QGI6STR, STM32MP131AAE3, STM32MP131AAF3, STM32MP131AAG3, STM32MP131CAE3, STM32MP131CAF3, STM32MP131CAG3, STM32MP131DAE7, STM32MP131DAF7, STM32MP131DAG7, STM32MP131FAE7, STM32MP131FAF7, STM32MP131FAG7, STM32MP133AAE3, STM32MP133AAF3, STM32MP133AAG3, STM32MP133CAE3, STM32MP133CAF3, STM32MP133CAG3, STM32MP133DAE7, STM32MP133DAF7, STM32MP133DAG7, STM32MP133FAE7, STM32MP133FAF7, STM32MP133FAG7, STM32MP135AAE3, STM32MP135AAF3, STM32MP135AAG3, STM32MP135CAE3, STM32MP135CAF3, STM32MP135CAG3, STM32MP135DAE7, STM32MP135DAF7, STM32MP135DAG7, STM32MP135F-DK, STM32MP135FAE7, STM32MP135FAF7, STM32MP135FAF7T, STM32MP135FAF7U, STM32MP135FAG7, STM32U535CBT6, STM32U535CBT6Q, STM32U535CBU6, STM32U535CBU6Q, STM32U535CCT6, STM32U535CCT6Q, STM32U535CCU6, STM32U535CCU6Q, STM32U535CET6, STM32U535CET6Q, STM32U535CEU6, STM32U535CEU6Q, STM32U535JEY6QTR, STM32U535NCY6QTR, STM32U535NEY6QTR, STM32U535RBI6, STM32U535RBI6Q, STM32U535RBT6, STM32U535RBT6Q, STM32U535RCI6, STM32U535RCI6Q, STM32U535RCT6, STM32U535RCT6Q, STM32U535REI6, STM32U535REI6Q, STM32U535RET6, STM32U535RET6Q, STM32U535VCI6, STM32U535VCI6Q, STM32U535VCT6, STM32U535VCT6Q, STM32U535VEI6, STM32U535VEI6Q, STM32U535VET6, STM32U535VET6Q, STM32U545CET6, STM32U545CET6Q, STM32U545CEU6, STM32U545CEU6Q, STM32U545JEY6QTR, STM32U545NEY6QTR, STM32U545REI6, STM32U545REI6Q, STM32U545RET6, STM32U545RET6Q, STM32U545VEI6, STM32U545VEI6Q, STM32U545VET6, STM32U545VET6Q, STM32U595AIH6, STM32U595AIH6Q, STM32U595AJH6, STM32U595AJH6Q, STM32U595QII6, STM32U595QII6Q, STM32U595QJI6, STM32U595QJI6Q, STM32U595RIT6, STM32U595RIT6Q, STM32U595RJT6, STM32U595RJT6Q, STM32U595VIT6, STM32U595VIT6Q, STM32U595VJT6, STM32U595VJT6Q, STM32U595ZIT6, STM32U595ZIT6Q, STM32U595ZIY6QTR, STM32U595ZJT6, STM32U595ZJT6Q, STM32U595ZJY6QTR, STM32U599BJY6QTR, STM32U599NIH6Q, STM32U599NJH6Q, STM32U599VIT6Q, STM32U599VJT6, STM32U599VJT6Q, STM32U599ZIT6Q, STM32U599ZIY6QTR, STM32U599ZJT6Q, STM32U599ZJY6QTR, STM32U5A5AJH6, STM32U5A5AJH6Q, STM32U5A5QJI6, STM32U5A5QJI6Q, STM32U5A5RJT6, STM32U5A5RJT6Q, STM32U5A5VJT6, STM32U5A5VJT6Q, STM32U5A5ZJT6, STM32U5A5ZJT6Q, STM32U5A5ZJY6QTR, STM32U5A9BJY6QTR, STM32U5A9J-DK, STM32U5A9NJH6Q, STM32U5A9VJT6Q, STM32U5A9ZJT6Q, STM32U5A9ZJY6QTR, STM32U5F7VIT6, STM32U5F7VIT6Q, STM32U5F7VJT6, STM32U5F7VJT6Q, STM32U5F9BJY6QTR, STM32U5F9NJH6Q, STM32U5F9VIT6Q, STM32U5F9VJT6Q, STM32U5F9ZIJ6QTR, STM32U5F9ZIT6Q, STM32U5F9ZJJ6QTR, STM32U5F9ZJT6Q, STM32U5G7VJT6, STM32U5G7VJT6Q, STM32U5G9BJY6QTR, STM32U5G9J-DK1, STM32U5G9J-DK2, STM32U5G9NJH6Q, STM32U5G9VJT6Q, STM32U5G9ZJJ6QTR, STM32U5G9ZJT6Q, STM32WB1MMCH6, STM32WBA50KEU6, STM32WBA50KEU6TR, STM32WBA50KGU6, STM32WBA50KGU6TR, STM32WBA52CEU6, STM32WBA52CEU6TR, STM32WBA52CEU7, STM32WBA52CEU7TR, STM32WBA52CGU6, STM32WBA52CGU6TR, STM32WBA52CGU6U, STM32WBA52CGU7, STM32WBA52CGU7TR, STM32WBA52KEU6, STM32WBA52KEU6TR, STM32WBA52KGU6, STM32WBA52KGU6TR, STM32WBA54CEU6, STM32WBA54CEU6TR, STM32WBA54CEU7, STM32WBA54CEU7TR, STM32WBA54CGU6, STM32WBA54CGU6TR, STM32WBA54CGU7, STM32WBA54CGU7TR, STM32WBA54KEU6, STM32WBA54KEU6TR, STM32WBA54KEU7, STM32WBA54KEU7TR, STM32WBA54KGU6, STM32WBA54KGU6TR, STM32WBA54KGU7, STM32WBA54KGU7TR, STM32WBA55CEU6, STM32WBA55CEU6TR, STM32WBA55CEU7, STM32WBA55CEU7TR, STM32WBA55CGU6, STM32WBA55CGU6TR, STM32WBA55CGU6U, STM32WBA55CGU7, STM32WBA55CGU7TR, STM32WBA55G-DK1, STM32WBA55HEF6, STM32WBA55HEF7, STM32WBA55HGF6, STM32WBA55HGF7, STM32WBA55UEI6, STM32WBA55UEI6TR, STM32WBA55UEI7, STM32WBA55UEI7TR, STM32WBA55UGI6, STM32WBA55UGI6TR, STM32WBA55UGI7, STM32WBA55UGI7TR, STM32WL5MOCH6, STM32WL5MOCH6TR]
2024-05-30 13:01:38,570 [INFO] BoardInfo:889 - No configuration file found for board NUCLEO-H533RE
2024-05-30 13:01:38,570 [INFO] DbBoards:161 - Board is not supported: NUCLEO-H533RE
2024-05-30 13:01:38,581 [INFO] BoardInfo:889 - No configuration file found for board NUCLEO-H7S3L8
2024-05-30 13:01:38,581 [INFO] DbBoards:161 - Board is not supported: NUCLEO-H7S3L8
2024-05-30 13:01:38,603 [INFO] BoardInfo:889 - No configuration file found for board NUCLEO-U031R8
2024-05-30 13:01:38,603 [INFO] DbBoards:161 - Board is not supported: NUCLEO-U031R8
2024-05-30 13:01:38,604 [INFO] BoardInfo:889 - No configuration file found for board NUCLEO-U083RC
2024-05-30 13:01:38,604 [INFO] DbBoards:161 - Board is not supported: NUCLEO-U083RC
2024-05-30 13:01:38,618 [INFO] BoardInfo:889 - No configuration file found for board P-NUCLEO-WB55
2024-05-30 13:01:38,619 [INFO] DbBoards:161 - Kit is not supported: P-NUCLEO-WB55
2024-05-30 13:01:38,623 [INFO] BoardInfo:889 - No configuration file found for board STEVAL-BFA001V1B
2024-05-30 13:01:38,623 [INFO] DbBoards:161 - Kit is not supported: STEVAL-BFA001V1B
2024-05-30 13:01:38,624 [INFO] BoardInfo:889 - No configuration file found for board STEVAL-BFA001V2B
2024-05-30 13:01:38,624 [INFO] DbBoards:161 - Kit is not supported: STEVAL-BFA001V2B
2024-05-30 13:01:38,703 [INFO] BoardInfo:889 - No configuration file found for board STM32H7S78-DK
2024-05-30 13:01:38,703 [INFO] DbBoards:161 - Board is not supported: STM32H7S78-DK
2024-05-30 13:01:38,730 [INFO] BoardInfo:889 - No configuration file found for board STM32U083C-DK
2024-05-30 13:01:38,730 [INFO] DbBoards:161 - Board is not supported: STM32U083C-DK
2024-05-30 13:01:38,738 [INFO] DbBoards:168 - Found 199 boards, 190 are supported
2024-05-30 13:01:38,738 [INFO] DbBoards:169 - Found 199 boards, 3 of them is supported for  Bsp
2024-05-30 13:01:38,740 [INFO] ApiDb:414 - User favorites file not found: C:\Users\Maydoum/.stm32cubeide/favorites.boards.txt
2024-05-30 13:01:38,740 [INFO] DbBoards:198 - Set 0 / 0 favorites Boards
2024-05-30 13:01:38,742 [INFO] ApiDb:668 - CubeFinder database Data Model version=2.1
2024-05-30 13:01:38,743 [INFO] ApiDb:669 - CubeFinder database Configuration version=3.0.39
2024-05-30 13:01:38,743 [INFO] ApiDb:670 - CubeFinder database generation date=2024-05-16 (1715872938)
2024-05-30 13:01:38,743 [INFO] ApiDb:671 - CubeFinder database FW Pack versions=[FP-ATR-ASTRA1_V2.0.0, FP-SNS-FLIGHT1_V5.0.1, FP-SNS-FLIGHT1_V5.0.2, FP-SNS-MOTENV1_V4.3.1, FP-SNS-MOTENV1_V4.3.2, FP-SNS-MOTENV1_V5.0.0, FP-SNS-MOTENVWB1_V1.4.0, FP-SNS-SMARTAG2_V1.2.0, STM32Cube_FW_C0_V1.1.0, STM32Cube_FW_F4_V1.28.0, STM32Cube_FW_F7_V1.17.0, STM32Cube_FW_G0_V1.6.2, STM32Cube_FW_G4_V1.5.2, STM32Cube_FW_H5_V0.5.1, STM32Cube_FW_H5_V1.1.1, STM32Cube_FW_H5_V1.2.0, STM32Cube_FW_H5_V1.2.0RC4, STM32Cube_FW_H7RS_V1.0.0, STM32Cube_FW_H7RS_V1.0.0RC4, STM32Cube_FW_H7_V1.11.0, STM32Cube_FW_L0_V1.12.2, STM32Cube_FW_L5_V1.5.1, STM32Cube_FW_U0_V1.0.0, STM32Cube_FW_U0_V1.0.0RC1, STM32Cube_FW_U5_V1.3.0RC4, STM32Cube_FW_U5_V1.5.0, STM32Cube_FW_U5_V1.5.0RC1, STM32Cube_FW_WBA_V1.0.0RC1, STM32Cube_FW_WBA_V1.2.0, STM32Cube_FW_WBA_V1.2.0RC2, STM32Cube_FW_WBA_V1.3.0, STM32Cube_FW_WBA_V1.3.0RC1, STM32Cube_FW_WB_V1.15.0RC1, STM32Cube_FW_WB_V1.16.0, STM32Cube_FW_WB_V1.16.0RC2, STM32Cube_FW_WB_V1.18.0, STM32Cube_FW_WB_V1.19.0, STM32Cube_FW_WL_V1.3.0, X-CUBE-ALGOBUILD_V1.4.0, X-CUBE-ALS_V1.0.1, X-CUBE-AZRTOS-F4_V1.1.0, X-CUBE-AZRTOS-F7_V1.1.0, X-CUBE-AZRTOS-G0_V1.1.0, X-CUBE-AZRTOS-G4_V2.0.0, X-CUBE-AZRTOS-H7_V3.2.0, X-CUBE-AZRTOS-L4_V1.0.0, X-CUBE-AZRTOS-L4_V2.0.0, X-CUBE-AZRTOS-L5_V1.1.0, X-CUBE-AZRTOS-WB_V2.0.0, X-CUBE-AZRTOS-WL_V2.0.0, X-CUBE-BLE1_V7.0.0, X-CUBE-BLE2_V3.3.0, X-CUBE-BLEMGR_V3.1.0, X-CUBE-EEPRMA1_V4.1.0, X-CUBE-EEPRMA1_V5.1.0, X-CUBE-FREERTOS_V1.1.0, X-CUBE-GNSS1_V6.0.0, X-CUBE-MEMS1_V10.0.0, X-CUBE-MEMS1_V9.1.0, X-CUBE-MEMS1_V9.4.0, X-CUBE-MEMS1_V9.6.0, X-CUBE-NFC4_V3.0.0, X-CUBE-NFC7_V1.0.1, X-CUBE-SFXS2LP1_V4.0.0, X-CUBE-SUBG2_V5.0.0, X-CUBE-TOF1_V3.4.0]
2024-05-30 13:01:39,431 [ERROR] DbExamplesSqlite:437 - Missing JSON key: board_cpn
2024-05-30 13:01:39,431 [ERROR] DbExamplesSqlite:437 - Missing JSON key: board_cpn
2024-05-30 13:01:39,431 [ERROR] DbExamplesSqlite:437 - Missing JSON key: board_cpn
2024-05-30 13:01:39,431 [ERROR] DbExamplesSqlite:437 - Missing JSON key: board_cpn
2024-05-30 13:01:39,533 [INFO] DbExamplesSqlite:395 - Ignored 60 examples not supported by CubeIDE
2024-05-30 13:01:39,534 [INFO] DbExamplesSqlite:396 - Found 8158 examples active
2024-05-30 13:01:39,534 [INFO] DbExamplesSqlite:397 - Found 874 examples obsolete
2024-05-30 13:01:39,534 [INFO] DbExamplesSqlite:398 - Found 0 examples under development
2024-05-30 13:01:39,534 [INFO] DbExamplesSqlite:399 - Found 10 examples not building
2024-05-30 13:01:39,535 [INFO] DbExamples:125 - Found 8108 examples
2024-05-30 13:01:39,548 [INFO] DbExamples:222 - Found 101 boards with related examples
2024-05-30 13:01:39,549 [INFO] DbExamples:235 - Found 86 MCUs with related examples
2024-05-30 13:01:39,566 [INFO] ApiDb:414 - User favorites file not found: C:\Users\Maydoum/.stm32cubeide/favorites.examples.txt
2024-05-30 13:01:39,566 [INFO] DbExamples:250 - Set 0 / 0 favorites Examples
2024-05-30 13:01:39,704 [INFO] McuFinderGlobals:76 - Set McuFinderConnectedMode to true
2024-05-30 13:01:39,712 [INFO] MultiScanPanel:200 - Auto-refresh data requested => check proxy status ongoing
2024-05-30 13:01:39,716 [INFO] FinderPluginLoader:95 - Searching for filters in installed packs
2024-05-30 13:01:41,001 [INFO] LoadUrlFilesThread:185 - End of LoadServerUrlFiles without Thread
2024-05-30 13:01:41,015 [INFO] DetailPanel:341 - Set advertising image to C:/Users/Maydoum/STM32Cube/Repository/\en.prom-stm32h7rs-mcu-finder.jpg
2024-05-30 13:02:04,237 [INFO] MainUpdater:2873 - connection check result : 10
2024-05-30 13:02:04,237 [INFO] MainUpdater:2873 - connection check result : 10
2024-05-30 13:02:04,255 [INFO] MicroXplorer:468 - Change Database Path : 
2024-05-30 13:02:04,255 [INFO] MicroXplorer:498 - Change Database Version : DB.6.0.100
2024-05-30 13:02:04,260 [WARN] ThirdParty:871 - waiting for thirdparty lock release [close project]
2024-05-30 13:02:04,260 [INFO] ThirdParty:873 - entering critical section [close project]
2024-05-30 13:02:04,261 [INFO] ThirdParty:883 - exiting critical section [close project]
2024-05-30 13:02:04,262 [INFO] PinOutPanel:1499 - setPackage(No Configuration,No Configuration)
2024-05-30 13:02:04,265 [INFO] UtilMem:75 - Begin LoadConfig() Used Memory: 621166696 Bytes (807403520)
2024-05-30 13:02:04,266 [INFO] MicroXplorer:468 - Change Database Path : 
2024-05-30 13:02:04,266 [INFO] MicroXplorer:498 - Change Database Version : DB.6.0.100
2024-05-30 13:02:04,266 [INFO] OpenFileManager:312 - Change cursor
2024-05-30 13:02:04,354 [INFO] Mcu:2016 - Initializing MCU STM32F103C8Tx STM32F103C8Tx STM32F103C8T6
2024-05-30 13:02:05,047 [INFO] Context:659 - Trying to add GPIOservice into a context  which must be forbidden
2024-05-30 13:02:05,234 [INFO] ImportTextPane:194 - (OptionalMessage_ERROR) Unable to find key (Mcu.ThirdPartyNb) in loaded IOC file
2024-05-30 13:02:05,234 [INFO] ImportTextPane:194 - (OptionalMessage_ERROR) Unable to find key (Mcu.PinsNb) in loaded IOC file
2024-05-30 13:02:05,234 [INFO] ImportTextPane:194 - (OptionalMessage_ERROR) Unable to find key (Mcu.IPNb) in loaded IOC file
2024-05-30 13:02:05,291 [INFO] RtosManager:555 - Registered RTOS mode: class=CMSIS, group=RTOS, mode=CMSIS_V1, owner=FREERTOS
2024-05-30 13:02:05,291 [INFO] RtosManager:555 - Registered RTOS mode: class=CMSIS, group=RTOS2, mode=CMSIS_V2, owner=FREERTOS
2024-05-30 13:02:05,292 [INFO] RtosManager:555 - Registered RTOS mode: class=RTOS, group=Core, mode=CMSIS_V1, owner=FREERTOS
2024-05-30 13:02:05,292 [INFO] RtosManager:555 - Registered RTOS mode: class=RTOS, group=Core, mode=CMSIS_V2, owner=FREERTOS
2024-05-30 13:02:05,292 [WARN] ModelIntegratedComponent:184 - Missing modes for component STMicroelectronics:FreeRTOS:0.0.1:STMicroelectronics:RTOS:FreeRTOS:Core:::10.2.0:
2024-05-30 13:02:05,304 [WARN] ModelIntegratedComponent:63 - No mode defined for component null
2024-05-30 13:02:05,305 [WARN] ModelIntegratedComponent:63 - No mode defined for component null
2024-05-30 13:02:05,305 [WARN] ModelIntegratedComponent:63 - No mode defined for component null
2024-05-30 13:02:05,305 [WARN] ModelIntegratedComponent:63 - No mode defined for component null
2024-05-30 13:02:05,305 [WARN] ModelIntegratedComponent:63 - No mode defined for component null
2024-05-30 13:02:05,305 [WARN] ModelIntegratedComponent:63 - No mode defined for component null
2024-05-30 13:02:05,305 [WARN] ModelIntegratedComponent:63 - No mode defined for component null
2024-05-30 13:02:05,305 [WARN] ModelIntegratedComponent:63 - No mode defined for component null
2024-05-30 13:02:05,305 [WARN] ModelIntegratedComponent:63 - No mode defined for component null
2024-05-30 13:02:05,305 [WARN] ModelIntegratedComponent:63 - No mode defined for component null
2024-05-30 13:02:05,305 [WARN] ModelIntegratedComponent:63 - No mode defined for component null
2024-05-30 13:02:05,305 [WARN] ModelIntegratedComponent:63 - No mode defined for component null
2024-05-30 13:02:05,305 [WARN] ModelIntegratedComponent:63 - No mode defined for component null
2024-05-30 13:02:05,305 [WARN] ModelIntegratedComponent:63 - No mode defined for component null
2024-05-30 13:02:05,305 [WARN] ModelIntegratedComponent:63 - No mode defined for component null
2024-05-30 13:02:05,305 [WARN] ModelIntegratedComponent:63 - No mode defined for component null
2024-05-30 13:02:05,305 [WARN] ModelIntegratedComponent:63 - No mode defined for component null
2024-05-30 13:02:05,305 [WARN] ModelIntegratedComponent:63 - No mode defined for component null
2024-05-30 13:02:05,305 [WARN] ModelIntegratedComponent:63 - No mode defined for component null
2024-05-30 13:02:05,305 [WARN] ModelIntegratedComponent:63 - No mode defined for component null
2024-05-30 13:02:05,305 [WARN] ModelIntegratedComponent:63 - No mode defined for component null
2024-05-30 13:02:05,305 [WARN] ModelIntegratedComponent:63 - No mode defined for component null
2024-05-30 13:02:05,305 [WARN] ModelIntegratedComponent:63 - No mode defined for component null
2024-05-30 13:02:05,305 [WARN] ModelIntegratedComponent:63 - No mode defined for component null
2024-05-30 13:02:05,306 [WARN] ModelIntegratedComponent:63 - No mode defined for component null
2024-05-30 13:02:05,306 [WARN] ModelIntegratedComponent:63 - No mode defined for component null
2024-05-30 13:02:05,306 [WARN] ModelIntegratedComponent:63 - No mode defined for component null
2024-05-30 13:02:05,306 [WARN] ModelIntegratedComponent:63 - No mode defined for component null
2024-05-30 13:02:05,306 [WARN] ModelIntegratedComponent:63 - No mode defined for component null
2024-05-30 13:02:05,306 [WARN] ModelIntegratedComponent:63 - No mode defined for component null
2024-05-30 13:02:05,306 [WARN] ModelIntegratedComponent:63 - No mode defined for component null
2024-05-30 13:02:05,306 [WARN] ModelIntegratedComponent:63 - No mode defined for component null
2024-05-30 13:02:05,306 [WARN] ModelIntegratedComponent:63 - No mode defined for component null
2024-05-30 13:02:05,504 [INFO] ThirdPartyModel:298 - Start build external matchings
2024-05-30 13:02:05,982 [INFO] ThirdPartyModel:316 - End build external matchings
2024-05-30 13:02:06,172 [INFO] UtilMem:75 - End LoadConfig() Used Memory: 471397936 Bytes (807403520)
2024-05-30 13:02:06,227 [INFO] MicroXplorer:468 - Change Database Path : 
2024-05-30 13:02:06,227 [INFO] MicroXplorer:498 - Change Database Version : DB.6.0.100
2024-05-30 13:02:06,229 [WARN] ThirdParty:833 - waiting for thirdparty lock release [change project]
2024-05-30 13:02:06,229 [INFO] ThirdParty:835 - entering critical section [change project]
2024-05-30 13:02:06,229 [INFO] ThirdParty:1030 - CMSIS Pack Vendor :STMicroelectronics USBPD 4.1
2024-05-30 13:02:06,229 [INFO] ThirdParty:1030 - CMSIS Pack Vendor :STMicroelectronics X-CUBE-GNSS1 6.0.0
2024-05-30 13:02:06,229 [INFO] ThirdParty:1030 - CMSIS Pack Vendor :STMicroelectronics USB_HOST 2.0.0
2024-05-30 13:02:06,229 [INFO] ThirdParty:1030 - CMSIS Pack Vendor :STMicroelectronics FP-SNS-MOTENVWB1 1.4.0
2024-05-30 13:02:06,229 [INFO] ThirdParty:1030 - CMSIS Pack Vendor :STMicroelectronics X-CUBE-AZRTOS-F4 1.1.0
2024-05-30 13:02:06,229 [INFO] ThirdParty:1030 - CMSIS Pack Vendor :STMicroelectronics LIBJPEG 8.0.0
2024-05-30 13:02:06,230 [INFO] ThirdParty:1030 - CMSIS Pack Vendor :STMicroelectronics X-CUBE-SMBUS 2.1.0
2024-05-30 13:02:06,230 [INFO] ThirdParty:1030 - CMSIS Pack Vendor :STMicroelectronics USB_DEVICE 3.0.0
2024-05-30 13:02:06,230 [INFO] ThirdParty:1030 - CMSIS Pack Vendor :STMicroelectronics X-CUBE-TCPP 4.1.0
2024-05-30 13:02:06,230 [INFO] ThirdParty:1030 - CMSIS Pack Vendor :STMicroelectronics X-CUBE-FREERTOS 1.2.0
2024-05-30 13:02:06,230 [INFO] ThirdParty:1030 - CMSIS Pack Vendor :STMicroelectronics X-CUBE-AZRTOS-WB 2.0.0
2024-05-30 13:02:06,230 [INFO] ThirdParty:1030 - CMSIS Pack Vendor :wolfSSL I-CUBE-wolfSSL 5.6.6
2024-05-30 13:02:06,230 [INFO] ThirdParty:1030 - CMSIS Pack Vendor :STMicroelectronics X-CUBE-TOUCHGFX 4.23.1
2024-05-30 13:02:06,230 [INFO] ThirdParty:1030 - CMSIS Pack Vendor :STMicroelectronics X-CUBE-TOUCHGFX 4.23.0
2024-05-30 13:02:06,230 [INFO] ThirdParty:1030 - CMSIS Pack Vendor :STMicroelectronics X-CUBE-TOUCHGFX 4.23.2
2024-05-30 13:02:06,230 [INFO] ThirdParty:1030 - CMSIS Pack Vendor :STMicroelectronics X-CUBE-AZRTOS-F7 1.1.0
2024-05-30 13:02:06,230 [INFO] ThirdParty:1030 - CMSIS Pack Vendor :STMicroelectronics X-CUBE-AZRTOS-L5 2.0.0
2024-05-30 13:02:06,230 [INFO] ThirdParty:1030 - CMSIS Pack Vendor :STMicroelectronics USB_DEVICE 2.0.0
2024-05-30 13:02:06,230 [INFO] ThirdParty:1030 - CMSIS Pack Vendor :STMicroelectronics X-CUBE-NFC6 3.1.0
2024-05-30 13:02:06,230 [INFO] ThirdParty:1030 - CMSIS Pack Vendor :ITTIA_DB I-CUBE-ITTIADB 8.8.0
2024-05-30 13:02:06,230 [INFO] ThirdParty:1030 - CMSIS Pack Vendor :STMicroelectronics FP-SNS-MOTENV1 4.3.2
2024-05-30 13:02:06,230 [INFO] ThirdParty:1030 - CMSIS Pack Vendor :STMicroelectronics X-CUBE-ALGOBUILD 1.3.0
2024-05-30 13:02:06,230 [INFO] ThirdParty:1030 - CMSIS Pack Vendor :STMicroelectronics FreeRTOS 0.0.1
2024-05-30 13:02:06,230 [INFO] ThirdParty:1030 - CMSIS Pack Vendor :STMicroelectronics X-CUBE-AZRTOS-G0 1.1.0
2024-05-30 13:02:06,230 [INFO] ThirdParty:1030 - CMSIS Pack Vendor :STMicroelectronics X-CUBE-SAFEA1 1.2.2
2024-05-30 13:02:06,231 [INFO] ThirdParty:1030 - CMSIS Pack Vendor :STMicroelectronics X-CUBE-NFC4 3.0.0
2024-05-30 13:02:06,231 [INFO] ThirdParty:1030 - CMSIS Pack Vendor :STMicroelectronics X-CUBE-SUBG2 5.0.0
2024-05-30 13:02:06,231 [INFO] ThirdParty:1030 - CMSIS Pack Vendor :STMicroelectronics STM32_WPAN 1.0.0
2024-05-30 13:02:06,231 [INFO] ThirdParty:1030 - CMSIS Pack Vendor :STMicroelectronics lwIP 2.0.3
2024-05-30 13:02:06,231 [INFO] ThirdParty:1030 - CMSIS Pack Vendor :STMicroelectronics FP-SNS-FLIGHT1 5.0.2
2024-05-30 13:02:06,231 [INFO] ThirdParty:1030 - CMSIS Pack Vendor :Cesanta I-CUBE-Mongoose 7.13.0
2024-05-30 13:02:06,231 [INFO] ThirdParty:1030 - CMSIS Pack Vendor :STMicroelectronics USB_HOST 1.0.0
2024-05-30 13:02:06,231 [INFO] ThirdParty:1030 - CMSIS Pack Vendor :STMicroelectronics X-CUBE-AI 9.0.0
2024-05-30 13:02:06,231 [INFO] ThirdParty:1030 - CMSIS Pack Vendor :STMicroelectronics X-CUBE-AZRTOS-G4 2.0.0
2024-05-30 13:02:06,231 [INFO] ThirdParty:1030 - CMSIS Pack Vendor :STMicroelectronics PDM2PCM 3.1.0
2024-05-30 13:02:06,231 [INFO] ThirdParty:1030 - CMSIS Pack Vendor :Infineon AIROC-Wi-Fi-Bluetooth-STM32 1.5.1
2024-05-30 13:02:06,231 [INFO] ThirdParty:1030 - CMSIS Pack Vendor :STMicroelectronics X-CUBE-BLEMGR 3.0.0
2024-05-30 13:02:06,231 [INFO] ThirdParty:1030 - CMSIS Pack Vendor :STMicroelectronics PDM2PCM 3.3.0
2024-05-30 13:02:06,231 [INFO] ThirdParty:1030 - CMSIS Pack Vendor :STMicroelectronics X-CUBE-DISPLAY 3.0.0
2024-05-30 13:02:06,231 [INFO] ThirdParty:1030 - CMSIS Pack Vendor :STMicroelectronics FP-SNS-MOTENVWB1 1.3.1
2024-05-30 13:02:06,231 [INFO] ThirdParty:1030 - CMSIS Pack Vendor :STMicroelectronics X-CUBE-BLE1 7.0.0
2024-05-30 13:02:06,231 [INFO] ThirdParty:1030 - CMSIS Pack Vendor :STMicroelectronics FP-ATR-SIGFOX1 3.2.0
2024-05-30 13:02:06,231 [INFO] ThirdParty:1030 - CMSIS Pack Vendor :STMicroelectronics X-CUBE-ISPU 2.0.0
2024-05-30 13:02:06,232 [INFO] ThirdParty:1030 - CMSIS Pack Vendor :STMicroelectronics X-CUBE-EEPRMA1 5.1.0
2024-05-30 13:02:06,232 [INFO] ThirdParty:1030 - CMSIS Pack Vendor :STMicroelectronics HAL Drivers 0.0.0
2024-05-30 13:02:06,232 [INFO] ThirdParty:1030 - CMSIS Pack Vendor :STMicroelectronics MBEDTLS 2.16.2
2024-05-30 13:02:06,232 [INFO] ThirdParty:1030 - CMSIS Pack Vendor :STMicroelectronics X-CUBE-ALS 1.0.2
2024-05-30 13:02:06,232 [INFO] ThirdParty:1030 - CMSIS Pack Vendor :emotas I-CUBE-CANOPEN 1.3.0
2024-05-30 13:02:06,232 [INFO] ThirdParty:1030 - CMSIS Pack Vendor :STMicroelectronics X-CUBE-MEMS1 10.0.0
2024-05-30 13:02:06,232 [INFO] ThirdParty:1030 - CMSIS Pack Vendor :STMicroelectronics X-CUBE-FREERTOS 1.1.0
2024-05-30 13:02:06,232 [INFO] ThirdParty:1030 - CMSIS Pack Vendor :STMicroelectronics X-CUBE-NFC7 1.0.1
2024-05-30 13:02:06,232 [INFO] ThirdParty:1030 - CMSIS Pack Vendor :STMicroelectronics MBEDTLS 2.14.1
2024-05-30 13:02:06,232 [INFO] ThirdParty:1030 - CMSIS Pack Vendor :STMicroelectronics X-CUBE-NFC6 3.0.0
2024-05-30 13:02:06,232 [INFO] ThirdParty:1030 - CMSIS Pack Vendor :portGmbH I-Cube-SoM-uGOAL 1.1.0
2024-05-30 13:02:06,232 [INFO] ThirdParty:1030 - CMSIS Pack Vendor :STMicroelectronics X-CUBE-ALS 1.0.1
2024-05-30 13:02:06,232 [INFO] ThirdParty:1030 - CMSIS Pack Vendor :STMicroelectronics X-CUBE-BLEMGR 3.1.0
2024-05-30 13:02:06,232 [INFO] ThirdParty:1030 - CMSIS Pack Vendor :STMicroelectronics ThreadX 1.0.0
2024-05-30 13:02:06,232 [INFO] ThirdParty:1030 - CMSIS Pack Vendor :STMicroelectronics FP-SNS-SMARTAG2 1.2.0
2024-05-30 13:02:06,232 [INFO] ThirdParty:1030 - CMSIS Pack Vendor :STMicroelectronics X-CUBE-AZRTOS-WL 2.0.0
2024-05-30 13:02:06,232 [INFO] ThirdParty:1030 - CMSIS Pack Vendor :SEGGER I-CUBE-embOS 1.3.1
2024-05-30 13:02:06,233 [INFO] ThirdParty:1030 - CMSIS Pack Vendor :STMicroelectronics X-CUBE-ALGOBUILD 1.4.0
2024-05-30 13:02:06,233 [INFO] ThirdParty:1030 - CMSIS Pack Vendor :STMicroelectronics FP-SNS-MOTENV1 5.0.0
2024-05-30 13:02:06,233 [INFO] ThirdParty:1030 - CMSIS Pack Vendor :STMicroelectronics USB_DEVICE 1.0.0
2024-05-30 13:02:06,233 [INFO] ThirdParty:1030 - CMSIS Pack Vendor :STMicroelectronics X-CUBE-AI 8.1.0
2024-05-30 13:02:06,233 [INFO] ThirdParty:1030 - CMSIS Pack Vendor :STMicroelectronics X-CUBE-AZRTOS-H7RS 1.0.0
2024-05-30 13:02:06,233 [INFO] ThirdParty:1030 - CMSIS Pack Vendor :STMicroelectronics X-CUBE-AZRTOS-L4 2.0.0
2024-05-30 13:02:06,233 [INFO] ThirdParty:1030 - CMSIS Pack Vendor :STMicroelectronics ThreadX 0.0.2
2024-05-30 13:02:06,233 [INFO] ThirdParty:1030 - CMSIS Pack Vendor :WES I-CUBE-Cesium 1.3.0
2024-05-30 13:02:06,233 [INFO] ThirdParty:1030 - CMSIS Pack Vendor :STMicroelectronics FP-ATR-ASTRA1 2.0.0
2024-05-30 13:02:06,233 [INFO] ThirdParty:1030 - CMSIS Pack Vendor :STMicroelectronics lwIP 2.1.2
2024-05-30 13:02:06,233 [INFO] ThirdParty:1030 - CMSIS Pack Vendor :STMicroelectronics X-CUBE-SFXS2LP1 4.0.0
2024-05-30 13:02:06,233 [INFO] ThirdParty:1030 - CMSIS Pack Vendor :STMicroelectronics X-CUBE-BLE2 3.3.0
2024-05-30 13:02:06,233 [INFO] ThirdParty:1030 - CMSIS Pack Vendor :STMicroelectronics X-CUBE-TOF1 3.4.0
2024-05-30 13:02:06,233 [INFO] ThirdParty:1030 - CMSIS Pack Vendor :STMicroelectronics X-CUBE-TOF1 3.4.1
2024-05-30 13:02:06,233 [INFO] ThirdParty:1030 - CMSIS Pack Vendor :STMicroelectronics X-CUBE-AZRTOS-H7 3.2.0
2024-05-30 13:02:06,233 [INFO] ThirdParty:1030 - CMSIS Pack Vendor :STMicroelectronics PDM2PCM 3.2.0
2024-05-30 13:02:06,234 [INFO] ThirdParty:841 - exiting critical section [change project]
2024-05-30 13:02:06,446 [INFO] PinOutPanel:1499 - setPackage(No Configuration,No Configuration)
2024-05-30 13:02:06,447 [INFO] PinOutPanel:1499 - setPackage(STM32F103C8Tx,LQFP48)
2024-05-30 13:02:06,842 [INFO] UtilMem:75 - Before build in PCC Used Memory: 569058288 Bytes (807403520)
2024-05-30 13:02:07,525 [INFO] UtilMem:75 - After build in PCC Used Memory: 632499184 Bytes (807403520)
2024-05-30 13:02:07,543 [INFO] IPUIPlugin:80 - create IPUIPlugin
2024-05-30 13:02:07,543 [INFO] IPUIPlugin:80 - create IPUIPlugin
2024-05-30 13:02:07,543 [INFO] IPUIPlugin:80 - create IPUIPlugin
2024-05-30 13:02:07,543 [INFO] IPUIPlugin:80 - create IPUIPlugin
2024-05-30 13:02:07,543 [INFO] IPUIPlugin:80 - create IPUIPlugin
2024-05-30 13:02:07,543 [INFO] IPUIPlugin:80 - create IPUIPlugin
2024-05-30 13:02:07,544 [INFO] IPUIPlugin:80 - create IPUIPlugin
2024-05-30 13:02:07,544 [INFO] IPUIPlugin:80 - create IPUIPlugin
2024-05-30 13:02:07,544 [INFO] IPUIPlugin:80 - create IPUIPlugin
2024-05-30 13:02:07,544 [INFO] IPUIPlugin:80 - create IPUIPlugin
2024-05-30 13:02:07,544 [INFO] IPUIPlugin:80 - create IPUIPlugin
2024-05-30 13:02:07,544 [INFO] IPUIPlugin:80 - create IPUIPlugin
2024-05-30 13:02:07,544 [INFO] IPUIPlugin:80 - create IPUIPlugin
2024-05-30 13:02:07,544 [INFO] IPUIPlugin:80 - create IPUIPlugin
2024-05-30 13:02:07,544 [INFO] IPUIPlugin:80 - create IPUIPlugin
2024-05-30 13:02:07,545 [INFO] IPUIPlugin:80 - create IPUIPlugin
2024-05-30 13:02:07,545 [INFO] IPUIPlugin:80 - create IPUIPlugin
2024-05-30 13:02:07,545 [INFO] IPUIPlugin:80 - create IPUIPlugin
2024-05-30 13:02:07,545 [INFO] IPUIPlugin:80 - create IPUIPlugin
2024-05-30 13:02:07,545 [INFO] IPUIPlugin:80 - create IPUIPlugin
2024-05-30 13:02:07,545 [INFO] IPUIPlugin:80 - create IPUIPlugin
2024-05-30 13:02:07,545 [INFO] IPUIPlugin:80 - create IPUIPlugin
2024-05-30 13:02:07,546 [INFO] IPUIPlugin:80 - create IPUIPlugin
2024-05-30 13:02:07,546 [INFO] IPUIPlugin:80 - create IPUIPlugin
2024-05-30 13:02:07,546 [INFO] IPUIPlugin:80 - create IPUIPlugin
2024-05-30 13:02:07,546 [INFO] IPUIPlugin:80 - create IPUIPlugin
2024-05-30 13:02:07,546 [INFO] IPUIPlugin:80 - create IPUIPlugin
2024-05-30 13:02:07,723 [INFO] CADModel:165 - CPN selected for project levelSTM32F103C8T6
2024-05-30 13:02:07,723 [INFO] CADModel:114 - Register for checkConnection events
2024-05-30 13:02:07,774 [INFO] OpenFileManager:343 - Restore cursor
2024-05-30 13:02:08,443 [INFO] UtilMem:75 - End SaveConfig() Used Memory: 426181960 Bytes (807403520)
2024-05-30 13:02:08,483 [INFO] UtilMem:75 - End SaveConfig() Used Memory: 437764488 Bytes (807403520)
2024-05-30 13:02:08,853 [INFO] BlockDiagram:2759 - set Specific Code input for plugin: NVIC
2024-05-30 13:02:08,853 [INFO] BlockDiagram:2759 - set Specific Code input for plugin: RCC
2024-05-30 13:02:08,855 [INFO] CodeGenerator:807 - code generatio: config db path: C:\ST\STM32CubeIDE_1.14.1\STM32CubeIDE\plugins\com.st.stm32cube.common.mx_6.10.0.202311202037\\db\
2024-05-30 13:02:09,122 [INFO] CodeEngine:255 - oldGeneratedFile, C:\Users\Maydoum\STM32CubeIDE\workspace_1.14.1\RTOS_Test\MXTmpFiles\license.tmp_save
2024-05-30 13:02:09,434 [INFO] CodeEngine:279 - Generated code: C:\Users\Maydoum\STM32CubeIDE\workspace_1.14.1\RTOS_Test\MXTmpFiles\license.tmp
2024-05-30 13:02:09,449 [INFO] CodeEngine:255 - oldGeneratedFile, C:\Users\Maydoum\STM32CubeIDE\workspace_1.14.1\RTOS_Test\Core\Src\stm32f1xx_it.c_save
2024-05-30 13:02:09,565 [INFO] CodeEngine:279 - Generated code: C:\Users\Maydoum\STM32CubeIDE\workspace_1.14.1\RTOS_Test\Core\Src\stm32f1xx_it.c
2024-05-30 13:02:09,569 [INFO] CodeEngine:255 - oldGeneratedFile, C:\Users\Maydoum\STM32CubeIDE\workspace_1.14.1\RTOS_Test\Core\Inc\stm32f1xx_it.h_save
2024-05-30 13:02:09,635 [INFO] CodeEngine:279 - Generated code: C:\Users\Maydoum\STM32CubeIDE\workspace_1.14.1\RTOS_Test\Core\Inc\stm32f1xx_it.h
2024-05-30 13:02:09,741 [INFO] CodeEngine:255 - oldGeneratedFile, C:\Users\Maydoum\STM32CubeIDE\workspace_1.14.1\RTOS_Test\Core\Src\stm32f1xx_hal_msp.c_save
2024-05-30 13:02:09,838 [INFO] CodeEngine:279 - Generated code: C:\Users\Maydoum\STM32CubeIDE\workspace_1.14.1\RTOS_Test\Core\Src\stm32f1xx_hal_msp.c
2024-05-30 13:02:09,842 [INFO] CodeEngine:255 - oldGeneratedFile, C:\Users\Maydoum\STM32CubeIDE\workspace_1.14.1\RTOS_Test\MXTmpFiles\system.tmp_save
2024-05-30 13:02:09,901 [INFO] CodeEngine:279 - Generated code: C:\Users\Maydoum\STM32CubeIDE\workspace_1.14.1\RTOS_Test\MXTmpFiles\system.tmp
2024-05-30 13:02:09,911 [INFO] CodeEngine:311 - oldGeneratedFile, C:\Users\Maydoum\STM32CubeIDE\workspace_1.14.1\RTOS_Test\Core\Inc\stm32f1xx_hal_conf.h_save
2024-05-30 13:02:09,977 [INFO] CodeEngine:335 - Generated code: C:\Users\Maydoum\STM32CubeIDE\workspace_1.14.1\RTOS_Test\Core\Inc\stm32f1xx_hal_conf.h
2024-05-30 13:02:10,013 [INFO] CodeEngine:255 - oldGeneratedFile, C:\Users\Maydoum\STM32CubeIDE\workspace_1.14.1\RTOS_Test\Core\Inc\main.h_save
2024-05-30 13:02:10,091 [INFO] CodeEngine:279 - Generated code: C:\Users\Maydoum\STM32CubeIDE\workspace_1.14.1\RTOS_Test\Core\Inc\main.h
2024-05-30 13:02:10,096 [INFO] CodeEngine:255 - oldGeneratedFile, C:\Users\Maydoum\STM32CubeIDE\workspace_1.14.1\RTOS_Test\Core\Src\main.c_save
2024-05-30 13:02:10,219 [INFO] CodeEngine:279 - Generated code: C:\Users\Maydoum\STM32CubeIDE\workspace_1.14.1\RTOS_Test\Core\Src\main.c
2024-05-30 13:02:10,956 [INFO] ProjectBuilder:3076 - Time for Copy HAL[1] : 158mS.
2024-05-30 13:02:10,962 [INFO] ProjectBuilder:4485 - Project Generator version: 4.2.0-B44
2024-05-30 13:02:11,264 [INFO] ConfigFileManager:1495 - The Die is : DIE410
2024-05-30 13:02:11,282 [INFO] ApiDbMcu:508 - Load IP Config File for FATFS
2024-05-30 13:02:11,320 [INFO] ApiDbMcu:508 - Load IP Config File for FREERTOS
2024-05-30 13:02:11,350 [INFO] ApiDbMcu:508 - Load IP Config File for USB_DEVICE
2024-05-30 13:02:12,226 [INFO] LogOutputStream:77 - [STDOUT_REDIRECT] 
2024-05-30 13:02:16,506 [INFO] ProjectBuilder:4747 - Time for Generating toolchain IDE Files: 5544mS.
2024-05-30 13:02:16,507 [INFO] ProjectBuilder:2947 - Time for Copy CMSIS : 0mS.
2024-05-30 13:02:16,510 [INFO] ProjectBuilder:2947 - Time for Copy CMSIS : 0mS.
2024-05-30 13:02:18,218 [INFO] McuFinderGlobals:76 - Set McuFinderConnectedMode to true
2024-05-30 13:02:18,226 [INFO] ApiDb:448 - Save user favorites file C:\Users\Maydoum/.stm32cubeide/favorites.mcus.txt: 0 item(s)
2024-05-30 13:02:18,226 [INFO] ApiDb:452 - User favorites MCUs=[]
2024-05-30 15:11:16,342 [ERROR] ConfigurationRetriever:142 - IOException on connection: Connect timed out
2024-05-30 15:11:18,533 [ERROR] ConfigurationRetriever:142 - IOException on connection: Read timed out
2024-05-30 15:11:20,536 [ERROR] ConfigurationRetriever:142 - IOException on connection: Connect timed out
2024-05-30 15:20:01,123 [ERROR] ConfigurationRetriever:142 - IOException on connection: Connect timed out
2024-05-30 15:20:03,126 [ERROR] ConfigurationRetriever:142 - IOException on connection: Connect timed out
2024-05-30 15:20:05,295 [ERROR] ConfigurationRetriever:142 - IOException on connection: Read timed out
2024-05-30 15:42:09,895 [ERROR] ConfigurationRetriever:142 - IOException on connection: Read timed out
2024-05-30 15:42:12,091 [ERROR] ConfigurationRetriever:142 - IOException on connection: Read timed out
2024-05-30 15:42:14,094 [ERROR] ConfigurationRetriever:142 - IOException on connection: Connect timed out
2024-05-30 15:42:17,323 [ERROR] ConfigurationRetriever:142 - IOException on connection: Read timed out
2024-05-30 15:42:19,326 [ERROR] ConfigurationRetriever:142 - IOException on connection: Connect timed out
2024-05-30 15:42:22,521 [ERROR] ConfigurationRetriever:142 - IOException on connection: Read timed out
2024-05-30 15:44:38,925 [ERROR] ConfigurationRetriever:142 - IOException on connection: Read timed out
2024-05-30 15:44:41,754 [ERROR] ConfigurationRetriever:142 - IOException on connection: Read timed out
2024-05-30 15:44:44,623 [ERROR] ConfigurationRetriever:142 - IOException on connection: Read timed out
2024-05-30 17:14:41,011 [ERROR] ConfigurationRetriever:142 - IOException on connection: Connect timed out
2024-05-30 20:15:20,439 [ERROR] ConfigurationRetriever:142 - IOException on connection: Connect timed out
2024-05-30 20:15:28,869 [ERROR] LogOutputStream:75 - [STDERR_REDIRECT] 
2024-05-30 20:15:28,869 [ERROR] LogOutputStream:75 - [STDERR_REDIRECT] 
