2024-03-23 02:15:20,642 [INFO] Activator:176 - 


2024-03-23 02:15:20,647 [INFO] Activator:177 - !SESSION log4j initialized
2024-03-23 02:15:26,593 [INFO] LogOutputStream:77 - [STDOUT_REDIRECT] 
2024-03-23 02:15:33,594 [INFO] ApplicationProperties:184 - Using Application install path: C:\ST\STM32CubeIDE_1.14.1\STM32CubeIDE\plugins\com.st.stm32cube.common.mx_6.10.0.202311202037
2024-03-23 02:15:33,613 [INFO] DbMcusXml:78 - Set database path to: C:\ST\STM32CubeIDE_1.14.1\STM32CubeIDE\plugins\com.st.stm32cube.common.mx_6.10.0.202311202037\\db\/mcu/
2024-03-23 02:15:33,614 [INFO] ApiDb:274 - Set plugin database path to: C:\ST\STM32CubeIDE_1.14.1\STM32CubeIDE\plugins\com.st.stm32cube.common.mx_6.10.0.202311202037\\db\/plugins/boardmanager/
2024-03-23 02:15:33,614 [WARN] ApiDb:259 - Overriding images path with different value:  => C:\ST\STM32CubeIDE_1.14.1\STM32CubeIDE\plugins\com.st.stm32cube.common.mx_6.10.0.202311202037\\db\/plugins/mcufinder/images/
2024-03-23 02:15:33,623 [INFO] ApiDb:250 - Set database path to: C:\Users\Maydoum\.stmcufinder\plugins\mcufinder//mcu/
2024-03-23 02:15:33,624 [INFO] DbMcusAds:125 - Set database path to: C:\Users\Maydoum\.stmcufinder\plugins\mcufinder//mcu/
2024-03-23 02:15:33,625 [INFO] CrossReferenceDbSqlite:203 - Set database path to: C:\Users\Maydoum\.stmcufinder\plugins\mcufinder//mcu/cs/
2024-03-23 02:15:33,730 [INFO] RulesReader:64 - Compatibility file has been processed (297 Rules)
2024-03-23 02:15:33,804 [INFO] DbMcusXml:78 - Set database path to: C:\ST\STM32CubeIDE_1.14.1\STM32CubeIDE\plugins\com.st.stm32cube.common.mx_6.10.0.202311202037\\db\/mcu/
2024-03-23 02:15:33,804 [INFO] ApiDb:274 - Set plugin database path to: C:\ST\STM32CubeIDE_1.14.1\STM32CubeIDE\plugins\com.st.stm32cube.common.mx_6.10.0.202311202037\\db\/plugins/boardmanager/
2024-03-23 02:15:33,804 [INFO] ApiDb:261 - Set plugin images path to: C:\ST\STM32CubeIDE_1.14.1\STM32CubeIDE\plugins\com.st.stm32cube.common.mx_6.10.0.202311202037\\db\/plugins/mcufinder/images/
2024-03-23 02:15:33,804 [WARN] DbFile:41 - Overriding database path with different value: C:\Users\Maydoum\.stmcufinder\plugins\mcufinder/ => C:\Users\Maydoum\.stmcufinder\plugins\mcufinder
2024-03-23 02:15:33,804 [INFO] ApiDb:250 - Set database path to: C:\Users\Maydoum\.stmcufinder\plugins\mcufinder//mcu/
2024-03-23 02:15:33,804 [WARN] DbFile:41 - Overriding database path with different value: C:\Users\Maydoum\.stmcufinder\plugins\mcufinder/ => C:\Users\Maydoum\.stmcufinder\plugins\mcufinder
2024-03-23 02:15:33,804 [INFO] DbMcusAds:125 - Set database path to: C:\Users\Maydoum\.stmcufinder\plugins\mcufinder//mcu/
2024-03-23 02:15:33,805 [WARN] DbFile:41 - Overriding database path with different value: C:\Users\Maydoum\.stmcufinder\plugins\mcufinder/ => C:\Users\Maydoum\.stmcufinder\plugins\mcufinder
2024-03-23 02:15:33,805 [WARN] DbFile:41 - Overriding database path with different value: C:\Users\Maydoum\.stmcufinder\plugins\mcufinder/ => C:\Users\Maydoum\.stmcufinder\plugins\mcufinder
2024-03-23 02:15:33,805 [INFO] CrossReferenceDbSqlite:203 - Set database path to: C:\Users\Maydoum\.stmcufinder\plugins\mcufinder//mcu/cs/
2024-03-23 02:15:33,874 [INFO] MainPanel:264 - HeapMemory: 268435456
2024-03-23 02:15:33,954 [INFO] DbMcusXml:78 - Set database path to: C:\ST\STM32CubeIDE_1.14.1\STM32CubeIDE\plugins\com.st.stm32cube.common.mx_6.10.0.202311202037\\db\/mcu/
2024-03-23 02:15:33,954 [INFO] ApiDb:274 - Set plugin database path to: C:\ST\STM32CubeIDE_1.14.1\STM32CubeIDE\plugins\com.st.stm32cube.common.mx_6.10.0.202311202037\\db\/plugins/boardmanager/
2024-03-23 02:15:33,954 [INFO] ApiDb:261 - Set plugin images path to: C:\ST\STM32CubeIDE_1.14.1\STM32CubeIDE\plugins\com.st.stm32cube.common.mx_6.10.0.202311202037\\db\/plugins/mcufinder/images/
2024-03-23 02:15:33,955 [WARN] DbFile:41 - Overriding database path with different value: C:\Users\Maydoum\.stmcufinder\plugins\mcufinder/ => C:\Users\Maydoum\.stmcufinder\plugins\mcufinder
2024-03-23 02:15:33,955 [INFO] ApiDb:250 - Set database path to: C:\Users\Maydoum\.stmcufinder\plugins\mcufinder//mcu/
2024-03-23 02:15:33,955 [WARN] DbFile:41 - Overriding database path with different value: C:\Users\Maydoum\.stmcufinder\plugins\mcufinder/ => C:\Users\Maydoum\.stmcufinder\plugins\mcufinder
2024-03-23 02:15:33,955 [INFO] DbMcusAds:125 - Set database path to: C:\Users\Maydoum\.stmcufinder\plugins\mcufinder//mcu/
2024-03-23 02:15:33,955 [WARN] DbFile:41 - Overriding database path with different value: C:\Users\Maydoum\.stmcufinder\plugins\mcufinder/ => C:\Users\Maydoum\.stmcufinder\plugins\mcufinder
2024-03-23 02:15:33,955 [WARN] DbFile:41 - Overriding database path with different value: C:\Users\Maydoum\.stmcufinder\plugins\mcufinder/ => C:\Users\Maydoum\.stmcufinder\plugins\mcufinder
2024-03-23 02:15:33,955 [INFO] CrossReferenceDbSqlite:203 - Set database path to: C:\Users\Maydoum\.stmcufinder\plugins\mcufinder//mcu/cs/
2024-03-23 02:15:33,971 [INFO] ApplicationProperties:184 - Using Application install path: C:\ST\STM32CubeIDE_1.14.1\STM32CubeIDE\plugins\com.st.stm32cube.common.mx_6.10.0.202311202037
2024-03-23 02:15:33,972 [INFO] PluginManage:196 - Search for loadable plugins [exclusion list=, ]
2024-03-23 02:15:33,973 [INFO] PluginManage:310 - Check plugin analytics
2024-03-23 02:15:39,082 [INFO] AnalyticsPlugin:253 - Accepted Software Licenses: 
2024-03-23 02:15:39,082 [INFO] AnalyticsPlugin:255 - Accepted CMSIS Pack Licenses: 
2024-03-23 02:15:39,082 [INFO] AnalyticsPlugin:257 - Accepted Firmware Licenses: 
2024-03-23 02:15:39,085 [INFO] PluginManage:359 - Loaded plugin analytics (category:tool,tabindex:-1)
2024-03-23 02:15:39,085 [INFO] PluginManage:310 - Check plugin cadmodel
2024-03-23 02:15:39,098 [INFO] CADModel:105 - Init CAD model plugin
2024-03-23 02:15:39,098 [INFO] PluginManage:359 - Loaded plugin cadmodel (category:power,tabindex:5)
2024-03-23 02:15:39,098 [INFO] PluginManage:310 - Check plugin clock
2024-03-23 02:15:39,118 [INFO] PluginManage:359 - Loaded plugin clock (category:base,tabindex:2)
2024-03-23 02:15:39,118 [INFO] PluginManage:310 - Check plugin ddr
2024-03-23 02:15:39,120 [INFO] PluginManage:359 - Loaded plugin ddr (category:tool,tabindex:6)
2024-03-23 02:15:39,120 [INFO] PluginManage:310 - Check plugin filemanager
2024-03-23 02:15:39,249 [INFO] PluginManage:359 - Loaded plugin filemanager (category:base,tabindex:10)
2024-03-23 02:15:39,249 [INFO] PluginManage:310 - Check plugin ipmanager
2024-03-23 02:15:39,255 [INFO] PluginManage:359 - Loaded plugin ipmanager (category:base,tabindex:5)
2024-03-23 02:15:39,255 [INFO] PluginManage:310 - Check plugin lpbam
2024-03-23 02:15:39,273 [INFO] PluginManage:359 - Loaded plugin lpbam (category:base,tabindex:0)
2024-03-23 02:15:39,273 [INFO] PluginManage:310 - Check plugin memorymap
2024-03-23 02:15:39,293 [INFO] PluginManage:359 - Loaded plugin memorymap (category:base,tabindex:4)
2024-03-23 02:15:39,293 [INFO] PluginManage:310 - Check plugin pinoutandconfiguration
2024-03-23 02:15:39,306 [INFO] PluginManage:359 - Loaded plugin pinoutandconfiguration (category:base,tabindex:1)
2024-03-23 02:15:39,306 [INFO] PluginManage:310 - Check plugin pinoutconfig
2024-03-23 02:15:39,415 [WARN] SupportedApi:132 - Cannot load RTOS API schema: s4s-elt-must-match.1: The content of 'definitions' must match (annotation?, (simpleType | complexType)?, (unique | key | keyref)*)). A problem was found starting at: attribute.
2024-03-23 02:15:39,548 [INFO] PluginManage:359 - Loaded plugin pinoutconfig (category:base,tabindex:0)
2024-03-23 02:15:39,548 [INFO] PluginManage:310 - Check plugin power
2024-03-23 02:15:39,566 [INFO] PluginManage:359 - Loaded plugin power (category:power,tabindex:4)
2024-03-23 02:15:39,566 [INFO] PluginManage:310 - Check plugin projectmanager
2024-03-23 02:15:39,583 [INFO] PluginManage:359 - Loaded plugin projectmanager (category:projectmanager,tabindex:3)
2024-03-23 02:15:39,583 [INFO] PluginManage:310 - Check plugin thirdparty
2024-03-23 02:15:39,820 [INFO] PluginManage:359 - Loaded plugin thirdparty (category:base,tabindex:-1)
2024-03-23 02:15:39,820 [WARN] IntegrityCheckThread:84 - waiting for thirdparty lock release [integrity check]
2024-03-23 02:15:39,820 [INFO] PluginManage:310 - Check plugin tools
2024-03-23 02:15:39,821 [INFO] IntegrityCheckThread:86 - entering critical section [integrity check]
2024-03-23 02:15:39,822 [INFO] ThirdPartyUpdaterWithRetryManager:70 - Updater plugin not ready yet. [1/15]
2024-03-23 02:15:39,848 [INFO] PluginManage:359 - Loaded plugin tools (category:base,tabindex:7)
2024-03-23 02:15:39,848 [INFO] PluginManage:310 - Check plugin tutovideos
2024-03-23 02:15:40,024 [INFO] PluginManage:359 - Loaded plugin tutovideos (category:base,tabindex:-1)
2024-03-23 02:15:40,026 [INFO] PluginManage:310 - Check plugin updater
2024-03-23 02:15:40,035 [INFO] PluginManage:359 - Loaded plugin updater (category:base,tabindex:12)
2024-03-23 02:15:40,036 [INFO] PluginManage:310 - Check plugin userauth
2024-03-23 02:15:40,041 [INFO] UserAuth:114 - Init User Auth plugin
2024-03-23 02:15:40,041 [INFO] PluginManage:359 - Loaded plugin userauth (category:base,tabindex:14)
2024-03-23 02:15:40,041 [INFO] PluginManage:283 - PluginManage : Loaded plugins [17]
2024-03-23 02:15:40,224 [INFO] PinOutPanel:1499 - setPackage(No Configuration,No Configuration)
2024-03-23 02:15:40,294 [INFO] CADModel:165 - CPN selected for project level
2024-03-23 02:15:40,294 [INFO] CADModel:114 - Register for checkConnection events
2024-03-23 02:15:40,317 [INFO] IPUIPlugin:80 - create IPUIPlugin
2024-03-23 02:15:40,317 [INFO] PluginManager:220 - loadIPPluginJar : add adc
2024-03-23 02:15:40,346 [INFO] IPUIPlugin:80 - create IPUIPlugin
2024-03-23 02:15:40,346 [INFO] PluginManager:220 - loadIPPluginJar : add aes
2024-03-23 02:15:40,380 [INFO] IPUIPlugin:80 - create IPUIPlugin
2024-03-23 02:15:40,380 [INFO] PluginManager:220 - loadIPPluginJar : add can
2024-03-23 02:15:40,397 [INFO] IPUIPlugin:80 - create IPUIPlugin
2024-03-23 02:15:40,397 [INFO] PluginManager:220 - loadIPPluginJar : add comp
2024-03-23 02:15:40,423 [INFO] IPUIPlugin:80 - create IPUIPlugin
2024-03-23 02:15:40,424 [INFO] PluginManager:220 - loadIPPluginJar : add cryp
2024-03-23 02:15:40,447 [INFO] IPUIPlugin:80 - create IPUIPlugin
2024-03-23 02:15:40,447 [INFO] PluginManager:220 - loadIPPluginJar : add dfsdm
2024-03-23 02:15:40,459 [INFO] IPUIPlugin:80 - create IPUIPlugin
2024-03-23 02:15:40,459 [INFO] PluginManager:220 - loadIPPluginJar : add dma
2024-03-23 02:15:40,492 [INFO] IPUIPlugin:80 - create IPUIPlugin
2024-03-23 02:15:40,492 [INFO] PluginManager:220 - loadIPPluginJar : add dma3
2024-03-23 02:15:40,507 [INFO] IPUIPlugin:80 - create IPUIPlugin
2024-03-23 02:15:40,507 [INFO] PluginManager:220 - loadIPPluginJar : add fatfs
2024-03-23 02:15:40,542 [INFO] IPUIPlugin:80 - create IPUIPlugin
2024-03-23 02:15:40,543 [INFO] PluginManager:220 - loadIPPluginJar : add fmc
2024-03-23 02:15:40,555 [INFO] IPUIPlugin:80 - create IPUIPlugin
2024-03-23 02:15:40,556 [INFO] PluginManager:220 - loadIPPluginJar : add freertos
2024-03-23 02:15:40,572 [INFO] IPUIPlugin:80 - create IPUIPlugin
2024-03-23 02:15:40,572 [INFO] PluginManager:220 - loadIPPluginJar : add genericplugin
2024-03-23 02:15:40,641 [INFO] IPUIPlugin:80 - create IPUIPlugin
2024-03-23 02:15:40,641 [INFO] PluginManager:220 - loadIPPluginJar : add gfxmmu
2024-03-23 02:15:40,747 [INFO] IPUIPlugin:80 - create IPUIPlugin
2024-03-23 02:15:40,747 [INFO] PluginManager:220 - loadIPPluginJar : add gic
2024-03-23 02:15:40,758 [INFO] IPUIPlugin:80 - create IPUIPlugin
2024-03-23 02:15:40,758 [INFO] PluginManager:220 - loadIPPluginJar : add gpio
2024-03-23 02:15:40,831 [INFO] IPUIPlugin:80 - create IPUIPlugin
2024-03-23 02:15:40,831 [INFO] PluginManager:220 - loadIPPluginJar : add gtzc
2024-03-23 02:15:40,858 [INFO] IPUIPlugin:80 - create IPUIPlugin
2024-03-23 02:15:40,858 [INFO] PluginManager:220 - loadIPPluginJar : add hash
2024-03-23 02:15:40,898 [INFO] IPUIPlugin:80 - create IPUIPlugin
2024-03-23 02:15:40,898 [INFO] PluginManager:220 - loadIPPluginJar : add i2c
2024-03-23 02:15:40,928 [INFO] IPUIPlugin:80 - create IPUIPlugin
2024-03-23 02:15:40,928 [INFO] PluginManager:220 - loadIPPluginJar : add i2s
2024-03-23 02:15:40,962 [INFO] IPUIPlugin:80 - create IPUIPlugin
2024-03-23 02:15:40,962 [INFO] PluginManager:220 - loadIPPluginJar : add i3c
2024-03-23 02:15:41,053 [INFO] IPUIPlugin:80 - create IPUIPlugin
2024-03-23 02:15:41,053 [INFO] PluginManager:220 - loadIPPluginJar : add ipddr
2024-03-23 02:15:41,124 [INFO] IPUIPlugin:80 - create IPUIPlugin
2024-03-23 02:15:41,124 [INFO] PluginManager:220 - loadIPPluginJar : add linkedlist
2024-03-23 02:15:41,149 [INFO] IPUIPlugin:80 - create IPUIPlugin
2024-03-23 02:15:41,149 [INFO] PluginManager:220 - loadIPPluginJar : add lorawan
2024-03-23 02:15:41,177 [INFO] IPUIPlugin:80 - create IPUIPlugin
2024-03-23 02:15:41,177 [INFO] PluginManager:220 - loadIPPluginJar : add ltdc
2024-03-23 02:15:41,188 [INFO] IPUIPlugin:80 - create IPUIPlugin
2024-03-23 02:15:41,188 [INFO] PluginManager:220 - loadIPPluginJar : add mdma
2024-03-23 02:15:41,200 [INFO] IPUIPlugin:80 - create IPUIPlugin
2024-03-23 02:15:41,200 [INFO] PluginManager:220 - loadIPPluginJar : add nvic
2024-03-23 02:15:41,235 [INFO] IPUIPlugin:80 - create IPUIPlugin
2024-03-23 02:15:41,235 [INFO] PluginManager:220 - loadIPPluginJar : add opamp
2024-03-23 02:15:41,290 [INFO] IPUIPlugin:80 - create IPUIPlugin
2024-03-23 02:15:41,290 [INFO] PluginManager:220 - loadIPPluginJar : add openamp
2024-03-23 02:15:41,326 [INFO] IPUIPlugin:80 - create IPUIPlugin
2024-03-23 02:15:41,327 [INFO] PluginManager:220 - loadIPPluginJar : add pdm2pcm
2024-03-23 02:15:41,339 [INFO] IPUIPlugin:80 - create IPUIPlugin
2024-03-23 02:15:41,341 [INFO] PluginManager:220 - loadIPPluginJar : add plateformsettings
2024-03-23 02:15:41,358 [INFO] IPUIPlugin:80 - create IPUIPlugin
2024-03-23 02:15:41,358 [INFO] PluginManager:220 - loadIPPluginJar : add quadspi
2024-03-23 02:15:41,380 [INFO] IPUIPlugin:80 - create IPUIPlugin
2024-03-23 02:15:41,380 [INFO] PluginManager:220 - loadIPPluginJar : add resmgrutility
2024-03-23 02:15:41,425 [INFO] IPUIPlugin:80 - create IPUIPlugin
2024-03-23 02:15:41,425 [INFO] PluginManager:220 - loadIPPluginJar : add sai
2024-03-23 02:15:41,457 [INFO] IPUIPlugin:80 - create IPUIPlugin
2024-03-23 02:15:41,457 [INFO] PluginManager:220 - loadIPPluginJar : add spi
2024-03-23 02:15:41,512 [INFO] IPUIPlugin:80 - create IPUIPlugin
2024-03-23 02:15:41,512 [INFO] PluginManager:220 - loadIPPluginJar : add stm32_wpan
2024-03-23 02:15:41,533 [INFO] IPUIPlugin:80 - create IPUIPlugin
2024-03-23 02:15:41,533 [INFO] PluginManager:220 - loadIPPluginJar : add tim
2024-03-23 02:15:41,578 [INFO] IPUIPlugin:80 - create IPUIPlugin
2024-03-23 02:15:41,578 [INFO] PluginManager:220 - loadIPPluginJar : add touchsensing
2024-03-23 02:15:41,603 [INFO] IPUIPlugin:80 - create IPUIPlugin
2024-03-23 02:15:41,603 [INFO] PluginManager:220 - loadIPPluginJar : add tracer_emb
2024-03-23 02:15:41,623 [INFO] IPUIPlugin:80 - create IPUIPlugin
2024-03-23 02:15:41,623 [INFO] PluginManager:220 - loadIPPluginJar : add ts
2024-03-23 02:15:41,638 [INFO] IPUIPlugin:80 - create IPUIPlugin
2024-03-23 02:15:41,638 [INFO] PluginManager:220 - loadIPPluginJar : add tsc
2024-03-23 02:15:41,653 [INFO] IPUIPlugin:80 - create IPUIPlugin
2024-03-23 02:15:41,653 [INFO] PluginManager:220 - loadIPPluginJar : add ucpd
2024-03-23 02:15:41,688 [INFO] IPUIPlugin:80 - create IPUIPlugin
2024-03-23 02:15:41,688 [INFO] PluginManager:220 - loadIPPluginJar : add usart
2024-03-23 02:15:41,723 [INFO] IPUIPlugin:80 - create IPUIPlugin
2024-03-23 02:15:41,723 [INFO] PluginManager:220 - loadIPPluginJar : add usbx
2024-03-23 02:15:41,849 [INFO] CADModel:165 - CPN selected for project level
2024-03-23 02:15:41,849 [INFO] CADModel:114 - Register for checkConnection events
2024-03-23 02:15:41,849 [FATAL] Updater:308 - Updater called before beeing initialized
2024-03-23 02:15:41,849 [ERROR] CADModel:125 - Updater not yet initialized, retry later 
2024-03-23 02:15:42,001 [INFO] CADModel:165 - CPN selected for project level
2024-03-23 02:15:42,001 [INFO] CADModel:114 - Register for checkConnection events
2024-03-23 02:15:42,001 [FATAL] Updater:308 - Updater called before beeing initialized
2024-03-23 02:15:42,001 [ERROR] CADModel:125 - Updater not yet initialized, retry later 
2024-03-23 02:15:42,001 [FATAL] Updater:308 - Updater called before beeing initialized
2024-03-23 02:15:42,111 [FATAL] Updater:308 - Updater called before beeing initialized
2024-03-23 02:15:42,121 [INFO] DbMcusAds:53 - JSON generation date=Wed Nov 29 12:52:27 EET 2023 (1701255147349)
2024-03-23 02:15:42,121 [FATAL] Updater:308 - Updater called before beeing initialized
2024-03-23 02:15:42,187 [WARN] DetailPanel:346 - Failed to get advertising image, set to default
2024-03-23 02:15:42,268 [FATAL] Updater:308 - Updater called before beeing initialized
2024-03-23 02:15:42,269 [FATAL] Updater:308 - Updater called before beeing initialized
2024-03-23 02:15:42,269 [FATAL] Updater:308 - Updater called before beeing initialized
2024-03-23 02:15:42,269 [WARN] DetailPanel:346 - Failed to get advertising image, set to default
2024-03-23 02:15:42,269 [FATAL] Updater:308 - Updater called before beeing initialized
2024-03-23 02:15:42,327 [ERROR] Updater:1120 - MainUpdater not yet initialized. External WinMGr cannot be set.
2024-03-23 02:15:42,337 [INFO] Updater:1056 - Updater Version found : 6.10.0
2024-03-23 02:15:42,352 [INFO] ApplicationProperties:184 - Using Application install path: C:\ST\STM32CubeIDE_1.14.1\STM32CubeIDE\plugins\com.st.stm32cube.common.mx_6.10.0.202311202037
2024-03-23 02:15:42,825 [INFO] ThirdPartyUpdaterWithRetryManager:70 - Updater plugin not ready yet. [2/15]
2024-03-23 02:15:43,975 [ERROR] LogOutputStream:75 - [STDERR_REDIRECT] Mar 23, 2024 2:15:43 AM java.util.prefs.WindowsPreferences <init>
2024-03-23 02:15:43,975 [ERROR] LogOutputStream:75 - [STDERR_REDIRECT] WARNING: Could not open/create prefs root node Software\JavaSoft\Prefs at root 0xffffffff80000002. Windows RegCreateKeyEx(...) returned error code 5.
2024-03-23 02:15:43,975 [ERROR] LogOutputStream:75 - [STDERR_REDIRECT] 
2024-03-23 02:15:44,535 [INFO] MainUpdater:2873 - connection check result : 10
2024-03-23 02:15:44,535 [INFO] MainUpdater:3567 - Updater definition file requires update
2024-03-23 02:15:44,535 [INFO] MainUpdater:290 - Updater Check For Update Now.
2024-03-23 02:15:44,535 [INFO] MicroXplorer:498 - Change Database Version : DB.6.0.100
2024-03-23 02:15:44,550 [INFO] McuFinderGlobals:63 - Set McuFinder mode to 2 (CubeIDE integrated)
2024-03-23 02:15:44,844 [INFO] ServerAccessManage:473 - Download File updaters.zip
2024-03-23 02:15:45,034 [INFO] UserAuth:404 - Internet connection configuration mode: 1
2024-03-23 02:15:45,055 [INFO] JxBrowserEngine:152 - Initiate JxBrowser Engine with user profile folder
2024-03-23 02:15:45,090 [INFO] FileExtend:240 - Unzip File : updaters.zip
2024-03-23 02:15:45,090 [INFO] FileExtend:255 - Standard Zip Deflate
2024-03-23 02:15:45,534 [INFO] ServerAccessManage:473 - Download File PacksControlFlags.xml
2024-03-23 02:15:45,701 [INFO] ServerAccessManage:473 - Download File cubemx.pidx
2024-03-23 02:15:45,834 [WARN] MainUpdater:1194 - Updater busy. Cannot search thirdparties
2024-03-23 02:15:45,834 [INFO] ThirdPartyUpdaterWithRetryManager:96 - Updater plugin is busy. [1/15]
2024-03-23 02:15:46,556 [INFO] ServerAccessManage:473 - Download File STMicroelectronics.X-CUBE-NFC6.pdsc
2024-03-23 02:15:47,576 [WARN] PackLoader:240 - Cannot read IP mode file for STMicroelectronics.X-CUBE-NFC6.3.1.0
2024-03-23 02:15:47,583 [INFO] PopulateThirdPartyThread:66 - Ending populate Thread
2024-03-23 02:15:47,583 [INFO] ThirdParty:1030 - CMSIS Pack Vendor :STMicroelectronics X-CUBE-NFC6 3.1.0
2024-03-23 02:15:47,583 [INFO] LoadServerUpdatesThread:375 - End of LoadServerUpdate Thread
2024-03-23 02:15:47,705 [INFO] CheckServerUpdateThread:120 - End of CheckServer Thread
2024-03-23 02:15:48,105 [INFO] WebApp:161 - Instantiating new browser for Auth
2024-03-23 02:15:48,783 [INFO] WebApp:780 - Register for checkConnection events
2024-03-23 02:15:48,783 [INFO] WebApp:414 - Apply proxy settings
2024-03-23 02:15:48,783 [INFO] WebApp:499 - Chromium requires no authentication
2024-03-23 02:15:48,791 [INFO] WebApp:442 - Direct internet connection detected
2024-03-23 02:15:48,971 [WARN] PackLoader:240 - Cannot read IP mode file for STMicroelectronics.X-CUBE-SMBUS.2.1.0
2024-03-23 02:15:48,981 [WARN] PackLoader:240 - Cannot read IP mode file for STMicroelectronics.X-CUBE-TOUCHGFX.4.23.0
2024-03-23 02:15:49,016 [INFO] WebApp:192 - Starting web application
2024-03-23 02:15:49,016 [WARN] PackLoader:240 - Cannot read IP mode file for STMicroelectronics.X-CUBE-AZRTOS-F7.1.1.0
2024-03-23 02:15:49,016 [INFO] WebApp:544 - Web application path used C:\ST\STM32CubeIDE_1.14.1\STM32CubeIDE\plugins\com.st.stm32cube.common.mx_6.10.0.202311202037\db\plugins\mcufinder\reactClient1\index.html
2024-03-23 02:15:49,033 [WARN] PackLoader:240 - Cannot read IP mode file for STMicroelectronics.FP-SNS-MOTENV1.4.3.2
2024-03-23 02:15:49,051 [WARN] PackLoader:240 - Cannot read IP mode file for STMicroelectronics.FP-SNS-FLIGHT1.5.0.2
2024-03-23 02:15:49,066 [WARN] PackLoader:240 - Cannot read IP mode file for STMicroelectronics.X-CUBE-DISPLAY.3.0.0
2024-03-23 02:15:49,084 [WARN] PackLoader:240 - Cannot read IP mode file for STMicroelectronics.X-CUBE-BLE1.7.0.0
2024-03-23 02:15:49,098 [WARN] PackLoader:240 - Cannot read IP mode file for emotas.I-CUBE-CANOPEN.1.3.0
2024-03-23 02:15:49,121 [WARN] PackLoader:240 - Cannot read IP mode file for STMicroelectronics.X-CUBE-BLEMGR.3.1.0
2024-03-23 02:15:49,142 [WARN] PackLoader:240 - Cannot read IP mode file for STMicroelectronics.FP-SNS-SMARTAG2.1.2.0
2024-03-23 02:15:49,165 [INFO] LogOutputStream:77 - [STDOUT_REDIRECT] 1 : Invalid condition id : UX_CORESTACK_Condition cause : null
2024-03-23 02:15:49,167 [INFO] LogOutputStream:77 - [STDOUT_REDIRECT] 1 : Invalid condition id : UX_CORESTACK_Condition cause : null
2024-03-23 02:15:49,169 [INFO] LogOutputStream:77 - [STDOUT_REDIRECT] 1 : Invalid condition id : UX_CORESTACK_Condition cause : null
2024-03-23 02:15:49,172 [INFO] LogOutputStream:77 - [STDOUT_REDIRECT] 1 : Invalid condition id : UX_CORESTACK_Condition cause : null
2024-03-23 02:15:49,173 [INFO] LogOutputStream:77 - [STDOUT_REDIRECT] 1 : Invalid condition id : UX_CORESTACK_Condition cause : null
2024-03-23 02:15:49,178 [WARN] PackLoader:240 - Cannot read IP mode file for STMicroelectronics.X-CUBE-AZRTOS-WL.2.0.0
2024-03-23 02:15:49,208 [WARN] PackLoader:240 - Cannot read IP mode file for WES.I-CUBE-Cesium.1.3.0
2024-03-23 02:15:49,222 [WARN] PackLoader:240 - Cannot read IP mode file for STMicroelectronics.X-CUBE-BLE2.3.3.0
2024-03-23 02:15:49,244 [WARN] PackLoader:240 - Cannot read IP mode file for STMicroelectronics.X-CUBE-ALGOBUILD.1.3.0
2024-03-23 02:15:49,315 [WARN] PackLoader:240 - Cannot read IP mode file for STMicroelectronics.X-CUBE-AZRTOS-G0.1.1.0
2024-03-23 02:15:49,339 [WARN] PackLoader:240 - Cannot read IP mode file for STMicroelectronics.X-CUBE-NFC4.3.0.0
2024-03-23 02:15:49,364 [WARN] PackLoader:240 - Cannot read IP mode file for STMicroelectronics.X-CUBE-BLEMGR.3.0.0
2024-03-23 02:15:49,375 [WARN] PackLoader:240 - Cannot read IP mode file for STMicroelectronics.FP-ATR-SIGFOX1.3.2.0
2024-03-23 02:15:49,392 [WARN] PackLoader:240 - Cannot read IP mode file for STMicroelectronics.X-CUBE-EEPRMA1.5.1.0
2024-03-23 02:15:49,460 [WARN] PackLoader:240 - Cannot read IP mode file for SEGGER.I-CUBE-embOS.1.3.1
2024-03-23 02:15:49,536 [WARN] PackLoader:240 - Cannot read IP mode file for STMicroelectronics.X-CUBE-GNSS1.6.0.0
2024-03-23 02:15:49,575 [WARN] PackLoader:240 - Cannot read IP mode file for STMicroelectronics.X-CUBE-AZRTOS-F4.1.1.0
2024-03-23 02:15:49,590 [WARN] PackLoader:240 - Cannot read IP mode file for wolfSSL.I-CUBE-wolfSSL.5.6.6
2024-03-23 02:15:49,625 [WARN] PackLoader:240 - Cannot read IP mode file for STMicroelectronics.X-CUBE-AZRTOS-L5.2.0.0
2024-03-23 02:15:49,640 [WARN] PackLoader:240 - Cannot read IP mode file for STMicroelectronics.X-CUBE-NFC6.3.1.0
2024-03-23 02:15:49,660 [WARN] PackLoader:240 - Cannot read IP mode file for ITTIA_DB.I-CUBE-ITTIADB.8.8.0
2024-03-23 02:15:49,675 [WARN] PackLoader:240 - Cannot read IP mode file for STMicroelectronics.X-CUBE-NFC7.1.0.1
2024-03-23 02:15:49,690 [WARN] PackLoader:240 - Cannot read IP mode file for STMicroelectronics.X-CUBE-NFC6.3.0.0
2024-03-23 02:15:49,710 [WARN] PackLoader:240 - Cannot read IP mode file for STMicroelectronics.X-CUBE-AI.8.1.0
2024-03-23 02:15:49,750 [WARN] ConditionMgr:438 - getConditionDescription Invalid condition id : LAN8742 Phy interface Condition cause : null
2024-03-23 02:15:49,750 [WARN] PackLoader:240 - Cannot read IP mode file for STMicroelectronics.X-CUBE-AZRTOS-L4.2.0.0
2024-03-23 02:15:49,750 [WARN] ConditionMgr:1039 - genDependencies : Invalid condition id : LAN8742 Phy interface Condition cause : null
2024-03-23 02:15:49,750 [WARN] ConditionMgr:1039 - genDependencies : Invalid condition id : LAN8742 Phy interface Condition cause : null
2024-03-23 02:15:49,750 [WARN] ConditionMgr:1039 - genDependencies : Invalid condition id : LAN8742 Phy interface Condition cause : null
2024-03-23 02:15:49,770 [WARN] PackLoader:240 - Cannot read IP mode file for STMicroelectronics.X-CUBE-SFXS2LP1.4.0.0
2024-03-23 02:15:49,800 [WARN] ConditionMgr:438 - getConditionDescription Invalid condition id : UX DEVICE CLASS RTOS Condition cause : null
2024-03-23 02:15:49,800 [WARN] ConditionMgr:438 - getConditionDescription Invalid condition id : UX DEVICE CLASS RTOS Condition cause : null
2024-03-23 02:15:49,800 [WARN] PackLoader:240 - Cannot read IP mode file for STMicroelectronics.X-CUBE-AZRTOS-WB.2.0.0
2024-03-23 02:15:49,800 [WARN] ConditionMgr:1039 - genDependencies : Invalid condition id : UX DEVICE CLASS RTOS Condition cause : null
2024-03-23 02:15:49,800 [WARN] ConditionMgr:1039 - genDependencies : Invalid condition id : UX DEVICE CLASS RTOS Condition cause : null
2024-03-23 02:15:49,800 [WARN] ConditionMgr:1039 - genDependencies : Invalid condition id : UX DEVICE CLASS RTOS Condition cause : null
2024-03-23 02:15:49,800 [WARN] ConditionMgr:1039 - genDependencies : Invalid condition id : UX DEVICE CLASS RTOS Condition cause : null
2024-03-23 02:15:49,800 [WARN] ConditionMgr:1039 - genDependencies : Invalid condition id : UX DEVICE CLASS RTOS Condition cause : null
2024-03-23 02:15:49,820 [WARN] PackLoader:240 - Cannot read IP mode file for STMicroelectronics.X-CUBE-SUBG2.5.0.0
2024-03-23 02:15:49,855 [WARN] PackLoader:240 - Cannot read IP mode file for STMicroelectronics.X-CUBE-AZRTOS-G4.2.0.0
2024-03-23 02:15:49,880 [WARN] PackLoader:240 - Cannot read IP mode file for Infineon.AIROC-Wi-Fi-Bluetooth-STM32.1.5.1
2024-03-23 02:15:49,885 [WARN] PackLoader:240 - Cannot read IP mode file for STMicroelectronics.FP-SNS-MOTENVWB1.1.3.1
2024-03-23 02:15:49,900 [WARN] PackLoader:240 - Cannot read IP mode file for STMicroelectronics.X-CUBE-ISPU.2.0.0
2024-03-23 02:15:49,940 [WARN] PackLoader:240 - Cannot read IP mode file for STMicroelectronics.X-CUBE-MEMS1.10.0.0
2024-03-23 02:15:50,040 [WARN] PackLoader:240 - Cannot read IP mode file for STMicroelectronics.X-CUBE-FREERTOS.1.1.0
2024-03-23 02:15:50,055 [WARN] PackLoader:240 - Cannot read IP mode file for portGmbH.I-Cube-SoM-uGOAL.1.1.0
2024-03-23 02:15:50,065 [WARN] PackLoader:240 - Cannot read IP mode file for STMicroelectronics.X-CUBE-ALS.1.0.1
2024-03-23 02:15:50,070 [WARN] PackLoader:240 - Cannot read IP mode file for STMicroelectronics.FP-ATR-ASTRA1.2.0.0
2024-03-23 02:15:50,090 [WARN] PackLoader:240 - Cannot read IP mode file for STMicroelectronics.X-CUBE-TOF1.3.4.0
2024-03-23 02:15:50,115 [WARN] PackLoader:240 - Cannot read IP mode file for STMicroelectronics.X-CUBE-TOF1.3.4.1
2024-03-23 02:15:50,160 [WARN] PackLoader:240 - Cannot read IP mode file for STMicroelectronics.X-CUBE-AZRTOS-H7.3.2.0
2024-03-23 02:15:50,165 [INFO] ThirdParty:978 - Integrity check success = true
2024-03-23 02:15:50,165 [INFO] IntegrityCheckThread:100 - exiting critical section [integrity check]
2024-03-23 02:15:50,165 [INFO] IntegrityCheckThread:103 - End integrity checks thread
2024-03-23 02:16:08,630 [INFO] McuFinderGlobals:63 - Set McuFinder mode to 2 (CubeIDE integrated)
2024-03-23 02:16:08,650 [INFO] MainUpdater:2873 - connection check result : 10
2024-03-23 02:16:08,668 [INFO] McuFinderGlobals:76 - Set McuFinderConnectedMode to true
2024-03-23 02:16:09,210 [INFO] ServerAccessManage:473 - Download File mcusAds.json._tmp_
2024-03-23 02:16:09,323 [INFO] LoadUrlFilesThread:156 - End of LoadUrlFiles Thread
2024-03-23 02:16:09,729 [INFO] ServerAccessManage:473 - Download File cube-finder-db.zip
2024-03-23 02:16:09,860 [ERROR] LogOutputStream:75 - [STDERR_REDIRECT] SLF4J: Failed to load class "org.slf4j.impl.StaticLoggerBinder".
2024-03-23 02:16:09,861 [ERROR] LogOutputStream:75 - [STDERR_REDIRECT] SLF4J: Defaulting to no-operation (NOP) logger implementation
2024-03-23 02:16:09,862 [ERROR] LogOutputStream:75 - [STDERR_REDIRECT] SLF4J: See http://www.slf4j.org/codes.html#StaticLoggerBinder for further details.
2024-03-23 02:16:19,437 [INFO] FileExtend:240 - Unzip File : cube-finder-db.zip
2024-03-23 02:16:19,438 [INFO] FileExtend:255 - Standard Zip Deflate
2024-03-23 02:16:20,183 [INFO] LoadUrlFilesThread:156 - End of LoadUrlFiles Thread
2024-03-23 02:16:20,595 [INFO] ServerAccessManage:473 - Download File crdb.zip
2024-03-23 02:16:20,963 [INFO] FileExtend:240 - Unzip File : crdb.zip
2024-03-23 02:16:20,963 [INFO] FileExtend:255 - Standard Zip Deflate
2024-03-23 02:16:21,097 [INFO] LoadUrlFilesThread:156 - End of LoadUrlFiles Thread
2024-03-23 02:16:21,320 [INFO] ServerAccessManage:473 - Download File tutoVideoDB.zip
2024-03-23 02:16:21,359 [INFO] FileExtend:240 - Unzip File : tutoVideoDB.zip
2024-03-23 02:16:21,360 [INFO] FileExtend:255 - Standard Zip Deflate
2024-03-23 02:16:21,474 [INFO] LoadUrlFilesThread:156 - End of LoadUrlFiles Thread
2024-03-23 02:16:21,475 [WARN] DbFile:41 - Overriding database path with different value: C:\Users\Maydoum\.stmcufinder\plugins\mcufinder/ => C:\Users\Maydoum\.stmcufinder\plugins\mcufinder
2024-03-23 02:16:21,682 [INFO] ServerAccessManage:473 - Download File api_config.json
2024-03-23 02:16:21,791 [INFO] LoadUrlFilesThread:156 - End of LoadUrlFiles Thread
2024-03-23 02:16:21,791 [INFO] DbMcusAds:53 - JSON generation date=Wed Nov 29 12:52:27 EET 2023 (1701255147349)
2024-03-23 02:16:21,807 [INFO] LoadUrlFilesThread:185 - End of LoadServerUrlFiles without Thread
2024-03-23 02:16:21,807 [INFO] TargetSelectorAdapter:259 - Refresh data is successful
2024-03-23 02:16:21,905 [INFO] ApiDb:581 - Connected to CubeFinder SQLite database (C:\Users\Maydoum\.stmcufinder\plugins\mcufinder\mcu\cube-finder-db.db)
2024-03-23 02:16:21,968 [INFO] ApiDb:668 - CubeFinder database Data Model version=2.1
2024-03-23 02:16:21,968 [INFO] ApiDb:669 - CubeFinder database Configuration version=3.0.39
2024-03-23 02:16:21,968 [INFO] ApiDb:670 - CubeFinder database generation date=2024-03-01 (1709305525)
2024-03-23 02:16:21,968 [INFO] ApiDb:671 - CubeFinder database FW Pack versions=[FP-ATR-ASTRA1_V2.0.0, FP-SNS-FLIGHT1_V5.0.1, FP-SNS-FLIGHT1_V5.0.2, FP-SNS-MOTENV1_V4.3.1, FP-SNS-MOTENV1_V4.3.2, FP-SNS-MOTENVWB1_V1.3.1, FP-SNS-SMARTAG2_V1.2.0, STM32Cube_FW_C0_V1.1.0, STM32Cube_FW_F4_V1.28.0, STM32Cube_FW_F7_V1.17.0, STM32Cube_FW_G0_V1.6.2, STM32Cube_FW_G4_V1.5.2, STM32Cube_FW_H5_V0.5.1, STM32Cube_FW_H5_V1.1.1, STM32Cube_FW_H5_V1.2.0, STM32Cube_FW_H5_V1.2.0RC4, STM32Cube_FW_H7RS_V1.0.0, STM32Cube_FW_H7RS_V1.0.0RC4, STM32Cube_FW_H7_V1.11.0, STM32Cube_FW_L0_V1.12.2, STM32Cube_FW_L5_V1.5.1, STM32Cube_FW_U0_V1.0.0, STM32Cube_FW_U0_V1.0.0RC1, STM32Cube_FW_U5_V1.3.0RC4, STM32Cube_FW_U5_V1.5.0, STM32Cube_FW_U5_V1.5.0RC1, STM32Cube_FW_WBA_V1.0.0RC1, STM32Cube_FW_WBA_V1.2.0, STM32Cube_FW_WBA_V1.2.0RC2, STM32Cube_FW_WBA_V1.3.0, STM32Cube_FW_WBA_V1.3.0RC1, STM32Cube_FW_WB_V1.15.0RC1, STM32Cube_FW_WB_V1.16.0, STM32Cube_FW_WB_V1.16.0RC2, STM32Cube_FW_WB_V1.18.0, STM32Cube_FW_WB_V1.19.0, STM32Cube_FW_WL_V1.3.0, X-CUBE-ALGOBUILD_V1.3.0, X-CUBE-ALS_V1.0.1, X-CUBE-AZRTOS-F4_V1.1.0, X-CUBE-AZRTOS-F7_V1.1.0, X-CUBE-AZRTOS-G0_V1.1.0, X-CUBE-AZRTOS-G4_V2.0.0, X-CUBE-AZRTOS-H7_V3.2.0, X-CUBE-AZRTOS-L4_V1.0.0, X-CUBE-AZRTOS-L4_V2.0.0, X-CUBE-AZRTOS-L5_V1.1.0, X-CUBE-AZRTOS-WB_V2.0.0, X-CUBE-AZRTOS-WL_V2.0.0, X-CUBE-BLE1_V7.0.0, X-CUBE-BLE2_V3.3.0, X-CUBE-BLEMGR_V3.1.0, X-CUBE-EEPRMA1_V4.1.0, X-CUBE-EEPRMA1_V5.1.0, X-CUBE-FREERTOS_V1.1.0, X-CUBE-GNSS1_V6.0.0, X-CUBE-MEMS1_V10.0.0, X-CUBE-MEMS1_V9.1.0, X-CUBE-MEMS1_V9.4.0, X-CUBE-MEMS1_V9.6.0, X-CUBE-NFC4_V3.0.0, X-CUBE-NFC7_V1.0.1, X-CUBE-SFXS2LP1_V4.0.0, X-CUBE-SUBG2_V5.0.0, X-CUBE-TOF1_V3.4.0]
2024-03-23 02:16:23,848 [INFO] ApiDb:240 - Found 371 in-development CPN: [B-G473E-ZEST1S, B-WB1M-WPAN1, B-WL5M-SUBG1, NUCLEO-C031C6, NUCLEO-H503RB, NUCLEO-H563ZI, NUCLEO-U545RE-Q, NUCLEO-U5A5ZJ-Q, NUCLEO-WBA52CG, NUCLEO-WBA55CG, STEVAL-MKBOXPRO, STEVAL-PROTEUS1, STEVAL-STWINBX1, STM320518-EVAL, STM32C0116-DK, STM32C011D6Y3TR, STM32C011D6Y6TR, STM32C011F4P3, STM32C011F4P6, STM32C011F4U3, STM32C011F4U6TR, STM32C011F6P3, STM32C011F6P6, STM32C011F6U3, STM32C011F6U6TR, STM32C011J4M3, STM32C011J4M6, STM32C011J6M3, STM32C011J6M6, STM32C0316-DK, STM32C031C4T3, STM32C031C4T6, STM32C031C4U3, STM32C031C4U6, STM32C031C6T3, STM32C031C6T6, STM32C031C6U3, STM32C031C6U6, STM32C031F4P3, STM32C031F4P6, STM32C031F6P3, STM32C031F6P6, STM32C031G4U3, STM32C031G4U6, STM32C031G6U3, STM32C031G6U6, STM32C031K4T3, STM32C031K4T6, STM32C031K4U3, STM32C031K4U6, STM32C031K6T3, STM32C031K6T6, STM32C031K6U3, STM32C031K6U6, STM32G071K8TXN, STM32G071K8UXN, STM32G081GBU6N, STM32G081KBT6N, STM32G081KBUXN, STM32G0B1CCT6N, STM32G0B1KCT6, STM32G0B1NEY6TR, STM32G0B1RCT6N, STM32G0C1CCT6, STM32G0C1CCT6N, STM32G0C1CCU6N, STM32G0C1CET6N, STM32G0C1CEU6N, STM32G0C1KCT6, STM32G0C1NEY6TR, STM32G0C1RCI6N, STM32G0C1RCT6N, STM32G0C1REI6N, STM32G0C1RET6N, STM32G0C1VCI6, STM32G0C1VEI6, STM32G471CCT6, STM32G471CCU6, STM32G471CET3, STM32G471CET6, STM32G471CEU3, STM32G471CEU6, STM32G471MCT6, STM32G471MET3, STM32G471MET6, STM32G471MEY6TR, STM32G471QCT6, STM32G471QET3, STM32G471RCT6, STM32G471RET3, STM32G471RET6, STM32G471VCH6, STM32G471VCI6, STM32G471VCT6, STM32G471VEH3, STM32G471VEH6, STM32G471VEI3, STM32G471VEI6, STM32G471VET3, STM32G471VET6, STM32G474CCT6, STM32H503CBT6, STM32H503CBU6, STM32H503EBY6TR, STM32H503KBU6, STM32H503RBT6, STM32H562AGI6, STM32H562AII6, STM32H562IGK6, STM32H562IGT6, STM32H562IIK6, STM32H562IIT6, STM32H562RGT6, STM32H562RGV6, STM32H562RIT6, STM32H562RIV6, STM32H562VGT6, STM32H562VIT6, STM32H562ZGT6, STM32H562ZIT6, STM32H563AGI6, STM32H563AII3Q, STM32H563AII6, STM32H563IGK6, STM32H563IGT6, STM32H563IIK3Q, STM32H563IIK6, STM32H563IIT3Q, STM32H563IIT6, STM32H563MIY3QTR, STM32H563RGT6, STM32H563RGV6, STM32H563RIT6, STM32H563RIV6, STM32H563VGT6, STM32H563VIT3Q, STM32H563VIT6, STM32H563ZGT6, STM32H563ZIT3Q, STM32H563ZIT6, STM32H573AII3Q, STM32H573AII6, STM32H573I-DK, STM32H573IIK3Q, STM32H573IIK6, STM32H573IIT3Q, STM32H573IIT6, STM32H573MIY3QTR, STM32H573RIT6, STM32H573RIV6, STM32H573VIT3Q, STM32H573VIT6, STM32H573ZIT3Q, STM32H573ZIT6, STM32L4R5QGI6STR, STM32MP131AAE3, STM32MP131AAF3, STM32MP131AAG3, STM32MP131CAE3, STM32MP131CAF3, STM32MP131CAG3, STM32MP131DAE7, STM32MP131DAF7, STM32MP131DAG7, STM32MP131FAE7, STM32MP131FAF7, STM32MP131FAG7, STM32MP133AAE3, STM32MP133AAF3, STM32MP133AAG3, STM32MP133CAE3, STM32MP133CAF3, STM32MP133CAG3, STM32MP133DAE7, STM32MP133DAF7, STM32MP133DAG7, STM32MP133FAE7, STM32MP133FAF7, STM32MP133FAG7, STM32MP135AAE3, STM32MP135AAF3, STM32MP135AAG3, STM32MP135CAE3, STM32MP135CAF3, STM32MP135CAG3, STM32MP135DAE7, STM32MP135DAF7, STM32MP135DAG7, STM32MP135F-DK, STM32MP135FAE7, STM32MP135FAF7, STM32MP135FAF7T, STM32MP135FAF7U, STM32MP135FAG7, STM32U535CBT6, STM32U535CBT6Q, STM32U535CBU6, STM32U535CBU6Q, STM32U535CCT6, STM32U535CCT6Q, STM32U535CCU6, STM32U535CCU6Q, STM32U535CET6, STM32U535CET6Q, STM32U535CEU6, STM32U535CEU6Q, STM32U535JEY6QTR, STM32U535NCY6QTR, STM32U535NEY6QTR, STM32U535RBI6, STM32U535RBI6Q, STM32U535RBT6, STM32U535RBT6Q, STM32U535RCI6, STM32U535RCI6Q, STM32U535RCT6, STM32U535RCT6Q, STM32U535REI6, STM32U535REI6Q, STM32U535RET6, STM32U535RET6Q, STM32U535VCI6, STM32U535VCI6Q, STM32U535VCT6, STM32U535VCT6Q, STM32U535VEI6, STM32U535VEI6Q, STM32U535VET6, STM32U535VET6Q, STM32U545CET6, STM32U545CET6Q, STM32U545CEU6, STM32U545CEU6Q, STM32U545JEY6QTR, STM32U545NEY6QTR, STM32U545REI6, STM32U545REI6Q, STM32U545RET6, STM32U545RET6Q, STM32U545VEI6, STM32U545VEI6Q, STM32U545VET6, STM32U545VET6Q, STM32U595AIH6, STM32U595AIH6Q, STM32U595AJH6, STM32U595AJH6Q, STM32U595QII6, STM32U595QII6Q, STM32U595QJI6, STM32U595QJI6Q, STM32U595RIT6, STM32U595RIT6Q, STM32U595RJT6, STM32U595RJT6Q, STM32U595VIT6, STM32U595VIT6Q, STM32U595VJT6, STM32U595VJT6Q, STM32U595ZIT6, STM32U595ZIT6Q, STM32U595ZIY6QTR, STM32U595ZJT6, STM32U595ZJT6Q, STM32U595ZJY6QTR, STM32U599BJY6QTR, STM32U599NIH6Q, STM32U599NJH6Q, STM32U599VIT6Q, STM32U599VJT6, STM32U599VJT6Q, STM32U599ZIT6Q, STM32U599ZIY6QTR, STM32U599ZJT6Q, STM32U599ZJY6QTR, STM32U5A5AJH6, STM32U5A5AJH6Q, STM32U5A5QJI6, STM32U5A5QJI6Q, STM32U5A5RJT6, STM32U5A5RJT6Q, STM32U5A5VJT6, STM32U5A5VJT6Q, STM32U5A5ZJT6, STM32U5A5ZJT6Q, STM32U5A5ZJY6QTR, STM32U5A9BJY6QTR, STM32U5A9J-DK, STM32U5A9NJH6Q, STM32U5A9VJT6Q, STM32U5A9ZJT6Q, STM32U5A9ZJY6QTR, STM32U5F7VIT6, STM32U5F7VIT6Q, STM32U5F7VJT6, STM32U5F7VJT6Q, STM32U5F9BJY6QTR, STM32U5F9NJH6Q, STM32U5F9VIT6Q, STM32U5F9VJT6Q, STM32U5F9ZIJ6QTR, STM32U5F9ZIT6Q, STM32U5F9ZJJ6QTR, STM32U5F9ZJT6Q, STM32U5G7VJT6, STM32U5G7VJT6Q, STM32U5G9BJY6QTR, STM32U5G9J-DK1, STM32U5G9J-DK2, STM32U5G9NJH6Q, STM32U5G9VJT6Q, STM32U5G9ZJJ6QTR, STM32U5G9ZJT6Q, STM32WB1MMCH6, STM32WBA50KEU6, STM32WBA50KEU6TR, STM32WBA50KGU6, STM32WBA50KGU6TR, STM32WBA52CEU6, STM32WBA52CEU6TR, STM32WBA52CEU7, STM32WBA52CEU7TR, STM32WBA52CGU6, STM32WBA52CGU6TR, STM32WBA52CGU6U, STM32WBA52CGU7, STM32WBA52CGU7TR, STM32WBA52KEU6, STM32WBA52KEU6TR, STM32WBA52KGU6, STM32WBA52KGU6TR, STM32WBA54CEU6, STM32WBA54CEU6TR, STM32WBA54CEU7, STM32WBA54CEU7TR, STM32WBA54CGU6, STM32WBA54CGU6TR, STM32WBA54CGU7, STM32WBA54CGU7TR, STM32WBA54KEU6, STM32WBA54KEU6TR, STM32WBA54KEU7, STM32WBA54KEU7TR, STM32WBA54KGU6, STM32WBA54KGU6TR, STM32WBA54KGU7, STM32WBA54KGU7TR, STM32WBA55CEU6, STM32WBA55CEU6TR, STM32WBA55CEU7, STM32WBA55CEU7TR, STM32WBA55CGU6, STM32WBA55CGU6TR, STM32WBA55CGU6U, STM32WBA55CGU7, STM32WBA55CGU7TR, STM32WBA55G-DK1, STM32WBA55HEF6, STM32WBA55HEF7, STM32WBA55HGF6, STM32WBA55HGF7, STM32WBA55UEI6, STM32WBA55UEI6TR, STM32WBA55UEI7, STM32WBA55UEI7TR, STM32WBA55UGI6, STM32WBA55UGI6TR, STM32WBA55UGI7, STM32WBA55UGI7TR, STM32WL5MOCH6, STM32WL5MOCH6TR]
2024-03-23 02:16:23,853 [INFO] DbMcus:218 - Found 3986 MCUs, 3986 are supported
2024-03-23 02:16:23,854 [INFO] ApiDb:423 - Load user favorites file C:\Users\Maydoum/.stm32cubeide/favorites.mcus.txt: 0 item(s)
2024-03-23 02:16:23,854 [INFO] ApiDb:427 - User favorites MCUs=[]
2024-03-23 02:16:23,854 [INFO] DbMcus:224 - Set 0 / 0 favorites MCUs
2024-03-23 02:16:24,093 [INFO] ApiDb:668 - CubeFinder database Data Model version=2.1
2024-03-23 02:16:24,093 [INFO] ApiDb:669 - CubeFinder database Configuration version=3.0.39
2024-03-23 02:16:24,093 [INFO] ApiDb:670 - CubeFinder database generation date=2024-03-01 (1709305525)
2024-03-23 02:16:24,093 [INFO] ApiDb:671 - CubeFinder database FW Pack versions=[FP-ATR-ASTRA1_V2.0.0, FP-SNS-FLIGHT1_V5.0.1, FP-SNS-FLIGHT1_V5.0.2, FP-SNS-MOTENV1_V4.3.1, FP-SNS-MOTENV1_V4.3.2, FP-SNS-MOTENVWB1_V1.3.1, FP-SNS-SMARTAG2_V1.2.0, STM32Cube_FW_C0_V1.1.0, STM32Cube_FW_F4_V1.28.0, STM32Cube_FW_F7_V1.17.0, STM32Cube_FW_G0_V1.6.2, STM32Cube_FW_G4_V1.5.2, STM32Cube_FW_H5_V0.5.1, STM32Cube_FW_H5_V1.1.1, STM32Cube_FW_H5_V1.2.0, STM32Cube_FW_H5_V1.2.0RC4, STM32Cube_FW_H7RS_V1.0.0, STM32Cube_FW_H7RS_V1.0.0RC4, STM32Cube_FW_H7_V1.11.0, STM32Cube_FW_L0_V1.12.2, STM32Cube_FW_L5_V1.5.1, STM32Cube_FW_U0_V1.0.0, STM32Cube_FW_U0_V1.0.0RC1, STM32Cube_FW_U5_V1.3.0RC4, STM32Cube_FW_U5_V1.5.0, STM32Cube_FW_U5_V1.5.0RC1, STM32Cube_FW_WBA_V1.0.0RC1, STM32Cube_FW_WBA_V1.2.0, STM32Cube_FW_WBA_V1.2.0RC2, STM32Cube_FW_WBA_V1.3.0, STM32Cube_FW_WBA_V1.3.0RC1, STM32Cube_FW_WB_V1.15.0RC1, STM32Cube_FW_WB_V1.16.0, STM32Cube_FW_WB_V1.16.0RC2, STM32Cube_FW_WB_V1.18.0, STM32Cube_FW_WB_V1.19.0, STM32Cube_FW_WL_V1.3.0, X-CUBE-ALGOBUILD_V1.3.0, X-CUBE-ALS_V1.0.1, X-CUBE-AZRTOS-F4_V1.1.0, X-CUBE-AZRTOS-F7_V1.1.0, X-CUBE-AZRTOS-G0_V1.1.0, X-CUBE-AZRTOS-G4_V2.0.0, X-CUBE-AZRTOS-H7_V3.2.0, X-CUBE-AZRTOS-L4_V1.0.0, X-CUBE-AZRTOS-L4_V2.0.0, X-CUBE-AZRTOS-L5_V1.1.0, X-CUBE-AZRTOS-WB_V2.0.0, X-CUBE-AZRTOS-WL_V2.0.0, X-CUBE-BLE1_V7.0.0, X-CUBE-BLE2_V3.3.0, X-CUBE-BLEMGR_V3.1.0, X-CUBE-EEPRMA1_V4.1.0, X-CUBE-EEPRMA1_V5.1.0, X-CUBE-FREERTOS_V1.1.0, X-CUBE-GNSS1_V6.0.0, X-CUBE-MEMS1_V10.0.0, X-CUBE-MEMS1_V9.1.0, X-CUBE-MEMS1_V9.4.0, X-CUBE-MEMS1_V9.6.0, X-CUBE-NFC4_V3.0.0, X-CUBE-NFC7_V1.0.1, X-CUBE-SFXS2LP1_V4.0.0, X-CUBE-SUBG2_V5.0.0, X-CUBE-TOF1_V3.4.0]
2024-03-23 02:16:24,140 [INFO] DbBoardsSqlite:226 - include board P-NUCLEO-WB55-NUCLEO as a kit item of type 'Nucleo-64'
2024-03-23 02:16:24,140 [INFO] DbBoardsSqlite:226 - include board P-NUCLEO-WB55-USBDONGLE as a kit item of type 'Nucleo USB Dongle'
2024-03-23 02:16:24,140 [INFO] DbBoardsSqlite:226 - include board STEVAL-IDP005V1 as a kit item of type 'Evaluation Board'
2024-03-23 02:16:24,141 [INFO] DbBoardsSqlite:226 - include board STEVAL-IDP005V2 as a kit item of type 'Evaluation Board'
2024-03-23 02:16:24,188 [INFO] ApiDb:240 - Found 371 in-development CPN: [B-G473E-ZEST1S, B-WB1M-WPAN1, B-WL5M-SUBG1, NUCLEO-C031C6, NUCLEO-H503RB, NUCLEO-H563ZI, NUCLEO-U545RE-Q, NUCLEO-U5A5ZJ-Q, NUCLEO-WBA52CG, NUCLEO-WBA55CG, STEVAL-MKBOXPRO, STEVAL-PROTEUS1, STEVAL-STWINBX1, STM320518-EVAL, STM32C0116-DK, STM32C011D6Y3TR, STM32C011D6Y6TR, STM32C011F4P3, STM32C011F4P6, STM32C011F4U3, STM32C011F4U6TR, STM32C011F6P3, STM32C011F6P6, STM32C011F6U3, STM32C011F6U6TR, STM32C011J4M3, STM32C011J4M6, STM32C011J6M3, STM32C011J6M6, STM32C0316-DK, STM32C031C4T3, STM32C031C4T6, STM32C031C4U3, STM32C031C4U6, STM32C031C6T3, STM32C031C6T6, STM32C031C6U3, STM32C031C6U6, STM32C031F4P3, STM32C031F4P6, STM32C031F6P3, STM32C031F6P6, STM32C031G4U3, STM32C031G4U6, STM32C031G6U3, STM32C031G6U6, STM32C031K4T3, STM32C031K4T6, STM32C031K4U3, STM32C031K4U6, STM32C031K6T3, STM32C031K6T6, STM32C031K6U3, STM32C031K6U6, STM32G071K8TXN, STM32G071K8UXN, STM32G081GBU6N, STM32G081KBT6N, STM32G081KBUXN, STM32G0B1CCT6N, STM32G0B1KCT6, STM32G0B1NEY6TR, STM32G0B1RCT6N, STM32G0C1CCT6, STM32G0C1CCT6N, STM32G0C1CCU6N, STM32G0C1CET6N, STM32G0C1CEU6N, STM32G0C1KCT6, STM32G0C1NEY6TR, STM32G0C1RCI6N, STM32G0C1RCT6N, STM32G0C1REI6N, STM32G0C1RET6N, STM32G0C1VCI6, STM32G0C1VEI6, STM32G471CCT6, STM32G471CCU6, STM32G471CET3, STM32G471CET6, STM32G471CEU3, STM32G471CEU6, STM32G471MCT6, STM32G471MET3, STM32G471MET6, STM32G471MEY6TR, STM32G471QCT6, STM32G471QET3, STM32G471RCT6, STM32G471RET3, STM32G471RET6, STM32G471VCH6, STM32G471VCI6, STM32G471VCT6, STM32G471VEH3, STM32G471VEH6, STM32G471VEI3, STM32G471VEI6, STM32G471VET3, STM32G471VET6, STM32G474CCT6, STM32H503CBT6, STM32H503CBU6, STM32H503EBY6TR, STM32H503KBU6, STM32H503RBT6, STM32H562AGI6, STM32H562AII6, STM32H562IGK6, STM32H562IGT6, STM32H562IIK6, STM32H562IIT6, STM32H562RGT6, STM32H562RGV6, STM32H562RIT6, STM32H562RIV6, STM32H562VGT6, STM32H562VIT6, STM32H562ZGT6, STM32H562ZIT6, STM32H563AGI6, STM32H563AII3Q, STM32H563AII6, STM32H563IGK6, STM32H563IGT6, STM32H563IIK3Q, STM32H563IIK6, STM32H563IIT3Q, STM32H563IIT6, STM32H563MIY3QTR, STM32H563RGT6, STM32H563RGV6, STM32H563RIT6, STM32H563RIV6, STM32H563VGT6, STM32H563VIT3Q, STM32H563VIT6, STM32H563ZGT6, STM32H563ZIT3Q, STM32H563ZIT6, STM32H573AII3Q, STM32H573AII6, STM32H573I-DK, STM32H573IIK3Q, STM32H573IIK6, STM32H573IIT3Q, STM32H573IIT6, STM32H573MIY3QTR, STM32H573RIT6, STM32H573RIV6, STM32H573VIT3Q, STM32H573VIT6, STM32H573ZIT3Q, STM32H573ZIT6, STM32L4R5QGI6STR, STM32MP131AAE3, STM32MP131AAF3, STM32MP131AAG3, STM32MP131CAE3, STM32MP131CAF3, STM32MP131CAG3, STM32MP131DAE7, STM32MP131DAF7, STM32MP131DAG7, STM32MP131FAE7, STM32MP131FAF7, STM32MP131FAG7, STM32MP133AAE3, STM32MP133AAF3, STM32MP133AAG3, STM32MP133CAE3, STM32MP133CAF3, STM32MP133CAG3, STM32MP133DAE7, STM32MP133DAF7, STM32MP133DAG7, STM32MP133FAE7, STM32MP133FAF7, STM32MP133FAG7, STM32MP135AAE3, STM32MP135AAF3, STM32MP135AAG3, STM32MP135CAE3, STM32MP135CAF3, STM32MP135CAG3, STM32MP135DAE7, STM32MP135DAF7, STM32MP135DAG7, STM32MP135F-DK, STM32MP135FAE7, STM32MP135FAF7, STM32MP135FAF7T, STM32MP135FAF7U, STM32MP135FAG7, STM32U535CBT6, STM32U535CBT6Q, STM32U535CBU6, STM32U535CBU6Q, STM32U535CCT6, STM32U535CCT6Q, STM32U535CCU6, STM32U535CCU6Q, STM32U535CET6, STM32U535CET6Q, STM32U535CEU6, STM32U535CEU6Q, STM32U535JEY6QTR, STM32U535NCY6QTR, STM32U535NEY6QTR, STM32U535RBI6, STM32U535RBI6Q, STM32U535RBT6, STM32U535RBT6Q, STM32U535RCI6, STM32U535RCI6Q, STM32U535RCT6, STM32U535RCT6Q, STM32U535REI6, STM32U535REI6Q, STM32U535RET6, STM32U535RET6Q, STM32U535VCI6, STM32U535VCI6Q, STM32U535VCT6, STM32U535VCT6Q, STM32U535VEI6, STM32U535VEI6Q, STM32U535VET6, STM32U535VET6Q, STM32U545CET6, STM32U545CET6Q, STM32U545CEU6, STM32U545CEU6Q, STM32U545JEY6QTR, STM32U545NEY6QTR, STM32U545REI6, STM32U545REI6Q, STM32U545RET6, STM32U545RET6Q, STM32U545VEI6, STM32U545VEI6Q, STM32U545VET6, STM32U545VET6Q, STM32U595AIH6, STM32U595AIH6Q, STM32U595AJH6, STM32U595AJH6Q, STM32U595QII6, STM32U595QII6Q, STM32U595QJI6, STM32U595QJI6Q, STM32U595RIT6, STM32U595RIT6Q, STM32U595RJT6, STM32U595RJT6Q, STM32U595VIT6, STM32U595VIT6Q, STM32U595VJT6, STM32U595VJT6Q, STM32U595ZIT6, STM32U595ZIT6Q, STM32U595ZIY6QTR, STM32U595ZJT6, STM32U595ZJT6Q, STM32U595ZJY6QTR, STM32U599BJY6QTR, STM32U599NIH6Q, STM32U599NJH6Q, STM32U599VIT6Q, STM32U599VJT6, STM32U599VJT6Q, STM32U599ZIT6Q, STM32U599ZIY6QTR, STM32U599ZJT6Q, STM32U599ZJY6QTR, STM32U5A5AJH6, STM32U5A5AJH6Q, STM32U5A5QJI6, STM32U5A5QJI6Q, STM32U5A5RJT6, STM32U5A5RJT6Q, STM32U5A5VJT6, STM32U5A5VJT6Q, STM32U5A5ZJT6, STM32U5A5ZJT6Q, STM32U5A5ZJY6QTR, STM32U5A9BJY6QTR, STM32U5A9J-DK, STM32U5A9NJH6Q, STM32U5A9VJT6Q, STM32U5A9ZJT6Q, STM32U5A9ZJY6QTR, STM32U5F7VIT6, STM32U5F7VIT6Q, STM32U5F7VJT6, STM32U5F7VJT6Q, STM32U5F9BJY6QTR, STM32U5F9NJH6Q, STM32U5F9VIT6Q, STM32U5F9VJT6Q, STM32U5F9ZIJ6QTR, STM32U5F9ZIT6Q, STM32U5F9ZJJ6QTR, STM32U5F9ZJT6Q, STM32U5G7VJT6, STM32U5G7VJT6Q, STM32U5G9BJY6QTR, STM32U5G9J-DK1, STM32U5G9J-DK2, STM32U5G9NJH6Q, STM32U5G9VJT6Q, STM32U5G9ZJJ6QTR, STM32U5G9ZJT6Q, STM32WB1MMCH6, STM32WBA50KEU6, STM32WBA50KEU6TR, STM32WBA50KGU6, STM32WBA50KGU6TR, STM32WBA52CEU6, STM32WBA52CEU6TR, STM32WBA52CEU7, STM32WBA52CEU7TR, STM32WBA52CGU6, STM32WBA52CGU6TR, STM32WBA52CGU6U, STM32WBA52CGU7, STM32WBA52CGU7TR, STM32WBA52KEU6, STM32WBA52KEU6TR, STM32WBA52KGU6, STM32WBA52KGU6TR, STM32WBA54CEU6, STM32WBA54CEU6TR, STM32WBA54CEU7, STM32WBA54CEU7TR, STM32WBA54CGU6, STM32WBA54CGU6TR, STM32WBA54CGU7, STM32WBA54CGU7TR, STM32WBA54KEU6, STM32WBA54KEU6TR, STM32WBA54KEU7, STM32WBA54KEU7TR, STM32WBA54KGU6, STM32WBA54KGU6TR, STM32WBA54KGU7, STM32WBA54KGU7TR, STM32WBA55CEU6, STM32WBA55CEU6TR, STM32WBA55CEU7, STM32WBA55CEU7TR, STM32WBA55CGU6, STM32WBA55CGU6TR, STM32WBA55CGU6U, STM32WBA55CGU7, STM32WBA55CGU7TR, STM32WBA55G-DK1, STM32WBA55HEF6, STM32WBA55HEF7, STM32WBA55HGF6, STM32WBA55HGF7, STM32WBA55UEI6, STM32WBA55UEI6TR, STM32WBA55UEI7, STM32WBA55UEI7TR, STM32WBA55UGI6, STM32WBA55UGI6TR, STM32WBA55UGI7, STM32WBA55UGI7TR, STM32WL5MOCH6, STM32WL5MOCH6TR]
2024-03-23 02:16:24,310 [INFO] BoardInfo:889 - No configuration file found for board P-NUCLEO-WB55
2024-03-23 02:16:24,311 [INFO] DbBoards:161 - Kit is not supported: P-NUCLEO-WB55
2024-03-23 02:16:24,315 [INFO] BoardInfo:889 - No configuration file found for board STEVAL-BFA001V1B
2024-03-23 02:16:24,315 [INFO] DbBoards:161 - Kit is not supported: STEVAL-BFA001V1B
2024-03-23 02:16:24,316 [INFO] BoardInfo:889 - No configuration file found for board STEVAL-BFA001V2B
2024-03-23 02:16:24,316 [INFO] DbBoards:161 - Kit is not supported: STEVAL-BFA001V2B
2024-03-23 02:16:24,435 [INFO] DbBoards:168 - Found 193 boards, 190 are supported
2024-03-23 02:16:24,436 [INFO] DbBoards:169 - Found 193 boards, 3 of them is supported for  Bsp
2024-03-23 02:16:24,437 [INFO] ApiDb:414 - User favorites file not found: C:\Users\Maydoum/.stm32cubeide/favorites.boards.txt
2024-03-23 02:16:24,437 [INFO] DbBoards:198 - Set 0 / 0 favorites Boards
2024-03-23 02:16:24,440 [INFO] ApiDb:668 - CubeFinder database Data Model version=2.1
2024-03-23 02:16:24,440 [INFO] ApiDb:669 - CubeFinder database Configuration version=3.0.39
2024-03-23 02:16:24,440 [INFO] ApiDb:670 - CubeFinder database generation date=2024-03-01 (1709305525)
2024-03-23 02:16:24,440 [INFO] ApiDb:671 - CubeFinder database FW Pack versions=[FP-ATR-ASTRA1_V2.0.0, FP-SNS-FLIGHT1_V5.0.1, FP-SNS-FLIGHT1_V5.0.2, FP-SNS-MOTENV1_V4.3.1, FP-SNS-MOTENV1_V4.3.2, FP-SNS-MOTENVWB1_V1.3.1, FP-SNS-SMARTAG2_V1.2.0, STM32Cube_FW_C0_V1.1.0, STM32Cube_FW_F4_V1.28.0, STM32Cube_FW_F7_V1.17.0, STM32Cube_FW_G0_V1.6.2, STM32Cube_FW_G4_V1.5.2, STM32Cube_FW_H5_V0.5.1, STM32Cube_FW_H5_V1.1.1, STM32Cube_FW_H5_V1.2.0, STM32Cube_FW_H5_V1.2.0RC4, STM32Cube_FW_H7RS_V1.0.0, STM32Cube_FW_H7RS_V1.0.0RC4, STM32Cube_FW_H7_V1.11.0, STM32Cube_FW_L0_V1.12.2, STM32Cube_FW_L5_V1.5.1, STM32Cube_FW_U0_V1.0.0, STM32Cube_FW_U0_V1.0.0RC1, STM32Cube_FW_U5_V1.3.0RC4, STM32Cube_FW_U5_V1.5.0, STM32Cube_FW_U5_V1.5.0RC1, STM32Cube_FW_WBA_V1.0.0RC1, STM32Cube_FW_WBA_V1.2.0, STM32Cube_FW_WBA_V1.2.0RC2, STM32Cube_FW_WBA_V1.3.0, STM32Cube_FW_WBA_V1.3.0RC1, STM32Cube_FW_WB_V1.15.0RC1, STM32Cube_FW_WB_V1.16.0, STM32Cube_FW_WB_V1.16.0RC2, STM32Cube_FW_WB_V1.18.0, STM32Cube_FW_WB_V1.19.0, STM32Cube_FW_WL_V1.3.0, X-CUBE-ALGOBUILD_V1.3.0, X-CUBE-ALS_V1.0.1, X-CUBE-AZRTOS-F4_V1.1.0, X-CUBE-AZRTOS-F7_V1.1.0, X-CUBE-AZRTOS-G0_V1.1.0, X-CUBE-AZRTOS-G4_V2.0.0, X-CUBE-AZRTOS-H7_V3.2.0, X-CUBE-AZRTOS-L4_V1.0.0, X-CUBE-AZRTOS-L4_V2.0.0, X-CUBE-AZRTOS-L5_V1.1.0, X-CUBE-AZRTOS-WB_V2.0.0, X-CUBE-AZRTOS-WL_V2.0.0, X-CUBE-BLE1_V7.0.0, X-CUBE-BLE2_V3.3.0, X-CUBE-BLEMGR_V3.1.0, X-CUBE-EEPRMA1_V4.1.0, X-CUBE-EEPRMA1_V5.1.0, X-CUBE-FREERTOS_V1.1.0, X-CUBE-GNSS1_V6.0.0, X-CUBE-MEMS1_V10.0.0, X-CUBE-MEMS1_V9.1.0, X-CUBE-MEMS1_V9.4.0, X-CUBE-MEMS1_V9.6.0, X-CUBE-NFC4_V3.0.0, X-CUBE-NFC7_V1.0.1, X-CUBE-SFXS2LP1_V4.0.0, X-CUBE-SUBG2_V5.0.0, X-CUBE-TOF1_V3.4.0]
2024-03-23 02:16:25,084 [ERROR] DbExamplesSqlite:437 - Missing JSON key: board_cpn
2024-03-23 02:16:25,084 [ERROR] DbExamplesSqlite:437 - Missing JSON key: board_cpn
2024-03-23 02:16:25,084 [ERROR] DbExamplesSqlite:437 - Missing JSON key: board_cpn
2024-03-23 02:16:25,085 [ERROR] DbExamplesSqlite:437 - Missing JSON key: board_cpn
2024-03-23 02:16:25,165 [INFO] DbExamplesSqlite:395 - Ignored 60 examples not supported by CubeIDE
2024-03-23 02:16:25,166 [INFO] DbExamplesSqlite:396 - Found 8152 examples active
2024-03-23 02:16:25,166 [INFO] DbExamplesSqlite:397 - Found 871 examples obsolete
2024-03-23 02:16:25,166 [INFO] DbExamplesSqlite:398 - Found 0 examples under development
2024-03-23 02:16:25,166 [INFO] DbExamplesSqlite:399 - Found 10 examples not building
2024-03-23 02:16:25,168 [INFO] DbExamples:125 - Found 8102 examples
2024-03-23 02:16:25,254 [ERROR] DbExamples:208 - Found 542 examples with invalid data (board or MCU)
2024-03-23 02:16:25,255 [INFO] DbExamples:222 - Found 95 boards with related examples
2024-03-23 02:16:25,256 [INFO] DbExamples:235 - Found 80 MCUs with related examples
2024-03-23 02:16:25,276 [INFO] ApiDb:414 - User favorites file not found: C:\Users\Maydoum/.stm32cubeide/favorites.examples.txt
2024-03-23 02:16:25,276 [INFO] DbExamples:250 - Set 0 / 0 favorites Examples
2024-03-23 02:16:25,603 [INFO] McuFinderGlobals:76 - Set McuFinderConnectedMode to true
2024-03-23 02:16:25,611 [INFO] MultiScanPanel:200 - Auto-refresh data requested => check proxy status ongoing
2024-03-23 02:16:25,614 [INFO] FinderPluginLoader:95 - Searching for filters in installed packs
2024-03-23 02:16:26,887 [INFO] LoadUrlFilesThread:185 - End of LoadServerUrlFiles without Thread
2024-03-23 02:16:26,897 [INFO] DetailPanel:341 - Set advertising image to C:/Users/Maydoum/STM32Cube/Repository/\en.prom-stm32wl3-mcu-finder.jpg
2024-03-23 02:16:58,282 [INFO] MainUpdater:2873 - connection check result : 10
2024-03-23 02:16:58,282 [INFO] MainUpdater:2873 - connection check result : 10
2024-03-23 02:16:58,313 [INFO] MicroXplorer:468 - Change Database Path : 
2024-03-23 02:16:58,313 [INFO] MicroXplorer:498 - Change Database Version : DB.6.0.100
2024-03-23 02:16:58,319 [WARN] ThirdParty:871 - waiting for thirdparty lock release [close project]
2024-03-23 02:16:58,319 [INFO] ThirdParty:873 - entering critical section [close project]
2024-03-23 02:16:58,320 [INFO] ThirdParty:883 - exiting critical section [close project]
2024-03-23 02:16:58,321 [INFO] PinOutPanel:1499 - setPackage(No Configuration,No Configuration)
2024-03-23 02:16:58,323 [INFO] UtilMem:75 - Begin LoadConfig() Used Memory: 470201488 Bytes (753926144)
2024-03-23 02:16:58,324 [INFO] MicroXplorer:468 - Change Database Path : 
2024-03-23 02:16:58,324 [INFO] MicroXplorer:498 - Change Database Version : DB.6.0.100
2024-03-23 02:16:58,324 [INFO] OpenFileManager:312 - Change cursor
2024-03-23 02:16:58,427 [INFO] Mcu:2016 - Initializing MCU STM32F103C8Tx STM32F103C8Tx STM32F103C8T6
2024-03-23 02:16:59,411 [INFO] Context:659 - Trying to add GPIOservice into a context  which must be forbidden
2024-03-23 02:16:59,634 [INFO] ImportTextPane:194 - (OptionalMessage_ERROR) Unable to find key (Mcu.ThirdPartyNb) in loaded IOC file
2024-03-23 02:16:59,635 [INFO] ImportTextPane:194 - (OptionalMessage_ERROR) Unable to find key (Mcu.PinsNb) in loaded IOC file
2024-03-23 02:16:59,635 [INFO] ImportTextPane:194 - (OptionalMessage_ERROR) Unable to find key (Mcu.IPNb) in loaded IOC file
2024-03-23 02:16:59,696 [INFO] RtosManager:555 - Registered RTOS mode: class=CMSIS, group=RTOS, mode=CMSIS_V1, owner=FREERTOS
2024-03-23 02:16:59,697 [INFO] RtosManager:555 - Registered RTOS mode: class=CMSIS, group=RTOS2, mode=CMSIS_V2, owner=FREERTOS
2024-03-23 02:16:59,697 [INFO] RtosManager:555 - Registered RTOS mode: class=RTOS, group=Core, mode=CMSIS_V1, owner=FREERTOS
2024-03-23 02:16:59,697 [INFO] RtosManager:555 - Registered RTOS mode: class=RTOS, group=Core, mode=CMSIS_V2, owner=FREERTOS
2024-03-23 02:16:59,697 [WARN] ModelIntegratedComponent:184 - Missing modes for component STMicroelectronics:FreeRTOS:0.0.1:STMicroelectronics:RTOS:FreeRTOS:Core:::10.2.0:
2024-03-23 02:16:59,713 [WARN] ModelIntegratedComponent:63 - No mode defined for component null
2024-03-23 02:16:59,713 [WARN] ModelIntegratedComponent:63 - No mode defined for component null
2024-03-23 02:16:59,713 [WARN] ModelIntegratedComponent:63 - No mode defined for component null
2024-03-23 02:16:59,714 [WARN] ModelIntegratedComponent:63 - No mode defined for component null
2024-03-23 02:16:59,714 [WARN] ModelIntegratedComponent:63 - No mode defined for component null
2024-03-23 02:16:59,714 [WARN] ModelIntegratedComponent:63 - No mode defined for component null
2024-03-23 02:16:59,714 [WARN] ModelIntegratedComponent:63 - No mode defined for component null
2024-03-23 02:16:59,714 [WARN] ModelIntegratedComponent:63 - No mode defined for component null
2024-03-23 02:16:59,714 [WARN] ModelIntegratedComponent:63 - No mode defined for component null
2024-03-23 02:16:59,714 [WARN] ModelIntegratedComponent:63 - No mode defined for component null
2024-03-23 02:16:59,714 [WARN] ModelIntegratedComponent:63 - No mode defined for component null
2024-03-23 02:16:59,714 [WARN] ModelIntegratedComponent:63 - No mode defined for component null
2024-03-23 02:16:59,714 [WARN] ModelIntegratedComponent:63 - No mode defined for component null
2024-03-23 02:16:59,714 [WARN] ModelIntegratedComponent:63 - No mode defined for component null
2024-03-23 02:16:59,714 [WARN] ModelIntegratedComponent:63 - No mode defined for component null
2024-03-23 02:16:59,714 [WARN] ModelIntegratedComponent:63 - No mode defined for component null
2024-03-23 02:16:59,714 [WARN] ModelIntegratedComponent:63 - No mode defined for component null
2024-03-23 02:16:59,715 [WARN] ModelIntegratedComponent:63 - No mode defined for component null
2024-03-23 02:16:59,715 [WARN] ModelIntegratedComponent:63 - No mode defined for component null
2024-03-23 02:16:59,715 [WARN] ModelIntegratedComponent:63 - No mode defined for component null
2024-03-23 02:16:59,715 [WARN] ModelIntegratedComponent:63 - No mode defined for component null
2024-03-23 02:16:59,715 [WARN] ModelIntegratedComponent:63 - No mode defined for component null
2024-03-23 02:16:59,715 [WARN] ModelIntegratedComponent:63 - No mode defined for component null
2024-03-23 02:16:59,715 [WARN] ModelIntegratedComponent:63 - No mode defined for component null
2024-03-23 02:16:59,715 [WARN] ModelIntegratedComponent:63 - No mode defined for component null
2024-03-23 02:16:59,715 [WARN] ModelIntegratedComponent:63 - No mode defined for component null
2024-03-23 02:16:59,715 [WARN] ModelIntegratedComponent:63 - No mode defined for component null
2024-03-23 02:16:59,715 [WARN] ModelIntegratedComponent:63 - No mode defined for component null
2024-03-23 02:16:59,715 [WARN] ModelIntegratedComponent:63 - No mode defined for component null
2024-03-23 02:16:59,716 [WARN] ModelIntegratedComponent:63 - No mode defined for component null
2024-03-23 02:16:59,716 [WARN] ModelIntegratedComponent:63 - No mode defined for component null
2024-03-23 02:16:59,716 [WARN] ModelIntegratedComponent:63 - No mode defined for component null
2024-03-23 02:16:59,716 [WARN] ModelIntegratedComponent:63 - No mode defined for component null
2024-03-23 02:16:59,834 [INFO] ThirdPartyModel:298 - Start build external matchings
2024-03-23 02:17:00,255 [INFO] ThirdPartyModel:316 - End build external matchings
2024-03-23 02:17:00,439 [INFO] UtilMem:75 - End LoadConfig() Used Memory: 560537408 Bytes (951058432)
2024-03-23 02:17:00,486 [INFO] MicroXplorer:468 - Change Database Path : 
2024-03-23 02:17:00,487 [INFO] MicroXplorer:498 - Change Database Version : DB.6.0.100
2024-03-23 02:17:00,488 [WARN] ThirdParty:833 - waiting for thirdparty lock release [change project]
2024-03-23 02:17:00,488 [INFO] ThirdParty:835 - entering critical section [change project]
2024-03-23 02:17:00,488 [INFO] ThirdParty:1030 - CMSIS Pack Vendor :STMicroelectronics USBPD 4.1
2024-03-23 02:17:00,488 [INFO] ThirdParty:1030 - CMSIS Pack Vendor :STMicroelectronics X-CUBE-GNSS1 6.0.0
2024-03-23 02:17:00,488 [INFO] ThirdParty:1030 - CMSIS Pack Vendor :STMicroelectronics USB_HOST 2.0.0
2024-03-23 02:17:00,488 [INFO] ThirdParty:1030 - CMSIS Pack Vendor :STMicroelectronics X-CUBE-AZRTOS-F4 1.1.0
2024-03-23 02:17:00,488 [INFO] ThirdParty:1030 - CMSIS Pack Vendor :STMicroelectronics LIBJPEG 8.0.0
2024-03-23 02:17:00,488 [INFO] ThirdParty:1030 - CMSIS Pack Vendor :STMicroelectronics X-CUBE-SMBUS 2.1.0
2024-03-23 02:17:00,488 [INFO] ThirdParty:1030 - CMSIS Pack Vendor :STMicroelectronics USB_DEVICE 3.0.0
2024-03-23 02:17:00,488 [INFO] ThirdParty:1030 - CMSIS Pack Vendor :STMicroelectronics X-CUBE-AZRTOS-WB 2.0.0
2024-03-23 02:17:00,488 [INFO] ThirdParty:1030 - CMSIS Pack Vendor :wolfSSL I-CUBE-wolfSSL 5.6.6
2024-03-23 02:17:00,489 [INFO] ThirdParty:1030 - CMSIS Pack Vendor :STMicroelectronics X-CUBE-TOUCHGFX 4.23.0
2024-03-23 02:17:00,489 [INFO] ThirdParty:1030 - CMSIS Pack Vendor :STMicroelectronics X-CUBE-AZRTOS-F7 1.1.0
2024-03-23 02:17:00,489 [INFO] ThirdParty:1030 - CMSIS Pack Vendor :STMicroelectronics X-CUBE-AZRTOS-L5 2.0.0
2024-03-23 02:17:00,489 [INFO] ThirdParty:1030 - CMSIS Pack Vendor :STMicroelectronics USB_DEVICE 2.0.0
2024-03-23 02:17:00,489 [INFO] ThirdParty:1030 - CMSIS Pack Vendor :STMicroelectronics X-CUBE-NFC6 3.1.0
2024-03-23 02:17:00,489 [INFO] ThirdParty:1030 - CMSIS Pack Vendor :ITTIA_DB I-CUBE-ITTIADB 8.8.0
2024-03-23 02:17:00,489 [INFO] ThirdParty:1030 - CMSIS Pack Vendor :STMicroelectronics FP-SNS-MOTENV1 4.3.2
2024-03-23 02:17:00,489 [INFO] ThirdParty:1030 - CMSIS Pack Vendor :STMicroelectronics X-CUBE-ALGOBUILD 1.3.0
2024-03-23 02:17:00,489 [INFO] ThirdParty:1030 - CMSIS Pack Vendor :STMicroelectronics FreeRTOS 0.0.1
2024-03-23 02:17:00,489 [INFO] ThirdParty:1030 - CMSIS Pack Vendor :STMicroelectronics X-CUBE-AZRTOS-G0 1.1.0
2024-03-23 02:17:00,489 [INFO] ThirdParty:1030 - CMSIS Pack Vendor :STMicroelectronics X-CUBE-NFC4 3.0.0
2024-03-23 02:17:00,489 [INFO] ThirdParty:1030 - CMSIS Pack Vendor :STMicroelectronics X-CUBE-SUBG2 5.0.0
2024-03-23 02:17:00,489 [INFO] ThirdParty:1030 - CMSIS Pack Vendor :STMicroelectronics STM32_WPAN 1.0.0
2024-03-23 02:17:00,489 [INFO] ThirdParty:1030 - CMSIS Pack Vendor :STMicroelectronics lwIP 2.0.3
2024-03-23 02:17:00,489 [INFO] ThirdParty:1030 - CMSIS Pack Vendor :STMicroelectronics FP-SNS-FLIGHT1 5.0.2
2024-03-23 02:17:00,489 [INFO] ThirdParty:1030 - CMSIS Pack Vendor :STMicroelectronics USB_HOST 1.0.0
2024-03-23 02:17:00,489 [INFO] ThirdParty:1030 - CMSIS Pack Vendor :STMicroelectronics X-CUBE-AZRTOS-G4 2.0.0
2024-03-23 02:17:00,489 [INFO] ThirdParty:1030 - CMSIS Pack Vendor :STMicroelectronics PDM2PCM 3.1.0
2024-03-23 02:17:00,489 [INFO] ThirdParty:1030 - CMSIS Pack Vendor :Infineon AIROC-Wi-Fi-Bluetooth-STM32 1.5.1
2024-03-23 02:17:00,490 [INFO] ThirdParty:1030 - CMSIS Pack Vendor :STMicroelectronics X-CUBE-BLEMGR 3.0.0
2024-03-23 02:17:00,490 [INFO] ThirdParty:1030 - CMSIS Pack Vendor :STMicroelectronics PDM2PCM 3.3.0
2024-03-23 02:17:00,490 [INFO] ThirdParty:1030 - CMSIS Pack Vendor :STMicroelectronics X-CUBE-DISPLAY 3.0.0
2024-03-23 02:17:00,490 [INFO] ThirdParty:1030 - CMSIS Pack Vendor :STMicroelectronics FP-SNS-MOTENVWB1 1.3.1
2024-03-23 02:17:00,490 [INFO] ThirdParty:1030 - CMSIS Pack Vendor :STMicroelectronics X-CUBE-BLE1 7.0.0
2024-03-23 02:17:00,490 [INFO] ThirdParty:1030 - CMSIS Pack Vendor :STMicroelectronics FP-ATR-SIGFOX1 3.2.0
2024-03-23 02:17:00,490 [INFO] ThirdParty:1030 - CMSIS Pack Vendor :STMicroelectronics X-CUBE-ISPU 2.0.0
2024-03-23 02:17:00,490 [INFO] ThirdParty:1030 - CMSIS Pack Vendor :STMicroelectronics X-CUBE-EEPRMA1 5.1.0
2024-03-23 02:17:00,490 [INFO] ThirdParty:1030 - CMSIS Pack Vendor :STMicroelectronics HAL Drivers 0.0.0
2024-03-23 02:17:00,490 [INFO] ThirdParty:1030 - CMSIS Pack Vendor :STMicroelectronics MBEDTLS 2.16.2
2024-03-23 02:17:00,490 [INFO] ThirdParty:1030 - CMSIS Pack Vendor :emotas I-CUBE-CANOPEN 1.3.0
2024-03-23 02:17:00,490 [INFO] ThirdParty:1030 - CMSIS Pack Vendor :STMicroelectronics X-CUBE-MEMS1 10.0.0
2024-03-23 02:17:00,490 [INFO] ThirdParty:1030 - CMSIS Pack Vendor :STMicroelectronics X-CUBE-FREERTOS 1.1.0
2024-03-23 02:17:00,490 [INFO] ThirdParty:1030 - CMSIS Pack Vendor :STMicroelectronics X-CUBE-NFC7 1.0.1
2024-03-23 02:17:00,490 [INFO] ThirdParty:1030 - CMSIS Pack Vendor :STMicroelectronics MBEDTLS 2.14.1
2024-03-23 02:17:00,490 [INFO] ThirdParty:1030 - CMSIS Pack Vendor :STMicroelectronics X-CUBE-NFC6 3.0.0
2024-03-23 02:17:00,490 [INFO] ThirdParty:1030 - CMSIS Pack Vendor :portGmbH I-Cube-SoM-uGOAL 1.1.0
2024-03-23 02:17:00,490 [INFO] ThirdParty:1030 - CMSIS Pack Vendor :STMicroelectronics X-CUBE-ALS 1.0.1
2024-03-23 02:17:00,490 [INFO] ThirdParty:1030 - CMSIS Pack Vendor :STMicroelectronics X-CUBE-BLEMGR 3.1.0
2024-03-23 02:17:00,490 [INFO] ThirdParty:1030 - CMSIS Pack Vendor :STMicroelectronics ThreadX 1.0.0
2024-03-23 02:17:00,490 [INFO] ThirdParty:1030 - CMSIS Pack Vendor :STMicroelectronics FP-SNS-SMARTAG2 1.2.0
2024-03-23 02:17:00,490 [INFO] ThirdParty:1030 - CMSIS Pack Vendor :STMicroelectronics X-CUBE-AZRTOS-WL 2.0.0
2024-03-23 02:17:00,491 [INFO] ThirdParty:1030 - CMSIS Pack Vendor :SEGGER I-CUBE-embOS 1.3.1
2024-03-23 02:17:00,491 [INFO] ThirdParty:1030 - CMSIS Pack Vendor :STMicroelectronics USB_DEVICE 1.0.0
2024-03-23 02:17:00,491 [INFO] ThirdParty:1030 - CMSIS Pack Vendor :STMicroelectronics X-CUBE-AI 8.1.0
2024-03-23 02:17:00,491 [INFO] ThirdParty:1030 - CMSIS Pack Vendor :STMicroelectronics X-CUBE-AZRTOS-L4 2.0.0
2024-03-23 02:17:00,491 [INFO] ThirdParty:1030 - CMSIS Pack Vendor :STMicroelectronics ThreadX 0.0.2
2024-03-23 02:17:00,491 [INFO] ThirdParty:1030 - CMSIS Pack Vendor :WES I-CUBE-Cesium 1.3.0
2024-03-23 02:17:00,491 [INFO] ThirdParty:1030 - CMSIS Pack Vendor :STMicroelectronics FP-ATR-ASTRA1 2.0.0
2024-03-23 02:17:00,491 [INFO] ThirdParty:1030 - CMSIS Pack Vendor :STMicroelectronics lwIP 2.1.2
2024-03-23 02:17:00,491 [INFO] ThirdParty:1030 - CMSIS Pack Vendor :STMicroelectronics X-CUBE-SFXS2LP1 4.0.0
2024-03-23 02:17:00,491 [INFO] ThirdParty:1030 - CMSIS Pack Vendor :STMicroelectronics X-CUBE-BLE2 3.3.0
2024-03-23 02:17:00,491 [INFO] ThirdParty:1030 - CMSIS Pack Vendor :STMicroelectronics X-CUBE-TOF1 3.4.0
2024-03-23 02:17:00,491 [INFO] ThirdParty:1030 - CMSIS Pack Vendor :STMicroelectronics X-CUBE-TOF1 3.4.1
2024-03-23 02:17:00,491 [INFO] ThirdParty:1030 - CMSIS Pack Vendor :STMicroelectronics X-CUBE-AZRTOS-H7 3.2.0
2024-03-23 02:17:00,491 [INFO] ThirdParty:1030 - CMSIS Pack Vendor :STMicroelectronics PDM2PCM 3.2.0
2024-03-23 02:17:00,491 [INFO] ThirdParty:841 - exiting critical section [change project]
2024-03-23 02:17:00,722 [INFO] PinOutPanel:1499 - setPackage(No Configuration,No Configuration)
2024-03-23 02:17:00,723 [INFO] PinOutPanel:1499 - setPackage(STM32F103C8Tx,LQFP48)
2024-03-23 02:17:01,133 [INFO] UtilMem:75 - Before build in PCC Used Memory: 665054680 Bytes (951058432)
2024-03-23 02:17:01,879 [INFO] UtilMem:75 - After build in PCC Used Memory: 781015664 Bytes (951058432)
2024-03-23 02:17:01,901 [INFO] IPUIPlugin:80 - create IPUIPlugin
2024-03-23 02:17:01,902 [INFO] IPUIPlugin:80 - create IPUIPlugin
2024-03-23 02:17:01,902 [INFO] IPUIPlugin:80 - create IPUIPlugin
2024-03-23 02:17:01,902 [INFO] IPUIPlugin:80 - create IPUIPlugin
2024-03-23 02:17:01,902 [INFO] IPUIPlugin:80 - create IPUIPlugin
2024-03-23 02:17:01,902 [INFO] IPUIPlugin:80 - create IPUIPlugin
2024-03-23 02:17:01,902 [INFO] IPUIPlugin:80 - create IPUIPlugin
2024-03-23 02:17:01,902 [INFO] IPUIPlugin:80 - create IPUIPlugin
2024-03-23 02:17:01,902 [INFO] IPUIPlugin:80 - create IPUIPlugin
2024-03-23 02:17:01,902 [INFO] IPUIPlugin:80 - create IPUIPlugin
2024-03-23 02:17:01,903 [INFO] IPUIPlugin:80 - create IPUIPlugin
2024-03-23 02:17:01,903 [INFO] IPUIPlugin:80 - create IPUIPlugin
2024-03-23 02:17:01,903 [INFO] IPUIPlugin:80 - create IPUIPlugin
2024-03-23 02:17:01,903 [INFO] IPUIPlugin:80 - create IPUIPlugin
2024-03-23 02:17:01,903 [INFO] IPUIPlugin:80 - create IPUIPlugin
2024-03-23 02:17:01,903 [INFO] IPUIPlugin:80 - create IPUIPlugin
2024-03-23 02:17:01,903 [INFO] IPUIPlugin:80 - create IPUIPlugin
2024-03-23 02:17:01,903 [INFO] IPUIPlugin:80 - create IPUIPlugin
2024-03-23 02:17:01,904 [INFO] IPUIPlugin:80 - create IPUIPlugin
2024-03-23 02:17:01,904 [INFO] IPUIPlugin:80 - create IPUIPlugin
2024-03-23 02:17:01,904 [INFO] IPUIPlugin:80 - create IPUIPlugin
2024-03-23 02:17:01,904 [INFO] IPUIPlugin:80 - create IPUIPlugin
2024-03-23 02:17:01,904 [INFO] IPUIPlugin:80 - create IPUIPlugin
2024-03-23 02:17:01,905 [INFO] IPUIPlugin:80 - create IPUIPlugin
2024-03-23 02:17:01,905 [INFO] IPUIPlugin:80 - create IPUIPlugin
2024-03-23 02:17:01,905 [INFO] IPUIPlugin:80 - create IPUIPlugin
2024-03-23 02:17:01,905 [INFO] IPUIPlugin:80 - create IPUIPlugin
2024-03-23 02:17:02,093 [INFO] CADModel:165 - CPN selected for project levelSTM32F103C8T6
2024-03-23 02:17:02,093 [INFO] CADModel:114 - Register for checkConnection events
2024-03-23 02:17:02,144 [INFO] OpenFileManager:343 - Restore cursor
2024-03-23 02:17:03,536 [INFO] UtilMem:75 - End SaveConfig() Used Memory: 500111176 Bytes (951058432)
2024-03-23 02:17:03,587 [INFO] UtilMem:75 - End SaveConfig() Used Memory: 511614720 Bytes (951058432)
2024-03-23 02:17:03,955 [INFO] BlockDiagram:2759 - set Specific Code input for plugin: NVIC
2024-03-23 02:17:03,955 [INFO] BlockDiagram:2759 - set Specific Code input for plugin: RCC
2024-03-23 02:17:03,957 [INFO] CodeGenerator:807 - code generatio: config db path: C:\ST\STM32CubeIDE_1.14.1\STM32CubeIDE\plugins\com.st.stm32cube.common.mx_6.10.0.202311202037\\db\
2024-03-23 02:17:04,236 [INFO] CodeEngine:255 - oldGeneratedFile, C:\Users\Maydoum\STM32CubeIDE\workspace_1.14.1\EXTI\MXTmpFiles\license.tmp_save
2024-03-23 02:17:04,578 [INFO] CodeEngine:279 - Generated code: C:\Users\Maydoum\STM32CubeIDE\workspace_1.14.1\EXTI\MXTmpFiles\license.tmp
2024-03-23 02:17:04,599 [INFO] CodeEngine:255 - oldGeneratedFile, C:\Users\Maydoum\STM32CubeIDE\workspace_1.14.1\EXTI\Core\Src\stm32f1xx_it.c_save
2024-03-23 02:17:04,734 [INFO] CodeEngine:279 - Generated code: C:\Users\Maydoum\STM32CubeIDE\workspace_1.14.1\EXTI\Core\Src\stm32f1xx_it.c
2024-03-23 02:17:04,744 [INFO] CodeEngine:255 - oldGeneratedFile, C:\Users\Maydoum\STM32CubeIDE\workspace_1.14.1\EXTI\Core\Inc\stm32f1xx_it.h_save
2024-03-23 02:17:04,832 [INFO] CodeEngine:279 - Generated code: C:\Users\Maydoum\STM32CubeIDE\workspace_1.14.1\EXTI\Core\Inc\stm32f1xx_it.h
2024-03-23 02:17:04,988 [INFO] CodeEngine:255 - oldGeneratedFile, C:\Users\Maydoum\STM32CubeIDE\workspace_1.14.1\EXTI\Core\Src\stm32f1xx_hal_msp.c_save
2024-03-23 02:17:05,105 [INFO] CodeEngine:279 - Generated code: C:\Users\Maydoum\STM32CubeIDE\workspace_1.14.1\EXTI\Core\Src\stm32f1xx_hal_msp.c
2024-03-23 02:17:05,115 [INFO] CodeEngine:255 - oldGeneratedFile, C:\Users\Maydoum\STM32CubeIDE\workspace_1.14.1\EXTI\MXTmpFiles\system.tmp_save
2024-03-23 02:17:05,185 [INFO] CodeEngine:279 - Generated code: C:\Users\Maydoum\STM32CubeIDE\workspace_1.14.1\EXTI\MXTmpFiles\system.tmp
2024-03-23 02:17:05,201 [INFO] CodeEngine:311 - oldGeneratedFile, C:\Users\Maydoum\STM32CubeIDE\workspace_1.14.1\EXTI\Core\Inc\stm32f1xx_hal_conf.h_save
2024-03-23 02:17:05,302 [INFO] CodeEngine:335 - Generated code: C:\Users\Maydoum\STM32CubeIDE\workspace_1.14.1\EXTI\Core\Inc\stm32f1xx_hal_conf.h
2024-03-23 02:17:05,349 [INFO] CodeEngine:255 - oldGeneratedFile, C:\Users\Maydoum\STM32CubeIDE\workspace_1.14.1\EXTI\Core\Inc\main.h_save
2024-03-23 02:17:05,451 [INFO] CodeEngine:279 - Generated code: C:\Users\Maydoum\STM32CubeIDE\workspace_1.14.1\EXTI\Core\Inc\main.h
2024-03-23 02:17:05,462 [INFO] CodeEngine:255 - oldGeneratedFile, C:\Users\Maydoum\STM32CubeIDE\workspace_1.14.1\EXTI\Core\Src\main.c_save
2024-03-23 02:17:05,592 [INFO] CodeEngine:279 - Generated code: C:\Users\Maydoum\STM32CubeIDE\workspace_1.14.1\EXTI\Core\Src\main.c
2024-03-23 02:17:06,185 [INFO] ProjectBuilder:3076 - Time for Copy HAL[1] : 127mS.
2024-03-23 02:17:06,190 [INFO] ProjectBuilder:4485 - Project Generator version: 4.2.0-B44
2024-03-23 02:17:06,510 [INFO] ConfigFileManager:1495 - The Die is : DIE410
2024-03-23 02:17:06,530 [INFO] ApiDbMcu:508 - Load IP Config File for FATFS
2024-03-23 02:17:06,549 [INFO] ApiDbMcu:508 - Load IP Config File for FREERTOS
2024-03-23 02:17:06,564 [INFO] ApiDbMcu:508 - Load IP Config File for USB_DEVICE
2024-03-23 02:17:07,669 [INFO] LogOutputStream:77 - [STDOUT_REDIRECT] 
2024-03-23 02:17:10,623 [INFO] ProjectBuilder:4747 - Time for Generating toolchain IDE Files: 4433mS.
2024-03-23 02:17:10,624 [INFO] ProjectBuilder:2947 - Time for Copy CMSIS : 0mS.
2024-03-23 02:17:10,627 [INFO] ProjectBuilder:2947 - Time for Copy CMSIS : 0mS.
2024-03-23 02:17:12,042 [INFO] McuFinderGlobals:76 - Set McuFinderConnectedMode to true
2024-03-23 02:17:12,042 [INFO] ApiDb:448 - Save user favorites file C:\Users\Maydoum/.stm32cubeide/favorites.mcus.txt: 0 item(s)
2024-03-23 02:17:12,042 [INFO] ApiDb:452 - User favorites MCUs=[]
2024-03-23 02:57:37,002 [ERROR] LogOutputStream:75 - [STDERR_REDIRECT] 
2024-03-23 11:03:22,009 [INFO] Activator:176 - 


2024-03-23 11:03:22,012 [INFO] Activator:177 - !SESSION log4j initialized
2024-03-23 11:03:27,316 [INFO] LogOutputStream:77 - [STDOUT_REDIRECT] 
2024-03-23 11:03:44,230 [INFO] ApplicationProperties:184 - Using Application install path: C:\ST\STM32CubeIDE_1.14.1\STM32CubeIDE\plugins\com.st.stm32cube.common.mx_6.10.0.202311202037
2024-03-23 11:03:44,253 [INFO] DbMcusXml:78 - Set database path to: C:\ST\STM32CubeIDE_1.14.1\STM32CubeIDE\plugins\com.st.stm32cube.common.mx_6.10.0.202311202037\\db\/mcu/
2024-03-23 11:03:44,253 [INFO] ApiDb:274 - Set plugin database path to: C:\ST\STM32CubeIDE_1.14.1\STM32CubeIDE\plugins\com.st.stm32cube.common.mx_6.10.0.202311202037\\db\/plugins/boardmanager/
2024-03-23 11:03:44,253 [WARN] ApiDb:259 - Overriding images path with different value:  => C:\ST\STM32CubeIDE_1.14.1\STM32CubeIDE\plugins\com.st.stm32cube.common.mx_6.10.0.202311202037\\db\/plugins/mcufinder/images/
2024-03-23 11:03:44,253 [INFO] ApiDb:250 - Set database path to: C:\Users\Maydoum\.stmcufinder\plugins\mcufinder//mcu/
2024-03-23 11:03:44,253 [INFO] DbMcusAds:125 - Set database path to: C:\Users\Maydoum\.stmcufinder\plugins\mcufinder//mcu/
2024-03-23 11:03:44,284 [INFO] CrossReferenceDbSqlite:203 - Set database path to: C:\Users\Maydoum\.stmcufinder\plugins\mcufinder//mcu/cs/
2024-03-23 11:03:44,386 [INFO] RulesReader:64 - Compatibility file has been processed (297 Rules)
2024-03-23 11:03:44,467 [INFO] DbMcusXml:78 - Set database path to: C:\ST\STM32CubeIDE_1.14.1\STM32CubeIDE\plugins\com.st.stm32cube.common.mx_6.10.0.202311202037\\db\/mcu/
2024-03-23 11:03:44,467 [INFO] ApiDb:274 - Set plugin database path to: C:\ST\STM32CubeIDE_1.14.1\STM32CubeIDE\plugins\com.st.stm32cube.common.mx_6.10.0.202311202037\\db\/plugins/boardmanager/
2024-03-23 11:03:44,467 [INFO] ApiDb:261 - Set plugin images path to: C:\ST\STM32CubeIDE_1.14.1\STM32CubeIDE\plugins\com.st.stm32cube.common.mx_6.10.0.202311202037\\db\/plugins/mcufinder/images/
2024-03-23 11:03:44,467 [WARN] DbFile:41 - Overriding database path with different value: C:\Users\Maydoum\.stmcufinder\plugins\mcufinder/ => C:\Users\Maydoum\.stmcufinder\plugins\mcufinder
2024-03-23 11:03:44,467 [INFO] ApiDb:250 - Set database path to: C:\Users\Maydoum\.stmcufinder\plugins\mcufinder//mcu/
2024-03-23 11:03:44,467 [WARN] DbFile:41 - Overriding database path with different value: C:\Users\Maydoum\.stmcufinder\plugins\mcufinder/ => C:\Users\Maydoum\.stmcufinder\plugins\mcufinder
2024-03-23 11:03:44,467 [INFO] DbMcusAds:125 - Set database path to: C:\Users\Maydoum\.stmcufinder\plugins\mcufinder//mcu/
2024-03-23 11:03:44,467 [WARN] DbFile:41 - Overriding database path with different value: C:\Users\Maydoum\.stmcufinder\plugins\mcufinder/ => C:\Users\Maydoum\.stmcufinder\plugins\mcufinder
2024-03-23 11:03:44,467 [WARN] DbFile:41 - Overriding database path with different value: C:\Users\Maydoum\.stmcufinder\plugins\mcufinder/ => C:\Users\Maydoum\.stmcufinder\plugins\mcufinder
2024-03-23 11:03:44,467 [INFO] CrossReferenceDbSqlite:203 - Set database path to: C:\Users\Maydoum\.stmcufinder\plugins\mcufinder//mcu/cs/
2024-03-23 11:03:44,542 [INFO] MainPanel:264 - HeapMemory: 268435456
2024-03-23 11:03:44,623 [INFO] DbMcusXml:78 - Set database path to: C:\ST\STM32CubeIDE_1.14.1\STM32CubeIDE\plugins\com.st.stm32cube.common.mx_6.10.0.202311202037\\db\/mcu/
2024-03-23 11:03:44,624 [INFO] ApiDb:274 - Set plugin database path to: C:\ST\STM32CubeIDE_1.14.1\STM32CubeIDE\plugins\com.st.stm32cube.common.mx_6.10.0.202311202037\\db\/plugins/boardmanager/
2024-03-23 11:03:44,624 [INFO] ApiDb:261 - Set plugin images path to: C:\ST\STM32CubeIDE_1.14.1\STM32CubeIDE\plugins\com.st.stm32cube.common.mx_6.10.0.202311202037\\db\/plugins/mcufinder/images/
2024-03-23 11:03:44,624 [WARN] DbFile:41 - Overriding database path with different value: C:\Users\Maydoum\.stmcufinder\plugins\mcufinder/ => C:\Users\Maydoum\.stmcufinder\plugins\mcufinder
2024-03-23 11:03:44,624 [INFO] ApiDb:250 - Set database path to: C:\Users\Maydoum\.stmcufinder\plugins\mcufinder//mcu/
2024-03-23 11:03:44,624 [WARN] DbFile:41 - Overriding database path with different value: C:\Users\Maydoum\.stmcufinder\plugins\mcufinder/ => C:\Users\Maydoum\.stmcufinder\plugins\mcufinder
2024-03-23 11:03:44,624 [INFO] DbMcusAds:125 - Set database path to: C:\Users\Maydoum\.stmcufinder\plugins\mcufinder//mcu/
2024-03-23 11:03:44,624 [WARN] DbFile:41 - Overriding database path with different value: C:\Users\Maydoum\.stmcufinder\plugins\mcufinder/ => C:\Users\Maydoum\.stmcufinder\plugins\mcufinder
2024-03-23 11:03:44,624 [WARN] DbFile:41 - Overriding database path with different value: C:\Users\Maydoum\.stmcufinder\plugins\mcufinder/ => C:\Users\Maydoum\.stmcufinder\plugins\mcufinder
2024-03-23 11:03:44,624 [INFO] CrossReferenceDbSqlite:203 - Set database path to: C:\Users\Maydoum\.stmcufinder\plugins\mcufinder//mcu/cs/
2024-03-23 11:03:44,642 [INFO] ApplicationProperties:184 - Using Application install path: C:\ST\STM32CubeIDE_1.14.1\STM32CubeIDE\plugins\com.st.stm32cube.common.mx_6.10.0.202311202037
2024-03-23 11:03:44,643 [INFO] PluginManage:196 - Search for loadable plugins [exclusion list=, ]
2024-03-23 11:03:44,644 [INFO] PluginManage:310 - Check plugin analytics
2024-03-23 11:04:00,770 [INFO] AnalyticsPlugin:253 - Accepted Software Licenses: 
2024-03-23 11:04:00,770 [INFO] AnalyticsPlugin:255 - Accepted CMSIS Pack Licenses: 
2024-03-23 11:04:00,770 [INFO] AnalyticsPlugin:257 - Accepted Firmware Licenses: 
2024-03-23 11:04:00,773 [INFO] PluginManage:359 - Loaded plugin analytics (category:tool,tabindex:-1)
2024-03-23 11:04:00,773 [INFO] PluginManage:310 - Check plugin cadmodel
2024-03-23 11:04:00,778 [INFO] CADModel:105 - Init CAD model plugin
2024-03-23 11:04:00,778 [INFO] PluginManage:359 - Loaded plugin cadmodel (category:power,tabindex:5)
2024-03-23 11:04:00,778 [INFO] PluginManage:310 - Check plugin clock
2024-03-23 11:04:00,790 [INFO] PluginManage:359 - Loaded plugin clock (category:base,tabindex:2)
2024-03-23 11:04:00,791 [INFO] PluginManage:310 - Check plugin ddr
2024-03-23 11:04:00,793 [INFO] PluginManage:359 - Loaded plugin ddr (category:tool,tabindex:6)
2024-03-23 11:04:00,793 [INFO] PluginManage:310 - Check plugin filemanager
2024-03-23 11:04:00,898 [INFO] PluginManage:359 - Loaded plugin filemanager (category:base,tabindex:10)
2024-03-23 11:04:00,898 [INFO] PluginManage:310 - Check plugin ipmanager
2024-03-23 11:04:00,918 [INFO] PluginManage:359 - Loaded plugin ipmanager (category:base,tabindex:5)
2024-03-23 11:04:00,918 [INFO] PluginManage:310 - Check plugin lpbam
2024-03-23 11:04:00,926 [INFO] PluginManage:359 - Loaded plugin lpbam (category:base,tabindex:0)
2024-03-23 11:04:00,926 [INFO] PluginManage:310 - Check plugin memorymap
2024-03-23 11:04:00,939 [INFO] PluginManage:359 - Loaded plugin memorymap (category:base,tabindex:4)
2024-03-23 11:04:00,939 [INFO] PluginManage:310 - Check plugin pinoutandconfiguration
2024-03-23 11:04:00,945 [INFO] PluginManage:359 - Loaded plugin pinoutandconfiguration (category:base,tabindex:1)
2024-03-23 11:04:00,946 [INFO] PluginManage:310 - Check plugin pinoutconfig
2024-03-23 11:04:01,029 [WARN] SupportedApi:132 - Cannot load RTOS API schema: s4s-elt-must-match.1: The content of 'definitions' must match (annotation?, (simpleType | complexType)?, (unique | key | keyref)*)). A problem was found starting at: attribute.
2024-03-23 11:04:01,144 [INFO] PluginManage:359 - Loaded plugin pinoutconfig (category:base,tabindex:0)
2024-03-23 11:04:01,144 [INFO] PluginManage:310 - Check plugin power
2024-03-23 11:04:01,144 [INFO] PluginManage:359 - Loaded plugin power (category:power,tabindex:4)
2024-03-23 11:04:01,144 [INFO] PluginManage:310 - Check plugin projectmanager
2024-03-23 11:04:01,160 [INFO] PluginManage:359 - Loaded plugin projectmanager (category:projectmanager,tabindex:3)
2024-03-23 11:04:01,160 [INFO] PluginManage:310 - Check plugin thirdparty
2024-03-23 11:04:01,296 [INFO] PluginManage:359 - Loaded plugin thirdparty (category:base,tabindex:-1)
2024-03-23 11:04:01,296 [WARN] IntegrityCheckThread:84 - waiting for thirdparty lock release [integrity check]
2024-03-23 11:04:01,296 [INFO] PluginManage:310 - Check plugin tools
2024-03-23 11:04:01,296 [INFO] IntegrityCheckThread:86 - entering critical section [integrity check]
2024-03-23 11:04:01,296 [INFO] ThirdPartyUpdaterWithRetryManager:70 - Updater plugin not ready yet. [1/15]
2024-03-23 11:04:01,297 [INFO] PluginManage:359 - Loaded plugin tools (category:base,tabindex:7)
2024-03-23 11:04:01,297 [INFO] PluginManage:310 - Check plugin tutovideos
2024-03-23 11:04:01,448 [INFO] PluginManage:359 - Loaded plugin tutovideos (category:base,tabindex:-1)
2024-03-23 11:04:01,448 [INFO] PluginManage:310 - Check plugin updater
2024-03-23 11:04:01,467 [INFO] PluginManage:359 - Loaded plugin updater (category:base,tabindex:12)
2024-03-23 11:04:01,468 [INFO] PluginManage:310 - Check plugin userauth
2024-03-23 11:04:01,473 [INFO] UserAuth:114 - Init User Auth plugin
2024-03-23 11:04:01,473 [INFO] PluginManage:359 - Loaded plugin userauth (category:base,tabindex:14)
2024-03-23 11:04:01,474 [INFO] PluginManage:283 - PluginManage : Loaded plugins [17]
2024-03-23 11:04:01,674 [INFO] PinOutPanel:1499 - setPackage(No Configuration,No Configuration)
2024-03-23 11:04:01,728 [INFO] CADModel:165 - CPN selected for project level
2024-03-23 11:04:01,728 [INFO] CADModel:114 - Register for checkConnection events
2024-03-23 11:04:01,744 [INFO] IPUIPlugin:80 - create IPUIPlugin
2024-03-23 11:04:01,744 [INFO] PluginManager:220 - loadIPPluginJar : add adc
2024-03-23 11:04:01,744 [INFO] IPUIPlugin:80 - create IPUIPlugin
2024-03-23 11:04:01,744 [INFO] PluginManager:220 - loadIPPluginJar : add aes
2024-03-23 11:04:01,744 [INFO] IPUIPlugin:80 - create IPUIPlugin
2024-03-23 11:04:01,744 [INFO] PluginManager:220 - loadIPPluginJar : add can
2024-03-23 11:04:01,744 [INFO] IPUIPlugin:80 - create IPUIPlugin
2024-03-23 11:04:01,744 [INFO] PluginManager:220 - loadIPPluginJar : add comp
2024-03-23 11:04:01,744 [INFO] IPUIPlugin:80 - create IPUIPlugin
2024-03-23 11:04:01,744 [INFO] PluginManager:220 - loadIPPluginJar : add cryp
2024-03-23 11:04:01,744 [INFO] IPUIPlugin:80 - create IPUIPlugin
2024-03-23 11:04:01,744 [INFO] PluginManager:220 - loadIPPluginJar : add dfsdm
2024-03-23 11:04:01,759 [INFO] IPUIPlugin:80 - create IPUIPlugin
2024-03-23 11:04:01,759 [INFO] PluginManager:220 - loadIPPluginJar : add dma
2024-03-23 11:04:01,759 [INFO] IPUIPlugin:80 - create IPUIPlugin
2024-03-23 11:04:01,759 [INFO] PluginManager:220 - loadIPPluginJar : add dma3
2024-03-23 11:04:01,759 [INFO] IPUIPlugin:80 - create IPUIPlugin
2024-03-23 11:04:01,759 [INFO] PluginManager:220 - loadIPPluginJar : add fatfs
2024-03-23 11:04:01,759 [INFO] IPUIPlugin:80 - create IPUIPlugin
2024-03-23 11:04:01,759 [INFO] PluginManager:220 - loadIPPluginJar : add fmc
2024-03-23 11:04:01,759 [INFO] IPUIPlugin:80 - create IPUIPlugin
2024-03-23 11:04:01,759 [INFO] PluginManager:220 - loadIPPluginJar : add freertos
2024-03-23 11:04:01,759 [INFO] IPUIPlugin:80 - create IPUIPlugin
2024-03-23 11:04:01,759 [INFO] PluginManager:220 - loadIPPluginJar : add genericplugin
2024-03-23 11:04:01,777 [INFO] IPUIPlugin:80 - create IPUIPlugin
2024-03-23 11:04:01,777 [INFO] PluginManager:220 - loadIPPluginJar : add gfxmmu
2024-03-23 11:04:01,781 [INFO] IPUIPlugin:80 - create IPUIPlugin
2024-03-23 11:04:01,781 [INFO] PluginManager:220 - loadIPPluginJar : add gic
2024-03-23 11:04:01,785 [INFO] IPUIPlugin:80 - create IPUIPlugin
2024-03-23 11:04:01,785 [INFO] PluginManager:220 - loadIPPluginJar : add gpio
2024-03-23 11:04:01,787 [INFO] IPUIPlugin:80 - create IPUIPlugin
2024-03-23 11:04:01,787 [INFO] PluginManager:220 - loadIPPluginJar : add gtzc
2024-03-23 11:04:01,788 [INFO] IPUIPlugin:80 - create IPUIPlugin
2024-03-23 11:04:01,788 [INFO] PluginManager:220 - loadIPPluginJar : add hash
2024-03-23 11:04:01,790 [INFO] IPUIPlugin:80 - create IPUIPlugin
2024-03-23 11:04:01,790 [INFO] PluginManager:220 - loadIPPluginJar : add i2c
2024-03-23 11:04:01,792 [INFO] IPUIPlugin:80 - create IPUIPlugin
2024-03-23 11:04:01,792 [INFO] PluginManager:220 - loadIPPluginJar : add i2s
2024-03-23 11:04:01,793 [INFO] IPUIPlugin:80 - create IPUIPlugin
2024-03-23 11:04:01,794 [INFO] PluginManager:220 - loadIPPluginJar : add i3c
2024-03-23 11:04:01,796 [INFO] IPUIPlugin:80 - create IPUIPlugin
2024-03-23 11:04:01,796 [INFO] PluginManager:220 - loadIPPluginJar : add ipddr
2024-03-23 11:04:01,796 [INFO] IPUIPlugin:80 - create IPUIPlugin
2024-03-23 11:04:01,796 [INFO] PluginManager:220 - loadIPPluginJar : add linkedlist
2024-03-23 11:04:01,796 [INFO] IPUIPlugin:80 - create IPUIPlugin
2024-03-23 11:04:01,796 [INFO] PluginManager:220 - loadIPPluginJar : add lorawan
2024-03-23 11:04:01,796 [INFO] IPUIPlugin:80 - create IPUIPlugin
2024-03-23 11:04:01,796 [INFO] PluginManager:220 - loadIPPluginJar : add ltdc
2024-03-23 11:04:01,796 [INFO] IPUIPlugin:80 - create IPUIPlugin
2024-03-23 11:04:01,796 [INFO] PluginManager:220 - loadIPPluginJar : add mdma
2024-03-23 11:04:01,812 [INFO] IPUIPlugin:80 - create IPUIPlugin
2024-03-23 11:04:01,812 [INFO] PluginManager:220 - loadIPPluginJar : add nvic
2024-03-23 11:04:01,812 [INFO] IPUIPlugin:80 - create IPUIPlugin
2024-03-23 11:04:01,812 [INFO] PluginManager:220 - loadIPPluginJar : add opamp
2024-03-23 11:04:01,812 [INFO] IPUIPlugin:80 - create IPUIPlugin
2024-03-23 11:04:01,812 [INFO] PluginManager:220 - loadIPPluginJar : add openamp
2024-03-23 11:04:01,812 [INFO] IPUIPlugin:80 - create IPUIPlugin
2024-03-23 11:04:01,812 [INFO] PluginManager:220 - loadIPPluginJar : add pdm2pcm
2024-03-23 11:04:01,820 [INFO] IPUIPlugin:80 - create IPUIPlugin
2024-03-23 11:04:01,820 [INFO] PluginManager:220 - loadIPPluginJar : add plateformsettings
2024-03-23 11:04:01,820 [INFO] IPUIPlugin:80 - create IPUIPlugin
2024-03-23 11:04:01,820 [INFO] PluginManager:220 - loadIPPluginJar : add quadspi
2024-03-23 11:04:01,831 [INFO] IPUIPlugin:80 - create IPUIPlugin
2024-03-23 11:04:01,831 [INFO] PluginManager:220 - loadIPPluginJar : add resmgrutility
2024-03-23 11:04:01,835 [INFO] IPUIPlugin:80 - create IPUIPlugin
2024-03-23 11:04:01,835 [INFO] PluginManager:220 - loadIPPluginJar : add sai
2024-03-23 11:04:01,837 [INFO] IPUIPlugin:80 - create IPUIPlugin
2024-03-23 11:04:01,837 [INFO] PluginManager:220 - loadIPPluginJar : add spi
2024-03-23 11:04:01,841 [INFO] IPUIPlugin:80 - create IPUIPlugin
2024-03-23 11:04:01,841 [INFO] PluginManager:220 - loadIPPluginJar : add stm32_wpan
2024-03-23 11:04:01,842 [INFO] IPUIPlugin:80 - create IPUIPlugin
2024-03-23 11:04:01,843 [INFO] PluginManager:220 - loadIPPluginJar : add tim
2024-03-23 11:04:01,845 [INFO] IPUIPlugin:80 - create IPUIPlugin
2024-03-23 11:04:01,845 [INFO] PluginManager:220 - loadIPPluginJar : add touchsensing
2024-03-23 11:04:01,848 [INFO] IPUIPlugin:80 - create IPUIPlugin
2024-03-23 11:04:01,848 [INFO] PluginManager:220 - loadIPPluginJar : add tracer_emb
2024-03-23 11:04:01,849 [INFO] IPUIPlugin:80 - create IPUIPlugin
2024-03-23 11:04:01,849 [INFO] PluginManager:220 - loadIPPluginJar : add ts
2024-03-23 11:04:01,850 [INFO] IPUIPlugin:80 - create IPUIPlugin
2024-03-23 11:04:01,851 [INFO] PluginManager:220 - loadIPPluginJar : add tsc
2024-03-23 11:04:01,852 [INFO] IPUIPlugin:80 - create IPUIPlugin
2024-03-23 11:04:01,853 [INFO] PluginManager:220 - loadIPPluginJar : add ucpd
2024-03-23 11:04:01,855 [INFO] IPUIPlugin:80 - create IPUIPlugin
2024-03-23 11:04:01,855 [INFO] PluginManager:220 - loadIPPluginJar : add usart
2024-03-23 11:04:01,857 [INFO] IPUIPlugin:80 - create IPUIPlugin
2024-03-23 11:04:01,857 [INFO] PluginManager:220 - loadIPPluginJar : add usbx
2024-03-23 11:04:01,997 [INFO] CADModel:165 - CPN selected for project level
2024-03-23 11:04:01,997 [INFO] CADModel:114 - Register for checkConnection events
2024-03-23 11:04:01,997 [FATAL] Updater:308 - Updater called before beeing initialized
2024-03-23 11:04:01,997 [ERROR] CADModel:125 - Updater not yet initialized, retry later 
2024-03-23 11:04:02,142 [INFO] CADModel:165 - CPN selected for project level
2024-03-23 11:04:02,142 [INFO] CADModel:114 - Register for checkConnection events
2024-03-23 11:04:02,142 [FATAL] Updater:308 - Updater called before beeing initialized
2024-03-23 11:04:02,142 [ERROR] CADModel:125 - Updater not yet initialized, retry later 
2024-03-23 11:04:02,145 [FATAL] Updater:308 - Updater called before beeing initialized
2024-03-23 11:04:02,249 [FATAL] Updater:308 - Updater called before beeing initialized
2024-03-23 11:04:02,253 [INFO] DbMcusAds:53 - JSON generation date=Wed Nov 29 12:52:27 EET 2023 (1701255147349)
2024-03-23 11:04:02,253 [FATAL] Updater:308 - Updater called before beeing initialized
2024-03-23 11:04:02,292 [WARN] DetailPanel:346 - Failed to get advertising image, set to default
2024-03-23 11:04:02,380 [FATAL] Updater:308 - Updater called before beeing initialized
2024-03-23 11:04:02,380 [FATAL] Updater:308 - Updater called before beeing initialized
2024-03-23 11:04:02,380 [FATAL] Updater:308 - Updater called before beeing initialized
2024-03-23 11:04:02,380 [WARN] DetailPanel:346 - Failed to get advertising image, set to default
2024-03-23 11:04:02,380 [FATAL] Updater:308 - Updater called before beeing initialized
2024-03-23 11:04:02,429 [ERROR] Updater:1120 - MainUpdater not yet initialized. External WinMGr cannot be set.
2024-03-23 11:04:02,429 [INFO] Updater:1056 - Updater Version found : 6.10.0
2024-03-23 11:04:02,444 [INFO] ApplicationProperties:184 - Using Application install path: C:\ST\STM32CubeIDE_1.14.1\STM32CubeIDE\plugins\com.st.stm32cube.common.mx_6.10.0.202311202037
2024-03-23 11:04:04,060 [ERROR] LogOutputStream:75 - [STDERR_REDIRECT] Mar 23, 2024 11:04:04 AM java.util.prefs.WindowsPreferences <init>
2024-03-23 11:04:04,061 [ERROR] LogOutputStream:75 - [STDERR_REDIRECT] WARNING: Could not open/create prefs root node Software\JavaSoft\Prefs at root 0xffffffff80000002. Windows RegCreateKeyEx(...) returned error code 5.
2024-03-23 11:04:04,062 [ERROR] LogOutputStream:75 - [STDERR_REDIRECT] 
2024-03-23 11:04:04,298 [INFO] ThirdPartyUpdaterWithRetryManager:70 - Updater plugin not ready yet. [2/15]
2024-03-23 11:04:04,448 [INFO] MainUpdater:2873 - connection check result : 10
2024-03-23 11:04:04,449 [INFO] MainUpdater:290 - Updater Check For Update Now.
2024-03-23 11:04:04,449 [INFO] MicroXplorer:498 - Change Database Version : DB.6.0.100
2024-03-23 11:04:04,462 [INFO] McuFinderGlobals:63 - Set McuFinder mode to 2 (CubeIDE integrated)
2024-03-23 11:04:04,631 [INFO] CheckServerUpdateThread:120 - End of CheckServer Thread
2024-03-23 11:04:04,838 [INFO] UserAuth:404 - Internet connection configuration mode: 1
2024-03-23 11:04:04,852 [INFO] JxBrowserEngine:152 - Initiate JxBrowser Engine with user profile folder
2024-03-23 11:04:05,781 [INFO] WebApp:161 - Instantiating new browser for Auth
2024-03-23 11:04:06,364 [INFO] WebApp:780 - Register for checkConnection events
2024-03-23 11:04:06,364 [INFO] WebApp:414 - Apply proxy settings
2024-03-23 11:04:06,364 [INFO] WebApp:499 - Chromium requires no authentication
2024-03-23 11:04:06,372 [INFO] WebApp:442 - Direct internet connection detected
2024-03-23 11:04:06,529 [INFO] WebApp:192 - Starting web application
2024-03-23 11:04:06,530 [INFO] WebApp:544 - Web application path used C:\ST\STM32CubeIDE_1.14.1\STM32CubeIDE\plugins\com.st.stm32cube.common.mx_6.10.0.202311202037\db\plugins\mcufinder\reactClient1\index.html
2024-03-23 11:04:07,512 [WARN] PackLoader:240 - Cannot read IP mode file for STMicroelectronics.X-CUBE-SMBUS.2.1.0
2024-03-23 11:04:07,520 [WARN] PackLoader:240 - Cannot read IP mode file for STMicroelectronics.X-CUBE-TOUCHGFX.4.23.0
2024-03-23 11:04:07,549 [WARN] PackLoader:240 - Cannot read IP mode file for STMicroelectronics.X-CUBE-AZRTOS-F7.1.1.0
2024-03-23 11:04:07,559 [WARN] PackLoader:240 - Cannot read IP mode file for STMicroelectronics.FP-SNS-MOTENV1.4.3.2
2024-03-23 11:04:07,567 [WARN] PackLoader:240 - Cannot read IP mode file for STMicroelectronics.FP-SNS-FLIGHT1.5.0.2
2024-03-23 11:04:07,573 [WARN] PackLoader:240 - Cannot read IP mode file for STMicroelectronics.X-CUBE-DISPLAY.3.0.0
2024-03-23 11:04:07,587 [WARN] PackLoader:240 - Cannot read IP mode file for STMicroelectronics.X-CUBE-BLE1.7.0.0
2024-03-23 11:04:07,591 [WARN] PackLoader:240 - Cannot read IP mode file for emotas.I-CUBE-CANOPEN.1.3.0
2024-03-23 11:04:07,601 [WARN] PackLoader:240 - Cannot read IP mode file for STMicroelectronics.X-CUBE-BLEMGR.3.1.0
2024-03-23 11:04:07,606 [WARN] PackLoader:240 - Cannot read IP mode file for STMicroelectronics.FP-SNS-SMARTAG2.1.2.0
2024-03-23 11:04:07,617 [INFO] LogOutputStream:77 - [STDOUT_REDIRECT] 1 : Invalid condition id : UX_CORESTACK_Condition cause : null
2024-03-23 11:04:07,618 [INFO] LogOutputStream:77 - [STDOUT_REDIRECT] 1 : Invalid condition id : UX_CORESTACK_Condition cause : null
2024-03-23 11:04:07,619 [INFO] LogOutputStream:77 - [STDOUT_REDIRECT] 1 : Invalid condition id : UX_CORESTACK_Condition cause : null
2024-03-23 11:04:07,619 [INFO] LogOutputStream:77 - [STDOUT_REDIRECT] 1 : Invalid condition id : UX_CORESTACK_Condition cause : null
2024-03-23 11:04:07,620 [INFO] LogOutputStream:77 - [STDOUT_REDIRECT] 1 : Invalid condition id : UX_CORESTACK_Condition cause : null
2024-03-23 11:04:07,624 [WARN] PackLoader:240 - Cannot read IP mode file for STMicroelectronics.X-CUBE-AZRTOS-WL.2.0.0
2024-03-23 11:04:07,634 [WARN] PackLoader:240 - Cannot read IP mode file for WES.I-CUBE-Cesium.1.3.0
2024-03-23 11:04:07,638 [WARN] PackLoader:240 - Cannot read IP mode file for STMicroelectronics.X-CUBE-BLE2.3.3.0
2024-03-23 11:04:07,643 [WARN] PackLoader:240 - Cannot read IP mode file for STMicroelectronics.X-CUBE-ALGOBUILD.1.3.0
2024-03-23 11:04:07,658 [WARN] PackLoader:240 - Cannot read IP mode file for STMicroelectronics.X-CUBE-AZRTOS-G0.1.1.0
2024-03-23 11:04:07,665 [WARN] PackLoader:240 - Cannot read IP mode file for STMicroelectronics.X-CUBE-NFC4.3.0.0
2024-03-23 11:04:07,672 [WARN] PackLoader:240 - Cannot read IP mode file for STMicroelectronics.X-CUBE-BLEMGR.3.0.0
2024-03-23 11:04:07,677 [WARN] PackLoader:240 - Cannot read IP mode file for STMicroelectronics.FP-ATR-SIGFOX1.3.2.0
2024-03-23 11:04:07,679 [WARN] PackLoader:240 - Cannot read IP mode file for STMicroelectronics.X-CUBE-EEPRMA1.5.1.0
2024-03-23 11:04:07,696 [WARN] PackLoader:240 - Cannot read IP mode file for SEGGER.I-CUBE-embOS.1.3.1
2024-03-23 11:04:07,745 [WARN] PackLoader:240 - Cannot read IP mode file for STMicroelectronics.X-CUBE-GNSS1.6.0.0
2024-03-23 11:04:07,746 [WARN] PackLoader:240 - Cannot read IP mode file for STMicroelectronics.X-CUBE-AZRTOS-F4.1.1.0
2024-03-23 11:04:07,763 [WARN] PackLoader:240 - Cannot read IP mode file for wolfSSL.I-CUBE-wolfSSL.5.6.6
2024-03-23 11:04:07,779 [WARN] PackLoader:240 - Cannot read IP mode file for STMicroelectronics.X-CUBE-AZRTOS-L5.2.0.0
2024-03-23 11:04:07,788 [WARN] PackLoader:240 - Cannot read IP mode file for STMicroelectronics.X-CUBE-NFC6.3.1.0
2024-03-23 11:04:07,793 [WARN] PackLoader:240 - Cannot read IP mode file for ITTIA_DB.I-CUBE-ITTIADB.8.8.0
2024-03-23 11:04:07,798 [WARN] PackLoader:240 - Cannot read IP mode file for STMicroelectronics.X-CUBE-NFC7.1.0.1
2024-03-23 11:04:07,798 [WARN] PackLoader:240 - Cannot read IP mode file for STMicroelectronics.X-CUBE-NFC6.3.0.0
2024-03-23 11:04:07,798 [WARN] PackLoader:240 - Cannot read IP mode file for STMicroelectronics.X-CUBE-AI.8.1.0
2024-03-23 11:04:07,821 [WARN] ConditionMgr:438 - getConditionDescription Invalid condition id : LAN8742 Phy interface Condition cause : null
2024-03-23 11:04:07,821 [WARN] PackLoader:240 - Cannot read IP mode file for STMicroelectronics.X-CUBE-AZRTOS-L4.2.0.0
2024-03-23 11:04:07,822 [WARN] ConditionMgr:1039 - genDependencies : Invalid condition id : LAN8742 Phy interface Condition cause : null
2024-03-23 11:04:07,822 [WARN] ConditionMgr:1039 - genDependencies : Invalid condition id : LAN8742 Phy interface Condition cause : null
2024-03-23 11:04:07,823 [WARN] ConditionMgr:1039 - genDependencies : Invalid condition id : LAN8742 Phy interface Condition cause : null
2024-03-23 11:04:07,828 [WARN] PackLoader:240 - Cannot read IP mode file for STMicroelectronics.X-CUBE-SFXS2LP1.4.0.0
2024-03-23 11:04:07,837 [WARN] ConditionMgr:438 - getConditionDescription Invalid condition id : UX DEVICE CLASS RTOS Condition cause : null
2024-03-23 11:04:07,838 [WARN] ConditionMgr:438 - getConditionDescription Invalid condition id : UX DEVICE CLASS RTOS Condition cause : null
2024-03-23 11:04:07,839 [WARN] PackLoader:240 - Cannot read IP mode file for STMicroelectronics.X-CUBE-AZRTOS-WB.2.0.0
2024-03-23 11:04:07,839 [WARN] ConditionMgr:1039 - genDependencies : Invalid condition id : UX DEVICE CLASS RTOS Condition cause : null
2024-03-23 11:04:07,840 [WARN] ConditionMgr:1039 - genDependencies : Invalid condition id : UX DEVICE CLASS RTOS Condition cause : null
2024-03-23 11:04:07,840 [WARN] ConditionMgr:1039 - genDependencies : Invalid condition id : UX DEVICE CLASS RTOS Condition cause : null
2024-03-23 11:04:07,840 [WARN] ConditionMgr:1039 - genDependencies : Invalid condition id : UX DEVICE CLASS RTOS Condition cause : null
2024-03-23 11:04:07,840 [WARN] ConditionMgr:1039 - genDependencies : Invalid condition id : UX DEVICE CLASS RTOS Condition cause : null
2024-03-23 11:04:07,848 [WARN] PackLoader:240 - Cannot read IP mode file for STMicroelectronics.X-CUBE-SUBG2.5.0.0
2024-03-23 11:04:07,863 [WARN] PackLoader:240 - Cannot read IP mode file for STMicroelectronics.X-CUBE-AZRTOS-G4.2.0.0
2024-03-23 11:04:07,874 [WARN] PackLoader:240 - Cannot read IP mode file for Infineon.AIROC-Wi-Fi-Bluetooth-STM32.1.5.1
2024-03-23 11:04:07,879 [WARN] PackLoader:240 - Cannot read IP mode file for STMicroelectronics.FP-SNS-MOTENVWB1.1.3.1
2024-03-23 11:04:07,883 [WARN] PackLoader:240 - Cannot read IP mode file for STMicroelectronics.X-CUBE-ISPU.2.0.0
2024-03-23 11:04:07,909 [WARN] PackLoader:240 - Cannot read IP mode file for STMicroelectronics.X-CUBE-MEMS1.10.0.0
2024-03-23 11:04:08,041 [WARN] PackLoader:240 - Cannot read IP mode file for STMicroelectronics.X-CUBE-FREERTOS.1.1.0
2024-03-23 11:04:08,045 [WARN] PackLoader:240 - Cannot read IP mode file for portGmbH.I-Cube-SoM-uGOAL.1.1.0
2024-03-23 11:04:08,049 [WARN] PackLoader:240 - Cannot read IP mode file for STMicroelectronics.X-CUBE-ALS.1.0.1
2024-03-23 11:04:08,052 [WARN] PackLoader:240 - Cannot read IP mode file for STMicroelectronics.FP-ATR-ASTRA1.2.0.0
2024-03-23 11:04:08,059 [WARN] PackLoader:240 - Cannot read IP mode file for STMicroelectronics.X-CUBE-TOF1.3.4.0
2024-03-23 11:04:08,084 [WARN] PackLoader:240 - Cannot read IP mode file for STMicroelectronics.X-CUBE-TOF1.3.4.1
2024-03-23 11:04:08,110 [WARN] PackLoader:240 - Cannot read IP mode file for STMicroelectronics.X-CUBE-AZRTOS-H7.3.2.0
2024-03-23 11:04:08,114 [INFO] ThirdParty:978 - Integrity check success = true
2024-03-23 11:04:08,114 [INFO] IntegrityCheckThread:100 - exiting critical section [integrity check]
2024-03-23 11:04:08,114 [INFO] IntegrityCheckThread:103 - End integrity checks thread
2024-03-23 11:04:27,125 [ERROR] LogOutputStream:75 - [STDERR_REDIRECT] SLF4J: Failed to load class "org.slf4j.impl.StaticLoggerBinder".
2024-03-23 11:04:27,125 [ERROR] LogOutputStream:75 - [STDERR_REDIRECT] SLF4J: Defaulting to no-operation (NOP) logger implementation
2024-03-23 11:04:27,141 [ERROR] LogOutputStream:75 - [STDERR_REDIRECT] SLF4J: See http://www.slf4j.org/codes.html#StaticLoggerBinder for further details.
2024-03-23 15:52:10,276 [ERROR] LogOutputStream:75 - [STDERR_REDIRECT] 
