2024-03-29 11:34:50,077 [INFO] Activator:176 - 


2024-03-29 11:34:50,090 [INFO] Activator:177 - !SESSION log4j initialized
2024-03-29 11:35:00,191 [INFO] LogOutputStream:77 - [STDOUT_REDIRECT] 
2024-03-29 11:35:18,997 [INFO] ApplicationProperties:184 - Using Application install path: C:\ST\STM32CubeIDE_1.14.1\STM32CubeIDE\plugins\com.st.stm32cube.common.mx_6.10.0.202311202037
2024-03-29 11:35:19,032 [INFO] DbMcusXml:78 - Set database path to: C:\ST\STM32CubeIDE_1.14.1\STM32CubeIDE\plugins\com.st.stm32cube.common.mx_6.10.0.202311202037\\db\/mcu/
2024-03-29 11:35:19,032 [INFO] ApiDb:274 - Set plugin database path to: C:\ST\STM32CubeIDE_1.14.1\STM32CubeIDE\plugins\com.st.stm32cube.common.mx_6.10.0.202311202037\\db\/plugins/boardmanager/
2024-03-29 11:35:19,033 [WARN] ApiDb:259 - Overriding images path with different value:  => C:\ST\STM32CubeIDE_1.14.1\STM32CubeIDE\plugins\com.st.stm32cube.common.mx_6.10.0.202311202037\\db\/plugins/mcufinder/images/
2024-03-29 11:35:19,047 [INFO] ApiDb:250 - Set database path to: C:\Users\Maydoum\.stmcufinder\plugins\mcufinder//mcu/
2024-03-29 11:35:19,049 [INFO] DbMcusAds:125 - Set database path to: C:\Users\Maydoum\.stmcufinder\plugins\mcufinder//mcu/
2024-03-29 11:35:19,103 [INFO] CrossReferenceDbSqlite:203 - Set database path to: C:\Users\Maydoum\.stmcufinder\plugins\mcufinder//mcu/cs/
2024-03-29 11:35:19,444 [INFO] RulesReader:64 - Compatibility file has been processed (297 Rules)
2024-03-29 11:35:19,603 [INFO] DbMcusXml:78 - Set database path to: C:\ST\STM32CubeIDE_1.14.1\STM32CubeIDE\plugins\com.st.stm32cube.common.mx_6.10.0.202311202037\\db\/mcu/
2024-03-29 11:35:19,603 [INFO] ApiDb:274 - Set plugin database path to: C:\ST\STM32CubeIDE_1.14.1\STM32CubeIDE\plugins\com.st.stm32cube.common.mx_6.10.0.202311202037\\db\/plugins/boardmanager/
2024-03-29 11:35:19,603 [INFO] ApiDb:261 - Set plugin images path to: C:\ST\STM32CubeIDE_1.14.1\STM32CubeIDE\plugins\com.st.stm32cube.common.mx_6.10.0.202311202037\\db\/plugins/mcufinder/images/
2024-03-29 11:35:19,603 [WARN] DbFile:41 - Overriding database path with different value: C:\Users\Maydoum\.stmcufinder\plugins\mcufinder/ => C:\Users\Maydoum\.stmcufinder\plugins\mcufinder
2024-03-29 11:35:19,603 [INFO] ApiDb:250 - Set database path to: C:\Users\Maydoum\.stmcufinder\plugins\mcufinder//mcu/
2024-03-29 11:35:19,603 [WARN] DbFile:41 - Overriding database path with different value: C:\Users\Maydoum\.stmcufinder\plugins\mcufinder/ => C:\Users\Maydoum\.stmcufinder\plugins\mcufinder
2024-03-29 11:35:19,603 [INFO] DbMcusAds:125 - Set database path to: C:\Users\Maydoum\.stmcufinder\plugins\mcufinder//mcu/
2024-03-29 11:35:19,604 [WARN] DbFile:41 - Overriding database path with different value: C:\Users\Maydoum\.stmcufinder\plugins\mcufinder/ => C:\Users\Maydoum\.stmcufinder\plugins\mcufinder
2024-03-29 11:35:19,604 [WARN] DbFile:41 - Overriding database path with different value: C:\Users\Maydoum\.stmcufinder\plugins\mcufinder/ => C:\Users\Maydoum\.stmcufinder\plugins\mcufinder
2024-03-29 11:35:19,604 [INFO] CrossReferenceDbSqlite:203 - Set database path to: C:\Users\Maydoum\.stmcufinder\plugins\mcufinder//mcu/cs/
2024-03-29 11:35:19,724 [INFO] MainPanel:264 - HeapMemory: 268435456
2024-03-29 11:35:19,926 [INFO] DbMcusXml:78 - Set database path to: C:\ST\STM32CubeIDE_1.14.1\STM32CubeIDE\plugins\com.st.stm32cube.common.mx_6.10.0.202311202037\\db\/mcu/
2024-03-29 11:35:19,927 [INFO] ApiDb:274 - Set plugin database path to: C:\ST\STM32CubeIDE_1.14.1\STM32CubeIDE\plugins\com.st.stm32cube.common.mx_6.10.0.202311202037\\db\/plugins/boardmanager/
2024-03-29 11:35:19,927 [INFO] ApiDb:261 - Set plugin images path to: C:\ST\STM32CubeIDE_1.14.1\STM32CubeIDE\plugins\com.st.stm32cube.common.mx_6.10.0.202311202037\\db\/plugins/mcufinder/images/
2024-03-29 11:35:19,929 [WARN] DbFile:41 - Overriding database path with different value: C:\Users\Maydoum\.stmcufinder\plugins\mcufinder/ => C:\Users\Maydoum\.stmcufinder\plugins\mcufinder
2024-03-29 11:35:19,929 [INFO] ApiDb:250 - Set database path to: C:\Users\Maydoum\.stmcufinder\plugins\mcufinder//mcu/
2024-03-29 11:35:19,929 [WARN] DbFile:41 - Overriding database path with different value: C:\Users\Maydoum\.stmcufinder\plugins\mcufinder/ => C:\Users\Maydoum\.stmcufinder\plugins\mcufinder
2024-03-29 11:35:19,930 [INFO] DbMcusAds:125 - Set database path to: C:\Users\Maydoum\.stmcufinder\plugins\mcufinder//mcu/
2024-03-29 11:35:19,930 [WARN] DbFile:41 - Overriding database path with different value: C:\Users\Maydoum\.stmcufinder\plugins\mcufinder/ => C:\Users\Maydoum\.stmcufinder\plugins\mcufinder
2024-03-29 11:35:19,930 [WARN] DbFile:41 - Overriding database path with different value: C:\Users\Maydoum\.stmcufinder\plugins\mcufinder/ => C:\Users\Maydoum\.stmcufinder\plugins\mcufinder
2024-03-29 11:35:19,930 [INFO] CrossReferenceDbSqlite:203 - Set database path to: C:\Users\Maydoum\.stmcufinder\plugins\mcufinder//mcu/cs/
2024-03-29 11:35:19,963 [INFO] ApplicationProperties:184 - Using Application install path: C:\ST\STM32CubeIDE_1.14.1\STM32CubeIDE\plugins\com.st.stm32cube.common.mx_6.10.0.202311202037
2024-03-29 11:35:19,965 [INFO] PluginManage:196 - Search for loadable plugins [exclusion list=, ]
2024-03-29 11:35:19,967 [INFO] PluginManage:310 - Check plugin analytics
2024-03-29 11:35:36,347 [INFO] AnalyticsPlugin:253 - Accepted Software Licenses: 
2024-03-29 11:35:36,347 [INFO] AnalyticsPlugin:255 - Accepted CMSIS Pack Licenses: 
2024-03-29 11:35:36,347 [INFO] AnalyticsPlugin:257 - Accepted Firmware Licenses: 
2024-03-29 11:35:36,363 [INFO] PluginManage:359 - Loaded plugin analytics (category:tool,tabindex:-1)
2024-03-29 11:35:36,363 [INFO] PluginManage:310 - Check plugin cadmodel
2024-03-29 11:35:36,363 [INFO] CADModel:105 - Init CAD model plugin
2024-03-29 11:35:36,363 [INFO] PluginManage:359 - Loaded plugin cadmodel (category:power,tabindex:5)
2024-03-29 11:35:36,379 [INFO] PluginManage:310 - Check plugin clock
2024-03-29 11:35:36,394 [INFO] PluginManage:359 - Loaded plugin clock (category:base,tabindex:2)
2024-03-29 11:35:36,394 [INFO] PluginManage:310 - Check plugin ddr
2024-03-29 11:35:36,394 [INFO] PluginManage:359 - Loaded plugin ddr (category:tool,tabindex:6)
2024-03-29 11:35:36,394 [INFO] PluginManage:310 - Check plugin filemanager
2024-03-29 11:35:36,723 [INFO] PluginManage:359 - Loaded plugin filemanager (category:base,tabindex:10)
2024-03-29 11:35:36,723 [INFO] PluginManage:310 - Check plugin ipmanager
2024-03-29 11:35:36,739 [INFO] PluginManage:359 - Loaded plugin ipmanager (category:base,tabindex:5)
2024-03-29 11:35:36,739 [INFO] PluginManage:310 - Check plugin lpbam
2024-03-29 11:35:36,755 [INFO] PluginManage:359 - Loaded plugin lpbam (category:base,tabindex:0)
2024-03-29 11:35:36,762 [INFO] PluginManage:310 - Check plugin memorymap
2024-03-29 11:35:36,787 [INFO] PluginManage:359 - Loaded plugin memorymap (category:base,tabindex:4)
2024-03-29 11:35:36,787 [INFO] PluginManage:310 - Check plugin pinoutandconfiguration
2024-03-29 11:35:36,802 [INFO] PluginManage:359 - Loaded plugin pinoutandconfiguration (category:base,tabindex:1)
2024-03-29 11:35:36,802 [INFO] PluginManage:310 - Check plugin pinoutconfig
2024-03-29 11:35:37,022 [WARN] SupportedApi:132 - Cannot load RTOS API schema: s4s-elt-must-match.1: The content of 'definitions' must match (annotation?, (simpleType | complexType)?, (unique | key | keyref)*)). A problem was found starting at: attribute.
2024-03-29 11:35:37,408 [INFO] PluginManage:359 - Loaded plugin pinoutconfig (category:base,tabindex:0)
2024-03-29 11:35:37,408 [INFO] PluginManage:310 - Check plugin power
2024-03-29 11:35:37,424 [INFO] PluginManage:359 - Loaded plugin power (category:power,tabindex:4)
2024-03-29 11:35:37,424 [INFO] PluginManage:310 - Check plugin projectmanager
2024-03-29 11:35:37,471 [INFO] PluginManage:359 - Loaded plugin projectmanager (category:projectmanager,tabindex:3)
2024-03-29 11:35:37,471 [INFO] PluginManage:310 - Check plugin thirdparty
2024-03-29 11:35:37,874 [INFO] PluginManage:359 - Loaded plugin thirdparty (category:base,tabindex:-1)
2024-03-29 11:35:37,874 [WARN] IntegrityCheckThread:84 - waiting for thirdparty lock release [integrity check]
2024-03-29 11:35:37,874 [INFO] PluginManage:310 - Check plugin tools
2024-03-29 11:35:37,874 [INFO] IntegrityCheckThread:86 - entering critical section [integrity check]
2024-03-29 11:35:37,874 [INFO] ThirdPartyUpdaterWithRetryManager:70 - Updater plugin not ready yet. [1/15]
2024-03-29 11:35:37,889 [INFO] PluginManage:359 - Loaded plugin tools (category:base,tabindex:7)
2024-03-29 11:35:37,889 [INFO] PluginManage:310 - Check plugin tutovideos
2024-03-29 11:35:38,365 [INFO] PluginManage:359 - Loaded plugin tutovideos (category:base,tabindex:-1)
2024-03-29 11:35:38,365 [INFO] PluginManage:310 - Check plugin updater
2024-03-29 11:35:38,377 [INFO] PluginManage:359 - Loaded plugin updater (category:base,tabindex:12)
2024-03-29 11:35:38,377 [INFO] PluginManage:310 - Check plugin userauth
2024-03-29 11:35:38,393 [INFO] UserAuth:114 - Init User Auth plugin
2024-03-29 11:35:38,393 [INFO] PluginManage:359 - Loaded plugin userauth (category:base,tabindex:14)
2024-03-29 11:35:38,393 [INFO] PluginManage:283 - PluginManage : Loaded plugins [17]
2024-03-29 11:35:38,847 [INFO] PinOutPanel:1499 - setPackage(No Configuration,No Configuration)
2024-03-29 11:35:39,026 [INFO] CADModel:165 - CPN selected for project level
2024-03-29 11:35:39,026 [INFO] CADModel:114 - Register for checkConnection events
2024-03-29 11:35:39,073 [INFO] IPUIPlugin:80 - create IPUIPlugin
2024-03-29 11:35:39,073 [INFO] PluginManager:220 - loadIPPluginJar : add adc
2024-03-29 11:35:39,073 [INFO] IPUIPlugin:80 - create IPUIPlugin
2024-03-29 11:35:39,073 [INFO] PluginManager:220 - loadIPPluginJar : add aes
2024-03-29 11:35:39,089 [INFO] IPUIPlugin:80 - create IPUIPlugin
2024-03-29 11:35:39,089 [INFO] PluginManager:220 - loadIPPluginJar : add can
2024-03-29 11:35:39,089 [INFO] IPUIPlugin:80 - create IPUIPlugin
2024-03-29 11:35:39,089 [INFO] PluginManager:220 - loadIPPluginJar : add comp
2024-03-29 11:35:39,089 [INFO] IPUIPlugin:80 - create IPUIPlugin
2024-03-29 11:35:39,089 [INFO] PluginManager:220 - loadIPPluginJar : add cryp
2024-03-29 11:35:39,105 [INFO] IPUIPlugin:80 - create IPUIPlugin
2024-03-29 11:35:39,105 [INFO] PluginManager:220 - loadIPPluginJar : add dfsdm
2024-03-29 11:35:39,120 [INFO] IPUIPlugin:80 - create IPUIPlugin
2024-03-29 11:35:39,120 [INFO] PluginManager:220 - loadIPPluginJar : add dma
2024-03-29 11:35:39,120 [INFO] IPUIPlugin:80 - create IPUIPlugin
2024-03-29 11:35:39,120 [INFO] PluginManager:220 - loadIPPluginJar : add dma3
2024-03-29 11:35:39,120 [INFO] IPUIPlugin:80 - create IPUIPlugin
2024-03-29 11:35:39,120 [INFO] PluginManager:220 - loadIPPluginJar : add fatfs
2024-03-29 11:35:39,136 [INFO] IPUIPlugin:80 - create IPUIPlugin
2024-03-29 11:35:39,136 [INFO] PluginManager:220 - loadIPPluginJar : add fmc
2024-03-29 11:35:39,151 [INFO] IPUIPlugin:80 - create IPUIPlugin
2024-03-29 11:35:39,151 [INFO] PluginManager:220 - loadIPPluginJar : add freertos
2024-03-29 11:35:39,151 [INFO] IPUIPlugin:80 - create IPUIPlugin
2024-03-29 11:35:39,151 [INFO] PluginManager:220 - loadIPPluginJar : add genericplugin
2024-03-29 11:35:39,168 [INFO] IPUIPlugin:80 - create IPUIPlugin
2024-03-29 11:35:39,168 [INFO] PluginManager:220 - loadIPPluginJar : add gfxmmu
2024-03-29 11:35:39,168 [INFO] IPUIPlugin:80 - create IPUIPlugin
2024-03-29 11:35:39,168 [INFO] PluginManager:220 - loadIPPluginJar : add gic
2024-03-29 11:35:39,183 [INFO] IPUIPlugin:80 - create IPUIPlugin
2024-03-29 11:35:39,183 [INFO] PluginManager:220 - loadIPPluginJar : add gpio
2024-03-29 11:35:39,183 [INFO] IPUIPlugin:80 - create IPUIPlugin
2024-03-29 11:35:39,183 [INFO] PluginManager:220 - loadIPPluginJar : add gtzc
2024-03-29 11:35:39,199 [INFO] IPUIPlugin:80 - create IPUIPlugin
2024-03-29 11:35:39,199 [INFO] PluginManager:220 - loadIPPluginJar : add hash
2024-03-29 11:35:39,199 [INFO] IPUIPlugin:80 - create IPUIPlugin
2024-03-29 11:35:39,199 [INFO] PluginManager:220 - loadIPPluginJar : add i2c
2024-03-29 11:35:39,214 [INFO] IPUIPlugin:80 - create IPUIPlugin
2024-03-29 11:35:39,214 [INFO] PluginManager:220 - loadIPPluginJar : add i2s
2024-03-29 11:35:39,214 [INFO] IPUIPlugin:80 - create IPUIPlugin
2024-03-29 11:35:39,214 [INFO] PluginManager:220 - loadIPPluginJar : add i3c
2024-03-29 11:35:39,230 [INFO] IPUIPlugin:80 - create IPUIPlugin
2024-03-29 11:35:39,230 [INFO] PluginManager:220 - loadIPPluginJar : add ipddr
2024-03-29 11:35:39,246 [INFO] IPUIPlugin:80 - create IPUIPlugin
2024-03-29 11:35:39,246 [INFO] PluginManager:220 - loadIPPluginJar : add linkedlist
2024-03-29 11:35:39,246 [INFO] IPUIPlugin:80 - create IPUIPlugin
2024-03-29 11:35:39,246 [INFO] PluginManager:220 - loadIPPluginJar : add lorawan
2024-03-29 11:35:39,246 [INFO] IPUIPlugin:80 - create IPUIPlugin
2024-03-29 11:35:39,246 [INFO] PluginManager:220 - loadIPPluginJar : add ltdc
2024-03-29 11:35:39,267 [INFO] IPUIPlugin:80 - create IPUIPlugin
2024-03-29 11:35:39,267 [INFO] PluginManager:220 - loadIPPluginJar : add mdma
2024-03-29 11:35:39,281 [INFO] IPUIPlugin:80 - create IPUIPlugin
2024-03-29 11:35:39,281 [INFO] PluginManager:220 - loadIPPluginJar : add nvic
2024-03-29 11:35:39,286 [INFO] IPUIPlugin:80 - create IPUIPlugin
2024-03-29 11:35:39,286 [INFO] PluginManager:220 - loadIPPluginJar : add opamp
2024-03-29 11:35:39,298 [INFO] IPUIPlugin:80 - create IPUIPlugin
2024-03-29 11:35:39,298 [INFO] PluginManager:220 - loadIPPluginJar : add openamp
2024-03-29 11:35:39,310 [INFO] IPUIPlugin:80 - create IPUIPlugin
2024-03-29 11:35:39,310 [INFO] PluginManager:220 - loadIPPluginJar : add pdm2pcm
2024-03-29 11:35:39,326 [INFO] IPUIPlugin:80 - create IPUIPlugin
2024-03-29 11:35:39,326 [INFO] PluginManager:220 - loadIPPluginJar : add plateformsettings
2024-03-29 11:35:39,334 [INFO] IPUIPlugin:80 - create IPUIPlugin
2024-03-29 11:35:39,334 [INFO] PluginManager:220 - loadIPPluginJar : add quadspi
2024-03-29 11:35:39,347 [INFO] IPUIPlugin:80 - create IPUIPlugin
2024-03-29 11:35:39,347 [INFO] PluginManager:220 - loadIPPluginJar : add resmgrutility
2024-03-29 11:35:39,358 [INFO] IPUIPlugin:80 - create IPUIPlugin
2024-03-29 11:35:39,358 [INFO] PluginManager:220 - loadIPPluginJar : add sai
2024-03-29 11:35:39,366 [INFO] IPUIPlugin:80 - create IPUIPlugin
2024-03-29 11:35:39,367 [INFO] PluginManager:220 - loadIPPluginJar : add spi
2024-03-29 11:35:39,374 [INFO] IPUIPlugin:80 - create IPUIPlugin
2024-03-29 11:35:39,374 [INFO] PluginManager:220 - loadIPPluginJar : add stm32_wpan
2024-03-29 11:35:39,382 [INFO] IPUIPlugin:80 - create IPUIPlugin
2024-03-29 11:35:39,382 [INFO] PluginManager:220 - loadIPPluginJar : add tim
2024-03-29 11:35:39,390 [INFO] IPUIPlugin:80 - create IPUIPlugin
2024-03-29 11:35:39,390 [INFO] PluginManager:220 - loadIPPluginJar : add touchsensing
2024-03-29 11:35:39,399 [INFO] IPUIPlugin:80 - create IPUIPlugin
2024-03-29 11:35:39,399 [INFO] PluginManager:220 - loadIPPluginJar : add tracer_emb
2024-03-29 11:35:39,399 [INFO] IPUIPlugin:80 - create IPUIPlugin
2024-03-29 11:35:39,399 [INFO] PluginManager:220 - loadIPPluginJar : add ts
2024-03-29 11:35:39,399 [INFO] IPUIPlugin:80 - create IPUIPlugin
2024-03-29 11:35:39,399 [INFO] PluginManager:220 - loadIPPluginJar : add tsc
2024-03-29 11:35:39,414 [INFO] IPUIPlugin:80 - create IPUIPlugin
2024-03-29 11:35:39,414 [INFO] PluginManager:220 - loadIPPluginJar : add ucpd
2024-03-29 11:35:39,414 [INFO] IPUIPlugin:80 - create IPUIPlugin
2024-03-29 11:35:39,414 [INFO] PluginManager:220 - loadIPPluginJar : add usart
2024-03-29 11:35:39,430 [INFO] IPUIPlugin:80 - create IPUIPlugin
2024-03-29 11:35:39,430 [INFO] PluginManager:220 - loadIPPluginJar : add usbx
2024-03-29 11:35:39,667 [INFO] CADModel:165 - CPN selected for project level
2024-03-29 11:35:39,667 [INFO] CADModel:114 - Register for checkConnection events
2024-03-29 11:35:39,667 [FATAL] Updater:308 - Updater called before beeing initialized
2024-03-29 11:35:39,667 [ERROR] CADModel:125 - Updater not yet initialized, retry later 
2024-03-29 11:35:40,032 [INFO] CADModel:165 - CPN selected for project level
2024-03-29 11:35:40,032 [INFO] CADModel:114 - Register for checkConnection events
2024-03-29 11:35:40,032 [FATAL] Updater:308 - Updater called before beeing initialized
2024-03-29 11:35:40,032 [ERROR] CADModel:125 - Updater not yet initialized, retry later 
2024-03-29 11:35:40,048 [FATAL] Updater:308 - Updater called before beeing initialized
2024-03-29 11:35:40,349 [FATAL] Updater:308 - Updater called before beeing initialized
2024-03-29 11:35:40,357 [INFO] DbMcusAds:53 - JSON generation date=Wed Nov 29 12:52:27 EET 2023 (1701255147349)
2024-03-29 11:35:40,357 [FATAL] Updater:308 - Updater called before beeing initialized
2024-03-29 11:35:40,437 [WARN] DetailPanel:346 - Failed to get advertising image, set to default
2024-03-29 11:35:40,714 [FATAL] Updater:308 - Updater called before beeing initialized
2024-03-29 11:35:40,714 [FATAL] Updater:308 - Updater called before beeing initialized
2024-03-29 11:35:40,714 [FATAL] Updater:308 - Updater called before beeing initialized
2024-03-29 11:35:40,714 [WARN] DetailPanel:346 - Failed to get advertising image, set to default
2024-03-29 11:35:40,730 [FATAL] Updater:308 - Updater called before beeing initialized
2024-03-29 11:35:40,824 [ERROR] Updater:1120 - MainUpdater not yet initialized. External WinMGr cannot be set.
2024-03-29 11:35:40,824 [INFO] Updater:1056 - Updater Version found : 6.10.0
2024-03-29 11:35:40,872 [INFO] ApplicationProperties:184 - Using Application install path: C:\ST\STM32CubeIDE_1.14.1\STM32CubeIDE\plugins\com.st.stm32cube.common.mx_6.10.0.202311202037
2024-03-29 11:35:40,903 [INFO] ThirdPartyUpdaterWithRetryManager:70 - Updater plugin not ready yet. [2/15]
2024-03-29 11:35:42,501 [ERROR] LogOutputStream:75 - [STDERR_REDIRECT] Mar 29, 2024 11:35:42 AM java.util.prefs.WindowsPreferences <init>
2024-03-29 11:35:42,516 [ERROR] LogOutputStream:75 - [STDERR_REDIRECT] WARNING: Could not open/create prefs root node Software\JavaSoft\Prefs at root 0xffffffff80000002. Windows RegCreateKeyEx(...) returned error code 5.
2024-03-29 11:35:42,516 [ERROR] LogOutputStream:75 - [STDERR_REDIRECT] 
2024-03-29 11:35:43,916 [FATAL] Updater:308 - Updater called before beeing initialized
2024-03-29 11:35:43,916 [ERROR] IntegrityCheckThread:130 - Cannot retrieve database content from updater: error 21
2024-03-29 11:35:43,916 [INFO] ThirdParty:978 - Integrity check success = false
2024-03-29 11:35:43,916 [INFO] IntegrityCheckThread:100 - exiting critical section [integrity check]
2024-03-29 11:35:43,916 [INFO] IntegrityCheckThread:103 - End integrity checks thread
2024-03-29 11:35:44,620 [INFO] MainUpdater:2873 - connection check result : 10
2024-03-29 11:35:44,620 [INFO] MainUpdater:290 - Updater Check For Update Now.
2024-03-29 11:35:44,620 [INFO] MicroXplorer:498 - Change Database Version : DB.6.0.100
2024-03-29 11:35:44,637 [INFO] McuFinderGlobals:63 - Set McuFinder mode to 2 (CubeIDE integrated)
2024-03-29 11:35:44,951 [INFO] CheckServerUpdateThread:120 - End of CheckServer Thread
2024-03-29 11:35:45,787 [INFO] UserAuth:404 - Internet connection configuration mode: 1
2024-03-29 11:35:45,834 [INFO] JxBrowserEngine:152 - Initiate JxBrowser Engine with user profile folder
2024-03-29 11:35:47,253 [INFO] WebApp:161 - Instantiating new browser for Auth
2024-03-29 11:35:48,214 [INFO] WebApp:780 - Register for checkConnection events
2024-03-29 11:35:48,214 [INFO] WebApp:414 - Apply proxy settings
2024-03-29 11:35:48,214 [INFO] WebApp:499 - Chromium requires no authentication
2024-03-29 11:35:48,233 [INFO] WebApp:442 - Direct internet connection detected
2024-03-29 11:35:48,574 [INFO] WebApp:192 - Starting web application
2024-03-29 11:35:48,574 [INFO] WebApp:544 - Web application path used C:\ST\STM32CubeIDE_1.14.1\STM32CubeIDE\plugins\com.st.stm32cube.common.mx_6.10.0.202311202037\db\plugins\mcufinder\reactClient1\index.html
2024-03-29 11:36:10,285 [ERROR] LogOutputStream:75 - [STDERR_REDIRECT] SLF4J: Failed to load class "org.slf4j.impl.StaticLoggerBinder".
2024-03-29 11:36:10,291 [ERROR] LogOutputStream:75 - [STDERR_REDIRECT] SLF4J: Defaulting to no-operation (NOP) logger implementation
2024-03-29 11:36:10,295 [ERROR] LogOutputStream:75 - [STDERR_REDIRECT] SLF4J: See http://www.slf4j.org/codes.html#StaticLoggerBinder for further details.
2024-03-29 14:43:40,074 [ERROR] LogOutputStream:75 - [STDERR_REDIRECT] 
2024-03-29 22:43:55,299 [INFO] Activator:176 - 


2024-03-29 22:43:55,311 [INFO] Activator:177 - !SESSION log4j initialized
2024-03-29 22:44:09,508 [INFO] LogOutputStream:77 - [STDOUT_REDIRECT] 
2024-03-29 22:44:10,521 [ERROR] ConfigurationRetriever:142 - IOException on connection: sw-center.st.com
2024-03-29 22:44:10,521 [ERROR] ConfigurationRetriever:142 - IOException on connection: sw-center.st.com
2024-03-29 22:44:10,521 [ERROR] ConfigurationRetriever:142 - IOException on connection: sw-center.st.com
2024-03-29 22:44:14,346 [INFO] ApplicationProperties:184 - Using Application install path: C:\ST\STM32CubeIDE_1.14.1\STM32CubeIDE\plugins\com.st.stm32cube.common.mx_6.10.0.202311202037
2024-03-29 22:44:14,396 [INFO] DbMcusXml:78 - Set database path to: C:\ST\STM32CubeIDE_1.14.1\STM32CubeIDE\plugins\com.st.stm32cube.common.mx_6.10.0.202311202037\\db\/mcu/
2024-03-29 22:44:14,396 [INFO] ApiDb:274 - Set plugin database path to: C:\ST\STM32CubeIDE_1.14.1\STM32CubeIDE\plugins\com.st.stm32cube.common.mx_6.10.0.202311202037\\db\/plugins/boardmanager/
2024-03-29 22:44:14,396 [WARN] ApiDb:259 - Overriding images path with different value:  => C:\ST\STM32CubeIDE_1.14.1\STM32CubeIDE\plugins\com.st.stm32cube.common.mx_6.10.0.202311202037\\db\/plugins/mcufinder/images/
2024-03-29 22:44:14,426 [INFO] ApiDb:250 - Set database path to: C:\Users\Maydoum\.stmcufinder\plugins\mcufinder//mcu/
2024-03-29 22:44:14,426 [INFO] DbMcusAds:125 - Set database path to: C:\Users\Maydoum\.stmcufinder\plugins\mcufinder//mcu/
2024-03-29 22:44:14,436 [INFO] CrossReferenceDbSqlite:203 - Set database path to: C:\Users\Maydoum\.stmcufinder\plugins\mcufinder//mcu/cs/
2024-03-29 22:44:14,736 [INFO] RulesReader:64 - Compatibility file has been processed (297 Rules)
2024-03-29 22:44:14,981 [INFO] DbMcusXml:78 - Set database path to: C:\ST\STM32CubeIDE_1.14.1\STM32CubeIDE\plugins\com.st.stm32cube.common.mx_6.10.0.202311202037\\db\/mcu/
2024-03-29 22:44:14,981 [INFO] ApiDb:274 - Set plugin database path to: C:\ST\STM32CubeIDE_1.14.1\STM32CubeIDE\plugins\com.st.stm32cube.common.mx_6.10.0.202311202037\\db\/plugins/boardmanager/
2024-03-29 22:44:14,981 [INFO] ApiDb:261 - Set plugin images path to: C:\ST\STM32CubeIDE_1.14.1\STM32CubeIDE\plugins\com.st.stm32cube.common.mx_6.10.0.202311202037\\db\/plugins/mcufinder/images/
2024-03-29 22:44:14,981 [WARN] DbFile:41 - Overriding database path with different value: C:\Users\Maydoum\.stmcufinder\plugins\mcufinder/ => C:\Users\Maydoum\.stmcufinder\plugins\mcufinder
2024-03-29 22:44:14,981 [INFO] ApiDb:250 - Set database path to: C:\Users\Maydoum\.stmcufinder\plugins\mcufinder//mcu/
2024-03-29 22:44:14,981 [WARN] DbFile:41 - Overriding database path with different value: C:\Users\Maydoum\.stmcufinder\plugins\mcufinder/ => C:\Users\Maydoum\.stmcufinder\plugins\mcufinder
2024-03-29 22:44:14,981 [INFO] DbMcusAds:125 - Set database path to: C:\Users\Maydoum\.stmcufinder\plugins\mcufinder//mcu/
2024-03-29 22:44:14,981 [WARN] DbFile:41 - Overriding database path with different value: C:\Users\Maydoum\.stmcufinder\plugins\mcufinder/ => C:\Users\Maydoum\.stmcufinder\plugins\mcufinder
2024-03-29 22:44:14,981 [WARN] DbFile:41 - Overriding database path with different value: C:\Users\Maydoum\.stmcufinder\plugins\mcufinder/ => C:\Users\Maydoum\.stmcufinder\plugins\mcufinder
2024-03-29 22:44:14,981 [INFO] CrossReferenceDbSqlite:203 - Set database path to: C:\Users\Maydoum\.stmcufinder\plugins\mcufinder//mcu/cs/
2024-03-29 22:44:15,181 [INFO] MainPanel:264 - HeapMemory: 268435456
2024-03-29 22:44:15,406 [INFO] DbMcusXml:78 - Set database path to: C:\ST\STM32CubeIDE_1.14.1\STM32CubeIDE\plugins\com.st.stm32cube.common.mx_6.10.0.202311202037\\db\/mcu/
2024-03-29 22:44:15,406 [INFO] ApiDb:274 - Set plugin database path to: C:\ST\STM32CubeIDE_1.14.1\STM32CubeIDE\plugins\com.st.stm32cube.common.mx_6.10.0.202311202037\\db\/plugins/boardmanager/
2024-03-29 22:44:15,406 [INFO] ApiDb:261 - Set plugin images path to: C:\ST\STM32CubeIDE_1.14.1\STM32CubeIDE\plugins\com.st.stm32cube.common.mx_6.10.0.202311202037\\db\/plugins/mcufinder/images/
2024-03-29 22:44:15,406 [WARN] DbFile:41 - Overriding database path with different value: C:\Users\Maydoum\.stmcufinder\plugins\mcufinder/ => C:\Users\Maydoum\.stmcufinder\plugins\mcufinder
2024-03-29 22:44:15,411 [INFO] ApiDb:250 - Set database path to: C:\Users\Maydoum\.stmcufinder\plugins\mcufinder//mcu/
2024-03-29 22:44:15,411 [WARN] DbFile:41 - Overriding database path with different value: C:\Users\Maydoum\.stmcufinder\plugins\mcufinder/ => C:\Users\Maydoum\.stmcufinder\plugins\mcufinder
2024-03-29 22:44:15,411 [INFO] DbMcusAds:125 - Set database path to: C:\Users\Maydoum\.stmcufinder\plugins\mcufinder//mcu/
2024-03-29 22:44:15,411 [WARN] DbFile:41 - Overriding database path with different value: C:\Users\Maydoum\.stmcufinder\plugins\mcufinder/ => C:\Users\Maydoum\.stmcufinder\plugins\mcufinder
2024-03-29 22:44:15,411 [WARN] DbFile:41 - Overriding database path with different value: C:\Users\Maydoum\.stmcufinder\plugins\mcufinder/ => C:\Users\Maydoum\.stmcufinder\plugins\mcufinder
2024-03-29 22:44:15,411 [INFO] CrossReferenceDbSqlite:203 - Set database path to: C:\Users\Maydoum\.stmcufinder\plugins\mcufinder//mcu/cs/
2024-03-29 22:44:15,457 [INFO] ApplicationProperties:184 - Using Application install path: C:\ST\STM32CubeIDE_1.14.1\STM32CubeIDE\plugins\com.st.stm32cube.common.mx_6.10.0.202311202037
2024-03-29 22:44:15,461 [INFO] PluginManage:196 - Search for loadable plugins [exclusion list=, ]
2024-03-29 22:44:15,466 [INFO] PluginManage:310 - Check plugin analytics
2024-03-29 22:44:16,021 [INFO] AnalyticsPlugin:253 - Accepted Software Licenses: 
2024-03-29 22:44:16,021 [INFO] AnalyticsPlugin:255 - Accepted CMSIS Pack Licenses: 
2024-03-29 22:44:16,021 [INFO] AnalyticsPlugin:257 - Accepted Firmware Licenses: 
2024-03-29 22:44:16,031 [INFO] PluginManage:359 - Loaded plugin analytics (category:tool,tabindex:-1)
2024-03-29 22:44:16,031 [INFO] PluginManage:310 - Check plugin cadmodel
2024-03-29 22:44:16,031 [ERROR] ConfigurationRetriever:142 - IOException on connection: sw-center.st.com
2024-03-29 22:44:16,031 [ERROR] ConfigurationRetriever:142 - IOException on connection: sw-center.st.com
2024-03-29 22:44:16,036 [ERROR] ConfigurationRetriever:142 - IOException on connection: sw-center.st.com
2024-03-29 22:44:16,057 [INFO] CADModel:105 - Init CAD model plugin
2024-03-29 22:44:16,057 [INFO] PluginManage:359 - Loaded plugin cadmodel (category:power,tabindex:5)
2024-03-29 22:44:16,057 [INFO] PluginManage:310 - Check plugin clock
2024-03-29 22:44:16,098 [INFO] PluginManage:359 - Loaded plugin clock (category:base,tabindex:2)
2024-03-29 22:44:16,098 [INFO] PluginManage:310 - Check plugin ddr
2024-03-29 22:44:16,103 [INFO] PluginManage:359 - Loaded plugin ddr (category:tool,tabindex:6)
2024-03-29 22:44:16,106 [INFO] PluginManage:310 - Check plugin filemanager
2024-03-29 22:44:16,581 [INFO] PluginManage:359 - Loaded plugin filemanager (category:base,tabindex:10)
2024-03-29 22:44:16,581 [INFO] PluginManage:310 - Check plugin ipmanager
2024-03-29 22:44:16,601 [INFO] PluginManage:359 - Loaded plugin ipmanager (category:base,tabindex:5)
2024-03-29 22:44:16,601 [INFO] PluginManage:310 - Check plugin lpbam
2024-03-29 22:44:16,616 [INFO] PluginManage:359 - Loaded plugin lpbam (category:base,tabindex:0)
2024-03-29 22:44:16,616 [INFO] PluginManage:310 - Check plugin memorymap
2024-03-29 22:44:16,651 [INFO] PluginManage:359 - Loaded plugin memorymap (category:base,tabindex:4)
2024-03-29 22:44:16,651 [INFO] PluginManage:310 - Check plugin pinoutandconfiguration
2024-03-29 22:44:16,671 [INFO] PluginManage:359 - Loaded plugin pinoutandconfiguration (category:base,tabindex:1)
2024-03-29 22:44:16,671 [INFO] PluginManage:310 - Check plugin pinoutconfig
2024-03-29 22:44:16,977 [WARN] SupportedApi:132 - Cannot load RTOS API schema: s4s-elt-must-match.1: The content of 'definitions' must match (annotation?, (simpleType | complexType)?, (unique | key | keyref)*)). A problem was found starting at: attribute.
2024-03-29 22:44:17,371 [INFO] PluginManage:359 - Loaded plugin pinoutconfig (category:base,tabindex:0)
2024-03-29 22:44:17,371 [INFO] PluginManage:310 - Check plugin power
2024-03-29 22:44:17,406 [INFO] PluginManage:359 - Loaded plugin power (category:power,tabindex:4)
2024-03-29 22:44:17,411 [INFO] PluginManage:310 - Check plugin projectmanager
2024-03-29 22:44:17,456 [INFO] PluginManage:359 - Loaded plugin projectmanager (category:projectmanager,tabindex:3)
2024-03-29 22:44:17,456 [INFO] PluginManage:310 - Check plugin thirdparty
2024-03-29 22:44:17,911 [WARN] IntegrityCheckThread:84 - waiting for thirdparty lock release [integrity check]
2024-03-29 22:44:17,913 [INFO] IntegrityCheckThread:86 - entering critical section [integrity check]
2024-03-29 22:44:17,913 [INFO] PluginManage:359 - Loaded plugin thirdparty (category:base,tabindex:-1)
2024-03-29 22:44:17,913 [INFO] PluginManage:310 - Check plugin tools
2024-03-29 22:44:17,913 [INFO] ThirdPartyUpdaterWithRetryManager:70 - Updater plugin not ready yet. [1/15]
2024-03-29 22:44:17,921 [INFO] PluginManage:359 - Loaded plugin tools (category:base,tabindex:7)
2024-03-29 22:44:17,921 [INFO] PluginManage:310 - Check plugin tutovideos
2024-03-29 22:44:18,391 [INFO] PluginManage:359 - Loaded plugin tutovideos (category:base,tabindex:-1)
2024-03-29 22:44:18,391 [INFO] PluginManage:310 - Check plugin updater
2024-03-29 22:44:18,416 [INFO] PluginManage:359 - Loaded plugin updater (category:base,tabindex:12)
2024-03-29 22:44:18,416 [INFO] PluginManage:310 - Check plugin userauth
2024-03-29 22:44:18,431 [INFO] UserAuth:114 - Init User Auth plugin
2024-03-29 22:44:18,431 [INFO] PluginManage:359 - Loaded plugin userauth (category:base,tabindex:14)
2024-03-29 22:44:18,436 [INFO] PluginManage:283 - PluginManage : Loaded plugins [17]
2024-03-29 22:44:18,996 [INFO] PinOutPanel:1499 - setPackage(No Configuration,No Configuration)
2024-03-29 22:44:19,186 [INFO] CADModel:165 - CPN selected for project level
2024-03-29 22:44:19,186 [INFO] CADModel:114 - Register for checkConnection events
2024-03-29 22:44:19,221 [INFO] IPUIPlugin:80 - create IPUIPlugin
2024-03-29 22:44:19,221 [INFO] PluginManager:220 - loadIPPluginJar : add adc
2024-03-29 22:44:19,231 [INFO] IPUIPlugin:80 - create IPUIPlugin
2024-03-29 22:44:19,231 [INFO] PluginManager:220 - loadIPPluginJar : add aes
2024-03-29 22:44:19,237 [INFO] IPUIPlugin:80 - create IPUIPlugin
2024-03-29 22:44:19,237 [INFO] PluginManager:220 - loadIPPluginJar : add can
2024-03-29 22:44:19,241 [INFO] IPUIPlugin:80 - create IPUIPlugin
2024-03-29 22:44:19,241 [INFO] PluginManager:220 - loadIPPluginJar : add comp
2024-03-29 22:44:19,251 [INFO] IPUIPlugin:80 - create IPUIPlugin
2024-03-29 22:44:19,251 [INFO] PluginManager:220 - loadIPPluginJar : add cryp
2024-03-29 22:44:19,257 [INFO] IPUIPlugin:80 - create IPUIPlugin
2024-03-29 22:44:19,257 [INFO] PluginManager:220 - loadIPPluginJar : add dfsdm
2024-03-29 22:44:19,276 [INFO] IPUIPlugin:80 - create IPUIPlugin
2024-03-29 22:44:19,277 [INFO] PluginManager:220 - loadIPPluginJar : add dma
2024-03-29 22:44:19,286 [INFO] IPUIPlugin:80 - create IPUIPlugin
2024-03-29 22:44:19,286 [INFO] PluginManager:220 - loadIPPluginJar : add dma3
2024-03-29 22:44:19,291 [INFO] IPUIPlugin:80 - create IPUIPlugin
2024-03-29 22:44:19,291 [INFO] PluginManager:220 - loadIPPluginJar : add fatfs
2024-03-29 22:44:19,301 [INFO] IPUIPlugin:80 - create IPUIPlugin
2024-03-29 22:44:19,301 [INFO] PluginManager:220 - loadIPPluginJar : add fmc
2024-03-29 22:44:19,326 [INFO] IPUIPlugin:80 - create IPUIPlugin
2024-03-29 22:44:19,326 [INFO] PluginManager:220 - loadIPPluginJar : add freertos
2024-03-29 22:44:19,331 [INFO] IPUIPlugin:80 - create IPUIPlugin
2024-03-29 22:44:19,331 [INFO] PluginManager:220 - loadIPPluginJar : add genericplugin
2024-03-29 22:44:19,342 [INFO] IPUIPlugin:80 - create IPUIPlugin
2024-03-29 22:44:19,342 [INFO] PluginManager:220 - loadIPPluginJar : add gfxmmu
2024-03-29 22:44:19,351 [INFO] IPUIPlugin:80 - create IPUIPlugin
2024-03-29 22:44:19,351 [INFO] PluginManager:220 - loadIPPluginJar : add gic
2024-03-29 22:44:19,366 [INFO] IPUIPlugin:80 - create IPUIPlugin
2024-03-29 22:44:19,366 [INFO] PluginManager:220 - loadIPPluginJar : add gpio
2024-03-29 22:44:19,371 [INFO] IPUIPlugin:80 - create IPUIPlugin
2024-03-29 22:44:19,371 [INFO] PluginManager:220 - loadIPPluginJar : add gtzc
2024-03-29 22:44:19,381 [INFO] IPUIPlugin:80 - create IPUIPlugin
2024-03-29 22:44:19,381 [INFO] PluginManager:220 - loadIPPluginJar : add hash
2024-03-29 22:44:19,386 [INFO] IPUIPlugin:80 - create IPUIPlugin
2024-03-29 22:44:19,386 [INFO] PluginManager:220 - loadIPPluginJar : add i2c
2024-03-29 22:44:19,396 [INFO] IPUIPlugin:80 - create IPUIPlugin
2024-03-29 22:44:19,396 [INFO] PluginManager:220 - loadIPPluginJar : add i2s
2024-03-29 22:44:19,401 [INFO] IPUIPlugin:80 - create IPUIPlugin
2024-03-29 22:44:19,401 [INFO] PluginManager:220 - loadIPPluginJar : add i3c
2024-03-29 22:44:19,411 [INFO] IPUIPlugin:80 - create IPUIPlugin
2024-03-29 22:44:19,411 [INFO] PluginManager:220 - loadIPPluginJar : add ipddr
2024-03-29 22:44:19,426 [INFO] IPUIPlugin:80 - create IPUIPlugin
2024-03-29 22:44:19,426 [INFO] PluginManager:220 - loadIPPluginJar : add linkedlist
2024-03-29 22:44:19,436 [INFO] IPUIPlugin:80 - create IPUIPlugin
2024-03-29 22:44:19,436 [INFO] PluginManager:220 - loadIPPluginJar : add lorawan
2024-03-29 22:44:19,436 [INFO] IPUIPlugin:80 - create IPUIPlugin
2024-03-29 22:44:19,441 [INFO] PluginManager:220 - loadIPPluginJar : add ltdc
2024-03-29 22:44:19,451 [INFO] IPUIPlugin:80 - create IPUIPlugin
2024-03-29 22:44:19,451 [INFO] PluginManager:220 - loadIPPluginJar : add mdma
2024-03-29 22:44:19,461 [INFO] IPUIPlugin:80 - create IPUIPlugin
2024-03-29 22:44:19,461 [INFO] PluginManager:220 - loadIPPluginJar : add nvic
2024-03-29 22:44:19,471 [INFO] IPUIPlugin:80 - create IPUIPlugin
2024-03-29 22:44:19,471 [INFO] PluginManager:220 - loadIPPluginJar : add opamp
2024-03-29 22:44:19,481 [INFO] IPUIPlugin:80 - create IPUIPlugin
2024-03-29 22:44:19,481 [INFO] PluginManager:220 - loadIPPluginJar : add openamp
2024-03-29 22:44:19,486 [INFO] IPUIPlugin:80 - create IPUIPlugin
2024-03-29 22:44:19,486 [INFO] PluginManager:220 - loadIPPluginJar : add pdm2pcm
2024-03-29 22:44:19,501 [INFO] IPUIPlugin:80 - create IPUIPlugin
2024-03-29 22:44:19,506 [INFO] PluginManager:220 - loadIPPluginJar : add plateformsettings
2024-03-29 22:44:19,511 [INFO] IPUIPlugin:80 - create IPUIPlugin
2024-03-29 22:44:19,511 [INFO] PluginManager:220 - loadIPPluginJar : add quadspi
2024-03-29 22:44:19,516 [INFO] IPUIPlugin:80 - create IPUIPlugin
2024-03-29 22:44:19,516 [INFO] PluginManager:220 - loadIPPluginJar : add resmgrutility
2024-03-29 22:44:19,526 [INFO] IPUIPlugin:80 - create IPUIPlugin
2024-03-29 22:44:19,526 [INFO] PluginManager:220 - loadIPPluginJar : add sai
2024-03-29 22:44:19,531 [INFO] IPUIPlugin:80 - create IPUIPlugin
2024-03-29 22:44:19,531 [INFO] PluginManager:220 - loadIPPluginJar : add spi
2024-03-29 22:44:19,541 [INFO] IPUIPlugin:80 - create IPUIPlugin
2024-03-29 22:44:19,541 [INFO] PluginManager:220 - loadIPPluginJar : add stm32_wpan
2024-03-29 22:44:19,546 [INFO] IPUIPlugin:80 - create IPUIPlugin
2024-03-29 22:44:19,546 [INFO] PluginManager:220 - loadIPPluginJar : add tim
2024-03-29 22:44:19,551 [INFO] IPUIPlugin:80 - create IPUIPlugin
2024-03-29 22:44:19,551 [INFO] PluginManager:220 - loadIPPluginJar : add touchsensing
2024-03-29 22:44:19,556 [INFO] IPUIPlugin:80 - create IPUIPlugin
2024-03-29 22:44:19,556 [INFO] PluginManager:220 - loadIPPluginJar : add tracer_emb
2024-03-29 22:44:19,561 [INFO] IPUIPlugin:80 - create IPUIPlugin
2024-03-29 22:44:19,561 [INFO] PluginManager:220 - loadIPPluginJar : add ts
2024-03-29 22:44:19,567 [INFO] IPUIPlugin:80 - create IPUIPlugin
2024-03-29 22:44:19,567 [INFO] PluginManager:220 - loadIPPluginJar : add tsc
2024-03-29 22:44:19,572 [INFO] IPUIPlugin:80 - create IPUIPlugin
2024-03-29 22:44:19,572 [INFO] PluginManager:220 - loadIPPluginJar : add ucpd
2024-03-29 22:44:19,577 [INFO] IPUIPlugin:80 - create IPUIPlugin
2024-03-29 22:44:19,577 [INFO] PluginManager:220 - loadIPPluginJar : add usart
2024-03-29 22:44:19,587 [INFO] IPUIPlugin:80 - create IPUIPlugin
2024-03-29 22:44:19,587 [INFO] PluginManager:220 - loadIPPluginJar : add usbx
2024-03-29 22:44:19,817 [INFO] CADModel:165 - CPN selected for project level
2024-03-29 22:44:19,817 [INFO] CADModel:114 - Register for checkConnection events
2024-03-29 22:44:19,823 [FATAL] Updater:308 - Updater called before beeing initialized
2024-03-29 22:44:19,823 [ERROR] CADModel:125 - Updater not yet initialized, retry later 
2024-03-29 22:44:20,236 [INFO] CADModel:165 - CPN selected for project level
2024-03-29 22:44:20,236 [INFO] CADModel:114 - Register for checkConnection events
2024-03-29 22:44:20,236 [FATAL] Updater:308 - Updater called before beeing initialized
2024-03-29 22:44:20,236 [ERROR] CADModel:125 - Updater not yet initialized, retry later 
2024-03-29 22:44:20,246 [FATAL] Updater:308 - Updater called before beeing initialized
2024-03-29 22:44:20,560 [FATAL] Updater:308 - Updater called before beeing initialized
2024-03-29 22:44:20,576 [INFO] DbMcusAds:53 - JSON generation date=Wed Nov 29 12:52:27 EET 2023 (1701255147349)
2024-03-29 22:44:20,576 [FATAL] Updater:308 - Updater called before beeing initialized
2024-03-29 22:44:20,726 [WARN] DetailPanel:346 - Failed to get advertising image, set to default
2024-03-29 22:44:20,921 [INFO] ThirdPartyUpdaterWithRetryManager:70 - Updater plugin not ready yet. [2/15]
2024-03-29 22:44:20,981 [FATAL] Updater:308 - Updater called before beeing initialized
2024-03-29 22:44:20,981 [FATAL] Updater:308 - Updater called before beeing initialized
2024-03-29 22:44:20,981 [FATAL] Updater:308 - Updater called before beeing initialized
2024-03-29 22:44:20,986 [WARN] DetailPanel:346 - Failed to get advertising image, set to default
2024-03-29 22:44:20,986 [FATAL] Updater:308 - Updater called before beeing initialized
2024-03-29 22:44:21,151 [ERROR] Updater:1120 - MainUpdater not yet initialized. External WinMGr cannot be set.
2024-03-29 22:44:21,159 [INFO] Updater:1056 - Updater Version found : 6.10.0
2024-03-29 22:44:21,206 [INFO] ApplicationProperties:184 - Using Application install path: C:\ST\STM32CubeIDE_1.14.1\STM32CubeIDE\plugins\com.st.stm32cube.common.mx_6.10.0.202311202037
2024-03-29 22:44:22,856 [ERROR] LogOutputStream:75 - [STDERR_REDIRECT] Mar 29, 2024 10:44:22 PM java.util.prefs.WindowsPreferences <init>
2024-03-29 22:44:22,864 [ERROR] LogOutputStream:75 - [STDERR_REDIRECT] WARNING: Could not open/create prefs root node Software\JavaSoft\Prefs at root 0xffffffff80000002. Windows RegCreateKeyEx(...) returned error code 5.
2024-03-29 22:44:22,864 [ERROR] LogOutputStream:75 - [STDERR_REDIRECT] 
2024-03-29 22:44:23,571 [INFO] MainUpdater:2873 - connection check result : 22
2024-03-29 22:44:23,576 [INFO] MainUpdater:290 - Updater Check For Update Now.
2024-03-29 22:44:23,576 [INFO] MicroXplorer:498 - Change Database Version : DB.6.0.100
2024-03-29 22:44:23,602 [INFO] McuFinderGlobals:63 - Set McuFinder mode to 2 (CubeIDE integrated)
2024-03-29 22:44:23,741 [INFO] UserAuth:404 - Internet connection configuration mode: 2
2024-03-29 22:44:23,938 [INFO] CheckServerUpdateThread:120 - End of CheckServer Thread
2024-03-29 22:44:24,606 [WARN] PackLoader:240 - Cannot read IP mode file for STMicroelectronics.X-CUBE-SMBUS.2.1.0
2024-03-29 22:44:24,631 [WARN] PackLoader:240 - Cannot read IP mode file for STMicroelectronics.X-CUBE-TOUCHGFX.4.23.1
2024-03-29 22:44:24,636 [WARN] PackLoader:240 - Cannot read IP mode file for STMicroelectronics.X-CUBE-TOUCHGFX.4.23.0
2024-03-29 22:44:24,726 [WARN] PackLoader:240 - Cannot read IP mode file for STMicroelectronics.X-CUBE-AZRTOS-F7.1.1.0
2024-03-29 22:44:24,766 [WARN] PackLoader:240 - Cannot read IP mode file for STMicroelectronics.FP-SNS-MOTENV1.4.3.2
2024-03-29 22:44:24,791 [WARN] PackLoader:240 - Cannot read IP mode file for STMicroelectronics.FP-SNS-FLIGHT1.5.0.2
2024-03-29 22:44:24,826 [WARN] PackLoader:240 - Cannot read IP mode file for STMicroelectronics.X-CUBE-DISPLAY.3.0.0
2024-03-29 22:44:24,871 [WARN] PackLoader:240 - Cannot read IP mode file for STMicroelectronics.X-CUBE-BLE1.7.0.0
2024-03-29 22:44:24,891 [WARN] PackLoader:240 - Cannot read IP mode file for emotas.I-CUBE-CANOPEN.1.3.0
2024-03-29 22:44:24,926 [WARN] PackLoader:240 - Cannot read IP mode file for STMicroelectronics.X-CUBE-BLEMGR.3.1.0
2024-03-29 22:44:24,951 [WARN] PackLoader:240 - Cannot read IP mode file for STMicroelectronics.FP-SNS-SMARTAG2.1.2.0
2024-03-29 22:44:24,987 [INFO] LogOutputStream:77 - [STDOUT_REDIRECT] 1 : Invalid condition id : UX_CORESTACK_Condition cause : null
2024-03-29 22:44:24,987 [INFO] LogOutputStream:77 - [STDOUT_REDIRECT] 1 : Invalid condition id : UX_CORESTACK_Condition cause : null
2024-03-29 22:44:24,991 [INFO] LogOutputStream:77 - [STDOUT_REDIRECT] 1 : Invalid condition id : UX_CORESTACK_Condition cause : null
2024-03-29 22:44:24,996 [INFO] LogOutputStream:77 - [STDOUT_REDIRECT] 1 : Invalid condition id : UX_CORESTACK_Condition cause : null
2024-03-29 22:44:25,001 [INFO] LogOutputStream:77 - [STDOUT_REDIRECT] 1 : Invalid condition id : UX_CORESTACK_Condition cause : null
2024-03-29 22:44:25,016 [WARN] PackLoader:240 - Cannot read IP mode file for STMicroelectronics.X-CUBE-AZRTOS-WL.2.0.0
2024-03-29 22:44:25,026 [WARN] PackLoader:240 - Cannot read IP mode file for STMicroelectronics.FP-SNS-MOTENV1.5.0.0
2024-03-29 22:44:25,051 [WARN] PackLoader:240 - Cannot read IP mode file for WES.I-CUBE-Cesium.1.3.0
2024-03-29 22:44:25,066 [WARN] PackLoader:240 - Cannot read IP mode file for STMicroelectronics.X-CUBE-BLE2.3.3.0
2024-03-29 22:44:25,086 [WARN] PackLoader:240 - Cannot read IP mode file for STMicroelectronics.X-CUBE-ALGOBUILD.1.3.0
2024-03-29 22:44:25,139 [WARN] PackLoader:240 - Cannot read IP mode file for STMicroelectronics.X-CUBE-AZRTOS-G0.1.1.0
2024-03-29 22:44:25,156 [WARN] PackLoader:240 - Cannot read IP mode file for STMicroelectronics.X-CUBE-SAFEA1.1.2.2
2024-03-29 22:44:25,166 [WARN] PackLoader:240 - Cannot read IP mode file for STMicroelectronics.X-CUBE-NFC4.3.0.0
2024-03-29 22:44:25,186 [WARN] PackLoader:240 - Cannot read IP mode file for STMicroelectronics.X-CUBE-BLEMGR.3.0.0
2024-03-29 22:44:25,201 [WARN] PackLoader:240 - Cannot read IP mode file for STMicroelectronics.FP-ATR-SIGFOX1.3.2.0
2024-03-29 22:44:25,216 [WARN] PackLoader:240 - Cannot read IP mode file for STMicroelectronics.X-CUBE-EEPRMA1.5.1.0
2024-03-29 22:44:25,326 [WARN] PackLoader:240 - Cannot read IP mode file for SEGGER.I-CUBE-embOS.1.3.1
2024-03-29 22:44:25,446 [WARN] PackLoader:240 - Cannot read IP mode file for STMicroelectronics.X-CUBE-GNSS1.6.0.0
2024-03-29 22:44:25,491 [WARN] PackLoader:240 - Cannot read IP mode file for STMicroelectronics.X-CUBE-AZRTOS-F4.1.1.0
2024-03-29 22:44:25,506 [WARN] PackLoader:240 - Cannot read IP mode file for wolfSSL.I-CUBE-wolfSSL.5.6.6
2024-03-29 22:44:25,556 [WARN] PackLoader:240 - Cannot read IP mode file for STMicroelectronics.X-CUBE-AZRTOS-L5.2.0.0
2024-03-29 22:44:25,581 [WARN] PackLoader:240 - Cannot read IP mode file for STMicroelectronics.X-CUBE-NFC6.3.1.0
2024-03-29 22:44:25,607 [WARN] PackLoader:240 - Cannot read IP mode file for ITTIA_DB.I-CUBE-ITTIADB.8.8.0
2024-03-29 22:44:25,616 [WARN] PackLoader:240 - Cannot read IP mode file for STMicroelectronics.X-CUBE-NFC7.1.0.1
2024-03-29 22:44:25,636 [WARN] PackLoader:240 - Cannot read IP mode file for STMicroelectronics.X-CUBE-NFC6.3.0.0
2024-03-29 22:44:25,651 [WARN] PackLoader:240 - Cannot read IP mode file for STMicroelectronics.X-CUBE-AI.8.1.0
2024-03-29 22:44:25,706 [WARN] ConditionMgr:438 - getConditionDescription Invalid condition id : LAN8742 Phy interface Condition cause : null
2024-03-29 22:44:25,706 [WARN] PackLoader:240 - Cannot read IP mode file for STMicroelectronics.X-CUBE-AZRTOS-L4.2.0.0
2024-03-29 22:44:25,711 [WARN] ConditionMgr:1039 - genDependencies : Invalid condition id : LAN8742 Phy interface Condition cause : null
2024-03-29 22:44:25,711 [WARN] ConditionMgr:1039 - genDependencies : Invalid condition id : LAN8742 Phy interface Condition cause : null
2024-03-29 22:44:25,711 [WARN] ConditionMgr:1039 - genDependencies : Invalid condition id : LAN8742 Phy interface Condition cause : null
2024-03-29 22:44:25,736 [WARN] PackLoader:240 - Cannot read IP mode file for STMicroelectronics.X-CUBE-SFXS2LP1.4.0.0
2024-03-29 22:44:25,776 [WARN] ConditionMgr:438 - getConditionDescription Invalid condition id : UX DEVICE CLASS RTOS Condition cause : null
2024-03-29 22:44:25,776 [WARN] ConditionMgr:438 - getConditionDescription Invalid condition id : UX DEVICE CLASS RTOS Condition cause : null
2024-03-29 22:44:25,781 [WARN] PackLoader:240 - Cannot read IP mode file for STMicroelectronics.X-CUBE-AZRTOS-WB.2.0.0
2024-03-29 22:44:25,781 [WARN] ConditionMgr:1039 - genDependencies : Invalid condition id : UX DEVICE CLASS RTOS Condition cause : null
2024-03-29 22:44:25,781 [WARN] ConditionMgr:1039 - genDependencies : Invalid condition id : UX DEVICE CLASS RTOS Condition cause : null
2024-03-29 22:44:25,781 [WARN] ConditionMgr:1039 - genDependencies : Invalid condition id : UX DEVICE CLASS RTOS Condition cause : null
2024-03-29 22:44:25,781 [WARN] ConditionMgr:1039 - genDependencies : Invalid condition id : UX DEVICE CLASS RTOS Condition cause : null
2024-03-29 22:44:25,786 [WARN] ConditionMgr:1039 - genDependencies : Invalid condition id : UX DEVICE CLASS RTOS Condition cause : null
2024-03-29 22:44:25,811 [WARN] PackLoader:240 - Cannot read IP mode file for STMicroelectronics.X-CUBE-SUBG2.5.0.0
2024-03-29 22:44:25,866 [WARN] PackLoader:240 - Cannot read IP mode file for STMicroelectronics.X-CUBE-AZRTOS-G4.2.0.0
2024-03-29 22:44:25,901 [WARN] PackLoader:240 - Cannot read IP mode file for Infineon.AIROC-Wi-Fi-Bluetooth-STM32.1.5.1
2024-03-29 22:44:25,921 [WARN] PackLoader:240 - Cannot read IP mode file for STMicroelectronics.FP-SNS-MOTENVWB1.1.3.1
2024-03-29 22:44:25,926 [WARN] PackLoader:240 - Cannot read IP mode file for STMicroelectronics.X-CUBE-ISPU.2.0.0
2024-03-29 22:44:26,036 [WARN] PackLoader:240 - Cannot read IP mode file for STMicroelectronics.X-CUBE-MEMS1.10.0.0
2024-03-29 22:44:26,436 [WARN] PackLoader:240 - Cannot read IP mode file for STMicroelectronics.X-CUBE-FREERTOS.1.1.0
2024-03-29 22:44:26,451 [WARN] PackLoader:240 - Cannot read IP mode file for portGmbH.I-Cube-SoM-uGOAL.1.1.0
2024-03-29 22:44:26,461 [WARN] PackLoader:240 - Cannot read IP mode file for STMicroelectronics.X-CUBE-ALS.1.0.1
2024-03-29 22:44:26,471 [WARN] PackLoader:240 - Cannot read IP mode file for STMicroelectronics.FP-ATR-ASTRA1.2.0.0
2024-03-29 22:44:26,506 [WARN] PackLoader:240 - Cannot read IP mode file for STMicroelectronics.X-CUBE-TOF1.3.4.0
2024-03-29 22:44:26,566 [WARN] PackLoader:240 - Cannot read IP mode file for STMicroelectronics.X-CUBE-TOF1.3.4.1
2024-03-29 22:44:26,651 [WARN] PackLoader:240 - Cannot read IP mode file for STMicroelectronics.X-CUBE-AZRTOS-H7.3.2.0
2024-03-29 22:44:26,658 [INFO] ThirdParty:978 - Integrity check success = true
2024-03-29 22:44:26,658 [INFO] IntegrityCheckThread:100 - exiting critical section [integrity check]
2024-03-29 22:44:26,661 [INFO] IntegrityCheckThread:103 - End integrity checks thread
2024-03-29 22:44:45,585 [ERROR] LogOutputStream:75 - [STDERR_REDIRECT] SLF4J: Failed to load class "org.slf4j.impl.StaticLoggerBinder".
2024-03-29 22:44:45,591 [ERROR] LogOutputStream:75 - [STDERR_REDIRECT] SLF4J: Defaulting to no-operation (NOP) logger implementation
2024-03-29 22:44:45,600 [ERROR] LogOutputStream:75 - [STDERR_REDIRECT] SLF4J: See http://www.slf4j.org/codes.html#StaticLoggerBinder for further details.
